Log file open, 10/19/17 00:53:30
LogWindows: LoadLibraryWithSearchPaths failed for file aqProf.dll. GetLastError=0
LogWindows: LoadLibraryWithSearchPaths failed for file VtuneApi.dll. GetLastError=0
LogWindows: LoadLibraryWithSearchPaths failed for file VtuneApi32e.dll. GetLastError=0
LogInit: Display: Running engine for game: MyPaper2D
LogPlatformFile: Not using cached read wrapper
LogInit: Display: RandInit(-2094585148) SRandInit(-2094585148).
LogTaskGraph: Started task graph with 5 named threads and 11 total threads with 3 sets of task threads.
LogStats: Stats thread started at 0.159174
LogD3D11RHI: Aftermath initialized
LogPluginManager: Mounting plugin Paper2D
LogPluginManager: Mounting plugin LightPropagationVolume
LogPluginManager: Mounting plugin CodeLiteSourceCodeAccess
LogPluginManager: Mounting plugin GitSourceControl
LogPluginManager: Mounting plugin KDevelopSourceCodeAccess
LogPluginManager: Mounting plugin NullSourceCodeAccess
LogPluginManager: Mounting plugin PerforceSourceControl
LogPluginManager: Mounting plugin SubversionSourceControl
LogPluginManager: Mounting plugin UObjectPlugin
LogPluginManager: Mounting plugin VisualStudioSourceCodeAccess
LogPluginManager: Mounting plugin XCodeSourceCodeAccess
LogPluginManager: Mounting plugin AssetManagerEditor
LogPluginManager: Mounting plugin AudioCapture
LogPluginManager: Mounting plugin FacialAnimation
LogPluginManager: Mounting plugin GameplayTagsEditor
LogPluginManager: Mounting plugin MobileLauncherProfileWizard
LogPluginManager: Mounting plugin PluginBrowser
LogPluginManager: Mounting plugin SpeedTreeImporter
LogPluginManager: Mounting plugin AlembicImporter
LogPluginManager: Mounting plugin CharacterAI
LogPluginManager: Mounting plugin HTML5Networking
LogPluginManager: Mounting plugin AndroidMedia
LogPluginManager: Mounting plugin AvfMedia
LogPluginManager: Mounting plugin MediaPlayerEditor
LogPluginManager: Mounting plugin WmfMedia
LogPluginManager: Mounting plugin TcpMessaging
LogPluginManager: Mounting plugin UdpMessaging
LogPluginManager: Mounting plugin LevelSequenceEditor
LogPluginManager: Mounting plugin MatineeToLevelSequence
LogPluginManager: Mounting plugin OnlineSubsystemGooglePlay
LogPluginManager: Mounting plugin OnlineSubsystemIOS
LogPluginManager: Mounting plugin OnlineSubsystem
LogPluginManager: Mounting plugin OnlineSubsystemNull
LogPluginManager: Mounting plugin OnlineSubsystemUtils
LogPluginManager: Mounting plugin AndroidDeviceProfileSelector
LogPluginManager: Mounting plugin AndroidMoviePlayer
LogPluginManager: Mounting plugin AndroidPermission
LogPluginManager: Mounting plugin AppleMoviePlayer
LogPluginManager: Mounting plugin ArchVisCharacter
LogPluginManager: Mounting plugin CableComponent
LogPluginManager: Mounting plugin CustomMeshComponent
LogPluginManager: Mounting plugin ExampleDeviceProfileSelector
LogPluginManager: Mounting plugin GoogleCloudMessaging
LogPluginManager: Mounting plugin ImmediatePhysics
LogPluginManager: Mounting plugin IOSDeviceProfileSelector
LogPluginManager: Mounting plugin LinuxDeviceProfileSelector
LogPluginManager: Mounting plugin LocationServicesBPLibrary
LogPluginManager: Mounting plugin MobilePatchingUtils
LogPluginManager: Mounting plugin OculusVR
LogPluginManager: Mounting plugin PhysXVehicles
LogPluginManager: Mounting plugin ProceduralMeshComponent
LogPluginManager: Mounting plugin RuntimePhysXCooking
LogPluginManager: Mounting plugin SteamVR
LogPluginManager: Mounting plugin WindowsMoviePlayer
LogInit: Using libcurl 7.47.1
LogInit:  - built for x86_64-pc-win32
LogInit:  - supports SSL with OpenSSL/1.0.2g
LogInit:  - supports HTTP deflate (compression) using libz 1.2.8
LogInit:  - other features:
LogInit:      CURL_VERSION_SSL
LogInit:      CURL_VERSION_LIBZ
LogInit:      CURL_VERSION_IPV6
LogInit:      CURL_VERSION_ASYNCHDNS
LogInit:      CURL_VERSION_LARGEFILE
LogInit:      CURL_VERSION_IDN
LogInit:  CurlRequestOptions (configurable via config and command line):
LogInit:  - bVerifyPeer = false  - Libcurl will NOT verify peer certificate
LogInit:  - bUseHttpProxy = false  - Libcurl will NOT use HTTP proxy
LogInit:  - bDontReuseConnections = false  - Libcurl will reuse connections
LogInit:  - CertBundlePath = nullptr  - Libcurl will use whatever was configured at build time.
LogInit: Build: ++UE4+Release-4.17-CL-3586342
LogInit: Engine Version: 4.17.1-3586342+++UE4+Release-4.17
LogInit: Compatible Engine Version: 4.17.0-3573198+++UE4+Release-4.17
LogInit: Net CL: 3573198
LogDevObjectVersion: Number of dev versions registered: 16
LogDevObjectVersion:   Dev-Blueprints (B0D832E4-1F89-4F0D-ACCF-7EB736FD4AA2): 10
LogDevObjectVersion:   Dev-Build (E1C64328-A22C-4D53-A36C-8E866417BD8C): 0
LogDevObjectVersion:   Dev-Core (375EC13C-06E4-48FB-B500-84F0262A717E): 2
LogDevObjectVersion:   Dev-Editor (E4B068ED-F494-42E9-A231-DA0B2E46BB41): 20
LogDevObjectVersion:   Dev-Framework (CFFC743F-43B0-4480-9391-14DF171D2073): 28
LogDevObjectVersion:   Dev-Mobile (B02B49B5-BB20-44E9-A304-32B752E40360): 0
LogDevObjectVersion:   Dev-Networking (A4E4105C-59A1-49B5-A7C5-40C4547EDFEE): 0
LogDevObjectVersion:   Dev-Online (39C831C9-5AE6-47DC-9A44-9C173E1C8E7C): 0
LogDevObjectVersion:   Dev-Physics (78F01B33-EBEA-4F98-B9B4-84EACCB95AA2): 0
LogDevObjectVersion:   Dev-Platform (6631380F-2D4D-43E0-8009-CF276956A95A): 0
LogDevObjectVersion:   Dev-Rendering (12F88B9F-8875-4AFC-A67C-D90C383ABD29): 19
LogDevObjectVersion:   Dev-Sequencer (7B5AE74C-D270-4C10-A958-57980B212A5A): 4
LogDevObjectVersion:   Dev-VR (D7296918-1DD6-4BDD-9DE2-64A83CC13884): 0
LogDevObjectVersion:   Dev-LoadTimes (C2A15278-BFE7-4AFE-6C17-90FF531DF755): 1
LogDevObjectVersion:   Private-Geometry (6EACA3D4-40EC-4CC1-B786-8BED09428FC5): 1
LogDevObjectVersion:   Dev-AnimPhys (29E575DD-E0A3-4627-9D10-D276232CDCEA): 7
LogInit: Compiled (64-bit): Aug 15 2017 02:05:26
LogInit: Compiled with Visual C++: 19.00.24215.01
LogInit: Build Configuration: Development
LogInit: Branch Name: ++UE4+Release-4.17
LogInit: Command line:  
LogInit: Base directory: D:/Epic Games/UE_4.17/Engine/Binaries/Win64/
LogInit: Installed Engine Build: 1
LogInit: Presizing for max 8388607 objects, including 0 objects not considered by GC, pre-allocating 0 bytes for permanent pool.
LogInit: Object subsystem initialized
[2017.10.19-02.53.31:142][  0]LogInit: Selected Device Profile: [Windows]
[2017.10.19-02.53.31:142][  0]LogInit: Applying CVar settings loaded from the selected device profile: [Windows]
[2017.10.19-02.53.31:171][  0]LogInit: Computer: WELTALL
[2017.10.19-02.53.31:171][  0]LogInit: User: YuriMeitzen
[2017.10.19-02.53.31:171][  0]LogInit: CPU Page size=4096, Cores=3
[2017.10.19-02.53.31:171][  0]LogInit: High frequency timer resolution =3.433666 MHz
[2017.10.19-02.53.31:172][  0]LogMemory: Memory total: Physical=8.0GB (8GB approx)
[2017.10.19-02.53.31:172][  0]LogMemory: Platform Memory Stats for Windows
[2017.10.19-02.53.31:172][  0]LogMemory: Process Physical Memory: 277.14 MB used, 277.14 MB peak
[2017.10.19-02.53.31:172][  0]LogMemory: Process Virtual Memory: 280.01 MB used, 280.01 MB peak
[2017.10.19-02.53.31:172][  0]LogMemory: Physical Memory: 4431.66 MB used,  3718.91 MB free, 8150.58 MB total
[2017.10.19-02.53.31:172][  0]LogMemory: Virtual Memory: 673.12 MB used,  3718.91 MB free, 134217728.00 MB total
[2017.10.19-02.53.31:379][  0]LogInit: Using OS detected language (en-US).
[2017.10.19-02.53.31:379][  0]LogInit: Using OS detected locale (pt-BR).
[2017.10.19-02.53.31:382][  0]LogTextLocalizationManager: No specific localization for 'en-US' exists, so the 'en' localization will be used.
[2017.10.19-02.53.32:234][  0]LogD3D11RHI: D3D11 adapters:
[2017.10.19-02.53.32:253][  0]LogD3D11RHI:    0. 'AMD Radeon R7 200 Series' (Feature Level 11_0)
[2017.10.19-02.53.32:253][  0]LogD3D11RHI:       2024/0/4075 MB DedicatedVideo/DedicatedSystem/SharedSystem, Outputs:1, VendorId:0x1002
[2017.10.19-02.53.32:255][  0]LogD3D11RHI:    1. 'Microsoft Basic Render Driver' (Feature Level 11_0)
[2017.10.19-02.53.32:255][  0]LogD3D11RHI:       0/0/4075 MB DedicatedVideo/DedicatedSystem/SharedSystem, Outputs:0, VendorId:0x1414
[2017.10.19-02.53.32:255][  0]LogD3D11RHI: Chosen D3D11 Adapter: 0
[2017.10.19-02.53.32:263][  0]LogD3D11RHI: Creating new Direct3DDevice
[2017.10.19-02.53.32:263][  0]LogD3D11RHI:     GPU DeviceId: 0x6658 (for the marketing name, search the web for "GPU Device Id")
[2017.10.19-02.53.32:263][  0]LogWindows: EnumDisplayDevices:
[2017.10.19-02.53.32:263][  0]LogWindows:    0. 'AMD Radeon R7 200 Series' (P:1 D:1)
[2017.10.19-02.53.32:263][  0]LogWindows:    1. 'AMD Radeon R7 200 Series' (P:0 D:0)
[2017.10.19-02.53.32:264][  0]LogWindows:    2. 'AMD Radeon R7 200 Series' (P:0 D:0)
[2017.10.19-02.53.32:264][  0]LogWindows:    3. 'AMD Radeon R7 200 Series' (P:0 D:0)
[2017.10.19-02.53.32:264][  0]LogWindows:    4. 'AMD Radeon R7 200 Series' (P:0 D:0)
[2017.10.19-02.53.32:265][  0]LogWindows:    5. 'AMD Radeon R7 200 Series' (P:0 D:0)
[2017.10.19-02.53.32:265][  0]LogWindows: DebugString: FoundDriverCount:6 
[2017.10.19-02.53.32:265][  0]LogD3D11RHI:     Adapter Name: AMD Radeon R7 200 Series
[2017.10.19-02.53.32:265][  0]LogD3D11RHI:   Driver Version: Crimson ReLive 17.7.2 (internal:22.19.662.4, unified:22.19.662.4)
[2017.10.19-02.53.32:265][  0]LogD3D11RHI:      Driver Date: 7-20-2017
[2017.10.19-02.53.32:265][  0]LogRHI: Texture pool is 1361 MB (70% of 1945 MB)
[2017.10.19-02.53.32:291][  0]LogD3D11RHI: Async texture creation enabled
[2017.10.19-02.53.32:304][  0]LogD3D11RHI: GPU Timing Frequency: 27.000000 (Debug: 2 1)
[2017.10.19-02.53.32:304][  0]LogD3D11RHI: HDR output is supported on display 0 (AMD Device: 0x0, Display: 0x0).
[2017.10.19-02.53.32:304][  0]LogShaderCompilers: Guid format shader working directory is -9 characters bigger than the processId version (../../../../../MyDocuments/Unreal Projects/Mypaper2D/MyPaper2D/Intermediate/Shaders/WorkingDirectory/3080/).
[2017.10.19-02.53.32:305][  0]LogShaderCompilers: Cleaned the shader compiler working directory 'C:/Users/Yuri Meitzen/AppData/Local/Temp/UnrealShaderWorkingDir/FF8C34AC4553DB145EF1FF96FEEE7A51/'.
[2017.10.19-02.53.32:305][  0]LogShaderCompilers: Display: Using Local Shader Compiler.
[2017.10.19-02.53.34:195][  0]LogTemp: Display: Loaded TP AllDesktopTargetPlatform
[2017.10.19-02.53.34:287][  0]LogTemp: Display: Loaded TP MacClientTargetPlatform
[2017.10.19-02.53.34:380][  0]LogTemp: Display: Loaded TP MacNoEditorTargetPlatform
[2017.10.19-02.53.34:505][  0]LogTemp: Display: Loaded TP MacServerTargetPlatform
[2017.10.19-02.53.34:607][  0]LogTemp: Display: Loaded TP MacTargetPlatform
[2017.10.19-02.53.34:697][  0]LogTemp: Display: Loaded TP WindowsClientTargetPlatform
[2017.10.19-02.53.34:791][  0]LogTemp: Display: Loaded TP WindowsNoEditorTargetPlatform
[2017.10.19-02.53.34:885][  0]LogTemp: Display: Loaded TP WindowsServerTargetPlatform
[2017.10.19-02.53.34:948][  0]LogTemp: Display: Loaded TP WindowsTargetPlatform
[2017.10.19-02.53.35:024][  0]LogTemp: Display: Loaded TP AndroidTargetPlatform
[2017.10.19-02.53.35:146][  0]LogTemp: Display: Loaded TP Android_ASTCTargetPlatform
[2017.10.19-02.53.35:312][  0]LogTemp: Display: Loaded TP Android_ATCTargetPlatform
[2017.10.19-02.53.35:449][  0]LogTemp: Display: Loaded TP Android_DXTTargetPlatform
[2017.10.19-02.53.35:547][  0]LogTemp: Display: Loaded TP Android_ETC1TargetPlatform
[2017.10.19-02.53.35:642][  0]LogTemp: Display: Loaded TP Android_ETC2TargetPlatform
[2017.10.19-02.53.35:837][  0]LogTemp: Display: Loaded TP Android_MultiTargetPlatform
[2017.10.19-02.53.35:837][  0]LogTemp: Display: Loaded TP Android_PVRTCTargetPlatform
[2017.10.19-02.53.35:920][  0]LogTemp: Display: Loaded TP HTML5TargetPlatform
[2017.10.19-02.53.36:104][  0]LogTemp: Display: Loaded TP IOSTargetPlatform
[2017.10.19-02.53.36:180][  0]LogTemp: Display: Loaded TP TVOSTargetPlatform
[2017.10.19-02.53.36:275][  0]LogTemp: Display: Loaded TP LinuxClientTargetPlatform
[2017.10.19-02.53.36:377][  0]LogTemp: Display: Loaded TP LinuxNoEditorTargetPlatform
[2017.10.19-02.53.36:463][  0]LogTemp: Display: Loaded TP LinuxServerTargetPlatform
[2017.10.19-02.53.36:533][  0]LogTemp: Display: Loaded TP LinuxTargetPlatform
[2017.10.19-02.53.36:533][  0]LogTargetPlatformManager: Display: Building Assets For Windows
[2017.10.19-02.53.37:103][  0]LogDerivedDataCache: Display: Max Cache Size: 512 MB
[2017.10.19-02.53.37:306][  0]LogDerivedDataCache: Loaded boot cache 0.20s 93MB C:/Users/Yuri Meitzen/AppData/Local/UnrealEngine/4.17/DerivedDataCache/Boot.ddc.
[2017.10.19-02.53.37:306][  0]LogDerivedDataCache: Display: Loaded Boot cache: C:/Users/Yuri Meitzen/AppData/Local/UnrealEngine/4.17/DerivedDataCache/Boot.ddc
[2017.10.19-02.53.37:306][  0]LogDerivedDataCache: FDerivedDataBackendGraph:  Pak pak cache file ../../../../../MyDocuments/Unreal Projects/Mypaper2D/MyPaper2D/DerivedDataCache/DDC.ddp not found, will not use a pak cache.
[2017.10.19-02.53.37:306][  0]LogDerivedDataCache: Unable to find inner node Pak for hierarchical cache Hierarchy.
[2017.10.19-02.53.37:307][  0]LogDerivedDataCache: FDerivedDataBackendGraph:  CompressedPak pak cache file ../../../../../MyDocuments/Unreal Projects/Mypaper2D/MyPaper2D/DerivedDataCache/Compressed.ddp not found, will not use a pak cache.
[2017.10.19-02.53.37:307][  0]LogDerivedDataCache: Unable to find inner node CompressedPak for hierarchical cache Hierarchy.
[2017.10.19-02.53.37:332][  0]LogDerivedDataCache: Display: Pak cache opened for reading ../../../Engine/DerivedDataCache/Compressed.ddp.
[2017.10.19-02.53.37:344][  0]LogDerivedDataCache: Using Local data cache path C:/Users/Yuri Meitzen/AppData/Local/UnrealEngine/Common/DerivedDataCache: Writable
[2017.10.19-02.53.37:360][  0]LogMaterial: Verifying Global Shaders for PCD3D_SM5
[2017.10.19-02.53.37:361][  0]LogSlate: Using Freetype 2.6.0
[2017.10.19-02.53.37:362][  0]LogSlate: SlateFontCache - WITH_FREETYPE: 1, WITH_HARFBUZZ: 1
[2017.10.19-02.53.37:362][  0]LogSlate: SlateFontCache - WITH_FREETYPE: 1, WITH_HARFBUZZ: 1
[2017.10.19-02.53.37:749][  0]LogAssetRegistry: FAssetRegistry took 0.0285 seconds to start up
[2017.10.19-02.53.37:919][  0]LogInit: Selected Device Profile: [Windows]
[2017.10.19-02.53.38:418][  0]LogSimplygon: Simplygon DLL not present - disabling.
[2017.10.19-02.53.38:472][  0]LogMeshReduction: Using SimplygonSwarm for distributed automatic mesh merging
[2017.10.19-02.53.38:472][  0]LogMeshReduction: Using QuadricMeshReduction for automatic static mesh reduction
[2017.10.19-02.53.38:472][  0]LogMeshReduction: No automatic skeletal mesh reduction module available
[2017.10.19-02.53.38:473][  0]LogMeshReduction: No automatic mesh merging module available
[2017.10.19-02.53.38:473][  0]LogMeshMerging: No automatic mesh merging module available
[2017.10.19-02.53.38:499][  0]LogContentStreaming: Texture pool size is 0.00 MB
[2017.10.19-02.53.39:037][  0]LogNetVersion: MyPaper2D , NetCL: 3573198, EngineNetVer: 2, GameNetVer: 0 (Checksum: 640952014)
[2017.10.19-02.53.39:287][  0]LogPackageLocalizationCache: Processed 5 localized package path(s) for 2 prioritized culture(s) in 0.060730 seconds
[2017.10.19-02.53.39:295][  0]LogUObjectArray: 35825 objects as part of root set at end of initial load.
[2017.10.19-02.53.39:296][  0]LogUObjectAllocator: 7529112 out of 0 bytes used by permanent object pool.
[2017.10.19-02.53.39:296][  0]LogUObjectArray: CloseDisregardForGC: 0/0 objects in disregard for GC pool
[2017.10.19-02.53.39:365][  0]LogInit: WinSock: version 1.1 (2.2), MaxSocks=32767, MaxUdp=65467
[2017.10.19-02.53.43:164][  0]LogTcpMessaging: Initializing TcpMessaging bridge
[2017.10.19-02.53.43:212][  0]LogUdpMessaging: Initializing bridge on interface 0.0.0.0:0 to multicast group 230.0.0.1:6666.
[2017.10.19-02.53.43:925][  0]LogMaterial: Uniform references updated for custom material expression Custom.
[2017.10.19-02.53.44:377][  0]SourceControl: Source control is disabled
[2017.10.19-02.53.44:377][  0]SourceControl: Source control is disabled
[2017.10.19-02.53.44:441][  0]SourceControl: Source control is disabled
[2017.10.19-02.53.44:497][  0]SourceControl: Source control is disabled
[2017.10.19-02.53.45:210][  0]LogAndroidPermission: UAndroidPermissionCallbackProxy::GetInstance
[2017.10.19-02.53.45:496][  0]LogOcInput: OculusInput pre-init called
[2017.10.19-02.53.45:795][  0]LogEngine: Initializing Engine...
[2017.10.19-02.53.45:798][  0]LogHMD: Failed to initialize OpenVR with code 110
[2017.10.19-02.53.46:330][  0]LogStats: UGameplayTagsManager::ConstructGameplayTagTree: Construct from data asset -  0.000 s
[2017.10.19-02.53.46:330][  0]LogStats: UGameplayTagsManager::ConstructGameplayTagTree: GameplayTagTreeChangedEvent.Broadcast -  0.000 s
[2017.10.19-02.53.46:624][  0]LogAIModule: Creating AISystem for world Untitled
[2017.10.19-02.53.46:660][  0]LogInit: XAudio2 using '5 - SAMSUNG (AMD High Definition Audio Device)' : 2 channels at 48 kHz using 16 bits per sample (channel mask 0x3)
[2017.10.19-02.53.46:703][  0]LogInit: FAudioDevice initialized.
[2017.10.19-02.53.46:956][  0]LogDerivedDataCache: Saved boot cache 0.25s 93MB C:/Users/Yuri Meitzen/AppData/Local/UnrealEngine/4.17/DerivedDataCache/Boot.ddc.
[2017.10.19-02.53.47:015][  0]LogInit: Texture streaming: Enabled
[2017.10.19-02.53.47:299][  0]LogEngineSessionManager: EngineSessionManager initialized
[2017.10.19-02.53.47:717][  0]LogInit: Transaction tracking system initialized
[2017.10.19-02.53.48:351][  0]BlueprintLog: New page: Editor Load
[2017.10.19-02.53.49:460][  0]LocalizationService: Localization service is disabled
[2017.10.19-02.53.50:328][  0]LogConsoleResponse: Display: 
[2017.10.19-02.53.50:570][  0]LogCook: Display: Max memory allowance for cook 16384mb min free memory 0mb
[2017.10.19-02.53.50:570][  0]LogCook: Display: Mobile HDR setting 1
[2017.10.19-02.53.50:570][  0]LogGameplayTags: Display: UGameplayTagsManager::DoneAddingNativeTags. DelegateIsBound: 0
[2017.10.19-02.53.51:245][  0]LogFileCache: Scanning file cache for directory 'D:/MyDocuments/Unreal Projects/Mypaper2D/MyPaper2D/Content/' took 0.01s
[2017.10.19-02.53.52:159][  0]SourceControl: Source control is disabled
[2017.10.19-02.53.52:159][  0]Cmd: MAP LOAD FILE="../../../Engine/Content/Maps/Templates/Template_Default.umap" TEMPLATE=1 SHOWPROGRESS=1 FEATURELEVEL=3
[2017.10.19-02.53.52:160][  0]LightingResults: New page: Lighting Build
[2017.10.19-02.53.52:243][  0]MapCheck: New page: Map Check
[2017.10.19-02.53.52:243][  0]LightingResults: New page: Lighting Build
[2017.10.19-02.53.52:710][  0]LogAIModule: Creating AISystem for world Untitled_1
[2017.10.19-02.53.52:724][  0]LogEditorServer: Finished looking for orphan Actors (0.000 secs)
[2017.10.19-02.53.52:784][  0]Cmd: MAP CHECKDEP NOCLEARLOG
[2017.10.19-02.53.52:872][  0]MapCheck: Map check complete: 0 Error(s), 0 Warning(s), took 87,786ms to complete.
[2017.10.19-02.53.52:872][  0]LogFileHelpers: Loading map 'Template_Default' took 0.714
[2017.10.19-02.53.52:963][  0]LogWindowsTextInputMethodSystem: Display: IME system now deactivated.
[2017.10.19-02.53.53:128][  0]LogCollectionManager: Loaded 0 collections in 0.001801 seconds
[2017.10.19-02.53.53:238][  0]LogFileCache: Scanning file cache for directory 'D:/MyDocuments/Unreal Projects/Mypaper2D/MyPaper2D/Saved/Collections/' took 0.01s
[2017.10.19-02.53.53:238][  0]LogFileCache: Scanning file cache for directory 'D:/MyDocuments/Unreal Projects/Mypaper2D/MyPaper2D/Content/Developers/YuriMeitzen/Collections/' took 0.01s
[2017.10.19-02.53.53:238][  0]LogFileCache: Scanning file cache for directory 'D:/MyDocuments/Unreal Projects/Mypaper2D/MyPaper2D/Content/Collections/' took 0.01s
[2017.10.19-02.53.53:238][  0]LogCollectionManager: Rebuilt the GUID cache for 0 collections in 0.000000 seconds
[2017.10.19-02.53.53:260][  0]LogContentBrowser: Native class hierarchy populated in 0.0208 seconds. Added 2386 classes and 500 folders.
[2017.10.19-02.53.53:377][  0]LogContentBrowser: Native class hierarchy updated for 'WidgetCarousel' in 0.0013 seconds. Added 0 classes and 0 folders.
[2017.10.19-02.53.53:461][  0]LogContentBrowser: Native class hierarchy updated for 'AddContentDialog' in 0.0013 seconds. Added 0 classes and 0 folders.
[2017.10.19-02.53.53:539][  0]LogContentBrowser: Native class hierarchy updated for 'SceneOutliner' in 0.0012 seconds. Added 1 classes and 2 folders.
[2017.10.19-02.53.53:669][  0]LogSlate: Took 0.000317 seconds to synchronously load lazily loaded font '../../../Engine/Content/Slate/Fonts/Roboto-Regular.ttf' (155K)
[2017.10.19-02.53.53:674][  0]LogSlate: Took 0.000314 seconds to synchronously load lazily loaded font '../../../Engine/Content/Slate/Fonts/Roboto-Bold.ttf' (160K)
[2017.10.19-02.53.53:682][  0]LogSlate: Took 0.000298 seconds to synchronously load lazily loaded font '../../../Engine/Content/Editor/Slate/Fonts/FontAwesome.ttf' (139K)
[2017.10.19-02.53.53:823][  0]LogRenderer: Reallocating scene render targets to support 1036x576 Format 9 NumSamples 1 (Frame:1).
[2017.10.19-02.53.54:070][  0]LogContentBrowser: Native class hierarchy updated for 'HierarchicalLODOutliner' in 0.0009 seconds. Added 1 classes and 2 folders.
[2017.10.19-02.53.54:070][  0]LogLoad: (Engine Initialization) Total time: 24.78 seconds
[2017.10.19-02.53.54:070][  0]LogLoad: (Engine Initialization) Total Blueprint compile time: 0.00 seconds
[2017.10.19-02.53.54:071][  0]LogExternalProfiler: Found external profiler: VSPerf
[2017.10.19-02.53.54:071][  0]LogExternalProfiler: Using external profiler: VSPerf
[2017.10.19-02.53.54:104][  0]LogContentStreaming: Texture pool size now 800 MB
[2017.10.19-02.53.54:212][  1]LogAssetRegistry: Asset discovery search completed in 16.4863 seconds
[2017.10.19-02.53.54:214][  1]LogCollectionManager: Rebuilt the object cache for 0 collections in 0.000001 seconds (found 0 objects)
[2017.10.19-02.53.54:214][  1]LogCollectionManager: Fixed up redirectors for 0 collections in 0.000071 seconds (updated 0 objects)
[2017.10.19-02.53.55:140][102]LogSlate: Took 0.000304 seconds to synchronously load lazily loaded font '../../../Engine/Content/Slate/Fonts/Roboto-Light.ttf' (159K)
[2017.10.19-02.53.58:195][404]LogSlate: Took 0.000275 seconds to synchronously load lazily loaded font '../../../Engine/Content/Slate/Fonts/Roboto-Light.ttf' (159K)
[2017.10.19-02.54.00:469][665]LogEditorViewport: Clicking on Actor (LMB): StaticMeshActor (Floor)
[2017.10.19-02.54.09:086][541]LogEditorViewport: Clicking on Actor (LMB): StaticMeshActor (Floor)
[2017.10.19-02.54.37:957][591]LogEditorViewport: Clicking on Actor (LMB): PaperSpriteActor (2DBackground_Sprite)
[2017.10.19-02.54.44:182][316]LogEditorViewport: Clicking on Actor (LMB): StaticMeshActor (Floor)
[2017.10.19-02.54.53:404][362]LogEditorViewport: Clicking on Actor (LMB): StaticMeshActor (Floor)
[2017.10.19-02.54.54:127][440]Cmd: DELETE
[2017.10.19-02.54.54:127][440]Cmd: ACTOR DELETE
[2017.10.19-02.54.54:162][440]LogEditorActor: Deleted Actor: StaticMeshActor
[2017.10.19-02.54.54:190][440]LogEditorActor: Deleted 1 Actors (0.034 secs)
[2017.10.19-02.55.51:783][ 28]LogSlate: Took 0.000283 seconds to synchronously load lazily loaded font '../../../Engine/Content/Slate/Fonts/Roboto-Light.ttf' (159K)
[2017.10.19-02.55.59:321][ 28]LogTextFormatter: Warning: Failed to parse argument "ExistingAsset" as a number (using "0" as a fallback). Please check your format string for errors: "{ExistingAsset} already exists. Do you want to replace it?".
[2017.10.19-02.56.05:647][ 28]LogTextFormatter: Warning: Failed to parse argument "ExistingAsset" as a number (using "0" as a fallback). Please check your format string for errors: "{ExistingAsset} already exists. Do you want to replace it?".
[2017.10.19-02.56.07:482][ 28]Cmd: OBJ SAVEPACKAGE PACKAGE="/Game/My2DMap" FILE="../../../../../MyDocuments/Unreal Projects/Mypaper2D/MyPaper2D/Content/My2DMap.umap" SILENT=true AUTOSAVING=false KEEPDIRTY=false
[2017.10.19-02.56.07:601][ 28]LogSavePackage: Save=88.99ms
[2017.10.19-02.56.07:602][ 28]LogSavePackage: Moving '../../../../../MyDocuments/Unreal Projects/Mypaper2D/MyPaper2D/Saved/My2DMapDC380BE542EEF099D1C6DB84D58EE619.tmp' to '../../../../../MyDocuments/Unreal Projects/Mypaper2D/MyPaper2D/Content/My2DMap.umap'
[2017.10.19-02.56.07:604][ 28]LogSavePackage: Display: Finished SavePackage ../../../../../MyDocuments/Unreal Projects/Mypaper2D/MyPaper2D/Content/My2DMap.umap
[2017.10.19-02.56.07:638][ 28]LogFileHelpers: Saving map 'My2DMap' took 0.640
[2017.10.19-02.56.13:428][586]Cmd: MAP LOAD FILE="../../../../../MyDocuments/Unreal Projects/Mypaper2D/MyPaper2D/Content/My2DMap.umap" TEMPLATE=0 SHOWPROGRESS=1 FEATURELEVEL=3
[2017.10.19-02.56.13:429][586]LightingResults: New page: Lighting Build
[2017.10.19-02.56.13:429][586]LoadErrors: New page: Loading map: My2DMap.umap
[2017.10.19-02.56.13:430][586]MapCheck: New page: Map Check
[2017.10.19-02.56.13:430][586]LightingResults: New page: Lighting Build
[2017.10.19-02.56.13:479][586]LogLinker: Warning: Can't find file '/Game/My2DMap_BuiltData'
[2017.10.19-02.56.13:479][586]LogLinker: Warning: Can't find file for asset '/Game/My2DMap_BuiltData' while loading ../../../../../MyDocuments/Unreal Projects/Mypaper2D/MyPaper2D/Content/My2DMap.umap.
[2017.10.19-02.56.13:479][586]LoadErrors: Error: /Game/My2DMap : Can't find file for asset. /Game/My2DMap_BuiltData
[2017.10.19-02.56.13:487][586]LogLinker: Warning: Can't find file '/Game/My2DMap_BuiltData'
[2017.10.19-02.56.13:487][586]LogLinker: Warning: Can't find file for asset '/Game/My2DMap_BuiltData' while loading ../../../../../MyDocuments/Unreal Projects/Mypaper2D/MyPaper2D/Content/My2DMap.umap.
[2017.10.19-02.56.13:496][586]LogLinker: Warning: Can't find file '/Game/My2DMap_BuiltData'
[2017.10.19-02.56.13:497][586]LoadErrors: Failed to load /Game/My2DMap_BuiltData.My2DMap_BuiltData Referenced by PersistentLevel
[2017.10.19-02.56.13:497][586]LogLinker: Warning: Can't find file for asset '/Game/My2DMap_BuiltData' while loading NULL.
[2017.10.19-02.56.13:500][586]LogAIModule: Creating AISystem for world My2DMap
[2017.10.19-02.56.13:559][586]LogEditorServer: Finished looking for orphan Actors (0.000 secs)
[2017.10.19-02.56.13:701][586]Cmd: MAP CHECKDEP NOCLEARLOG
[2017.10.19-02.56.13:763][586]MapCheck: Map check complete: 0 Error(s), 0 Warning(s), took 61,461ms to complete.
[2017.10.19-02.56.13:764][586]LogFileHelpers: Loading map 'My2DMap' took 0.337
[2017.10.19-02.56.27:532][650]LogEditorViewport: Clicking on Actor (LMB): PaperSpriteActor (PrototypeTexture_Sprite)
[2017.10.19-02.57.57:839][ 30]Cmd: OBJ SAVEPACKAGE PACKAGE="/Game/Sprites/Plataform" FILE="../../../../../MyDocuments/Unreal Projects/Mypaper2D/MyPaper2D/Content/Sprites/Plataform.uasset" SILENT=true
[2017.10.19-02.57.57:867][ 30]LogSavePackage: Save=26.37ms
[2017.10.19-02.57.57:867][ 30]LogSavePackage: Moving '../../../../../MyDocuments/Unreal Projects/Mypaper2D/MyPaper2D/Saved/Plataform76931E144218B7AA7097409C8A8E05FB.tmp' to '../../../../../MyDocuments/Unreal Projects/Mypaper2D/MyPaper2D/Content/Sprites/Plataform.uasset'
[2017.10.19-02.57.57:870][ 30]LogSavePackage: Display: Finished SavePackage ../../../../../MyDocuments/Unreal Projects/Mypaper2D/MyPaper2D/Content/Sprites/Plataform.uasset
[2017.10.19-02.57.59:132][127]LogSlate: Took 0.000300 seconds to synchronously load lazily loaded font '../../../Engine/Content/Editor/Slate/Fonts/Roboto-BoldCondensed.ttf' (158K)
[2017.10.19-02.57.59:230][128]LogRenderer: Reallocating scene render targets to support 1036x624 Format 9 NumSamples 1 (Frame:1).
[2017.10.19-03.01.24:129][855]LogPaper2D: Triangulation of poly failed.
[2017.10.19-03.01.26:238][ 18]Cmd: TRANSACTION UNDO
[2017.10.19-03.01.26:238][ 18]LogEditorTransaction: Undo Set Vector Property
[2017.10.19-03.01.33:231][431]Cmd: TRANSACTION UNDO
[2017.10.19-03.01.33:232][431]LogEditorTransaction: Undo Edit X
[2017.10.19-03.01.33:700][447]Cmd: TRANSACTION UNDO
[2017.10.19-03.01.33:700][447]LogEditorTransaction: Undo Set actor rotation
[2017.10.19-03.06.35:107][805]Cmd: OBJ SAVEPACKAGE PACKAGE="/Game/My2DMap" FILE="../../../../../MyDocuments/Unreal Projects/Mypaper2D/MyPaper2D/Saved/Autosaves/Game/My2DMap_Auto1.umap" SILENT=true AUTOSAVING=true KEEPDIRTY=false
[2017.10.19-03.06.35:169][805]LogSavePackage: Save=51.92ms
[2017.10.19-03.06.35:169][805]LogSavePackage: Moving '../../../../../MyDocuments/Unreal Projects/Mypaper2D/MyPaper2D/Saved/My2DMap_Auto10948E72D4A56CD1DB46798A07CC33292.tmp' to '../../../../../MyDocuments/Unreal Projects/Mypaper2D/MyPaper2D/Saved/Autosaves/Game/My2DMap_Auto1.umap'
[2017.10.19-03.06.35:171][805]LogSavePackage: Display: Finished SavePackage ../../../../../MyDocuments/Unreal Projects/Mypaper2D/MyPaper2D/Saved/Autosaves/Game/My2DMap_Auto1.umap
[2017.10.19-03.06.35:173][805]LogFileHelpers: Editor autosave (incl. sublevels) for '/Game/My2DMap' took 0.087
[2017.10.19-03.06.35:173][805]LogFileHelpers: Editor autosave (incl. sublevels) for all levels took 0.087
[2017.10.19-03.06.35:176][805]OBJ SavePackage: Generating thumbnails for [1] asset(s) in package [/Game/Sprites/Plataform] ([1] browsable assets)...
[2017.10.19-03.06.35:190][805]OBJ SavePackage:     Rendered thumbnail for [PaperSprite /Game/Sprites/Plataform.Plataform]
[2017.10.19-03.06.35:190][805]OBJ SavePackage: Finished generating thumbnails for package [/Game/Sprites/Plataform]
[2017.10.19-03.06.35:208][805]LogSavePackage: Save=13.52ms
[2017.10.19-03.06.35:208][805]LogSavePackage: Moving '../../../../../MyDocuments/Unreal Projects/Mypaper2D/MyPaper2D/Saved/Plataform_Auto158F8E5274797819C0465C58CCF0F1775.tmp' to '../../../../../MyDocuments/Unreal Projects/Mypaper2D/MyPaper2D/Saved/Autosaves/Game/Sprites/Plataform_Auto1.uasset'
[2017.10.19-03.06.35:209][805]LogSavePackage: Display: Finished SavePackage ../../../../../MyDocuments/Unreal Projects/Mypaper2D/MyPaper2D/Saved/Autosaves/Game/Sprites/Plataform_Auto1.uasset
[2017.10.19-03.06.35:225][805]LogFileHelpers: Auto-saving content packages took 0.034
[2017.10.19-03.06.36:124][861]Cmd: OBJ SAVEPACKAGE PACKAGE="/Game/My2DMap" FILE="../../../../../MyDocuments/Unreal Projects/Mypaper2D/MyPaper2D/Content/My2DMap.umap" SILENT=true AUTOSAVING=false KEEPDIRTY=false
[2017.10.19-03.06.36:188][861]LogSavePackage: Save=37.34ms
[2017.10.19-03.06.36:188][861]LogSavePackage: Moving '../../../../../MyDocuments/Unreal Projects/Mypaper2D/MyPaper2D/Saved/My2DMapF29DFAE64942BB4D8577C5861AC439E7.tmp' to '../../../../../MyDocuments/Unreal Projects/Mypaper2D/MyPaper2D/Content/My2DMap.umap'
[2017.10.19-03.06.36:196][861]LogSavePackage: Display: Finished SavePackage ../../../../../MyDocuments/Unreal Projects/Mypaper2D/MyPaper2D/Content/My2DMap.umap
[2017.10.19-03.06.36:228][861]LogFileHelpers: Saving map 'My2DMap' took 0.166
[2017.10.19-03.06.36:231][861]Cmd: OBJ SAVEPACKAGE PACKAGE="/Game/Sprites/Plataform" FILE="../../../../../MyDocuments/Unreal Projects/Mypaper2D/MyPaper2D/Content/Sprites/Plataform.uasset" SILENT=true
[2017.10.19-03.06.36:242][861]LogSavePackage: Save=8.03ms
[2017.10.19-03.06.36:242][861]LogSavePackage: Moving '../../../../../MyDocuments/Unreal Projects/Mypaper2D/MyPaper2D/Saved/PlataformDE40E6AD4FF4F80B5A04008E8ED8B7DD.tmp' to '../../../../../MyDocuments/Unreal Projects/Mypaper2D/MyPaper2D/Content/Sprites/Plataform.uasset'
[2017.10.19-03.06.36:245][861]LogSavePackage: Display: Finished SavePackage ../../../../../MyDocuments/Unreal Projects/Mypaper2D/MyPaper2D/Content/Sprites/Plataform.uasset
[2017.10.19-03.06.59:443][487]LogSlate: Warning: Prevented a slow task dialog from being summoned while a context menu was open
[2017.10.19-03.10.32:709][228]Cmd: TRANSACTION UNDO
[2017.10.19-03.10.32:709][228]LogEditorTransaction: Undo Modification in Viewport
[2017.10.19-03.10.43:264][ 12]Cmd: TRANSACTION UNDO
[2017.10.19-03.10.43:265][ 12]LogEditorTransaction: Undo Modification in Viewport
[2017.10.19-03.10.50:580][554]Cmd: TRANSACTION UNDO
[2017.10.19-03.10.50:580][554]LogEditorTransaction: Undo Modification in Viewport
[2017.10.19-03.10.51:433][598]Cmd: TRANSACTION UNDO
[2017.10.19-03.10.51:433][598]LogEditorTransaction: Undo Modification in Viewport
[2017.10.19-03.11.27:015][338]Cmd: TRANSACTION UNDO
[2017.10.19-03.11.27:015][338]LogEditorTransaction: Undo Modification in Viewport
[2017.10.19-03.11.27:541][357]Cmd: TRANSACTION UNDO
[2017.10.19-03.11.27:542][357]LogEditorTransaction: Undo Modification in Viewport
[2017.10.19-03.11.28:308][414]Cmd: TRANSACTION UNDO
[2017.10.19-03.11.28:308][414]LogEditorTransaction: Undo Modification in Viewport
[2017.10.19-03.11.28:864][455]Cmd: TRANSACTION UNDO
[2017.10.19-03.11.28:864][455]LogEditorTransaction: Undo Modification in Viewport
[2017.10.19-03.11.30:325][566]Cmd: TRANSACTION UNDO
[2017.10.19-03.11.30:325][566]LogEditorTransaction: Undo Modification in Viewport
[2017.10.19-03.11.31:061][622]Cmd: TRANSACTION UNDO
[2017.10.19-03.11.31:061][622]LogEditorTransaction: Undo Modification in Viewport
[2017.10.19-03.11.31:733][673]Cmd: TRANSACTION UNDO
[2017.10.19-03.11.31:733][673]LogEditorTransaction: Undo Modification in Viewport
[2017.10.19-03.11.33:338][797]Cmd: TRANSACTION UNDO
[2017.10.19-03.11.33:338][797]LogEditorTransaction: Undo Modification in Viewport
[2017.10.19-03.11.34:354][875]Cmd: TRANSACTION UNDO
[2017.10.19-03.11.34:354][875]LogEditorTransaction: Undo Modification in Viewport
[2017.10.19-03.11.35:543][966]Cmd: TRANSACTION UNDO
[2017.10.19-03.11.35:543][966]LogEditorTransaction: Undo Modification in Viewport
[2017.10.19-03.11.45:209][708]LogSlate: Took 0.000316 seconds to synchronously load lazily loaded font '../../../Engine/Content/Editor/Slate/Fonts/Roboto-Italic.ttf' (157K)
[2017.10.19-03.12.20:389][391]Cmd: TRANSACTION UNDO
[2017.10.19-03.12.20:389][391]LogEditorTransaction: Undo Modification in Viewport
[2017.10.19-03.12.21:018][419]Cmd: TRANSACTION UNDO
[2017.10.19-03.12.21:018][419]LogEditorTransaction: Undo Modification in Viewport
[2017.10.19-03.12.21:584][461]Cmd: TRANSACTION UNDO
[2017.10.19-03.12.21:584][461]LogEditorTransaction: Undo Modification in Viewport
[2017.10.19-03.12.21:997][491]Cmd: TRANSACTION UNDO
[2017.10.19-03.12.21:997][491]LogEditorTransaction: Undo Modification in Viewport
[2017.10.19-03.12.22:586][535]Cmd: TRANSACTION UNDO
[2017.10.19-03.12.22:586][535]LogEditorTransaction: Undo Modification in Viewport
[2017.10.19-03.12.23:205][581]Cmd: TRANSACTION UNDO
[2017.10.19-03.12.23:205][581]LogEditorTransaction: Undo Modification in Viewport
[2017.10.19-03.12.23:893][633]Cmd: TRANSACTION UNDO
[2017.10.19-03.12.23:894][633]LogEditorTransaction: Undo Modification in Viewport
[2017.10.19-03.12.24:461][675]Cmd: TRANSACTION UNDO
[2017.10.19-03.12.24:461][675]LogEditorTransaction: Undo Modification in Viewport
[2017.10.19-03.12.25:485][751]Cmd: TRANSACTION UNDO
[2017.10.19-03.12.25:485][751]LogEditorTransaction: Undo Modification in Viewport
[2017.10.19-03.13.47:673][113]Cmd: TRANSACTION UNDO
[2017.10.19-03.13.47:673][113]LogEditorTransaction: Undo Modification in Viewport
[2017.10.19-03.13.56:891][802]Cmd: TRANSACTION UNDO
[2017.10.19-03.13.56:892][802]LogEditorTransaction: Undo Modification in Viewport
[2017.10.19-03.13.57:485][826]Cmd: TRANSACTION UNDO
[2017.10.19-03.13.57:486][826]LogEditorTransaction: Undo Modification in Viewport
[2017.10.19-03.15.46:373][533]Cmd: TRANSACTION UNDO
[2017.10.19-03.15.46:373][533]LogEditorTransaction: Undo Modification in Viewport
[2017.10.19-03.16.36:440][100]LogFileHelpers: Editor autosave (incl. sublevels) for '/Game/My2DMap' took 0.025
[2017.10.19-03.16.36:441][100]OBJ SavePackage: Generating thumbnails for [1] asset(s) in package [/Game/Sprites/Plataform] ([1] browsable assets)...
[2017.10.19-03.16.36:456][100]OBJ SavePackage:     Rendered thumbnail for [PaperSprite /Game/Sprites/Plataform.Plataform]
[2017.10.19-03.16.36:456][100]OBJ SavePackage: Finished generating thumbnails for package [/Game/Sprites/Plataform]
[2017.10.19-03.16.36:500][100]LogSavePackage: Save=34.87ms
[2017.10.19-03.16.36:500][100]LogSavePackage: Moving '../../../../../MyDocuments/Unreal Projects/Mypaper2D/MyPaper2D/Saved/Plataform_Auto29D4929FF4D23F9AA6E948199DA0EC7BF.tmp' to '../../../../../MyDocuments/Unreal Projects/Mypaper2D/MyPaper2D/Saved/Autosaves/Game/Sprites/Plataform_Auto2.uasset'
[2017.10.19-03.16.36:501][100]LogSavePackage: Display: Finished SavePackage ../../../../../MyDocuments/Unreal Projects/Mypaper2D/MyPaper2D/Saved/Autosaves/Game/Sprites/Plataform_Auto2.uasset
[2017.10.19-03.16.36:501][100]LogFileHelpers: Auto-saving content packages took 0.060
[2017.10.19-03.17.26:229][311]Cmd: OBJ SAVEPACKAGE PACKAGE="/Game/Sprites/Plataform" FILE="../../../../../MyDocuments/Unreal Projects/Mypaper2D/MyPaper2D/Content/Sprites/Plataform.uasset" SILENT=true
[2017.10.19-03.17.26:245][311]LogSavePackage: Save=12.28ms
[2017.10.19-03.17.26:245][311]LogSavePackage: Moving '../../../../../MyDocuments/Unreal Projects/Mypaper2D/MyPaper2D/Saved/Plataform844353DD47E6E5F8A23ECEB51A1577AB.tmp' to '../../../../../MyDocuments/Unreal Projects/Mypaper2D/MyPaper2D/Content/Sprites/Plataform.uasset'
[2017.10.19-03.17.26:247][311]LogSavePackage: Display: Finished SavePackage ../../../../../MyDocuments/Unreal Projects/Mypaper2D/MyPaper2D/Content/Sprites/Plataform.uasset
[2017.10.19-03.17.59:424][800]LogRenderer: Reallocating scene render targets to support 1348x920 Format 9 NumSamples 1 (Frame:31038).
[2017.10.19-03.19.32:011][853]Cmd: OBJ SAVEPACKAGE PACKAGE="/Game/Sprites/Plataform" FILE="../../../../../MyDocuments/Unreal Projects/Mypaper2D/MyPaper2D/Content/Sprites/Plataform.uasset" SILENT=true
[2017.10.19-03.19.32:063][853]LogSavePackage: Save=48.80ms
[2017.10.19-03.19.32:063][853]LogSavePackage: Moving '../../../../../MyDocuments/Unreal Projects/Mypaper2D/MyPaper2D/Saved/Plataform3BC43FA146259B9145FAE6B1D4187E40.tmp' to '../../../../../MyDocuments/Unreal Projects/Mypaper2D/MyPaper2D/Content/Sprites/Plataform.uasset'
[2017.10.19-03.19.32:066][853]LogSavePackage: Display: Finished SavePackage ../../../../../MyDocuments/Unreal Projects/Mypaper2D/MyPaper2D/Content/Sprites/Plataform.uasset
[2017.10.19-03.19.32:628][882]Cmd: OBJ SAVEPACKAGE PACKAGE="/Game/My2DMap" FILE="../../../../../MyDocuments/Unreal Projects/Mypaper2D/MyPaper2D/Content/My2DMap.umap" SILENT=true AUTOSAVING=false KEEPDIRTY=false
[2017.10.19-03.19.32:708][882]LogSavePackage: Save=48.61ms
[2017.10.19-03.19.32:708][882]LogSavePackage: Moving '../../../../../MyDocuments/Unreal Projects/Mypaper2D/MyPaper2D/Saved/My2DMap52A2AE404791640081FF92AFBA1F45AC.tmp' to '../../../../../MyDocuments/Unreal Projects/Mypaper2D/MyPaper2D/Content/My2DMap.umap'
[2017.10.19-03.19.32:711][882]LogSavePackage: Display: Finished SavePackage ../../../../../MyDocuments/Unreal Projects/Mypaper2D/MyPaper2D/Content/My2DMap.umap
[2017.10.19-03.19.32:756][882]LogFileHelpers: Saving map 'My2DMap' took 0.191
[2017.10.19-03.19.38:616][376]LogEditorViewport: Clicking on Actor (LMB): PaperSpriteActor (Plataform)
[2017.10.19-03.20.51:533][279]Cmd: TRANSACTION UNDO
[2017.10.19-03.20.51:533][279]LogEditorTransaction: Undo Modification in Viewport
[2017.10.19-03.21.09:303][503]Cmd: TRANSACTION UNDO
[2017.10.19-03.21.09:303][503]LogEditorTransaction: Undo Modification in Viewport
[2017.10.19-03.22.26:688][274]Cmd: OBJ SAVEPACKAGE PACKAGE="/Game/Sprites/Plataform" FILE="../../../../../MyDocuments/Unreal Projects/Mypaper2D/MyPaper2D/Content/Sprites/Plataform.uasset" SILENT=true
[2017.10.19-03.22.26:717][274]LogSavePackage: Save=15.31ms
[2017.10.19-03.22.26:717][274]LogSavePackage: Moving '../../../../../MyDocuments/Unreal Projects/Mypaper2D/MyPaper2D/Saved/PlataformB018EBB848644BDB371A75A5AEE01515.tmp' to '../../../../../MyDocuments/Unreal Projects/Mypaper2D/MyPaper2D/Content/Sprites/Plataform.uasset'
[2017.10.19-03.22.26:722][274]LogSavePackage: Display: Finished SavePackage ../../../../../MyDocuments/Unreal Projects/Mypaper2D/MyPaper2D/Content/Sprites/Plataform.uasset
[2017.10.19-03.23.59:024][127]LogEditorViewport: Clicking on Actor (CTRL LMB): PaperSpriteActor (Plataform2)
[2017.10.19-03.24.03:133][485]LogEditorViewport: Clicking on Actor (LMB): PaperSpriteActor (2DBackground_Sprite)
[2017.10.19-03.24.03:942][571]LogEditorViewport: Clicking on Actor (LMB): PaperSpriteActor (PrototypeTexture_Sprite)
[2017.10.19-03.24.04:960][681]LogEditorViewport: Clicking on Actor (LMB): PaperSpriteActor (Plataform2)
[2017.10.19-03.24.10:437][289]LogEditorViewport: Clicking on Actor (LMB): PaperSpriteActor (Plataform)
[2017.10.19-03.24.19:463][273]LogNavigationPoint: PostEditMove Clear paths rebuilt
[2017.10.19-03.24.20:271][356]LogEditorViewport: Clicking on Actor (LMB): PaperSpriteActor (Plataform)
[2017.10.19-03.24.32:082][433]LogEditorViewport: Clicking on Actor (LMB): PaperSpriteActor (2DBackground_Sprite)
[2017.10.19-03.24.36:127][854]LogEditorViewport: Clicking on Actor (LMB): PaperSpriteActor (Plataform2)
[2017.10.19-03.25.00:732][964]LogEditorViewport: Clicking on Actor (LMB): PaperSpriteActor (Plataform)
[2017.10.19-03.25.07:299][600]LogEditorViewport: Clicking on Actor (LMB): PaperSpriteActor (2DBackground_Sprite)
[2017.10.19-03.25.13:808][251]LogEditorViewport: Clicking on Actor (LMB): PaperSpriteActor (Plataform)
[2017.10.19-03.25.14:961][375]LogEditorViewport: Clicking on Actor (LMB): PaperSpriteActor (Plataform2)
[2017.10.19-03.26.41:328][ 72]LogEditorViewport: Clicking on Actor (CTRL LMB): PaperSpriteActor (Plataform)
[2017.10.19-03.26.51:469][222]LogEditorViewport: Clicking on Actor (LMB): PaperSpriteActor (2DBackground_Sprite)
[2017.10.19-03.26.52:158][293]LogEditorViewport: Clicking on Actor (LMB): PaperSpriteActor (Plataform2)
[2017.10.19-03.26.53:915][477]LogEditorViewport: Clicking on Actor (LMB): PaperSpriteActor (Plataform2)
[2017.10.19-03.29.33:153][695]Cmd: OBJ SAVEPACKAGE PACKAGE="/Game/My2DMap" FILE="../../../../../MyDocuments/Unreal Projects/Mypaper2D/MyPaper2D/Saved/Autosaves/Game/My2DMap_Auto3.umap" SILENT=true AUTOSAVING=true KEEPDIRTY=false
[2017.10.19-03.29.33:243][695]LogSavePackage: Save=76.82ms
[2017.10.19-03.29.33:243][695]LogSavePackage: Moving '../../../../../MyDocuments/Unreal Projects/Mypaper2D/MyPaper2D/Saved/My2DMap_Auto3FF8F87D74E43A074CF0662B773568C71.tmp' to '../../../../../MyDocuments/Unreal Projects/Mypaper2D/MyPaper2D/Saved/Autosaves/Game/My2DMap_Auto3.umap'
[2017.10.19-03.29.33:245][695]LogSavePackage: Display: Finished SavePackage ../../../../../MyDocuments/Unreal Projects/Mypaper2D/MyPaper2D/Saved/Autosaves/Game/My2DMap_Auto3.umap
[2017.10.19-03.29.33:254][695]LogFileHelpers: Editor autosave (incl. sublevels) for '/Game/My2DMap' took 0.127
[2017.10.19-03.29.33:254][695]LogFileHelpers: Editor autosave (incl. sublevels) for all levels took 0.127
[2017.10.19-03.48.38:494][391]Cmd: OBJ SAVEPACKAGE PACKAGE="/Game/My2DMap" FILE="../../../../../MyDocuments/Unreal Projects/Mypaper2D/MyPaper2D/Content/My2DMap.umap" SILENT=true AUTOSAVING=false KEEPDIRTY=false
[2017.10.19-03.48.38:580][391]LogSavePackage: Save=58.84ms
[2017.10.19-03.48.38:580][391]LogSavePackage: Moving '../../../../../MyDocuments/Unreal Projects/Mypaper2D/MyPaper2D/Saved/My2DMap9302D80E4E0224C25D961FBA2D72D5EA.tmp' to '../../../../../MyDocuments/Unreal Projects/Mypaper2D/MyPaper2D/Content/My2DMap.umap'
[2017.10.19-03.48.38:583][391]LogSavePackage: Display: Finished SavePackage ../../../../../MyDocuments/Unreal Projects/Mypaper2D/MyPaper2D/Content/My2DMap.umap
[2017.10.19-03.48.38:632][391]LogFileHelpers: Saving map 'My2DMap' took 0.201
[2017.10.19-03.50.03:076][738]Cmd: QUIT_EDITOR
[2017.10.19-03.50.03:098][738]LogWindowsTextInputMethodSystem: Display: IME system now deactivated.
[2017.10.19-03.50.03:123][738]LogExit: Preparing to exit.
[2017.10.19-03.50.03:505][738]LogDirectoryWatcher: A directory notification for 'D:/MyDocuments/Unreal Projects/Mypaper2D/MyPaper2D/Content/' was aborted.
[2017.10.19-03.50.03:606][738]LogExit: Editor shut down
[2017.10.19-03.50.03:655][738]LogExit: Transaction tracking system shut down
[2017.10.19-03.50.03:859][738]LogDirectoryWatcher: A directory notification for '../../../Engine/Content/' was aborted.
[2017.10.19-03.50.03:859][738]LogDirectoryWatcher: A directory notification for '../../../../../MyDocuments/Unreal Projects/Mypaper2D/MyPaper2D/Content/' was aborted.
[2017.10.19-03.50.03:859][738]LogDirectoryWatcher: A directory notification for '../../../Engine/Plugins/2D/Paper2D/Content/' was aborted.
[2017.10.19-03.50.03:860][738]LogDirectoryWatcher: A directory notification for '../../../Engine/Plugins/Runtime/Oculus/OculusVR/Content/' was aborted.
[2017.10.19-03.50.03:860][738]LogDirectoryWatcher: A directory notification for '../../../Engine/Plugins/Runtime/Steam/SteamVR/Content/' was aborted.
[2017.10.19-03.50.04:082][738]LogExit: Object subsystem successfully closed.
[2017.10.19-03.50.04:114][738]LogD3D11RHI: Shutdown
[2017.10.19-03.50.04:115][738]LogD3D11RHI: CleanupD3DDevice
[2017.10.19-03.50.04:247][738]LogD3D11RHI: ~FD3D11DynamicRHI
[2017.10.19-03.50.04:266][738]LogModuleManager: Shutting down and abandoning module HierarchicalLODOutliner (530)
[2017.10.19-03.50.04:266][738]LogModuleManager: Shutting down and abandoning module SceneOutliner (528)
[2017.10.19-03.50.04:266][738]LogModuleManager: Shutting down and abandoning module AddContentDialog (526)
[2017.10.19-03.50.04:266][738]LogDirectoryWatcher: A directory notification for 'D:/Epic Games/UE_4.17/FeaturePacks/' was aborted.
[2017.10.19-03.50.04:281][738]LogModuleManager: Shutting down and abandoning module WidgetCarousel (525)
[2017.10.19-03.50.04:281][738]LogModuleManager: Shutting down and abandoning module EditorWidgets (522)
[2017.10.19-03.50.04:281][738]LogModuleManager: Shutting down and abandoning module CollectionManager (520)
[2017.10.19-03.50.04:281][738]LogDirectoryWatcher: A directory notification for 'D:/MyDocuments/Unreal Projects/Mypaper2D/MyPaper2D/Content/Collections/' was aborted.
[2017.10.19-03.50.04:282][738]LogDirectoryWatcher: A directory notification for 'D:/MyDocuments/Unreal Projects/Mypaper2D/MyPaper2D/Content/Developers/YuriMeitzen/Collections/' was aborted.
[2017.10.19-03.50.04:282][738]LogDirectoryWatcher: A directory notification for 'D:/MyDocuments/Unreal Projects/Mypaper2D/MyPaper2D/Saved/Collections/' was aborted.
[2017.10.19-03.50.04:282][738]LogModuleManager: Shutting down and abandoning module StatsViewer (518)
[2017.10.19-03.50.04:282][738]LogModuleManager: Shutting down and abandoning module FoliageEdit (516)
[2017.10.19-03.50.04:282][738]LogModuleManager: Shutting down and abandoning module LandscapeEditor (514)
[2017.10.19-03.50.04:282][738]LogModuleManager: Shutting down and abandoning module MeshPaintMode (512)
[2017.10.19-03.50.04:282][738]LogModuleManager: Shutting down and abandoning module SceneDepthPickerMode (510)
[2017.10.19-03.50.04:282][738]LogModuleManager: Shutting down and abandoning module ActorPickerMode (508)
[2017.10.19-03.50.04:282][738]LogModuleManager: Shutting down and abandoning module GeometryMode (506)
[2017.10.19-03.50.04:282][738]LogModuleManager: Shutting down and abandoning module TextureAlignMode (504)
[2017.10.19-03.50.04:283][738]LogModuleManager: Shutting down and abandoning module BspMode (502)
[2017.10.19-03.50.04:283][738]LogModuleManager: Shutting down and abandoning module PIEPreviewDeviceProfileSelector (500)
[2017.10.19-03.50.04:283][738]LogModuleManager: Shutting down and abandoning module HardwareSurvey (498)
[2017.10.19-03.50.04:283][738]LogModuleManager: Shutting down and abandoning module SequenceRecorderSections (496)
[2017.10.19-03.50.04:283][738]LogModuleManager: Shutting down and abandoning module AutomationWorker (494)
[2017.10.19-03.50.04:283][738]LogModuleManager: Shutting down and abandoning module MatineeToLevelSequence (492)
[2017.10.19-03.50.04:283][738]LogModuleManager: Shutting down and abandoning module LevelSequenceEditor (490)
[2017.10.19-03.50.04:283][738]LogModuleManager: Shutting down and abandoning module PlacementMode (489)
[2017.10.19-03.50.04:283][738]LogModuleManager: Shutting down and abandoning module WmfMediaFactory (486)
[2017.10.19-03.50.04:283][738]LogModuleManager: Shutting down and abandoning module WmfMediaEditor (484)
[2017.10.19-03.50.04:283][738]LogModuleManager: Shutting down and abandoning module AvfMediaFactory (482)
[2017.10.19-03.50.04:283][738]LogModuleManager: Shutting down and abandoning module AvfMediaEditor (480)
[2017.10.19-03.50.04:283][738]LogModuleManager: Shutting down and abandoning module AndroidMediaFactory (478)
[2017.10.19-03.50.04:283][738]LogModuleManager: Shutting down and abandoning module Media (477)
[2017.10.19-03.50.04:283][738]LogModuleManager: Shutting down and abandoning module AndroidMediaEditor (474)
[2017.10.19-03.50.04:284][738]LogModuleManager: Shutting down and abandoning module CharacterAI (472)
[2017.10.19-03.50.04:284][738]LogModuleManager: Shutting down and abandoning module AudioCapture (470)
[2017.10.19-03.50.04:284][738]LogModuleManager: Shutting down and abandoning module SequenceRecorder (469)
[2017.10.19-03.50.04:284][738]LogModuleManager: Shutting down and abandoning module SmartSnapping (466)
[2017.10.19-03.50.04:284][738]LogModuleManager: Shutting down and abandoning module SessionServices (464)
[2017.10.19-03.50.04:284][738]LogModuleManager: Shutting down and abandoning module ViewportSnapping (462)
[2017.10.19-03.50.04:284][738]LogModuleManager: Shutting down and abandoning module ViewportInteraction (460)
[2017.10.19-03.50.04:284][738]LogModuleManager: Shutting down and abandoning module ClothPainter (458)
[2017.10.19-03.50.04:284][738]LogModuleManager: Shutting down and abandoning module LogVisualizer (456)
[2017.10.19-03.50.04:284][738]LogModuleManager: Shutting down and abandoning module IntroTutorials (454)
[2017.10.19-03.50.04:284][738]LogModuleManager: Shutting down and abandoning module GameProjectGeneration (453)
[2017.10.19-03.50.04:284][738]LogModuleManager: Shutting down and abandoning module IOSPlatformEditor (450)
[2017.10.19-03.50.04:284][738]LogModuleManager: Shutting down and abandoning module HTML5PlatformEditor (448)
[2017.10.19-03.50.04:284][738]LogModuleManager: Shutting down and abandoning module AndroidPlatformEditor (446)
[2017.10.19-03.50.04:284][738]LogModuleManager: Shutting down and abandoning module AndroidDeviceDetection (445)
[2017.10.19-03.50.05:253][738]LogModuleManager: Shutting down and abandoning module WindowsPlatformEditor (442)
[2017.10.19-03.50.05:253][738]LogModuleManager: Shutting down and abandoning module IOSRuntimeSettings (440)
[2017.10.19-03.50.05:253][738]LogModuleManager: Shutting down and abandoning module AndroidRuntimeSettings (438)
[2017.10.19-03.50.05:253][738]LogModuleManager: Shutting down and abandoning module InputBindingEditor (436)
[2017.10.19-03.50.05:253][738]LogModuleManager: Shutting down and abandoning module MergeActors (434)
[2017.10.19-03.50.05:253][738]LogModuleManager: Shutting down and abandoning module SizeMap (432)
[2017.10.19-03.50.05:253][738]LogModuleManager: Shutting down and abandoning module TreeMap (430)
[2017.10.19-03.50.05:253][738]LogModuleManager: Shutting down and abandoning module ReferenceViewer (428)
[2017.10.19-03.50.05:253][738]LogModuleManager: Shutting down and abandoning module LocalizationDashboard (426)
[2017.10.19-03.50.05:254][738]LogModuleManager: Shutting down and abandoning module LocalizationService (425)
[2017.10.19-03.50.05:254][738]LogModuleManager: Shutting down and abandoning module HardwareTargeting (422)
[2017.10.19-03.50.05:254][738]LogModuleManager: Shutting down and abandoning module DeviceProfileEditor (420)
[2017.10.19-03.50.05:254][738]LogModuleManager: Shutting down and abandoning module UndoHistory (418)
[2017.10.19-03.50.05:254][738]LogModuleManager: Shutting down and abandoning module XmlParser (416)
[2017.10.19-03.50.05:254][738]LogModuleManager: Shutting down and abandoning module Blutility (414)
[2017.10.19-03.50.05:254][738]LogModuleManager: Shutting down and abandoning module ProjectSettingsViewer (412)
[2017.10.19-03.50.05:254][738]LogModuleManager: Shutting down and abandoning module ProjectTargetPlatformEditor (411)
[2017.10.19-03.50.05:254][738]LogModuleManager: Shutting down and abandoning module EditorSettingsViewer (408)
[2017.10.19-03.50.05:254][738]LogModuleManager: Shutting down and abandoning module SettingsEditor (406)
[2017.10.19-03.50.05:254][738]LogModuleManager: Shutting down and abandoning module ProjectLauncher (404)
[2017.10.19-03.50.05:254][738]LogModuleManager: Shutting down and abandoning module SessionFrontend (402)
[2017.10.19-03.50.05:254][738]LogModuleManager: Shutting down and abandoning module ProfilerClient (400)
[2017.10.19-03.50.05:254][738]LogModuleManager: Shutting down and abandoning module DeviceManager (398)
[2017.10.19-03.50.05:255][738]LogModuleManager: Shutting down and abandoning module TargetDeviceServices (397)
[2017.10.19-03.50.05:309][738]LogModuleManager: Shutting down and abandoning module AutomationController (394)
[2017.10.19-03.50.05:309][738]LogModuleManager: Shutting down and abandoning module AutomationWindow (392)
[2017.10.19-03.50.05:309][738]LogModuleManager: Shutting down and abandoning module Layers (390)
[2017.10.19-03.50.05:309][738]LogModuleManager: Shutting down and abandoning module ComponentVisualizers (388)
[2017.10.19-03.50.05:309][738]LogModuleManager: Shutting down and abandoning module DetailCustomizations (386)
[2017.10.19-03.50.05:309][738]LogModuleManager: Shutting down and abandoning module PackagesDialog (384)
[2017.10.19-03.50.05:309][738]LogModuleManager: Shutting down and abandoning module Persona (382)
[2017.10.19-03.50.05:309][738]LogModuleManager: Shutting down and abandoning module AdvancedPreviewScene (381)
[2017.10.19-03.50.05:309][738]LogModuleManager: Shutting down and abandoning module AnimGraph (379)
[2017.10.19-03.50.05:309][738]LogModuleManager: Shutting down and abandoning module Kismet (376)
[2017.10.19-03.50.05:310][738]LogModuleManager: Shutting down and abandoning module ClassViewer (374)
[2017.10.19-03.50.05:310][738]LogModuleManager: Shutting down and abandoning module Toolbox (372)
[2017.10.19-03.50.05:310][738]LogModuleManager: Shutting down and abandoning module ModuleUI (370)
[2017.10.19-03.50.05:310][738]LogModuleManager: Shutting down and abandoning module MovieSceneTools (368)
[2017.10.19-03.50.05:310][738]LogModuleManager: Shutting down and abandoning module OutputLog (366)
[2017.10.19-03.50.05:310][738]LogModuleManager: Shutting down and abandoning module GammaUI (364)
[2017.10.19-03.50.05:310][738]LogModuleManager: Shutting down and abandoning module Documentation (362)
[2017.10.19-03.50.05:310][738]LogModuleManager: Shutting down and abandoning module MovieSceneTracks (360)
[2017.10.19-03.50.05:310][738]LogModuleManager: Shutting down and abandoning module MovieScene (358)
[2017.10.19-03.50.05:310][738]LogModuleManager: Shutting down and abandoning module Niagara (356)
[2017.10.19-03.50.05:310][738]LogModuleManager: Shutting down and abandoning module NiagaraEditor (355)
[2017.10.19-03.50.05:311][738]LogModuleManager: Shutting down and abandoning module StreamingPauseRendering (352)
[2017.10.19-03.50.05:311][738]LogModuleManager: Shutting down and abandoning module LauncherPlatform (350)
[2017.10.19-03.50.05:311][738]LogModuleManager: Shutting down and abandoning module AnalyticsET (348)
[2017.10.19-03.50.05:311][738]LogModuleManager: Shutting down and abandoning module PortalServices (346)
[2017.10.19-03.50.05:311][738]LogModuleManager: Shutting down and abandoning module PortalRpc (344)
[2017.10.19-03.50.05:311][738]LogModuleManager: Shutting down and abandoning module MessagingRpc (342)
[2017.10.19-03.50.05:311][738]LogModuleManager: Shutting down and abandoning module AIModule (340)
[2017.10.19-03.50.05:311][738]LogModuleManager: Shutting down and abandoning module GameplayDebugger (339)
[2017.10.19-03.50.05:311][738]LogModuleManager: Shutting down and abandoning module AITestSuite (337)
[2017.10.19-03.50.05:311][738]LogModuleManager: Shutting down and abandoning module ProfilerService (334)
[2017.10.19-03.50.05:490][738]LogModuleManager: Shutting down and abandoning module TaskGraph (332)
[2017.10.19-03.50.05:490][738]LogModuleManager: Shutting down and abandoning module SteamVRController (330)
[2017.10.19-03.50.05:490][738]LogModuleManager: Shutting down and abandoning module ProceduralMeshComponentEditor (328)
[2017.10.19-03.50.05:490][738]LogModuleManager: Shutting down and abandoning module ProceduralMeshComponent (326)
[2017.10.19-03.50.05:490][738]LogModuleManager: Shutting down and abandoning module OculusInput (324)
[2017.10.19-03.50.05:490][738]LogModuleManager: Shutting down and abandoning module MobilePatchingUtils (322)
[2017.10.19-03.50.05:490][738]LogModuleManager: Shutting down and abandoning module CustomMeshComponent (320)
[2017.10.19-03.50.05:490][738]LogModuleManager: Shutting down and abandoning module CableComponent (318)
[2017.10.19-03.50.05:490][738]LogModuleManager: Shutting down and abandoning module ArchVisCharacter (316)
[2017.10.19-03.50.05:490][738]LogModuleManager: Shutting down and abandoning module AndroidPermission (314)
[2017.10.19-03.50.05:490][738]LogModuleManager: Shutting down and abandoning module MediaPlayerEditor (310)
[2017.10.19-03.50.05:490][738]LogModuleManager: Shutting down and abandoning module HTML5Networking (308)
[2017.10.19-03.50.05:490][738]LogModuleManager: Shutting down and abandoning module AlembicImporter (306)
[2017.10.19-03.50.05:490][738]LogModuleManager: Shutting down and abandoning module AlembicLibrary (305)
[2017.10.19-03.50.05:490][738]LogModuleManager: Shutting down and abandoning module GeometryCache (304)
[2017.10.19-03.50.05:490][738]LogModuleManager: Shutting down and abandoning module GeometryCacheEd (303)
[2017.10.19-03.50.05:490][738]LogModuleManager: Shutting down and abandoning module SpeedTreeImporter (298)
[2017.10.19-03.50.05:490][738]LogModuleManager: Shutting down and abandoning module PluginBrowser (296)
[2017.10.19-03.50.05:490][738]LogModuleManager: Shutting down and abandoning module MobileLauncherProfileWizard (294)
[2017.10.19-03.50.05:490][738]LogModuleManager: Shutting down and abandoning module VisualStudioSourceCodeAccess (292)
[2017.10.19-03.50.05:490][738]LogModuleManager: Shutting down and abandoning module DesktopPlatform (291)
[2017.10.19-03.50.05:490][738]LogModuleManager: Shutting down and abandoning module UObjectPlugin (288)
[2017.10.19-03.50.05:490][738]LogModuleManager: Shutting down and abandoning module SubversionSourceControl (286)
[2017.10.19-03.50.05:490][738]LogModuleManager: Shutting down and abandoning module PerforceSourceControl (284)
[2017.10.19-03.50.05:490][738]LogModuleManager: Shutting down and abandoning module GitSourceControl (282)
[2017.10.19-03.50.05:490][738]LogModuleManager: Shutting down and abandoning module SourceControl (281)
[2017.10.19-03.50.05:491][738]LogModuleManager: Shutting down and abandoning module LightPropagationVolumeEditor (278)
[2017.10.19-03.50.05:491][738]LogModuleManager: Shutting down and abandoning module PaperTiledImporter (276)
[2017.10.19-03.50.05:491][738]LogModuleManager: Shutting down and abandoning module PaperSpriteSheetImporter (274)
[2017.10.19-03.50.05:491][738]LogModuleManager: Shutting down and abandoning module Paper2DEditor (272)
[2017.10.19-03.50.05:491][738]LogModuleManager: Shutting down and abandoning module MeshPaint (271)
[2017.10.19-03.50.05:491][738]LogModuleManager: Shutting down and abandoning module LevelEditor (269)
[2017.10.19-03.50.05:493][738]LogModuleManager: Shutting down and abandoning module PixelInspectorModule (268)
[2017.10.19-03.50.05:493][738]LogModuleManager: Shutting down and abandoning module MainFrame (266)
[2017.10.19-03.50.05:493][738]LogModuleManager: Shutting down and abandoning module HotReload (265)
[2017.10.19-03.50.05:494][738]LogModuleManager: Shutting down and abandoning module RuntimePhysXCooking (260)
[2017.10.19-03.50.05:494][738]LogModuleManager: Shutting down and abandoning module PhysXVehiclesEditor (258)
[2017.10.19-03.50.05:494][738]LogModuleManager: Shutting down and abandoning module PhysXVehicles (256)
[2017.10.19-03.50.05:494][738]LogModuleManager: Shutting down and abandoning module OculusEditor (254)
[2017.10.19-03.50.05:494][738]LogModuleManager: Shutting down and abandoning module LocationServicesBPLibrary (252)
[2017.10.19-03.50.05:494][738]LogModuleManager: Shutting down and abandoning module ImmediatePhysicsEditor (250)
[2017.10.19-03.50.05:494][738]LogModuleManager: Shutting down and abandoning module ImmediatePhysics (248)
[2017.10.19-03.50.05:494][738]LogModuleManager: Shutting down and abandoning module UdpMessaging (246)
[2017.10.19-03.50.05:595][738]LogModuleManager: Shutting down and abandoning module TcpMessaging (244)
[2017.10.19-03.50.05:696][738]LogModuleManager: Shutting down and abandoning module GameplayTagsEditor (242)
[2017.10.19-03.50.05:696][738]LogModuleManager: Shutting down and abandoning module FacialAnimationEditor (240)
[2017.10.19-03.50.05:696][738]LogModuleManager: Shutting down and abandoning module FacialAnimation (238)
[2017.10.19-03.50.05:696][738]LogModuleManager: Shutting down and abandoning module AssetManagerEditor (236)
[2017.10.19-03.50.05:696][738]LogModuleManager: Shutting down and abandoning module GraphEditor (235)
[2017.10.19-03.50.05:696][738]LogModuleManager: Shutting down and abandoning module ContentBrowser (233)
[2017.10.19-03.50.05:698][738]LogModuleManager: Shutting down and abandoning module LightPropagationVolumeRuntime (230)
[2017.10.19-03.50.05:698][738]LogModuleManager: Shutting down and abandoning module Paper2D (228)
[2017.10.19-03.50.05:698][738]LogModuleManager: Shutting down and abandoning module WindowsMoviePlayer (226)
[2017.10.19-03.50.05:698][738]LogModuleManager: Shutting down and abandoning module WmfMedia (224)
[2017.10.19-03.50.05:698][738]LogModuleManager: Shutting down and abandoning module PacketHandler (222)
[2017.10.19-03.50.05:698][738]LogModuleManager: Shutting down and abandoning module ClothingSystemEditor (220)
[2017.10.19-03.50.05:698][738]LogModuleManager: Shutting down and abandoning module ClothingSystemRuntime (218)
[2017.10.19-03.50.05:698][738]LogModuleManager: Shutting down and abandoning module Overlay (216)
[2017.10.19-03.50.05:699][738]LogModuleManager: Shutting down and abandoning module OverlayEditor (215)
[2017.10.19-03.50.05:699][738]LogModuleManager: Shutting down and abandoning module MediaAssets (212)
[2017.10.19-03.50.05:699][738]LogModuleManager: Shutting down and abandoning module VREditor (210)
[2017.10.19-03.50.05:699][738]LogModuleManager: Shutting down and abandoning module StringTableEditor (208)
[2017.10.19-03.50.05:699][738]LogModuleManager: Shutting down and abandoning module GameplayTasksEditor (206)
[2017.10.19-03.50.05:699][738]LogModuleManager: Shutting down and abandoning module BehaviorTreeEditor (204)
[2017.10.19-03.50.05:699][738]LogModuleManager: Shutting down and abandoning module FunctionalTesting (202)
[2017.10.19-03.50.05:699][738]LogModuleManager: Shutting down and abandoning module CollisionAnalyzer (200)
[2017.10.19-03.50.05:699][738]LogModuleManager: Shutting down and abandoning module WorkspaceMenuStructure (199)
[2017.10.19-03.50.05:699][738]LogModuleManager: Shutting down and abandoning module UMG (196)
[2017.10.19-03.50.05:699][738]LogModuleManager: Shutting down and abandoning module UMGEditor (195)
[2017.10.19-03.50.05:699][738]LogModuleManager: Shutting down and abandoning module Sequencer (194)
[2017.10.19-03.50.05:699][738]LogModuleManager: Shutting down and abandoning module MessageLog (191)
[2017.10.19-03.50.05:699][738]LogModuleManager: Shutting down and abandoning module SlateReflector (186)
[2017.10.19-03.50.05:699][738]LogModuleManager: Shutting down and abandoning module Slate (184)
[2017.10.19-03.50.05:699][738]LogModuleManager: Shutting down and abandoning module EditorStyle (182)
[2017.10.19-03.50.05:703][738]LogModuleManager: Shutting down and abandoning module MRMesh (180)
[2017.10.19-03.50.05:703][738]LogModuleManager: Shutting down and abandoning module SourceCodeAccess (178)
[2017.10.19-03.50.05:703][738]LogModuleManager: Shutting down and abandoning module HeadMountedDisplay (176)
[2017.10.19-03.50.05:703][738]LogModuleManager: Shutting down and abandoning module XAudio2 (174)
[2017.10.19-03.50.05:703][738]LogModuleManager: Shutting down and abandoning module Networking (172)
[2017.10.19-03.50.05:703][738]LogModuleManager: Shutting down and abandoning module Core (168)
[2017.10.19-03.50.05:703][738]LogModuleManager: Shutting down and abandoning module KismetCompiler (164)
[2017.10.19-03.50.05:703][738]LogModuleManager: Shutting down and abandoning module LevelSequence (162)
[2017.10.19-03.50.05:703][738]LogModuleManager: Shutting down and abandoning module MeshUtilities (160)
[2017.10.19-03.50.05:703][738]LogModuleManager: Shutting down and abandoning module MeshMergeUtilities (159)
[2017.10.19-03.50.05:703][738]LogModuleManager: Shutting down and abandoning module MeshReductionInterface (158)
[2017.10.19-03.50.05:703][738]LogModuleManager: Shutting down and abandoning module SimplygonSwarm (157)
[2017.10.19-03.50.05:703][738]LogModuleManager: Shutting down and abandoning module SimplygonMeshReduction (155)
[2017.10.19-03.50.05:703][738]LogModuleManager: Shutting down and abandoning module QuadricMeshReduction (153)
[2017.10.19-03.50.05:703][738]LogModuleManager: Shutting down and abandoning module MaterialBaking (149)
[2017.10.19-03.50.05:703][738]LogModuleManager: Shutting down and abandoning module DirectoryWatcher (146)
[2017.10.19-03.50.05:720][738]LogModuleManager: Shutting down and abandoning module DerivedDataCache (144)
[2017.10.19-03.50.05:761][738]LogDerivedDataCache: Shutdown
[2017.10.19-03.50.05:762][738]LogModuleManager: Shutting down and abandoning module TargetPlatform (142)
[2017.10.19-03.50.05:762][738]LogModuleManager: Shutting down and abandoning module VulkanShaderFormat (141)
[2017.10.19-03.50.05:762][738]LogModuleManager: Shutting down and abandoning module ShaderFormatVectorVM (139)
[2017.10.19-03.50.05:762][738]LogModuleManager: Shutting down and abandoning module ShaderFormatOpenGL (137)
[2017.10.19-03.50.05:763][738]LogModuleManager: Shutting down and abandoning module ShaderFormatD3D (135)
[2017.10.19-03.50.05:764][738]LogModuleManager: Shutting down and abandoning module MetalShaderFormat (133)
[2017.10.19-03.50.05:764][738]LogModuleManager: Shutting down and abandoning module TextureFormatUncompressed (131)
[2017.10.19-03.50.05:764][738]LogModuleManager: Shutting down and abandoning module TextureFormatPVR (129)
[2017.10.19-03.50.05:764][738]LogModuleManager: Shutting down and abandoning module TextureFormatDXT (127)
[2017.10.19-03.50.05:764][738]LogModuleManager: Shutting down and abandoning module TextureFormatIntelISPCTexComp (125)
[2017.10.19-03.50.05:764][738]LogModuleManager: Shutting down and abandoning module TextureFormatASTC (123)
[2017.10.19-03.50.05:765][738]LogModuleManager: Shutting down and abandoning module ImageWrapper (122)
[2017.10.19-03.50.05:765][738]LogModuleManager: Shutting down and abandoning module TextureFormatAndroid (119)
[2017.10.19-03.50.05:765][738]LogModuleManager: Shutting down and abandoning module AudioFormatOpus (117)
[2017.10.19-03.50.05:765][738]LogModuleManager: Shutting down and abandoning module AudioFormatOgg (115)
[2017.10.19-03.50.05:765][738]LogModuleManager: Shutting down and abandoning module AudioFormatADPCM (113)
[2017.10.19-03.50.05:765][738]LogModuleManager: Shutting down and abandoning module LinuxTargetPlatform (111)
[2017.10.19-03.50.05:765][738]LogModuleManager: Shutting down and abandoning module LinuxServerTargetPlatform (109)
[2017.10.19-03.50.05:765][738]LogModuleManager: Shutting down and abandoning module LinuxNoEditorTargetPlatform (107)
[2017.10.19-03.50.05:765][738]LogModuleManager: Shutting down and abandoning module LinuxClientTargetPlatform (105)
[2017.10.19-03.50.05:765][738]LogModuleManager: Shutting down and abandoning module TVOSTargetPlatform (103)
[2017.10.19-03.50.05:765][738]LogModuleManager: Shutting down and abandoning module Messaging (101)
[2017.10.19-03.50.05:765][738]LogModuleManager: Shutting down and abandoning module IOSTargetPlatform (99)
[2017.10.19-03.50.05:765][738]LogModuleManager: Shutting down and abandoning module HTML5TargetPlatform (97)
[2017.10.19-03.50.05:765][738]LogModuleManager: Shutting down and abandoning module Android_PVRTCTargetPlatform (95)
[2017.10.19-03.50.05:765][738]LogModuleManager: Shutting down and abandoning module Android_MultiTargetPlatform (93)
[2017.10.19-03.50.05:766][738]LogModuleManager: Shutting down and abandoning module Android_ETC2TargetPlatform (91)
[2017.10.19-03.50.05:766][738]LogModuleManager: Shutting down and abandoning module Android_ETC1TargetPlatform (89)
[2017.10.19-03.50.05:766][738]LogModuleManager: Shutting down and abandoning module Android_DXTTargetPlatform (87)
[2017.10.19-03.50.05:766][738]LogModuleManager: Shutting down and abandoning module Android_ATCTargetPlatform (85)
[2017.10.19-03.50.05:766][738]LogModuleManager: Shutting down and abandoning module Android_ASTCTargetPlatform (83)
[2017.10.19-03.50.05:766][738]LogModuleManager: Shutting down and abandoning module AndroidTargetPlatform (81)
[2017.10.19-03.50.05:766][738]LogModuleManager: Shutting down and abandoning module WindowsTargetPlatform (79)
[2017.10.19-03.50.05:766][738]LogModuleManager: Shutting down and abandoning module WindowsServerTargetPlatform (77)
[2017.10.19-03.50.05:766][738]LogModuleManager: Shutting down and abandoning module WindowsNoEditorTargetPlatform (75)
[2017.10.19-03.50.05:766][738]LogModuleManager: Shutting down and abandoning module WindowsClientTargetPlatform (73)
[2017.10.19-03.50.05:766][738]LogModuleManager: Shutting down and abandoning module MacTargetPlatform (71)
[2017.10.19-03.50.05:766][738]LogModuleManager: Shutting down and abandoning module MacServerTargetPlatform (69)
[2017.10.19-03.50.05:766][738]LogModuleManager: Shutting down and abandoning module MacNoEditorTargetPlatform (67)
[2017.10.19-03.50.05:766][738]LogModuleManager: Shutting down and abandoning module MacClientTargetPlatform (65)
[2017.10.19-03.50.05:766][738]LogModuleManager: Shutting down and abandoning module AllDesktopTargetPlatform (63)
[2017.10.19-03.50.05:767][738]LogModuleManager: Shutting down and abandoning module InputCore (60)
[2017.10.19-03.50.05:767][738]LogModuleManager: Shutting down and abandoning module Settings (58)
[2017.10.19-03.50.05:767][738]LogModuleManager: Shutting down and abandoning module PhysXCooking (56)
[2017.10.19-03.50.05:767][738]LogModuleManager: Shutting down and abandoning module SteamVR (54)
[2017.10.19-03.50.05:767][738]LogModuleManager: Shutting down and abandoning module OculusHMD (52)
[2017.10.19-03.50.05:767][738]LogModuleManager: Shutting down and abandoning module ExampleDeviceProfileSelector (50)
[2017.10.19-03.50.05:767][738]LogModuleManager: Shutting down and abandoning module OnlineBlueprintSupport (48)
[2017.10.19-03.50.05:767][738]LogModuleManager: Shutting down and abandoning module OnlineSubsystem (44)
[2017.10.19-03.50.05:767][738]LogOnline: Display: Unloading online subsystem: NULL
[2017.10.19-03.50.05:767][738]LogModuleManager: Shutting down and abandoning module XMPP (43)
[2017.10.19-03.50.05:768][738]LogModuleManager: Shutting down and abandoning module HTTP (41)
[2017.10.19-03.50.05:768][738]LogHttp: Display: Http module shutting down, but needs to wait on 1 outstanding Http requests:
[2017.10.19-03.50.05:768][738]LogHttp: Display: 	verb=[POST] url=[https://datarouter.ol.epicgames.com/datarouter/api/v1/public/data?SessionID=%7BAD2B120D-44BF-D5E8-47CA-9FA8FA8DD2C2%7D&AppID=UEEditor.Rocket.Release&AppVersion=4.17.1-3586342%2B%2B%2BUE4%2BRelease-4.17&UserID=4d336c304cb600f3833bee9ec6324b6b%7C97e6c6ec20b34e1681bb9ded12457367%7Cea9e9fd9-3d7e-4d9a-8813-872780a612b3&AppEnvironment=datacollector-binary&UploadType=eteventstream] status=Processing
[2017.10.19-03.50.05:778][738]LogModuleManager: Shutting down and abandoning module SSL (40)
[2017.10.19-03.50.05:782][738]LogModuleManager: Shutting down and abandoning module AnimationModifiers (36)
[2017.10.19-03.50.05:782][738]LogModuleManager: Shutting down and abandoning module PropertyEditor (35)
[2017.10.19-03.50.05:782][738]LogModuleManager: Shutting down and abandoning module AudioEditor (32)
[2017.10.19-03.50.05:783][738]LogModuleManager: Shutting down and abandoning module TextureCompressor (30)
[2017.10.19-03.50.05:783][738]LogModuleManager: Shutting down and abandoning module ShaderCore (28)
[2017.10.19-03.50.05:783][738]LogModuleManager: Shutting down and abandoning module Landscape (26)
[2017.10.19-03.50.05:783][738]LogModuleManager: Shutting down and abandoning module SlateRHIRenderer (24)
[2017.10.19-03.50.05:789][738]LogModuleManager: Shutting down and abandoning module OpenGLDrv (22)
[2017.10.19-03.50.05:789][738]LogModuleManager: Shutting down and abandoning module D3D11RHI (20)
[2017.10.19-03.50.05:789][738]LogModuleManager: Shutting down and abandoning module AnimGraphRuntime (18)
[2017.10.19-03.50.05:790][738]LogModuleManager: Shutting down and abandoning module Renderer (16)
[2017.10.19-03.50.05:790][738]LogModuleManager: Shutting down and abandoning module Engine (14)
[2017.10.19-03.50.05:790][738]LogModuleManager: Shutting down and abandoning module CoreUObject (12)
[2017.10.19-03.50.05:790][738]LogModuleManager: Shutting down and abandoning module NetworkFile (10)
[2017.10.19-03.50.05:790][738]LogModuleManager: Shutting down and abandoning module CookedIterativeFile (8)
[2017.10.19-03.50.05:790][738]LogModuleManager: Shutting down and abandoning module StreamingFile (6)
[2017.10.19-03.50.05:790][738]LogModuleManager: Shutting down and abandoning module SandboxFile (4)
[2017.10.19-03.50.05:790][738]LogModuleManager: Shutting down and abandoning module PakFile (2)
[2017.10.19-03.50.05:795][738]LogExit: Exiting.
[2017.10.19-03.50.05:834][738]Log file closed, 10/19/17 01:50:05
