Log file open, 10/19/17 21:45:00
LogWindows: LoadLibraryWithSearchPaths failed for file aqProf.dll. GetLastError=0
LogWindows: LoadLibraryWithSearchPaths failed for file VtuneApi.dll. GetLastError=0
LogWindows: LoadLibraryWithSearchPaths failed for file VtuneApi32e.dll. GetLastError=0
LogInit: Display: Running engine for game: MyPaper2D
LogPlatformFile: Not using cached read wrapper
LogInit: Display: RandInit(-1925465859) SRandInit(-1925465859).
LogTaskGraph: Started task graph with 5 named threads and 11 total threads with 3 sets of task threads.
LogStats: Stats thread started at 0.297051
LogD3D11RHI: Aftermath initialized
LogPluginManager: Mounting plugin Paper2D
LogPluginManager: Mounting plugin LightPropagationVolume
LogPluginManager: Mounting plugin CodeLiteSourceCodeAccess
LogPluginManager: Mounting plugin GitSourceControl
LogPluginManager: Mounting plugin KDevelopSourceCodeAccess
LogPluginManager: Mounting plugin NullSourceCodeAccess
LogPluginManager: Mounting plugin PerforceSourceControl
LogPluginManager: Mounting plugin SubversionSourceControl
LogPluginManager: Mounting plugin UObjectPlugin
LogPluginManager: Mounting plugin VisualStudioSourceCodeAccess
LogPluginManager: Mounting plugin XCodeSourceCodeAccess
LogPluginManager: Mounting plugin AssetManagerEditor
LogPluginManager: Mounting plugin AudioCapture
LogPluginManager: Mounting plugin FacialAnimation
LogPluginManager: Mounting plugin GameplayTagsEditor
LogPluginManager: Mounting plugin MobileLauncherProfileWizard
LogPluginManager: Mounting plugin PluginBrowser
LogPluginManager: Mounting plugin SpeedTreeImporter
LogPluginManager: Mounting plugin AlembicImporter
LogPluginManager: Mounting plugin CharacterAI
LogPluginManager: Mounting plugin HTML5Networking
LogPluginManager: Mounting plugin AndroidMedia
LogPluginManager: Mounting plugin AvfMedia
LogPluginManager: Mounting plugin MediaPlayerEditor
LogPluginManager: Mounting plugin WmfMedia
LogPluginManager: Mounting plugin TcpMessaging
LogPluginManager: Mounting plugin UdpMessaging
LogPluginManager: Mounting plugin LevelSequenceEditor
LogPluginManager: Mounting plugin MatineeToLevelSequence
LogPluginManager: Mounting plugin OnlineSubsystemGooglePlay
LogPluginManager: Mounting plugin OnlineSubsystemIOS
LogPluginManager: Mounting plugin OnlineSubsystem
LogPluginManager: Mounting plugin OnlineSubsystemNull
LogPluginManager: Mounting plugin OnlineSubsystemUtils
LogPluginManager: Mounting plugin AndroidDeviceProfileSelector
LogPluginManager: Mounting plugin AndroidMoviePlayer
LogPluginManager: Mounting plugin AndroidPermission
LogPluginManager: Mounting plugin AppleMoviePlayer
LogPluginManager: Mounting plugin ArchVisCharacter
LogPluginManager: Mounting plugin CableComponent
LogPluginManager: Mounting plugin CustomMeshComponent
LogPluginManager: Mounting plugin ExampleDeviceProfileSelector
LogPluginManager: Mounting plugin GoogleCloudMessaging
LogPluginManager: Mounting plugin ImmediatePhysics
LogPluginManager: Mounting plugin IOSDeviceProfileSelector
LogPluginManager: Mounting plugin LinuxDeviceProfileSelector
LogPluginManager: Mounting plugin LocationServicesBPLibrary
LogPluginManager: Mounting plugin MobilePatchingUtils
LogPluginManager: Mounting plugin OculusVR
LogPluginManager: Mounting plugin PhysXVehicles
LogPluginManager: Mounting plugin ProceduralMeshComponent
LogPluginManager: Mounting plugin RuntimePhysXCooking
LogPluginManager: Mounting plugin SteamVR
LogPluginManager: Mounting plugin WindowsMoviePlayer
LogInit: Using libcurl 7.47.1
LogInit:  - built for x86_64-pc-win32
LogInit:  - supports SSL with OpenSSL/1.0.2g
LogInit:  - supports HTTP deflate (compression) using libz 1.2.8
LogInit:  - other features:
LogInit:      CURL_VERSION_SSL
LogInit:      CURL_VERSION_LIBZ
LogInit:      CURL_VERSION_IPV6
LogInit:      CURL_VERSION_ASYNCHDNS
LogInit:      CURL_VERSION_LARGEFILE
LogInit:      CURL_VERSION_IDN
LogInit:  CurlRequestOptions (configurable via config and command line):
LogInit:  - bVerifyPeer = false  - Libcurl will NOT verify peer certificate
LogInit:  - bUseHttpProxy = false  - Libcurl will NOT use HTTP proxy
LogInit:  - bDontReuseConnections = false  - Libcurl will reuse connections
LogInit:  - CertBundlePath = nullptr  - Libcurl will use whatever was configured at build time.
LogInit: Build: ++UE4+Release-4.17-CL-3586342
LogInit: Engine Version: 4.17.1-3586342+++UE4+Release-4.17
LogInit: Compatible Engine Version: 4.17.0-3573198+++UE4+Release-4.17
LogInit: Net CL: 3573198
LogDevObjectVersion: Number of dev versions registered: 16
LogDevObjectVersion:   Dev-Blueprints (B0D832E4-1F89-4F0D-ACCF-7EB736FD4AA2): 10
LogDevObjectVersion:   Dev-Build (E1C64328-A22C-4D53-A36C-8E866417BD8C): 0
LogDevObjectVersion:   Dev-Core (375EC13C-06E4-48FB-B500-84F0262A717E): 2
LogDevObjectVersion:   Dev-Editor (E4B068ED-F494-42E9-A231-DA0B2E46BB41): 20
LogDevObjectVersion:   Dev-Framework (CFFC743F-43B0-4480-9391-14DF171D2073): 28
LogDevObjectVersion:   Dev-Mobile (B02B49B5-BB20-44E9-A304-32B752E40360): 0
LogDevObjectVersion:   Dev-Networking (A4E4105C-59A1-49B5-A7C5-40C4547EDFEE): 0
LogDevObjectVersion:   Dev-Online (39C831C9-5AE6-47DC-9A44-9C173E1C8E7C): 0
LogDevObjectVersion:   Dev-Physics (78F01B33-EBEA-4F98-B9B4-84EACCB95AA2): 0
LogDevObjectVersion:   Dev-Platform (6631380F-2D4D-43E0-8009-CF276956A95A): 0
LogDevObjectVersion:   Dev-Rendering (12F88B9F-8875-4AFC-A67C-D90C383ABD29): 19
LogDevObjectVersion:   Dev-Sequencer (7B5AE74C-D270-4C10-A958-57980B212A5A): 4
LogDevObjectVersion:   Dev-VR (D7296918-1DD6-4BDD-9DE2-64A83CC13884): 0
LogDevObjectVersion:   Dev-LoadTimes (C2A15278-BFE7-4AFE-6C17-90FF531DF755): 1
LogDevObjectVersion:   Private-Geometry (6EACA3D4-40EC-4CC1-B786-8BED09428FC5): 1
LogDevObjectVersion:   Dev-AnimPhys (29E575DD-E0A3-4627-9D10-D276232CDCEA): 7
LogInit: Compiled (64-bit): Aug 15 2017 02:05:26
LogInit: Compiled with Visual C++: 19.00.24215.01
LogInit: Build Configuration: Development
LogInit: Branch Name: ++UE4+Release-4.17
LogInit: Command line:  
LogInit: Base directory: D:/Epic Games/UE_4.17/Engine/Binaries/Win64/
LogInit: Installed Engine Build: 1
LogInit: Presizing for max 8388607 objects, including 0 objects not considered by GC, pre-allocating 0 bytes for permanent pool.
LogInit: Object subsystem initialized
[2017.10.19-23.45.01:871][  0]LogInit: Selected Device Profile: [Windows]
[2017.10.19-23.45.01:871][  0]LogInit: Applying CVar settings loaded from the selected device profile: [Windows]
[2017.10.19-23.45.01:947][  0]LogInit: Computer: WELTALL
[2017.10.19-23.45.01:947][  0]LogInit: User: YuriMeitzen
[2017.10.19-23.45.01:947][  0]LogInit: CPU Page size=4096, Cores=3
[2017.10.19-23.45.01:947][  0]LogInit: High frequency timer resolution =3.433666 MHz
[2017.10.19-23.45.01:947][  0]LogMemory: Memory total: Physical=8.0GB (8GB approx)
[2017.10.19-23.45.01:947][  0]LogMemory: Platform Memory Stats for Windows
[2017.10.19-23.45.01:947][  0]LogMemory: Process Physical Memory: 278.45 MB used, 278.45 MB peak
[2017.10.19-23.45.01:947][  0]LogMemory: Process Virtual Memory: 279.70 MB used, 279.70 MB peak
[2017.10.19-23.45.01:948][  0]LogMemory: Physical Memory: 4588.72 MB used,  3561.86 MB free, 8150.58 MB total
[2017.10.19-23.45.01:948][  0]LogMemory: Virtual Memory: 673.12 MB used,  3561.86 MB free, 134217728.00 MB total
[2017.10.19-23.45.02:798][  0]LogInit: Using OS detected language (en-US).
[2017.10.19-23.45.02:798][  0]LogInit: Using OS detected locale (pt-BR).
[2017.10.19-23.45.02:957][  0]LogTextLocalizationManager: No specific localization for 'en-US' exists, so the 'en' localization will be used.
[2017.10.19-23.45.08:710][  0]LogD3D11RHI: D3D11 adapters:
[2017.10.19-23.45.08:776][  0]LogD3D11RHI:    0. 'AMD Radeon R7 200 Series' (Feature Level 11_0)
[2017.10.19-23.45.08:776][  0]LogD3D11RHI:       2024/0/4075 MB DedicatedVideo/DedicatedSystem/SharedSystem, Outputs:1, VendorId:0x1002
[2017.10.19-23.45.08:778][  0]LogD3D11RHI:    1. 'Microsoft Basic Render Driver' (Feature Level 11_0)
[2017.10.19-23.45.08:778][  0]LogD3D11RHI:       0/0/4075 MB DedicatedVideo/DedicatedSystem/SharedSystem, Outputs:0, VendorId:0x1414
[2017.10.19-23.45.08:778][  0]LogD3D11RHI: Chosen D3D11 Adapter: 0
[2017.10.19-23.45.08:786][  0]LogD3D11RHI: Creating new Direct3DDevice
[2017.10.19-23.45.08:786][  0]LogD3D11RHI:     GPU DeviceId: 0x6658 (for the marketing name, search the web for "GPU Device Id")
[2017.10.19-23.45.08:786][  0]LogWindows: EnumDisplayDevices:
[2017.10.19-23.45.08:786][  0]LogWindows:    0. 'AMD Radeon R7 200 Series' (P:1 D:1)
[2017.10.19-23.45.08:786][  0]LogWindows:    1. 'AMD Radeon R7 200 Series' (P:0 D:0)
[2017.10.19-23.45.08:786][  0]LogWindows:    2. 'AMD Radeon R7 200 Series' (P:0 D:0)
[2017.10.19-23.45.08:787][  0]LogWindows:    3. 'AMD Radeon R7 200 Series' (P:0 D:0)
[2017.10.19-23.45.08:787][  0]LogWindows:    4. 'AMD Radeon R7 200 Series' (P:0 D:0)
[2017.10.19-23.45.08:788][  0]LogWindows:    5. 'AMD Radeon R7 200 Series' (P:0 D:0)
[2017.10.19-23.45.08:788][  0]LogWindows: DebugString: FoundDriverCount:6 
[2017.10.19-23.45.08:788][  0]LogD3D11RHI:     Adapter Name: AMD Radeon R7 200 Series
[2017.10.19-23.45.08:788][  0]LogD3D11RHI:   Driver Version: Crimson ReLive 17.7.2 (internal:22.19.662.4, unified:22.19.662.4)
[2017.10.19-23.45.08:788][  0]LogD3D11RHI:      Driver Date: 7-20-2017
[2017.10.19-23.45.08:788][  0]LogRHI: Texture pool is 1361 MB (70% of 1945 MB)
[2017.10.19-23.45.08:817][  0]LogD3D11RHI: Async texture creation enabled
[2017.10.19-23.45.08:831][  0]LogD3D11RHI: GPU Timing Frequency: 27.000000 (Debug: 2 1)
[2017.10.19-23.45.08:832][  0]LogD3D11RHI: HDR output is supported on display 0 (AMD Device: 0x0, Display: 0x0).
[2017.10.19-23.45.08:832][  0]LogShaderCompilers: Guid format shader working directory is -9 characters bigger than the processId version (../../../../../MyDocuments/Unreal Projects/Mypaper2D/MyPaper2D/Intermediate/Shaders/WorkingDirectory/8704/).
[2017.10.19-23.45.08:832][  0]LogShaderCompilers: Cleaned the shader compiler working directory 'C:/Users/Yuri Meitzen/AppData/Local/Temp/UnrealShaderWorkingDir/CAAF8AF14044B02DD49CACA50162604A/'.
[2017.10.19-23.45.08:832][  0]LogShaderCompilers: Display: Using Local Shader Compiler.
[2017.10.19-23.45.14:553][  0]LogTemp: Display: Loaded TP AllDesktopTargetPlatform
[2017.10.19-23.45.14:622][  0]LogTemp: Display: Loaded TP MacClientTargetPlatform
[2017.10.19-23.45.14:692][  0]LogTemp: Display: Loaded TP MacNoEditorTargetPlatform
[2017.10.19-23.45.14:759][  0]LogTemp: Display: Loaded TP MacServerTargetPlatform
[2017.10.19-23.45.14:845][  0]LogTemp: Display: Loaded TP MacTargetPlatform
[2017.10.19-23.45.14:912][  0]LogTemp: Display: Loaded TP WindowsClientTargetPlatform
[2017.10.19-23.45.14:977][  0]LogTemp: Display: Loaded TP WindowsNoEditorTargetPlatform
[2017.10.19-23.45.15:049][  0]LogTemp: Display: Loaded TP WindowsServerTargetPlatform
[2017.10.19-23.45.15:111][  0]LogTemp: Display: Loaded TP WindowsTargetPlatform
[2017.10.19-23.45.15:202][  0]LogTemp: Display: Loaded TP AndroidTargetPlatform
[2017.10.19-23.45.15:270][  0]LogTemp: Display: Loaded TP Android_ASTCTargetPlatform
[2017.10.19-23.45.15:337][  0]LogTemp: Display: Loaded TP Android_ATCTargetPlatform
[2017.10.19-23.45.15:404][  0]LogTemp: Display: Loaded TP Android_DXTTargetPlatform
[2017.10.19-23.45.15:471][  0]LogTemp: Display: Loaded TP Android_ETC1TargetPlatform
[2017.10.19-23.45.15:543][  0]LogTemp: Display: Loaded TP Android_ETC2TargetPlatform
[2017.10.19-23.45.15:701][  0]LogTemp: Display: Loaded TP Android_MultiTargetPlatform
[2017.10.19-23.45.15:701][  0]LogTemp: Display: Loaded TP Android_PVRTCTargetPlatform
[2017.10.19-23.45.15:758][  0]LogTemp: Display: Loaded TP HTML5TargetPlatform
[2017.10.19-23.45.16:002][  0]LogTemp: Display: Loaded TP IOSTargetPlatform
[2017.10.19-23.45.16:045][  0]LogTemp: Display: Loaded TP TVOSTargetPlatform
[2017.10.19-23.45.16:111][  0]LogTemp: Display: Loaded TP LinuxClientTargetPlatform
[2017.10.19-23.45.16:180][  0]LogTemp: Display: Loaded TP LinuxNoEditorTargetPlatform
[2017.10.19-23.45.16:259][  0]LogTemp: Display: Loaded TP LinuxServerTargetPlatform
[2017.10.19-23.45.16:362][  0]LogTemp: Display: Loaded TP LinuxTargetPlatform
[2017.10.19-23.45.16:362][  0]LogTargetPlatformManager: Display: Building Assets For Windows
[2017.10.19-23.45.17:938][  0]LogDerivedDataCache: Display: Max Cache Size: 512 MB
[2017.10.19-23.45.18:953][  0]LogDerivedDataCache: Loaded boot cache 1.02s 93MB C:/Users/Yuri Meitzen/AppData/Local/UnrealEngine/4.17/DerivedDataCache/Boot.ddc.
[2017.10.19-23.45.18:954][  0]LogDerivedDataCache: Display: Loaded Boot cache: C:/Users/Yuri Meitzen/AppData/Local/UnrealEngine/4.17/DerivedDataCache/Boot.ddc
[2017.10.19-23.45.18:954][  0]LogDerivedDataCache: FDerivedDataBackendGraph:  Pak pak cache file ../../../../../MyDocuments/Unreal Projects/Mypaper2D/MyPaper2D/DerivedDataCache/DDC.ddp not found, will not use a pak cache.
[2017.10.19-23.45.18:954][  0]LogDerivedDataCache: Unable to find inner node Pak for hierarchical cache Hierarchy.
[2017.10.19-23.45.18:954][  0]LogDerivedDataCache: FDerivedDataBackendGraph:  CompressedPak pak cache file ../../../../../MyDocuments/Unreal Projects/Mypaper2D/MyPaper2D/DerivedDataCache/Compressed.ddp not found, will not use a pak cache.
[2017.10.19-23.45.18:954][  0]LogDerivedDataCache: Unable to find inner node CompressedPak for hierarchical cache Hierarchy.
[2017.10.19-23.45.19:069][  0]LogDerivedDataCache: Display: Pak cache opened for reading ../../../Engine/DerivedDataCache/Compressed.ddp.
[2017.10.19-23.45.19:081][  0]LogDerivedDataCache: Using Local data cache path C:/Users/Yuri Meitzen/AppData/Local/UnrealEngine/Common/DerivedDataCache: Writable
[2017.10.19-23.45.19:099][  0]LogMaterial: Verifying Global Shaders for PCD3D_SM5
[2017.10.19-23.45.19:099][  0]LogSlate: Using Freetype 2.6.0
[2017.10.19-23.45.19:182][  0]LogSlate: SlateFontCache - WITH_FREETYPE: 1, WITH_HARFBUZZ: 1
[2017.10.19-23.45.19:182][  0]LogSlate: SlateFontCache - WITH_FREETYPE: 1, WITH_HARFBUZZ: 1
[2017.10.19-23.45.28:351][  0]LogAssetRegistry: FAssetRegistry took 0.0298 seconds to start up
[2017.10.19-23.45.28:546][  0]LogInit: Selected Device Profile: [Windows]
[2017.10.19-23.45.30:271][  0]LogSimplygon: Simplygon DLL not present - disabling.
[2017.10.19-23.45.30:335][  0]LogMeshReduction: Using SimplygonSwarm for distributed automatic mesh merging
[2017.10.19-23.45.30:335][  0]LogMeshReduction: Using QuadricMeshReduction for automatic static mesh reduction
[2017.10.19-23.45.30:335][  0]LogMeshReduction: No automatic skeletal mesh reduction module available
[2017.10.19-23.45.30:335][  0]LogMeshReduction: No automatic mesh merging module available
[2017.10.19-23.45.30:335][  0]LogMeshMerging: No automatic mesh merging module available
[2017.10.19-23.45.30:377][  0]LogContentStreaming: Texture pool size is 0.00 MB
[2017.10.19-23.45.31:572][  0]LogNetVersion: MyPaper2D , NetCL: 3573198, EngineNetVer: 2, GameNetVer: 0 (Checksum: 640952014)
[2017.10.19-23.45.32:305][  0]LogPackageLocalizationCache: Processed 5 localized package path(s) for 2 prioritized culture(s) in 0.139046 seconds
[2017.10.19-23.45.32:320][  0]LogUObjectArray: 35825 objects as part of root set at end of initial load.
[2017.10.19-23.45.32:320][  0]LogUObjectAllocator: 7529112 out of 0 bytes used by permanent object pool.
[2017.10.19-23.45.32:320][  0]LogUObjectArray: CloseDisregardForGC: 0/0 objects in disregard for GC pool
[2017.10.19-23.45.32:420][  0]LogInit: WinSock: version 1.1 (2.2), MaxSocks=32767, MaxUdp=65467
[2017.10.19-23.45.59:901][  0]LogTcpMessaging: Initializing TcpMessaging bridge
[2017.10.19-23.45.59:950][  0]LogUdpMessaging: Initializing bridge on interface 0.0.0.0:0 to multicast group 230.0.0.1:6666.
[2017.10.19-23.46.01:259][  0]LogMaterial: Uniform references updated for custom material expression Custom.
[2017.10.19-23.46.01:905][  0]SourceControl: Source control is disabled
[2017.10.19-23.46.01:906][  0]SourceControl: Source control is disabled
[2017.10.19-23.46.01:978][  0]SourceControl: Source control is disabled
[2017.10.19-23.46.02:037][  0]SourceControl: Source control is disabled
[2017.10.19-23.46.03:193][  0]LogAndroidPermission: UAndroidPermissionCallbackProxy::GetInstance
[2017.10.19-23.46.03:602][  0]LogOcInput: OculusInput pre-init called
[2017.10.19-23.46.04:033][  0]LogEngine: Initializing Engine...
[2017.10.19-23.46.04:036][  0]LogHMD: Failed to initialize OpenVR with code 110
[2017.10.19-23.46.04:719][  0]LogStats: UGameplayTagsManager::ConstructGameplayTagTree: Construct from data asset -  0.000 s
[2017.10.19-23.46.04:719][  0]LogStats: UGameplayTagsManager::ConstructGameplayTagTree: GameplayTagTreeChangedEvent.Broadcast -  0.000 s
[2017.10.19-23.46.04:938][  0]LogAIModule: Creating AISystem for world Untitled
[2017.10.19-23.46.04:963][  0]LogInit: XAudio2 using '5 - SAMSUNG (AMD High Definition Audio Device)' : 2 channels at 48 kHz using 16 bits per sample (channel mask 0x3)
[2017.10.19-23.46.04:980][  0]LogInit: FAudioDevice initialized.
[2017.10.19-23.46.05:225][  0]LogDerivedDataCache: Saved boot cache 0.24s 93MB C:/Users/Yuri Meitzen/AppData/Local/UnrealEngine/4.17/DerivedDataCache/Boot.ddc.
[2017.10.19-23.46.05:254][  0]LogInit: Texture streaming: Enabled
[2017.10.19-23.46.05:399][  0]LogEngineSessionManager: EngineSessionManager initialized
[2017.10.19-23.46.05:826][  0]LogInit: Transaction tracking system initialized
[2017.10.19-23.46.06:211][  0]BlueprintLog: New page: Editor Load
[2017.10.19-23.46.07:360][  0]LocalizationService: Localization service is disabled
[2017.10.19-23.46.08:386][  0]LogConsoleResponse: Display: 
[2017.10.19-23.46.10:652][  0]LogCook: Display: Max memory allowance for cook 16384mb min free memory 0mb
[2017.10.19-23.46.10:652][  0]LogCook: Display: Mobile HDR setting 1
[2017.10.19-23.46.10:652][  0]LogGameplayTags: Display: UGameplayTagsManager::DoneAddingNativeTags. DelegateIsBound: 0
[2017.10.19-23.46.10:688][  0]LogFileCache: Scanning file cache for directory 'D:/MyDocuments/Unreal Projects/Mypaper2D/MyPaper2D/Content/' took 0.02s
[2017.10.19-23.46.12:572][  0]SourceControl: Source control is disabled
[2017.10.19-23.46.12:572][  0]Cmd: MAP LOAD FILE="../../../Engine/Content/Maps/Templates/Template_Default.umap" TEMPLATE=1 SHOWPROGRESS=1 FEATURELEVEL=3
[2017.10.19-23.46.12:634][  0]LightingResults: New page: Lighting Build
[2017.10.19-23.46.12:693][  0]MapCheck: New page: Map Check
[2017.10.19-23.46.12:694][  0]LightingResults: New page: Lighting Build
[2017.10.19-23.46.13:229][  0]LogAIModule: Creating AISystem for world Untitled_1
[2017.10.19-23.46.13:280][  0]LogEditorServer: Finished looking for orphan Actors (0.000 secs)
[2017.10.19-23.46.13:306][  0]Cmd: MAP CHECKDEP NOCLEARLOG
[2017.10.19-23.46.13:363][  0]MapCheck: Map check complete: 0 Error(s), 0 Warning(s), took 57,303ms to complete.
[2017.10.19-23.46.13:363][  0]LogFileHelpers: Loading map 'Template_Default' took 0.791
[2017.10.19-23.46.13:665][  0]LogCollectionManager: Loaded 0 collections in 0.001867 seconds
[2017.10.19-23.46.13:758][  0]LogFileCache: Scanning file cache for directory 'D:/MyDocuments/Unreal Projects/Mypaper2D/MyPaper2D/Saved/Collections/' took 0.01s
[2017.10.19-23.46.13:758][  0]LogFileCache: Scanning file cache for directory 'D:/MyDocuments/Unreal Projects/Mypaper2D/MyPaper2D/Content/Developers/YuriMeitzen/Collections/' took 0.01s
[2017.10.19-23.46.13:758][  0]LogFileCache: Scanning file cache for directory 'D:/MyDocuments/Unreal Projects/Mypaper2D/MyPaper2D/Content/Collections/' took 0.01s
[2017.10.19-23.46.13:758][  0]LogCollectionManager: Rebuilt the GUID cache for 0 collections in 0.000001 seconds
[2017.10.19-23.46.13:779][  0]LogContentBrowser: Native class hierarchy populated in 0.0208 seconds. Added 2386 classes and 500 folders.
[2017.10.19-23.46.13:866][  0]LogContentBrowser: Native class hierarchy updated for 'WidgetCarousel' in 0.0008 seconds. Added 0 classes and 0 folders.
[2017.10.19-23.46.18:611][  0]LogContentBrowser: Native class hierarchy updated for 'AddContentDialog' in 0.0008 seconds. Added 0 classes and 0 folders.
[2017.10.19-23.46.18:671][  0]LogContentBrowser: Native class hierarchy updated for 'SceneOutliner' in 0.0008 seconds. Added 1 classes and 2 folders.
[2017.10.19-23.46.18:828][  0]LogSlate: Took 0.046295 seconds to synchronously load lazily loaded font '../../../Engine/Content/Slate/Fonts/Roboto-Regular.ttf' (155K)
[2017.10.19-23.46.18:907][  0]LogSlate: Took 0.075181 seconds to synchronously load lazily loaded font '../../../Engine/Content/Slate/Fonts/Roboto-Bold.ttf' (160K)
[2017.10.19-23.46.18:939][  0]LogSlate: Took 0.025079 seconds to synchronously load lazily loaded font '../../../Engine/Content/Editor/Slate/Fonts/FontAwesome.ttf' (139K)
[2017.10.19-23.46.19:169][  0]LogRenderer: Reallocating scene render targets to support 1036x576 Format 9 NumSamples 1 (Frame:1).
[2017.10.19-23.46.19:462][  0]LogContentBrowser: Native class hierarchy updated for 'HierarchicalLODOutliner' in 0.0009 seconds. Added 1 classes and 2 folders.
[2017.10.19-23.46.19:462][  0]LogLoad: (Engine Initialization) Total time: 85.88 seconds
[2017.10.19-23.46.19:462][  0]LogLoad: (Engine Initialization) Total Blueprint compile time: 0.00 seconds
[2017.10.19-23.46.19:463][  0]LogExternalProfiler: Found external profiler: VSPerf
[2017.10.19-23.46.19:463][  0]LogExternalProfiler: Using external profiler: VSPerf
[2017.10.19-23.46.19:826][  0]LogContentStreaming: Texture pool size now 800 MB
[2017.10.19-23.46.20:152][  1]LogAssetRegistry: Asset discovery search completed in 51.8240 seconds
[2017.10.19-23.46.20:155][  1]LogCollectionManager: Rebuilt the object cache for 0 collections in 0.000001 seconds (found 0 objects)
[2017.10.19-23.46.20:155][  1]LogCollectionManager: Fixed up redirectors for 0 collections in 0.000096 seconds (updated 0 objects)
[2017.10.19-23.46.24:171][ 13]LogSlate: Took 0.025682 seconds to synchronously load lazily loaded font '../../../Engine/Content/Slate/Fonts/Roboto-Light.ttf' (159K)
[2017.10.19-23.50.03:894][111]LogSlate: Took 0.000505 seconds to synchronously load lazily loaded font '../../../Engine/Content/Slate/Fonts/Roboto-Light.ttf' (159K)
[2017.10.19-23.50.04:114][111]LogContentBrowser: Native class hierarchy updated for 'TextureEditor' in 0.0014 seconds. Added 1 classes and 2 folders.
[2017.10.19-23.51.38:633][324]LogSlate: Took 0.016665 seconds to synchronously load lazily loaded font '../../../Engine/Content/Editor/Slate/Fonts/Roboto-BoldCondensed.ttf' (158K)
[2017.10.19-23.51.39:390][324]LogRenderer: Reallocating scene render targets to support 1348x920 Format 9 NumSamples 1 (Frame:1).
[2017.10.19-23.52.44:365][ 29]LogSlate: Warning: Prevented a slow task dialog from being summoned while a context menu was open
[2017.10.19-23.52.57:876][ 37]Cmd: TRANSACTION UNDO
[2017.10.19-23.52.57:876][ 37]LogEditorTransaction: Undo Edit R
[2017.10.19-23.52.57:956][ 37]LogSlate: Took 0.000258 seconds to synchronously load lazily loaded font '../../../Engine/Content/Slate/Fonts/Roboto-Light.ttf' (159K)
[2017.10.19-23.52.59:514][130]Cmd: TRANSACTION UNDO
[2017.10.19-23.52.59:514][130]LogEditorTransaction: Undo Edit Sprite Extract Mode
[2017.10.19-23.53.02:323][322]Cmd: TRANSACTION UNDO
[2017.10.19-23.53.02:324][322]LogEditorTransaction: Undo Edit Sprite Extract Mode
[2017.10.19-23.53.09:762][835]Cmd: TRANSACTION UNDO
[2017.10.19-23.53.09:762][835]LogEditorTransaction: Undo Edit R
[2017.10.19-23.53.39:384][210]Cmd: TRANSACTION UNDO
[2017.10.19-23.53.39:384][210]LogEditorTransaction: Undo Edit R
[2017.10.19-23.54.00:281][574]LogEditorViewport: Clicking on Actor (LMB): StaticMeshActor (Floor)
[2017.10.19-23.54.00:974][580]LogEditorViewport: Clicking Background
[2017.10.19-23.54.01:738][669]LogEditorViewport: Clicking Background
[2017.10.19-23.54.11:573][576]Cmd: QUIT_EDITOR
[2017.10.19-23.54.11:968][576]LogWindowsTextInputMethodSystem: Display: IME system now deactivated.
[2017.10.19-23.54.12:055][576]LogExit: Preparing to exit.
[2017.10.19-23.54.13:665][576]LogDirectoryWatcher: A directory notification for 'D:/MyDocuments/Unreal Projects/Mypaper2D/MyPaper2D/Content/' was aborted.
[2017.10.19-23.54.13:898][576]LogExit: Editor shut down
[2017.10.19-23.54.13:906][576]LogExit: Transaction tracking system shut down
[2017.10.19-23.54.14:259][576]LogDirectoryWatcher: A directory notification for '../../../Engine/Content/' was aborted.
[2017.10.19-23.54.14:259][576]LogDirectoryWatcher: A directory notification for '../../../../../MyDocuments/Unreal Projects/Mypaper2D/MyPaper2D/Content/' was aborted.
[2017.10.19-23.54.14:259][576]LogDirectoryWatcher: A directory notification for '../../../Engine/Plugins/2D/Paper2D/Content/' was aborted.
[2017.10.19-23.54.14:260][576]LogDirectoryWatcher: A directory notification for '../../../Engine/Plugins/Runtime/Oculus/OculusVR/Content/' was aborted.
[2017.10.19-23.54.14:261][576]LogDirectoryWatcher: A directory notification for '../../../Engine/Plugins/Runtime/Steam/SteamVR/Content/' was aborted.
[2017.10.19-23.54.16:124][576]LogExit: Object subsystem successfully closed.
[2017.10.19-23.54.16:322][576]LogD3D11RHI: Shutdown
[2017.10.19-23.54.16:329][576]LogD3D11RHI: CleanupD3DDevice
[2017.10.19-23.54.16:472][576]LogD3D11RHI: ~FD3D11DynamicRHI
[2017.10.19-23.54.17:545][576]LogModuleManager: Shutting down and abandoning module TextureEditor (532)
[2017.10.19-23.54.17:545][576]LogModuleManager: Shutting down and abandoning module HierarchicalLODOutliner (530)
[2017.10.19-23.54.17:545][576]LogModuleManager: Shutting down and abandoning module SceneOutliner (528)
[2017.10.19-23.54.17:557][576]LogModuleManager: Shutting down and abandoning module AddContentDialog (526)
[2017.10.19-23.54.17:564][576]LogDirectoryWatcher: A directory notification for 'D:/Epic Games/UE_4.17/FeaturePacks/' was aborted.
[2017.10.19-23.54.17:573][576]LogModuleManager: Shutting down and abandoning module WidgetCarousel (525)
[2017.10.19-23.54.17:573][576]LogModuleManager: Shutting down and abandoning module EditorWidgets (522)
[2017.10.19-23.54.17:573][576]LogModuleManager: Shutting down and abandoning module CollectionManager (520)
[2017.10.19-23.54.17:573][576]LogDirectoryWatcher: A directory notification for 'D:/MyDocuments/Unreal Projects/Mypaper2D/MyPaper2D/Content/Collections/' was aborted.
[2017.10.19-23.54.17:573][576]LogDirectoryWatcher: A directory notification for 'D:/MyDocuments/Unreal Projects/Mypaper2D/MyPaper2D/Content/Developers/YuriMeitzen/Collections/' was aborted.
[2017.10.19-23.54.17:573][576]LogDirectoryWatcher: A directory notification for 'D:/MyDocuments/Unreal Projects/Mypaper2D/MyPaper2D/Saved/Collections/' was aborted.
[2017.10.19-23.54.17:573][576]LogModuleManager: Shutting down and abandoning module StatsViewer (518)
[2017.10.19-23.54.17:588][576]LogModuleManager: Shutting down and abandoning module FoliageEdit (516)
[2017.10.19-23.54.17:588][576]LogModuleManager: Shutting down and abandoning module LandscapeEditor (514)
[2017.10.19-23.54.17:599][576]LogModuleManager: Shutting down and abandoning module MeshPaintMode (512)
[2017.10.19-23.54.17:600][576]LogModuleManager: Shutting down and abandoning module SceneDepthPickerMode (510)
[2017.10.19-23.54.17:600][576]LogModuleManager: Shutting down and abandoning module ActorPickerMode (508)
[2017.10.19-23.54.17:600][576]LogModuleManager: Shutting down and abandoning module GeometryMode (506)
[2017.10.19-23.54.17:600][576]LogModuleManager: Shutting down and abandoning module TextureAlignMode (504)
[2017.10.19-23.54.17:600][576]LogModuleManager: Shutting down and abandoning module BspMode (502)
[2017.10.19-23.54.17:611][576]LogModuleManager: Shutting down and abandoning module PIEPreviewDeviceProfileSelector (500)
[2017.10.19-23.54.17:611][576]LogModuleManager: Shutting down and abandoning module HardwareSurvey (498)
[2017.10.19-23.54.17:611][576]LogModuleManager: Shutting down and abandoning module SequenceRecorderSections (496)
[2017.10.19-23.54.17:611][576]LogModuleManager: Shutting down and abandoning module AutomationWorker (494)
[2017.10.19-23.54.17:624][576]LogModuleManager: Shutting down and abandoning module MatineeToLevelSequence (492)
[2017.10.19-23.54.17:634][576]LogModuleManager: Shutting down and abandoning module LevelSequenceEditor (490)
[2017.10.19-23.54.17:662][576]LogModuleManager: Shutting down and abandoning module PlacementMode (489)
[2017.10.19-23.54.17:662][576]LogModuleManager: Shutting down and abandoning module WmfMediaFactory (486)
[2017.10.19-23.54.17:662][576]LogModuleManager: Shutting down and abandoning module WmfMediaEditor (484)
[2017.10.19-23.54.17:662][576]LogModuleManager: Shutting down and abandoning module AvfMediaFactory (482)
[2017.10.19-23.54.17:662][576]LogModuleManager: Shutting down and abandoning module AvfMediaEditor (480)
[2017.10.19-23.54.17:662][576]LogModuleManager: Shutting down and abandoning module AndroidMediaFactory (478)
[2017.10.19-23.54.17:663][576]LogModuleManager: Shutting down and abandoning module Media (477)
[2017.10.19-23.54.17:663][576]LogModuleManager: Shutting down and abandoning module AndroidMediaEditor (474)
[2017.10.19-23.54.17:663][576]LogModuleManager: Shutting down and abandoning module CharacterAI (472)
[2017.10.19-23.54.17:663][576]LogModuleManager: Shutting down and abandoning module AudioCapture (470)
[2017.10.19-23.54.17:663][576]LogModuleManager: Shutting down and abandoning module SequenceRecorder (469)
[2017.10.19-23.54.17:671][576]LogModuleManager: Shutting down and abandoning module SmartSnapping (466)
[2017.10.19-23.54.17:671][576]LogModuleManager: Shutting down and abandoning module SessionServices (464)
[2017.10.19-23.54.17:671][576]LogModuleManager: Shutting down and abandoning module ViewportSnapping (462)
[2017.10.19-23.54.17:671][576]LogModuleManager: Shutting down and abandoning module ViewportInteraction (460)
[2017.10.19-23.54.17:671][576]LogModuleManager: Shutting down and abandoning module ClothPainter (458)
[2017.10.19-23.54.17:692][576]LogModuleManager: Shutting down and abandoning module LogVisualizer (456)
[2017.10.19-23.54.17:714][576]LogModuleManager: Shutting down and abandoning module IntroTutorials (454)
[2017.10.19-23.54.17:745][576]LogModuleManager: Shutting down and abandoning module GameProjectGeneration (453)
[2017.10.19-23.54.17:754][576]LogModuleManager: Shutting down and abandoning module IOSPlatformEditor (450)
[2017.10.19-23.54.17:754][576]LogModuleManager: Shutting down and abandoning module HTML5PlatformEditor (448)
[2017.10.19-23.54.17:754][576]LogModuleManager: Shutting down and abandoning module AndroidPlatformEditor (446)
[2017.10.19-23.54.17:754][576]LogModuleManager: Shutting down and abandoning module AndroidDeviceDetection (445)
[2017.10.19-23.54.18:051][576]LogModuleManager: Shutting down and abandoning module WindowsPlatformEditor (442)
[2017.10.19-23.54.18:051][576]LogModuleManager: Shutting down and abandoning module IOSRuntimeSettings (440)
[2017.10.19-23.54.18:051][576]LogModuleManager: Shutting down and abandoning module AndroidRuntimeSettings (438)
[2017.10.19-23.54.18:051][576]LogModuleManager: Shutting down and abandoning module InputBindingEditor (436)
[2017.10.19-23.54.18:070][576]LogModuleManager: Shutting down and abandoning module MergeActors (434)
[2017.10.19-23.54.18:089][576]LogModuleManager: Shutting down and abandoning module SizeMap (432)
[2017.10.19-23.54.18:089][576]LogModuleManager: Shutting down and abandoning module TreeMap (430)
[2017.10.19-23.54.18:108][576]LogModuleManager: Shutting down and abandoning module ReferenceViewer (428)
[2017.10.19-23.54.18:108][576]LogModuleManager: Shutting down and abandoning module LocalizationDashboard (426)
[2017.10.19-23.54.18:118][576]LogModuleManager: Shutting down and abandoning module LocalizationService (425)
[2017.10.19-23.54.18:132][576]LogModuleManager: Shutting down and abandoning module HardwareTargeting (422)
[2017.10.19-23.54.18:132][576]LogModuleManager: Shutting down and abandoning module DeviceProfileEditor (420)
[2017.10.19-23.54.18:137][576]LogModuleManager: Shutting down and abandoning module UndoHistory (418)
[2017.10.19-23.54.18:137][576]LogModuleManager: Shutting down and abandoning module XmlParser (416)
[2017.10.19-23.54.18:137][576]LogModuleManager: Shutting down and abandoning module Blutility (414)
[2017.10.19-23.54.18:137][576]LogModuleManager: Shutting down and abandoning module ProjectSettingsViewer (412)
[2017.10.19-23.54.18:137][576]LogModuleManager: Shutting down and abandoning module ProjectTargetPlatformEditor (411)
[2017.10.19-23.54.18:137][576]LogModuleManager: Shutting down and abandoning module EditorSettingsViewer (408)
[2017.10.19-23.54.18:137][576]LogModuleManager: Shutting down and abandoning module SettingsEditor (406)
[2017.10.19-23.54.18:155][576]LogModuleManager: Shutting down and abandoning module ProjectLauncher (404)
[2017.10.19-23.54.18:167][576]LogModuleManager: Shutting down and abandoning module SessionFrontend (402)
[2017.10.19-23.54.18:178][576]LogModuleManager: Shutting down and abandoning module ProfilerClient (400)
[2017.10.19-23.54.18:191][576]LogModuleManager: Shutting down and abandoning module DeviceManager (398)
[2017.10.19-23.54.18:206][576]LogModuleManager: Shutting down and abandoning module TargetDeviceServices (397)
[2017.10.19-23.54.18:275][576]LogModuleManager: Shutting down and abandoning module AutomationController (394)
[2017.10.19-23.54.18:355][576]LogModuleManager: Shutting down and abandoning module AutomationWindow (392)
[2017.10.19-23.54.18:459][576]LogModuleManager: Shutting down and abandoning module Layers (390)
[2017.10.19-23.54.18:549][576]LogModuleManager: Shutting down and abandoning module ComponentVisualizers (388)
[2017.10.19-23.54.18:549][576]LogModuleManager: Shutting down and abandoning module DetailCustomizations (386)
[2017.10.19-23.54.18:549][576]LogModuleManager: Shutting down and abandoning module PackagesDialog (384)
[2017.10.19-23.54.18:550][576]LogModuleManager: Shutting down and abandoning module Persona (382)
[2017.10.19-23.54.18:627][576]LogModuleManager: Shutting down and abandoning module AdvancedPreviewScene (381)
[2017.10.19-23.54.18:627][576]LogModuleManager: Shutting down and abandoning module AnimGraph (379)
[2017.10.19-23.54.18:653][576]LogModuleManager: Shutting down and abandoning module Kismet (376)
[2017.10.19-23.54.18:672][576]LogModuleManager: Shutting down and abandoning module ClassViewer (374)
[2017.10.19-23.54.18:672][576]LogModuleManager: Shutting down and abandoning module Toolbox (372)
[2017.10.19-23.54.18:672][576]LogModuleManager: Shutting down and abandoning module ModuleUI (370)
[2017.10.19-23.54.18:687][576]LogModuleManager: Shutting down and abandoning module MovieSceneTools (368)
[2017.10.19-23.54.18:719][576]LogModuleManager: Shutting down and abandoning module OutputLog (366)
[2017.10.19-23.54.18:719][576]LogModuleManager: Shutting down and abandoning module GammaUI (364)
[2017.10.19-23.54.18:733][576]LogModuleManager: Shutting down and abandoning module Documentation (362)
[2017.10.19-23.54.18:733][576]LogModuleManager: Shutting down and abandoning module MovieSceneTracks (360)
[2017.10.19-23.54.18:733][576]LogModuleManager: Shutting down and abandoning module MovieScene (358)
[2017.10.19-23.54.18:733][576]LogModuleManager: Shutting down and abandoning module Niagara (356)
[2017.10.19-23.54.18:733][576]LogModuleManager: Shutting down and abandoning module NiagaraEditor (355)
[2017.10.19-23.54.18:766][576]LogModuleManager: Shutting down and abandoning module StreamingPauseRendering (352)
[2017.10.19-23.54.18:766][576]LogModuleManager: Shutting down and abandoning module LauncherPlatform (350)
[2017.10.19-23.54.18:766][576]LogModuleManager: Shutting down and abandoning module AnalyticsET (348)
[2017.10.19-23.54.18:766][576]LogModuleManager: Shutting down and abandoning module PortalServices (346)
[2017.10.19-23.54.18:766][576]LogModuleManager: Shutting down and abandoning module PortalRpc (344)
[2017.10.19-23.54.18:766][576]LogModuleManager: Shutting down and abandoning module MessagingRpc (342)
[2017.10.19-23.54.18:766][576]LogModuleManager: Shutting down and abandoning module AIModule (340)
[2017.10.19-23.54.18:779][576]LogModuleManager: Shutting down and abandoning module GameplayDebugger (339)
[2017.10.19-23.54.18:811][576]LogModuleManager: Shutting down and abandoning module AITestSuite (337)
[2017.10.19-23.54.18:821][576]LogModuleManager: Shutting down and abandoning module ProfilerService (334)
[2017.10.19-23.54.18:854][576]LogModuleManager: Shutting down and abandoning module TaskGraph (332)
[2017.10.19-23.54.18:884][576]LogModuleManager: Shutting down and abandoning module SteamVRController (330)
[2017.10.19-23.54.18:884][576]LogModuleManager: Shutting down and abandoning module ProceduralMeshComponentEditor (328)
[2017.10.19-23.54.18:884][576]LogModuleManager: Shutting down and abandoning module ProceduralMeshComponent (326)
[2017.10.19-23.54.18:884][576]LogModuleManager: Shutting down and abandoning module OculusInput (324)
[2017.10.19-23.54.18:884][576]LogModuleManager: Shutting down and abandoning module MobilePatchingUtils (322)
[2017.10.19-23.54.18:884][576]LogModuleManager: Shutting down and abandoning module CustomMeshComponent (320)
[2017.10.19-23.54.18:884][576]LogModuleManager: Shutting down and abandoning module CableComponent (318)
[2017.10.19-23.54.18:884][576]LogModuleManager: Shutting down and abandoning module ArchVisCharacter (316)
[2017.10.19-23.54.18:884][576]LogModuleManager: Shutting down and abandoning module AndroidPermission (314)
[2017.10.19-23.54.18:884][576]LogModuleManager: Shutting down and abandoning module MediaPlayerEditor (310)
[2017.10.19-23.54.18:901][576]LogModuleManager: Shutting down and abandoning module HTML5Networking (308)
[2017.10.19-23.54.18:901][576]LogModuleManager: Shutting down and abandoning module AlembicImporter (306)
[2017.10.19-23.54.18:912][576]LogModuleManager: Shutting down and abandoning module AlembicLibrary (305)
[2017.10.19-23.54.18:912][576]LogModuleManager: Shutting down and abandoning module GeometryCache (304)
[2017.10.19-23.54.18:912][576]LogModuleManager: Shutting down and abandoning module GeometryCacheEd (303)
[2017.10.19-23.54.18:912][576]LogModuleManager: Shutting down and abandoning module SpeedTreeImporter (298)
[2017.10.19-23.54.18:912][576]LogModuleManager: Shutting down and abandoning module PluginBrowser (296)
[2017.10.19-23.54.18:944][576]LogModuleManager: Shutting down and abandoning module MobileLauncherProfileWizard (294)
[2017.10.19-23.54.18:965][576]LogModuleManager: Shutting down and abandoning module VisualStudioSourceCodeAccess (292)
[2017.10.19-23.54.18:965][576]LogModuleManager: Shutting down and abandoning module DesktopPlatform (291)
[2017.10.19-23.54.18:976][576]LogModuleManager: Shutting down and abandoning module UObjectPlugin (288)
[2017.10.19-23.54.18:976][576]LogModuleManager: Shutting down and abandoning module SubversionSourceControl (286)
[2017.10.19-23.54.18:992][576]LogModuleManager: Shutting down and abandoning module PerforceSourceControl (284)
[2017.10.19-23.54.19:010][576]LogModuleManager: Shutting down and abandoning module GitSourceControl (282)
[2017.10.19-23.54.19:025][576]LogModuleManager: Shutting down and abandoning module SourceControl (281)
[2017.10.19-23.54.19:034][576]LogModuleManager: Shutting down and abandoning module LightPropagationVolumeEditor (278)
[2017.10.19-23.54.19:034][576]LogModuleManager: Shutting down and abandoning module PaperTiledImporter (276)
[2017.10.19-23.54.19:034][576]LogModuleManager: Shutting down and abandoning module PaperSpriteSheetImporter (274)
[2017.10.19-23.54.19:034][576]LogModuleManager: Shutting down and abandoning module Paper2DEditor (272)
[2017.10.19-23.54.19:034][576]LogModuleManager: Shutting down and abandoning module MeshPaint (271)
[2017.10.19-23.54.19:040][576]LogModuleManager: Shutting down and abandoning module LevelEditor (269)
[2017.10.19-23.54.19:054][576]LogModuleManager: Shutting down and abandoning module PixelInspectorModule (268)
[2017.10.19-23.54.19:068][576]LogModuleManager: Shutting down and abandoning module MainFrame (266)
[2017.10.19-23.54.19:069][576]LogModuleManager: Shutting down and abandoning module HotReload (265)
[2017.10.19-23.54.19:076][576]LogModuleManager: Shutting down and abandoning module RuntimePhysXCooking (260)
[2017.10.19-23.54.19:076][576]LogModuleManager: Shutting down and abandoning module PhysXVehiclesEditor (258)
[2017.10.19-23.54.19:076][576]LogModuleManager: Shutting down and abandoning module PhysXVehicles (256)
[2017.10.19-23.54.19:076][576]LogModuleManager: Shutting down and abandoning module OculusEditor (254)
[2017.10.19-23.54.19:076][576]LogModuleManager: Shutting down and abandoning module LocationServicesBPLibrary (252)
[2017.10.19-23.54.19:076][576]LogModuleManager: Shutting down and abandoning module ImmediatePhysicsEditor (250)
[2017.10.19-23.54.19:076][576]LogModuleManager: Shutting down and abandoning module ImmediatePhysics (248)
[2017.10.19-23.54.19:096][576]LogModuleManager: Shutting down and abandoning module UdpMessaging (246)
[2017.10.19-23.54.19:197][576]LogModuleManager: Shutting down and abandoning module TcpMessaging (244)
[2017.10.19-23.54.19:309][576]LogModuleManager: Shutting down and abandoning module GameplayTagsEditor (242)
[2017.10.19-23.54.19:327][576]LogModuleManager: Shutting down and abandoning module FacialAnimationEditor (240)
[2017.10.19-23.54.19:327][576]LogModuleManager: Shutting down and abandoning module FacialAnimation (238)
[2017.10.19-23.54.19:327][576]LogModuleManager: Shutting down and abandoning module AssetManagerEditor (236)
[2017.10.19-23.54.19:346][576]LogModuleManager: Shutting down and abandoning module GraphEditor (235)
[2017.10.19-23.54.19:390][576]LogModuleManager: Shutting down and abandoning module ContentBrowser (233)
[2017.10.19-23.54.19:391][576]LogModuleManager: Shutting down and abandoning module LightPropagationVolumeRuntime (230)
[2017.10.19-23.54.19:391][576]LogModuleManager: Shutting down and abandoning module Paper2D (228)
[2017.10.19-23.54.19:399][576]LogModuleManager: Shutting down and abandoning module WindowsMoviePlayer (226)
[2017.10.19-23.54.19:399][576]LogModuleManager: Shutting down and abandoning module WmfMedia (224)
[2017.10.19-23.54.19:399][576]LogModuleManager: Shutting down and abandoning module PacketHandler (222)
[2017.10.19-23.54.19:399][576]LogModuleManager: Shutting down and abandoning module ClothingSystemEditor (220)
[2017.10.19-23.54.19:399][576]LogModuleManager: Shutting down and abandoning module ClothingSystemRuntime (218)
[2017.10.19-23.54.19:424][576]LogModuleManager: Shutting down and abandoning module Overlay (216)
[2017.10.19-23.54.19:424][576]LogModuleManager: Shutting down and abandoning module OverlayEditor (215)
[2017.10.19-23.54.19:424][576]LogModuleManager: Shutting down and abandoning module MediaAssets (212)
[2017.10.19-23.54.19:424][576]LogModuleManager: Shutting down and abandoning module VREditor (210)
[2017.10.19-23.54.19:446][576]LogModuleManager: Shutting down and abandoning module StringTableEditor (208)
[2017.10.19-23.54.19:459][576]LogModuleManager: Shutting down and abandoning module GameplayTasksEditor (206)
[2017.10.19-23.54.19:459][576]LogModuleManager: Shutting down and abandoning module BehaviorTreeEditor (204)
[2017.10.19-23.54.19:485][576]LogModuleManager: Shutting down and abandoning module FunctionalTesting (202)
[2017.10.19-23.54.19:485][576]LogModuleManager: Shutting down and abandoning module CollisionAnalyzer (200)
[2017.10.19-23.54.19:496][576]LogModuleManager: Shutting down and abandoning module WorkspaceMenuStructure (199)
[2017.10.19-23.54.19:496][576]LogModuleManager: Shutting down and abandoning module UMG (196)
[2017.10.19-23.54.19:511][576]LogModuleManager: Shutting down and abandoning module UMGEditor (195)
[2017.10.19-23.54.19:545][576]LogModuleManager: Shutting down and abandoning module Sequencer (194)
[2017.10.19-23.54.19:561][576]LogModuleManager: Shutting down and abandoning module MessageLog (191)
[2017.10.19-23.54.19:562][576]LogModuleManager: Shutting down and abandoning module SlateReflector (186)
[2017.10.19-23.54.19:594][576]LogModuleManager: Shutting down and abandoning module Slate (184)
[2017.10.19-23.54.19:594][576]LogModuleManager: Shutting down and abandoning module EditorStyle (182)
[2017.10.19-23.54.19:596][576]LogModuleManager: Shutting down and abandoning module MRMesh (180)
[2017.10.19-23.54.19:596][576]LogModuleManager: Shutting down and abandoning module SourceCodeAccess (178)
[2017.10.19-23.54.19:596][576]LogModuleManager: Shutting down and abandoning module HeadMountedDisplay (176)
[2017.10.19-23.54.19:596][576]LogModuleManager: Shutting down and abandoning module XAudio2 (174)
[2017.10.19-23.54.19:596][576]LogModuleManager: Shutting down and abandoning module Networking (172)
[2017.10.19-23.54.19:596][576]LogModuleManager: Shutting down and abandoning module Core (168)
[2017.10.19-23.54.19:596][576]LogModuleManager: Shutting down and abandoning module KismetCompiler (164)
[2017.10.19-23.54.19:596][576]LogModuleManager: Shutting down and abandoning module LevelSequence (162)
[2017.10.19-23.54.19:596][576]LogModuleManager: Shutting down and abandoning module MeshUtilities (160)
[2017.10.19-23.54.19:616][576]LogModuleManager: Shutting down and abandoning module MeshMergeUtilities (159)
[2017.10.19-23.54.19:625][576]LogModuleManager: Shutting down and abandoning module MeshReductionInterface (158)
[2017.10.19-23.54.19:625][576]LogModuleManager: Shutting down and abandoning module SimplygonSwarm (157)
[2017.10.19-23.54.19:640][576]LogModuleManager: Shutting down and abandoning module SimplygonMeshReduction (155)
[2017.10.19-23.54.19:640][576]LogModuleManager: Shutting down and abandoning module QuadricMeshReduction (153)
[2017.10.19-23.54.19:649][576]LogModuleManager: Shutting down and abandoning module MaterialBaking (149)
[2017.10.19-23.54.19:660][576]LogModuleManager: Shutting down and abandoning module DirectoryWatcher (146)
[2017.10.19-23.54.19:664][576]LogModuleManager: Shutting down and abandoning module DerivedDataCache (144)
[2017.10.19-23.54.19:680][576]LogDerivedDataCache: Shutdown
[2017.10.19-23.54.19:692][576]LogModuleManager: Shutting down and abandoning module TargetPlatform (142)
[2017.10.19-23.54.19:692][576]LogModuleManager: Shutting down and abandoning module VulkanShaderFormat (141)
[2017.10.19-23.54.19:708][576]LogModuleManager: Shutting down and abandoning module ShaderFormatVectorVM (139)
[2017.10.19-23.54.19:717][576]LogModuleManager: Shutting down and abandoning module ShaderFormatOpenGL (137)
[2017.10.19-23.54.19:730][576]LogModuleManager: Shutting down and abandoning module ShaderFormatD3D (135)
[2017.10.19-23.54.19:730][576]LogModuleManager: Shutting down and abandoning module MetalShaderFormat (133)
[2017.10.19-23.54.19:747][576]LogModuleManager: Shutting down and abandoning module TextureFormatUncompressed (131)
[2017.10.19-23.54.19:747][576]LogModuleManager: Shutting down and abandoning module TextureFormatPVR (129)
[2017.10.19-23.54.19:747][576]LogModuleManager: Shutting down and abandoning module TextureFormatDXT (127)
[2017.10.19-23.54.19:747][576]LogModuleManager: Shutting down and abandoning module TextureFormatIntelISPCTexComp (125)
[2017.10.19-23.54.19:747][576]LogModuleManager: Shutting down and abandoning module TextureFormatASTC (123)
[2017.10.19-23.54.19:747][576]LogModuleManager: Shutting down and abandoning module ImageWrapper (122)
[2017.10.19-23.54.19:747][576]LogModuleManager: Shutting down and abandoning module TextureFormatAndroid (119)
[2017.10.19-23.54.19:747][576]LogModuleManager: Shutting down and abandoning module AudioFormatOpus (117)
[2017.10.19-23.54.19:747][576]LogModuleManager: Shutting down and abandoning module AudioFormatOgg (115)
[2017.10.19-23.54.19:747][576]LogModuleManager: Shutting down and abandoning module AudioFormatADPCM (113)
[2017.10.19-23.54.19:747][576]LogModuleManager: Shutting down and abandoning module LinuxTargetPlatform (111)
[2017.10.19-23.54.19:747][576]LogModuleManager: Shutting down and abandoning module LinuxServerTargetPlatform (109)
[2017.10.19-23.54.19:747][576]LogModuleManager: Shutting down and abandoning module LinuxNoEditorTargetPlatform (107)
[2017.10.19-23.54.19:748][576]LogModuleManager: Shutting down and abandoning module LinuxClientTargetPlatform (105)
[2017.10.19-23.54.19:748][576]LogModuleManager: Shutting down and abandoning module TVOSTargetPlatform (103)
[2017.10.19-23.54.19:748][576]LogModuleManager: Shutting down and abandoning module Messaging (101)
[2017.10.19-23.54.19:748][576]LogModuleManager: Shutting down and abandoning module IOSTargetPlatform (99)
[2017.10.19-23.54.19:748][576]LogModuleManager: Shutting down and abandoning module HTML5TargetPlatform (97)
[2017.10.19-23.54.19:748][576]LogModuleManager: Shutting down and abandoning module Android_PVRTCTargetPlatform (95)
[2017.10.19-23.54.19:748][576]LogModuleManager: Shutting down and abandoning module Android_MultiTargetPlatform (93)
[2017.10.19-23.54.19:748][576]LogModuleManager: Shutting down and abandoning module Android_ETC2TargetPlatform (91)
[2017.10.19-23.54.19:748][576]LogModuleManager: Shutting down and abandoning module Android_ETC1TargetPlatform (89)
[2017.10.19-23.54.19:748][576]LogModuleManager: Shutting down and abandoning module Android_DXTTargetPlatform (87)
[2017.10.19-23.54.19:748][576]LogModuleManager: Shutting down and abandoning module Android_ATCTargetPlatform (85)
[2017.10.19-23.54.19:748][576]LogModuleManager: Shutting down and abandoning module Android_ASTCTargetPlatform (83)
[2017.10.19-23.54.19:748][576]LogModuleManager: Shutting down and abandoning module AndroidTargetPlatform (81)
[2017.10.19-23.54.19:748][576]LogModuleManager: Shutting down and abandoning module WindowsTargetPlatform (79)
[2017.10.19-23.54.19:748][576]LogModuleManager: Shutting down and abandoning module WindowsServerTargetPlatform (77)
[2017.10.19-23.54.19:748][576]LogModuleManager: Shutting down and abandoning module WindowsNoEditorTargetPlatform (75)
[2017.10.19-23.54.19:748][576]LogModuleManager: Shutting down and abandoning module WindowsClientTargetPlatform (73)
[2017.10.19-23.54.19:748][576]LogModuleManager: Shutting down and abandoning module MacTargetPlatform (71)
[2017.10.19-23.54.19:748][576]LogModuleManager: Shutting down and abandoning module MacServerTargetPlatform (69)
[2017.10.19-23.54.19:748][576]LogModuleManager: Shutting down and abandoning module MacNoEditorTargetPlatform (67)
[2017.10.19-23.54.19:748][576]LogModuleManager: Shutting down and abandoning module MacClientTargetPlatform (65)
[2017.10.19-23.54.19:748][576]LogModuleManager: Shutting down and abandoning module AllDesktopTargetPlatform (63)
[2017.10.19-23.54.19:748][576]LogModuleManager: Shutting down and abandoning module InputCore (60)
[2017.10.19-23.54.19:748][576]LogModuleManager: Shutting down and abandoning module Settings (58)
[2017.10.19-23.54.19:748][576]LogModuleManager: Shutting down and abandoning module PhysXCooking (56)
[2017.10.19-23.54.19:748][576]LogModuleManager: Shutting down and abandoning module SteamVR (54)
[2017.10.19-23.54.19:748][576]LogModuleManager: Shutting down and abandoning module OculusHMD (52)
[2017.10.19-23.54.19:759][576]LogModuleManager: Shutting down and abandoning module ExampleDeviceProfileSelector (50)
[2017.10.19-23.54.19:759][576]LogModuleManager: Shutting down and abandoning module OnlineBlueprintSupport (48)
[2017.10.19-23.54.19:759][576]LogModuleManager: Shutting down and abandoning module OnlineSubsystem (44)
[2017.10.19-23.54.19:759][576]LogOnline: Display: Unloading online subsystem: NULL
[2017.10.19-23.54.19:782][576]LogModuleManager: Shutting down and abandoning module XMPP (43)
[2017.10.19-23.54.19:801][576]LogModuleManager: Shutting down and abandoning module HTTP (41)
[2017.10.19-23.54.19:801][576]LogHttp: Display: Http module shutting down, but needs to wait on 1 outstanding Http requests:
[2017.10.19-23.54.19:815][576]LogHttp: Display: 	verb=[POST] url=[https://datarouter.ol.epicgames.com/datarouter/api/v1/public/data?SessionID=%7B66031B2F-432C-C20E-702A-2A9EFD67D3BA%7D&AppID=UEEditor.Rocket.Release&AppVersion=4.17.1-3586342%2B%2B%2BUE4%2BRelease-4.17&UserID=4d336c304cb600f3833bee9ec6324b6b%7C97e6c6ec20b34e1681bb9ded12457367%7Cea9e9fd9-3d7e-4d9a-8813-872780a612b3&AppEnvironment=datacollector-binary&UploadType=eteventstream] status=Processing
[2017.10.19-23.54.19:834][576]LogModuleManager: Shutting down and abandoning module SSL (40)
[2017.10.19-23.54.19:845][576]LogModuleManager: Shutting down and abandoning module AnimationModifiers (36)
[2017.10.19-23.54.19:858][576]LogModuleManager: Shutting down and abandoning module PropertyEditor (35)
[2017.10.19-23.54.19:858][576]LogModuleManager: Shutting down and abandoning module AudioEditor (32)
[2017.10.19-23.54.19:883][576]LogModuleManager: Shutting down and abandoning module TextureCompressor (30)
[2017.10.19-23.54.19:883][576]LogModuleManager: Shutting down and abandoning module ShaderCore (28)
[2017.10.19-23.54.19:883][576]LogModuleManager: Shutting down and abandoning module Landscape (26)
[2017.10.19-23.54.19:883][576]LogModuleManager: Shutting down and abandoning module SlateRHIRenderer (24)
[2017.10.19-23.54.19:906][576]LogModuleManager: Shutting down and abandoning module OpenGLDrv (22)
[2017.10.19-23.54.19:915][576]LogModuleManager: Shutting down and abandoning module D3D11RHI (20)
[2017.10.19-23.54.19:916][576]LogModuleManager: Shutting down and abandoning module AnimGraphRuntime (18)
[2017.10.19-23.54.19:927][576]LogModuleManager: Shutting down and abandoning module Renderer (16)
[2017.10.19-23.54.19:928][576]LogModuleManager: Shutting down and abandoning module Engine (14)
[2017.10.19-23.54.19:928][576]LogModuleManager: Shutting down and abandoning module CoreUObject (12)
[2017.10.19-23.54.19:928][576]LogModuleManager: Shutting down and abandoning module NetworkFile (10)
[2017.10.19-23.54.19:928][576]LogModuleManager: Shutting down and abandoning module CookedIterativeFile (8)
[2017.10.19-23.54.19:928][576]LogModuleManager: Shutting down and abandoning module StreamingFile (6)
[2017.10.19-23.54.19:928][576]LogModuleManager: Shutting down and abandoning module SandboxFile (4)
[2017.10.19-23.54.19:928][576]LogModuleManager: Shutting down and abandoning module PakFile (2)
[2017.10.19-23.54.19:951][576]LogExit: Exiting.
[2017.10.19-23.54.19:967][576]Log file closed, 10/19/17 21:54:19
