Log file open, 10/27/17 00:55:32
LogWindows: Failed to load 'aqProf.dll' (GetLastError=126)
LogWindows: File 'aqProf.dll' does not exist
LogWindows: Failed to load 'VtuneApi.dll' (GetLastError=126)
LogWindows: File 'VtuneApi.dll' does not exist
LogWindows: Failed to load 'VtuneApi32e.dll' (GetLastError=126)
LogWindows: File 'VtuneApi32e.dll' does not exist
LogInit: Display: Running engine for game: MyPaper2D
LogPlatformFile: Not using cached read wrapper
LogInit: Display: RandInit(-620399993) SRandInit(-620399993).
LogTaskGraph: Started task graph with 5 named threads and 14 total threads with 3 sets of task threads.
LogStats: Stats thread started at 0.171831
LogD3D11RHI: Aftermath initialized
LogPluginManager: Mounting plugin Paper2D
LogPluginManager: Mounting plugin LightPropagationVolume
LogPluginManager: Mounting plugin CodeLiteSourceCodeAccess
LogPluginManager: Mounting plugin GitSourceControl
LogPluginManager: Mounting plugin KDevelopSourceCodeAccess
LogPluginManager: Mounting plugin NullSourceCodeAccess
LogPluginManager: Mounting plugin PerforceSourceControl
LogPluginManager: Mounting plugin SubversionSourceControl
LogPluginManager: Mounting plugin UObjectPlugin
LogPluginManager: Mounting plugin VisualStudioSourceCodeAccess
LogPluginManager: Mounting plugin XCodeSourceCodeAccess
LogPluginManager: Mounting plugin AssetManagerEditor
LogPluginManager: Mounting plugin AudioCapture
LogPluginManager: Mounting plugin FacialAnimation
LogPluginManager: Mounting plugin GameplayTagsEditor
LogPluginManager: Mounting plugin MobileLauncherProfileWizard
LogPluginManager: Mounting plugin PluginBrowser
LogPluginManager: Mounting plugin SpeedTreeImporter
LogPluginManager: Mounting plugin AlembicImporter
LogPluginManager: Mounting plugin CharacterAI
LogPluginManager: Mounting plugin HTML5Networking
LogPluginManager: Mounting plugin AndroidMedia
LogPluginManager: Mounting plugin AvfMedia
LogPluginManager: Mounting plugin MediaPlayerEditor
LogPluginManager: Mounting plugin WmfMedia
LogPluginManager: Mounting plugin TcpMessaging
LogPluginManager: Mounting plugin UdpMessaging
LogPluginManager: Mounting plugin LevelSequenceEditor
LogPluginManager: Mounting plugin MatineeToLevelSequence
LogPluginManager: Mounting plugin OnlineSubsystemGooglePlay
LogPluginManager: Mounting plugin OnlineSubsystemIOS
LogPluginManager: Mounting plugin OnlineSubsystem
LogPluginManager: Mounting plugin OnlineSubsystemNull
LogPluginManager: Mounting plugin OnlineSubsystemUtils
LogPluginManager: Mounting plugin AndroidDeviceProfileSelector
LogPluginManager: Mounting plugin AndroidMoviePlayer
LogPluginManager: Mounting plugin AndroidPermission
LogPluginManager: Mounting plugin AppleMoviePlayer
LogPluginManager: Mounting plugin ArchVisCharacter
LogPluginManager: Mounting plugin CableComponent
LogPluginManager: Mounting plugin CustomMeshComponent
LogPluginManager: Mounting plugin ExampleDeviceProfileSelector
LogPluginManager: Mounting plugin GoogleCloudMessaging
LogPluginManager: Mounting plugin ImmediatePhysics
LogPluginManager: Mounting plugin IOSDeviceProfileSelector
LogPluginManager: Mounting plugin LinuxDeviceProfileSelector
LogPluginManager: Mounting plugin LocationServicesBPLibrary
LogPluginManager: Mounting plugin MobilePatchingUtils
LogPluginManager: Mounting plugin OculusVR
LogPluginManager: Mounting plugin PhysXVehicles
LogPluginManager: Mounting plugin ProceduralMeshComponent
LogPluginManager: Mounting plugin RuntimePhysXCooking
LogPluginManager: Mounting plugin SteamVR
LogPluginManager: Mounting plugin WindowsMoviePlayer
LogInit: Using libcurl 7.47.1
LogInit:  - built for x86_64-pc-win32
LogInit:  - supports SSL with OpenSSL/1.0.2g
LogInit:  - supports HTTP deflate (compression) using libz 1.2.8
LogInit:  - other features:
LogInit:      CURL_VERSION_SSL
LogInit:      CURL_VERSION_LIBZ
LogInit:      CURL_VERSION_IPV6
LogInit:      CURL_VERSION_ASYNCHDNS
LogInit:      CURL_VERSION_LARGEFILE
LogInit:      CURL_VERSION_IDN
LogInit:  CurlRequestOptions (configurable via config and command line):
LogInit:  - bVerifyPeer = false  - Libcurl will NOT verify peer certificate
LogInit:  - bUseHttpProxy = false  - Libcurl will NOT use HTTP proxy
LogInit:  - bDontReuseConnections = false  - Libcurl will reuse connections
LogInit:  - CertBundlePath = nullptr  - Libcurl will use whatever was configured at build time.
LogInit: Build: ++UE4+Release-4.17-CL-3658906
LogInit: Engine Version: 4.17.2-3658906+++UE4+Release-4.17
LogInit: Compatible Engine Version: 4.17.0-3573198+++UE4+Release-4.17
LogInit: Net CL: 3573198
LogDevObjectVersion: Number of dev versions registered: 16
LogDevObjectVersion:   Dev-Blueprints (B0D832E4-1F89-4F0D-ACCF-7EB736FD4AA2): 10
LogDevObjectVersion:   Dev-Build (E1C64328-A22C-4D53-A36C-8E866417BD8C): 0
LogDevObjectVersion:   Dev-Core (375EC13C-06E4-48FB-B500-84F0262A717E): 2
LogDevObjectVersion:   Dev-Editor (E4B068ED-F494-42E9-A231-DA0B2E46BB41): 20
LogDevObjectVersion:   Dev-Framework (CFFC743F-43B0-4480-9391-14DF171D2073): 28
LogDevObjectVersion:   Dev-Mobile (B02B49B5-BB20-44E9-A304-32B752E40360): 0
LogDevObjectVersion:   Dev-Networking (A4E4105C-59A1-49B5-A7C5-40C4547EDFEE): 0
LogDevObjectVersion:   Dev-Online (39C831C9-5AE6-47DC-9A44-9C173E1C8E7C): 0
LogDevObjectVersion:   Dev-Physics (78F01B33-EBEA-4F98-B9B4-84EACCB95AA2): 0
LogDevObjectVersion:   Dev-Platform (6631380F-2D4D-43E0-8009-CF276956A95A): 0
LogDevObjectVersion:   Dev-Rendering (12F88B9F-8875-4AFC-A67C-D90C383ABD29): 19
LogDevObjectVersion:   Dev-Sequencer (7B5AE74C-D270-4C10-A958-57980B212A5A): 4
LogDevObjectVersion:   Dev-VR (D7296918-1DD6-4BDD-9DE2-64A83CC13884): 0
LogDevObjectVersion:   Dev-LoadTimes (C2A15278-BFE7-4AFE-6C17-90FF531DF755): 1
LogDevObjectVersion:   Private-Geometry (6EACA3D4-40EC-4CC1-B786-8BED09428FC5): 1
LogDevObjectVersion:   Dev-AnimPhys (29E575DD-E0A3-4627-9D10-D276232CDCEA): 7
LogInit: Compiled (64-bit): Sep 22 2017 13:47:16
LogInit: Compiled with Visual C++: 19.00.24215.01
LogInit: Build Configuration: Development
LogInit: Branch Name: ++UE4+Release-4.17
LogInit: Command line: -EpicPortal 
LogInit: Base directory: C:/Program Files/Epic Games/UE_4.17/Engine/Binaries/Win64/
LogInit: Installed Engine Build: 1
LogInit: Presizing for max 8388607 objects, including 0 objects not considered by GC, pre-allocating 0 bytes for permanent pool.
LogInit: Object subsystem initialized
[2017.10.27-02.55.32:764][  0]LogInit: Selected Device Profile: [Windows]
[2017.10.27-02.55.32:764][  0]LogInit: Applying CVar settings loaded from the selected device profile: [Windows]
[2017.10.27-02.55.32:818][  0]LogInit: Computer: FELIPPE
[2017.10.27-02.55.32:818][  0]LogInit: User: Felippe
[2017.10.27-02.55.32:818][  0]LogInit: CPU Page size=4096, Cores=4
[2017.10.27-02.55.32:818][  0]LogInit: High frequency timer resolution =3.117778 MHz
[2017.10.27-02.55.32:818][  0]LogMemory: Memory total: Physical=7.9GB (8GB approx)
[2017.10.27-02.55.32:818][  0]LogMemory: Platform Memory Stats for Windows
[2017.10.27-02.55.32:818][  0]LogMemory: Process Physical Memory: 279.05 MB used, 279.05 MB peak
[2017.10.27-02.55.32:818][  0]LogMemory: Process Virtual Memory: 274.02 MB used, 274.02 MB peak
[2017.10.27-02.55.32:818][  0]LogMemory: Physical Memory: 4201.49 MB used,  3865.64 MB free, 8067.13 MB total
[2017.10.27-02.55.32:818][  0]LogMemory: Virtual Memory: 668.18 MB used,  3865.64 MB free, 134217728.00 MB total
[2017.10.27-02.55.32:998][  0]LogInit: Using OS detected language (en-US).
[2017.10.27-02.55.32:998][  0]LogInit: Using OS detected locale (pt-BR).
[2017.10.27-02.55.33:063][  0]LogTextLocalizationManager: No specific localization for 'en-US' exists, so the 'en' localization will be used.
[2017.10.27-02.55.36:512][  0]LogD3D11RHI: D3D11 adapters:
[2017.10.27-02.55.37:298][  0]LogD3D11RHI:    0. 'NVIDIA GeForce GTX 960' (Feature Level 11_0)
[2017.10.27-02.55.37:298][  0]LogD3D11RHI:       2016/0/4033 MB DedicatedVideo/DedicatedSystem/SharedSystem, Outputs:1, VendorId:0x10de
[2017.10.27-02.55.37:305][  0]LogD3D11RHI:    1. 'Intel(R) HD Graphics 4600' (Feature Level 11_0)
[2017.10.27-02.55.37:305][  0]LogD3D11RHI:       112/0/2048 MB DedicatedVideo/DedicatedSystem/SharedSystem, Outputs:0, VendorId:0x8086
[2017.10.27-02.55.37:307][  0]LogD3D11RHI:    2. 'Microsoft Basic Render Driver' (Feature Level 11_0)
[2017.10.27-02.55.37:307][  0]LogD3D11RHI:       0/0/4033 MB DedicatedVideo/DedicatedSystem/SharedSystem, Outputs:0, VendorId:0x1414
[2017.10.27-02.55.37:307][  0]LogD3D11RHI: Chosen D3D11 Adapter: 0
[2017.10.27-02.55.37:313][  0]LogD3D11RHI: Creating new Direct3DDevice
[2017.10.27-02.55.37:313][  0]LogD3D11RHI:     GPU DeviceId: 0x1401 (for the marketing name, search the web for "GPU Device Id")
[2017.10.27-02.55.37:313][  0]LogWindows: EnumDisplayDevices:
[2017.10.27-02.55.37:314][  0]LogWindows:    0. 'NVIDIA GeForce GTX 960' (P:1 D:1)
[2017.10.27-02.55.37:314][  0]LogWindows:    1. 'NVIDIA GeForce GTX 960' (P:0 D:0)
[2017.10.27-02.55.37:314][  0]LogWindows:    2. 'NVIDIA GeForce GTX 960' (P:0 D:0)
[2017.10.27-02.55.37:314][  0]LogWindows:    3. 'NVIDIA GeForce GTX 960' (P:0 D:0)
[2017.10.27-02.55.37:314][  0]LogWindows:    4. 'Intel(R) HD Graphics 4600' (P:0 D:0)
[2017.10.27-02.55.37:315][  0]LogWindows:    5. 'Intel(R) HD Graphics 4600' (P:0 D:0)
[2017.10.27-02.55.37:315][  0]LogWindows:    6. 'Intel(R) HD Graphics 4600' (P:0 D:0)
[2017.10.27-02.55.37:315][  0]LogWindows: DebugString: PrimaryIsNotTheChoosenAdapter PrimaryIsNotTheChoosenAdapter PrimaryIsNotTheChoosenAdapter FoundDriverCount:4 
[2017.10.27-02.55.37:315][  0]LogD3D11RHI:     Adapter Name: NVIDIA GeForce GTX 960
[2017.10.27-02.55.37:315][  0]LogD3D11RHI:   Driver Version: 385.41 (internal:22.21.13.8541, unified:385.41)
[2017.10.27-02.55.37:315][  0]LogD3D11RHI:      Driver Date: 8-21-2017
[2017.10.27-02.55.37:315][  0]LogRHI: Texture pool is 1361 MB (70% of 1945 MB)
[2017.10.27-02.55.38:093][  0]LogD3D11RHI: Async texture creation enabled
[2017.10.27-02.55.38:169][  0]LogD3D11RHI: GPU Timing Frequency: 1000.000000 (Debug: 2 1)
[2017.10.27-02.55.38:171][  0]LogShaderCompilers: Guid format shader working directory is -22 characters bigger than the processId version (../../../../../../Users/Felippe/Desktop/New folder/MyPaper2D/MyPaper2D/Intermediate/Shaders/WorkingDirectory/9328/).
[2017.10.27-02.55.38:172][  0]LogShaderCompilers: Cleaned the shader compiler working directory 'C:/Users/Felippe/AppData/Local/Temp/UnrealShaderWorkingDir/2E1C379F416A8E8FE8AD249B3C3916C7/'.
[2017.10.27-02.55.38:172][  0]LogShaderCompilers: Display: Using Local Shader Compiler.
[2017.10.27-02.55.45:140][  0]LogTemp: Display: Loaded TP AllDesktopTargetPlatform
[2017.10.27-02.55.45:198][  0]LogTemp: Display: Loaded TP MacClientTargetPlatform
[2017.10.27-02.55.45:258][  0]LogTemp: Display: Loaded TP MacNoEditorTargetPlatform
[2017.10.27-02.55.45:318][  0]LogTemp: Display: Loaded TP MacServerTargetPlatform
[2017.10.27-02.55.45:399][  0]LogTemp: Display: Loaded TP MacTargetPlatform
[2017.10.27-02.55.45:462][  0]LogTemp: Display: Loaded TP WindowsClientTargetPlatform
[2017.10.27-02.55.45:537][  0]LogTemp: Display: Loaded TP WindowsNoEditorTargetPlatform
[2017.10.27-02.55.45:609][  0]LogTemp: Display: Loaded TP WindowsServerTargetPlatform
[2017.10.27-02.55.45:667][  0]LogTemp: Display: Loaded TP WindowsTargetPlatform
[2017.10.27-02.55.45:755][  0]LogTemp: Display: Loaded TP AndroidTargetPlatform
[2017.10.27-02.55.45:817][  0]LogTemp: Display: Loaded TP Android_ASTCTargetPlatform
[2017.10.27-02.55.45:896][  0]LogTemp: Display: Loaded TP Android_ATCTargetPlatform
[2017.10.27-02.55.45:965][  0]LogTemp: Display: Loaded TP Android_DXTTargetPlatform
[2017.10.27-02.55.46:031][  0]LogTemp: Display: Loaded TP Android_ETC1TargetPlatform
[2017.10.27-02.55.46:093][  0]LogTemp: Display: Loaded TP Android_ETC2TargetPlatform
[2017.10.27-02.55.46:229][  0]LogTemp: Display: Loaded TP Android_MultiTargetPlatform
[2017.10.27-02.55.46:229][  0]LogTemp: Display: Loaded TP Android_PVRTCTargetPlatform
[2017.10.27-02.55.46:283][  0]LogTemp: Display: Loaded TP HTML5TargetPlatform
[2017.10.27-02.55.46:434][  0]LogTemp: Display: Loaded TP IOSTargetPlatform
[2017.10.27-02.55.46:471][  0]LogTemp: Display: Loaded TP TVOSTargetPlatform
[2017.10.27-02.55.46:530][  0]LogTemp: Display: Loaded TP LinuxClientTargetPlatform
[2017.10.27-02.55.46:591][  0]LogTemp: Display: Loaded TP LinuxNoEditorTargetPlatform
[2017.10.27-02.55.46:656][  0]LogTemp: Display: Loaded TP LinuxServerTargetPlatform
[2017.10.27-02.55.46:762][  0]LogTemp: Display: Loaded TP LinuxTargetPlatform
[2017.10.27-02.55.46:762][  0]LogTargetPlatformManager: Display: Building Assets For Windows
[2017.10.27-02.55.47:374][  0]LogDerivedDataCache: Display: Max Cache Size: 512 MB
[2017.10.27-02.55.47:489][  0]LogDerivedDataCache: Loaded boot cache 0.12s 93MB C:/Users/Felippe/AppData/Local/UnrealEngine/4.17/DerivedDataCache/Boot.ddc.
[2017.10.27-02.55.47:489][  0]LogDerivedDataCache: Display: Loaded Boot cache: C:/Users/Felippe/AppData/Local/UnrealEngine/4.17/DerivedDataCache/Boot.ddc
[2017.10.27-02.55.47:489][  0]LogDerivedDataCache: FDerivedDataBackendGraph:  Pak pak cache file ../../../../../../Users/Felippe/Desktop/New folder/MyPaper2D/MyPaper2D/DerivedDataCache/DDC.ddp not found, will not use a pak cache.
[2017.10.27-02.55.47:489][  0]LogDerivedDataCache: Unable to find inner node Pak for hierarchical cache Hierarchy.
[2017.10.27-02.55.47:489][  0]LogDerivedDataCache: FDerivedDataBackendGraph:  CompressedPak pak cache file ../../../../../../Users/Felippe/Desktop/New folder/MyPaper2D/MyPaper2D/DerivedDataCache/Compressed.ddp not found, will not use a pak cache.
[2017.10.27-02.55.47:489][  0]LogDerivedDataCache: Unable to find inner node CompressedPak for hierarchical cache Hierarchy.
[2017.10.27-02.55.47:508][  0]LogDerivedDataCache: Display: Pak cache opened for reading ../../../Engine/DerivedDataCache/Compressed.ddp.
[2017.10.27-02.55.47:521][  0]LogDerivedDataCache: Using Local data cache path C:/Users/Felippe/AppData/Local/UnrealEngine/Common/DerivedDataCache: Writable
[2017.10.27-02.55.47:533][  0]LogMaterial: Verifying Global Shaders for PCD3D_SM5
[2017.10.27-02.55.47:533][  0]LogSlate: Using Freetype 2.6.0
[2017.10.27-02.55.47:552][  0]LogSlate: SlateFontCache - WITH_FREETYPE: 1, WITH_HARFBUZZ: 1
[2017.10.27-02.55.47:552][  0]LogSlate: SlateFontCache - WITH_FREETYPE: 1, WITH_HARFBUZZ: 1
[2017.10.27-02.55.48:222][  0]LogAssetRegistry: FAssetRegistry took 0.0272 seconds to start up
[2017.10.27-02.55.48:364][  0]LogInit: Selected Device Profile: [Windows]
[2017.10.27-02.55.48:821][  0]LogSimplygon: Simplygon DLL not present - disabling.
[2017.10.27-02.55.48:877][  0]LogMeshReduction: Using SimplygonSwarm for distributed automatic mesh merging
[2017.10.27-02.55.48:877][  0]LogMeshReduction: Using QuadricMeshReduction for automatic static mesh reduction
[2017.10.27-02.55.48:877][  0]LogMeshReduction: No automatic skeletal mesh reduction module available
[2017.10.27-02.55.48:877][  0]LogMeshReduction: No automatic mesh merging module available
[2017.10.27-02.55.48:877][  0]LogMeshMerging: No automatic mesh merging module available
[2017.10.27-02.55.48:879][  0]LogContentStreaming: Texture pool size is 0.00 MB
[2017.10.27-02.55.49:698][  0]LogNetVersion: MyPaper2D , NetCL: 3573198, EngineNetVer: 2, GameNetVer: 0 (Checksum: 640952014)
[2017.10.27-02.55.50:729][  0]LogPackageLocalizationCache: Processed 5 localized package path(s) for 2 prioritized culture(s) in 0.062708 seconds
[2017.10.27-02.55.50:737][  0]LogUObjectArray: 35825 objects as part of root set at end of initial load.
[2017.10.27-02.55.50:737][  0]LogUObjectAllocator: 7529104 out of 0 bytes used by permanent object pool.
[2017.10.27-02.55.50:737][  0]LogUObjectArray: CloseDisregardForGC: 0/0 objects in disregard for GC pool
[2017.10.27-02.55.50:831][  0]LogInit: WinSock: version 1.1 (2.2), MaxSocks=32767, MaxUdp=65467
[2017.10.27-02.56.15:979][  0]LogTcpMessaging: Initializing TcpMessaging bridge
[2017.10.27-02.56.16:060][  0]LogUdpMessaging: Initializing bridge on interface 0.0.0.0:0 to multicast group 230.0.0.1:6666.
[2017.10.27-02.56.18:087][  0]LogMaterial: Uniform references updated for custom material expression Custom.
[2017.10.27-02.56.18:982][  0]SourceControl: Source control is disabled
[2017.10.27-02.56.18:982][  0]SourceControl: Source control is disabled
[2017.10.27-02.56.19:044][  0]SourceControl: Source control is disabled
[2017.10.27-02.56.19:110][  0]SourceControl: Source control is disabled
[2017.10.27-02.56.20:322][  0]LogAndroidPermission: UAndroidPermissionCallbackProxy::GetInstance
[2017.10.27-02.56.20:673][  0]LogOcInput: OculusInput pre-init called
[2017.10.27-02.56.21:078][  0]LogEngine: Initializing Engine...
[2017.10.27-02.56.21:079][  0]LogHMD: Failed to initialize OpenVR with code 110
[2017.10.27-02.56.21:958][  0]LogStats: UGameplayTagsManager::ConstructGameplayTagTree: Construct from data asset -  0.000 s
[2017.10.27-02.56.21:958][  0]LogStats: UGameplayTagsManager::ConstructGameplayTagTree: GameplayTagTreeChangedEvent.Broadcast -  0.000 s
[2017.10.27-02.56.22:125][  0]LogAIModule: Creating AISystem for world Untitled
[2017.10.27-02.56.22:138][  0]LogInit: XAudio2 using 'Realtek Digital Output(Optical) (Realtek High Definition Audio)' : 2 channels at 48 kHz using 16 bits per sample (channel mask 0x3)
[2017.10.27-02.56.22:155][  0]LogInit: FAudioDevice initialized.
[2017.10.27-02.56.22:494][  0]LogDerivedDataCache: Saved boot cache 0.34s 93MB C:/Users/Felippe/AppData/Local/UnrealEngine/4.17/DerivedDataCache/Boot.ddc.
[2017.10.27-02.56.22:512][  0]LogInit: Texture streaming: Enabled
[2017.10.27-02.56.22:662][  0]LogEngineSessionManager: EngineSessionManager initialized
[2017.10.27-02.56.23:175][  0]LogInit: Transaction tracking system initialized
[2017.10.27-02.56.23:571][  0]BlueprintLog: New page: Editor Load
[2017.10.27-02.56.24:727][  0]LocalizationService: Localization service is disabled
[2017.10.27-02.56.25:787][  0]LogConsoleResponse: Display: 
[2017.10.27-02.56.26:708][  0]LogCook: Display: Max memory allowance for cook 16384mb min free memory 0mb
[2017.10.27-02.56.26:708][  0]LogCook: Display: Mobile HDR setting 1
[2017.10.27-02.56.26:708][  0]LogGameplayTags: Display: UGameplayTagsManager::DoneAddingNativeTags. DelegateIsBound: 0
[2017.10.27-02.56.27:740][  0]LogFileCache: Scanning file cache for directory 'C:/Users/Felippe/Desktop/New folder/MyPaper2D/MyPaper2D/Content/' took 0.02s
[2017.10.27-02.56.28:561][  0]SourceControl: Source control is disabled
[2017.10.27-02.56.28:561][  0]Cmd: MAP LOAD FILE="../../../../../../Users/Felippe/Desktop/New folder/MyPaper2D/MyPaper2D/Content/My2DMap.umap" TEMPLATE=0 SHOWPROGRESS=1 FEATURELEVEL=3
[2017.10.27-02.56.28:562][  0]LightingResults: New page: Lighting Build
[2017.10.27-02.56.28:621][  0]MapCheck: New page: Map Check
[2017.10.27-02.56.28:621][  0]LightingResults: New page: Lighting Build
[2017.10.27-02.56.29:445][  0]LogAIModule: Creating AISystem for world My2DMap
[2017.10.27-02.56.29:487][  0]LogEditorServer: Finished looking for orphan Actors (0.000 secs)
[2017.10.27-02.56.29:502][  0]Cmd: MAP CHECKDEP NOCLEARLOG
[2017.10.27-02.56.29:573][  0]MapCheck: Map check complete: 0 Error(s), 0 Warning(s), took 70,299ms to complete.
[2017.10.27-02.56.29:573][  0]LogFileHelpers: Loading map 'My2DMap' took 1.012
[2017.10.27-02.56.29:703][  0]LogCollectionManager: Loaded 0 collections in 0.001172 seconds
[2017.10.27-02.56.29:786][  0]LogFileCache: Scanning file cache for directory 'C:/Users/Felippe/Desktop/New folder/MyPaper2D/MyPaper2D/Saved/Collections/' took 0.01s
[2017.10.27-02.56.29:786][  0]LogFileCache: Scanning file cache for directory 'C:/Users/Felippe/Desktop/New folder/MyPaper2D/MyPaper2D/Content/Developers/Felippe/Collections/' took 0.01s
[2017.10.27-02.56.29:787][  0]LogFileCache: Scanning file cache for directory 'C:/Users/Felippe/Desktop/New folder/MyPaper2D/MyPaper2D/Content/Collections/' took 0.01s
[2017.10.27-02.56.29:787][  0]LogCollectionManager: Rebuilt the GUID cache for 0 collections in 0.000001 seconds
[2017.10.27-02.56.29:796][  0]LogContentBrowser: Native class hierarchy populated in 0.0089 seconds. Added 2386 classes and 500 folders.
[2017.10.27-02.56.29:873][  0]LogContentBrowser: Native class hierarchy updated for 'WidgetCarousel' in 0.0007 seconds. Added 0 classes and 0 folders.
[2017.10.27-02.56.30:595][  0]LogContentBrowser: Native class hierarchy updated for 'AddContentDialog' in 0.0007 seconds. Added 0 classes and 0 folders.
[2017.10.27-02.56.30:741][  0]LogContentBrowser: Native class hierarchy updated for 'SceneOutliner' in 0.0007 seconds. Added 1 classes and 2 folders.
[2017.10.27-02.56.30:772][  0]LogSlate: Took 0.000294 seconds to synchronously load lazily loaded font '../../../Engine/Content/Slate/Fonts/Roboto-Regular.ttf' (155K)
[2017.10.27-02.56.30:775][  0]LogSlate: Took 0.000218 seconds to synchronously load lazily loaded font '../../../Engine/Content/Slate/Fonts/Roboto-Bold.ttf' (160K)
[2017.10.27-02.56.30:815][  0]LogSlate: Took 0.038915 seconds to synchronously load lazily loaded font '../../../Engine/Content/Editor/Slate/Fonts/FontAwesome.ttf' (139K)
[2017.10.27-02.56.30:865][  0]LogSlate: Took 0.000186 seconds to synchronously load lazily loaded font '../../../Engine/Content/Slate/Fonts/Roboto-Light.ttf' (159K)
[2017.10.27-02.56.30:936][  0]LogRenderer: Reallocating scene render targets to support 780x784 Format 9 NumSamples 1 (Frame:1).
[2017.10.27-02.56.31:172][  0]LogContentBrowser: Native class hierarchy updated for 'HierarchicalLODOutliner' in 0.0007 seconds. Added 1 classes and 2 folders.
[2017.10.27-02.56.31:172][  0]LogLoad: (Engine Initialization) Total time: 60.86 seconds
[2017.10.27-02.56.31:172][  0]LogLoad: (Engine Initialization) Total Blueprint compile time: 0.00 seconds
[2017.10.27-02.56.31:172][  0]LogExternalProfiler: Found external profiler: VSPerf
[2017.10.27-02.56.31:172][  0]LogExternalProfiler: Using external profiler: VSPerf
[2017.10.27-02.56.31:186][  0]LogEditorViewport: Clicking on Actor (LMB): PaperSpriteActor (2DBackground_Sprite)
[2017.10.27-02.56.31:297][  0]LogContentStreaming: Texture pool size now 800 MB
[2017.10.27-02.56.31:399][  1]LogAssetRegistry: Asset discovery search completed in 43.1989 seconds
[2017.10.27-02.56.31:401][  1]LogCollectionManager: Rebuilt the object cache for 0 collections in 0.000001 seconds (found 0 objects)
[2017.10.27-02.56.31:401][  1]LogCollectionManager: Fixed up redirectors for 0 collections in 0.000050 seconds (updated 0 objects)
[2017.10.27-02.56.36:070][518]LogEditorViewport: Clicking Background
[2017.10.27-02.56.49:956][883]LogUProjectInfo: Found projects:
[2017.10.27-02.56.52:571][ 16]Cmd: CLOSE_SLATE_MAINFRAME
[2017.10.27-02.56.52:905][ 17]Cmd: QUIT_EDITOR
[2017.10.27-02.56.52:926][ 17]LogWindowsTextInputMethodSystem: Display: IME system now deactivated.
[2017.10.27-02.56.52:943][ 17]LogExit: Preparing to exit.
[2017.10.27-02.56.54:257][ 17]LogDirectoryWatcher: A directory notification for 'C:/Users/Felippe/Desktop/New folder/MyPaper2D/MyPaper2D/Content/' was aborted.
[2017.10.27-02.56.54:295][ 17]LogExit: Editor shut down
[2017.10.27-02.56.54:301][ 17]LogExit: Transaction tracking system shut down
[2017.10.27-02.56.54:512][ 17]LogDirectoryWatcher: A directory notification for '../../../Engine/Content/' was aborted.
[2017.10.27-02.56.54:512][ 17]LogDirectoryWatcher: A directory notification for '../../../../../../Users/Felippe/Desktop/New folder/MyPaper2D/MyPaper2D/Content/' was aborted.
[2017.10.27-02.56.54:512][ 17]LogDirectoryWatcher: A directory notification for '../../../Engine/Plugins/2D/Paper2D/Content/' was aborted.
[2017.10.27-02.56.54:512][ 17]LogDirectoryWatcher: A directory notification for '../../../Engine/Plugins/Runtime/Oculus/OculusVR/Content/' was aborted.
[2017.10.27-02.56.54:512][ 17]LogDirectoryWatcher: A directory notification for '../../../Engine/Plugins/Runtime/Steam/SteamVR/Content/' was aborted.
[2017.10.27-02.56.54:559][ 17]LogExit: Object subsystem successfully closed.
[2017.10.27-02.56.54:586][ 17]LogD3D11RHI: Shutdown
[2017.10.27-02.56.54:586][ 17]LogD3D11RHI: CleanupD3DDevice
[2017.10.27-02.56.54:687][ 17]LogD3D11RHI: ~FD3D11DynamicRHI
[2017.10.27-02.56.54:709][ 17]LogModuleManager: Shutting down and abandoning module HierarchicalLODOutliner (530)
[2017.10.27-02.56.54:709][ 17]LogModuleManager: Shutting down and abandoning module SceneOutliner (528)
[2017.10.27-02.56.54:709][ 17]LogModuleManager: Shutting down and abandoning module AddContentDialog (526)
[2017.10.27-02.56.54:709][ 17]LogDirectoryWatcher: A directory notification for 'C:/Program Files/Epic Games/UE_4.17/FeaturePacks/' was aborted.
[2017.10.27-02.56.54:710][ 17]LogModuleManager: Shutting down and abandoning module WidgetCarousel (525)
[2017.10.27-02.56.54:710][ 17]LogModuleManager: Shutting down and abandoning module EditorWidgets (522)
[2017.10.27-02.56.54:710][ 17]LogModuleManager: Shutting down and abandoning module CollectionManager (520)
[2017.10.27-02.56.54:710][ 17]LogDirectoryWatcher: A directory notification for 'C:/Users/Felippe/Desktop/New folder/MyPaper2D/MyPaper2D/Content/Collections/' was aborted.
[2017.10.27-02.56.54:710][ 17]LogDirectoryWatcher: A directory notification for 'C:/Users/Felippe/Desktop/New folder/MyPaper2D/MyPaper2D/Content/Developers/Felippe/Collections/' was aborted.
[2017.10.27-02.56.54:710][ 17]LogDirectoryWatcher: A directory notification for 'C:/Users/Felippe/Desktop/New folder/MyPaper2D/MyPaper2D/Saved/Collections/' was aborted.
[2017.10.27-02.56.54:710][ 17]LogModuleManager: Shutting down and abandoning module StatsViewer (518)
[2017.10.27-02.56.54:710][ 17]LogModuleManager: Shutting down and abandoning module FoliageEdit (516)
[2017.10.27-02.56.54:710][ 17]LogModuleManager: Shutting down and abandoning module LandscapeEditor (514)
[2017.10.27-02.56.54:710][ 17]LogModuleManager: Shutting down and abandoning module MeshPaintMode (512)
[2017.10.27-02.56.54:710][ 17]LogModuleManager: Shutting down and abandoning module SceneDepthPickerMode (510)
[2017.10.27-02.56.54:710][ 17]LogModuleManager: Shutting down and abandoning module ActorPickerMode (508)
[2017.10.27-02.56.54:710][ 17]LogModuleManager: Shutting down and abandoning module GeometryMode (506)
[2017.10.27-02.56.54:710][ 17]LogModuleManager: Shutting down and abandoning module TextureAlignMode (504)
[2017.10.27-02.56.54:710][ 17]LogModuleManager: Shutting down and abandoning module BspMode (502)
[2017.10.27-02.56.54:711][ 17]LogModuleManager: Shutting down and abandoning module PIEPreviewDeviceProfileSelector (500)
[2017.10.27-02.56.54:711][ 17]LogModuleManager: Shutting down and abandoning module HardwareSurvey (498)
[2017.10.27-02.56.54:711][ 17]LogModuleManager: Shutting down and abandoning module SequenceRecorderSections (496)
[2017.10.27-02.56.54:711][ 17]LogModuleManager: Shutting down and abandoning module AutomationWorker (494)
[2017.10.27-02.56.54:711][ 17]LogModuleManager: Shutting down and abandoning module MatineeToLevelSequence (492)
[2017.10.27-02.56.54:711][ 17]LogModuleManager: Shutting down and abandoning module LevelSequenceEditor (490)
[2017.10.27-02.56.54:711][ 17]LogModuleManager: Shutting down and abandoning module PlacementMode (489)
[2017.10.27-02.56.54:711][ 17]LogModuleManager: Shutting down and abandoning module WmfMediaFactory (486)
[2017.10.27-02.56.54:711][ 17]LogModuleManager: Shutting down and abandoning module WmfMediaEditor (484)
[2017.10.27-02.56.54:711][ 17]LogModuleManager: Shutting down and abandoning module AvfMediaFactory (482)
[2017.10.27-02.56.54:711][ 17]LogModuleManager: Shutting down and abandoning module AvfMediaEditor (480)
[2017.10.27-02.56.54:711][ 17]LogModuleManager: Shutting down and abandoning module AndroidMediaFactory (478)
[2017.10.27-02.56.54:711][ 17]LogModuleManager: Shutting down and abandoning module Media (477)
[2017.10.27-02.56.54:711][ 17]LogModuleManager: Shutting down and abandoning module AndroidMediaEditor (474)
[2017.10.27-02.56.54:711][ 17]LogModuleManager: Shutting down and abandoning module CharacterAI (472)
[2017.10.27-02.56.54:711][ 17]LogModuleManager: Shutting down and abandoning module AudioCapture (470)
[2017.10.27-02.56.54:711][ 17]LogModuleManager: Shutting down and abandoning module SequenceRecorder (469)
[2017.10.27-02.56.54:711][ 17]LogModuleManager: Shutting down and abandoning module SmartSnapping (466)
[2017.10.27-02.56.54:711][ 17]LogModuleManager: Shutting down and abandoning module SessionServices (464)
[2017.10.27-02.56.54:711][ 17]LogModuleManager: Shutting down and abandoning module ViewportSnapping (462)
[2017.10.27-02.56.54:711][ 17]LogModuleManager: Shutting down and abandoning module ViewportInteraction (460)
[2017.10.27-02.56.54:711][ 17]LogModuleManager: Shutting down and abandoning module ClothPainter (458)
[2017.10.27-02.56.54:711][ 17]LogModuleManager: Shutting down and abandoning module LogVisualizer (456)
[2017.10.27-02.56.54:711][ 17]LogModuleManager: Shutting down and abandoning module IntroTutorials (454)
[2017.10.27-02.56.54:711][ 17]LogModuleManager: Shutting down and abandoning module GameProjectGeneration (453)
[2017.10.27-02.56.54:711][ 17]LogModuleManager: Shutting down and abandoning module IOSPlatformEditor (450)
[2017.10.27-02.56.54:711][ 17]LogModuleManager: Shutting down and abandoning module HTML5PlatformEditor (448)
[2017.10.27-02.56.54:711][ 17]LogModuleManager: Shutting down and abandoning module AndroidPlatformEditor (446)
[2017.10.27-02.56.54:711][ 17]LogModuleManager: Shutting down and abandoning module AndroidDeviceDetection (445)
[2017.10.27-02.56.55:272][ 17]LogModuleManager: Shutting down and abandoning module WindowsPlatformEditor (442)
[2017.10.27-02.56.55:272][ 17]LogModuleManager: Shutting down and abandoning module IOSRuntimeSettings (440)
[2017.10.27-02.56.55:272][ 17]LogModuleManager: Shutting down and abandoning module AndroidRuntimeSettings (438)
[2017.10.27-02.56.55:272][ 17]LogModuleManager: Shutting down and abandoning module InputBindingEditor (436)
[2017.10.27-02.56.55:272][ 17]LogModuleManager: Shutting down and abandoning module MergeActors (434)
[2017.10.27-02.56.55:272][ 17]LogModuleManager: Shutting down and abandoning module SizeMap (432)
[2017.10.27-02.56.55:272][ 17]LogModuleManager: Shutting down and abandoning module TreeMap (430)
[2017.10.27-02.56.55:272][ 17]LogModuleManager: Shutting down and abandoning module ReferenceViewer (428)
[2017.10.27-02.56.55:272][ 17]LogModuleManager: Shutting down and abandoning module LocalizationDashboard (426)
[2017.10.27-02.56.55:272][ 17]LogModuleManager: Shutting down and abandoning module LocalizationService (425)
[2017.10.27-02.56.55:272][ 17]LogModuleManager: Shutting down and abandoning module HardwareTargeting (422)
[2017.10.27-02.56.55:272][ 17]LogModuleManager: Shutting down and abandoning module DeviceProfileEditor (420)
[2017.10.27-02.56.55:272][ 17]LogModuleManager: Shutting down and abandoning module UndoHistory (418)
[2017.10.27-02.56.55:272][ 17]LogModuleManager: Shutting down and abandoning module XmlParser (416)
[2017.10.27-02.56.55:272][ 17]LogModuleManager: Shutting down and abandoning module Blutility (414)
[2017.10.27-02.56.55:272][ 17]LogModuleManager: Shutting down and abandoning module ProjectSettingsViewer (412)
[2017.10.27-02.56.55:273][ 17]LogModuleManager: Shutting down and abandoning module ProjectTargetPlatformEditor (411)
[2017.10.27-02.56.55:273][ 17]LogModuleManager: Shutting down and abandoning module EditorSettingsViewer (408)
[2017.10.27-02.56.55:273][ 17]LogModuleManager: Shutting down and abandoning module SettingsEditor (406)
[2017.10.27-02.56.55:273][ 17]LogModuleManager: Shutting down and abandoning module ProjectLauncher (404)
[2017.10.27-02.56.55:273][ 17]LogModuleManager: Shutting down and abandoning module SessionFrontend (402)
[2017.10.27-02.56.55:273][ 17]LogModuleManager: Shutting down and abandoning module ProfilerClient (400)
[2017.10.27-02.56.55:273][ 17]LogModuleManager: Shutting down and abandoning module DeviceManager (398)
[2017.10.27-02.56.55:273][ 17]LogModuleManager: Shutting down and abandoning module TargetDeviceServices (397)
[2017.10.27-02.56.55:335][ 17]LogModuleManager: Shutting down and abandoning module AutomationController (394)
[2017.10.27-02.56.55:335][ 17]LogModuleManager: Shutting down and abandoning module AutomationWindow (392)
[2017.10.27-02.56.55:335][ 17]LogModuleManager: Shutting down and abandoning module Layers (390)
[2017.10.27-02.56.55:335][ 17]LogModuleManager: Shutting down and abandoning module ComponentVisualizers (388)
[2017.10.27-02.56.55:335][ 17]LogModuleManager: Shutting down and abandoning module DetailCustomizations (386)
[2017.10.27-02.56.55:335][ 17]LogModuleManager: Shutting down and abandoning module PackagesDialog (384)
[2017.10.27-02.56.55:335][ 17]LogModuleManager: Shutting down and abandoning module Persona (382)
[2017.10.27-02.56.55:335][ 17]LogModuleManager: Shutting down and abandoning module AdvancedPreviewScene (381)
[2017.10.27-02.56.55:335][ 17]LogModuleManager: Shutting down and abandoning module AnimGraph (379)
[2017.10.27-02.56.55:335][ 17]LogModuleManager: Shutting down and abandoning module Kismet (376)
[2017.10.27-02.56.55:336][ 17]LogModuleManager: Shutting down and abandoning module ClassViewer (374)
[2017.10.27-02.56.55:336][ 17]LogModuleManager: Shutting down and abandoning module Toolbox (372)
[2017.10.27-02.56.55:336][ 17]LogModuleManager: Shutting down and abandoning module ModuleUI (370)
[2017.10.27-02.56.55:336][ 17]LogModuleManager: Shutting down and abandoning module MovieSceneTools (368)
[2017.10.27-02.56.55:336][ 17]LogModuleManager: Shutting down and abandoning module OutputLog (366)
[2017.10.27-02.56.55:336][ 17]LogModuleManager: Shutting down and abandoning module GammaUI (364)
[2017.10.27-02.56.55:336][ 17]LogModuleManager: Shutting down and abandoning module Documentation (362)
[2017.10.27-02.56.55:336][ 17]LogModuleManager: Shutting down and abandoning module MovieSceneTracks (360)
[2017.10.27-02.56.55:336][ 17]LogModuleManager: Shutting down and abandoning module MovieScene (358)
[2017.10.27-02.56.55:336][ 17]LogModuleManager: Shutting down and abandoning module Niagara (356)
[2017.10.27-02.56.55:336][ 17]LogModuleManager: Shutting down and abandoning module NiagaraEditor (355)
[2017.10.27-02.56.55:336][ 17]LogModuleManager: Shutting down and abandoning module StreamingPauseRendering (352)
[2017.10.27-02.56.55:336][ 17]LogModuleManager: Shutting down and abandoning module LauncherPlatform (350)
[2017.10.27-02.56.55:336][ 17]LogModuleManager: Shutting down and abandoning module AnalyticsET (348)
[2017.10.27-02.56.55:336][ 17]LogModuleManager: Shutting down and abandoning module PortalServices (346)
[2017.10.27-02.56.55:336][ 17]LogModuleManager: Shutting down and abandoning module PortalRpc (344)
[2017.10.27-02.56.55:336][ 17]LogModuleManager: Shutting down and abandoning module MessagingRpc (342)
[2017.10.27-02.56.55:336][ 17]LogModuleManager: Shutting down and abandoning module AIModule (340)
[2017.10.27-02.56.55:336][ 17]LogModuleManager: Shutting down and abandoning module GameplayDebugger (339)
[2017.10.27-02.56.55:336][ 17]LogModuleManager: Shutting down and abandoning module AITestSuite (337)
[2017.10.27-02.56.55:336][ 17]LogModuleManager: Shutting down and abandoning module ProfilerService (334)
[2017.10.27-02.56.55:578][ 17]LogModuleManager: Shutting down and abandoning module TaskGraph (332)
[2017.10.27-02.56.55:578][ 17]LogModuleManager: Shutting down and abandoning module SteamVRController (330)
[2017.10.27-02.56.55:578][ 17]LogModuleManager: Shutting down and abandoning module ProceduralMeshComponentEditor (328)
[2017.10.27-02.56.55:578][ 17]LogModuleManager: Shutting down and abandoning module ProceduralMeshComponent (326)
[2017.10.27-02.56.55:578][ 17]LogModuleManager: Shutting down and abandoning module OculusInput (324)
[2017.10.27-02.56.55:578][ 17]LogModuleManager: Shutting down and abandoning module MobilePatchingUtils (322)
[2017.10.27-02.56.55:578][ 17]LogModuleManager: Shutting down and abandoning module CustomMeshComponent (320)
[2017.10.27-02.56.55:578][ 17]LogModuleManager: Shutting down and abandoning module CableComponent (318)
[2017.10.27-02.56.55:578][ 17]LogModuleManager: Shutting down and abandoning module ArchVisCharacter (316)
[2017.10.27-02.56.55:578][ 17]LogModuleManager: Shutting down and abandoning module AndroidPermission (314)
[2017.10.27-02.56.55:578][ 17]LogModuleManager: Shutting down and abandoning module MediaPlayerEditor (310)
[2017.10.27-02.56.55:578][ 17]LogModuleManager: Shutting down and abandoning module HTML5Networking (308)
[2017.10.27-02.56.55:578][ 17]LogModuleManager: Shutting down and abandoning module AlembicImporter (306)
[2017.10.27-02.56.55:578][ 17]LogModuleManager: Shutting down and abandoning module AlembicLibrary (305)
[2017.10.27-02.56.55:578][ 17]LogModuleManager: Shutting down and abandoning module GeometryCache (304)
[2017.10.27-02.56.55:578][ 17]LogModuleManager: Shutting down and abandoning module GeometryCacheEd (303)
[2017.10.27-02.56.55:578][ 17]LogModuleManager: Shutting down and abandoning module SpeedTreeImporter (298)
[2017.10.27-02.56.55:578][ 17]LogModuleManager: Shutting down and abandoning module PluginBrowser (296)
[2017.10.27-02.56.55:579][ 17]LogModuleManager: Shutting down and abandoning module MobileLauncherProfileWizard (294)
[2017.10.27-02.56.55:579][ 17]LogModuleManager: Shutting down and abandoning module VisualStudioSourceCodeAccess (292)
[2017.10.27-02.56.55:579][ 17]LogModuleManager: Shutting down and abandoning module DesktopPlatform (291)
[2017.10.27-02.56.55:579][ 17]LogModuleManager: Shutting down and abandoning module UObjectPlugin (288)
[2017.10.27-02.56.55:579][ 17]LogModuleManager: Shutting down and abandoning module SubversionSourceControl (286)
[2017.10.27-02.56.55:579][ 17]LogModuleManager: Shutting down and abandoning module PerforceSourceControl (284)
[2017.10.27-02.56.55:579][ 17]LogModuleManager: Shutting down and abandoning module GitSourceControl (282)
[2017.10.27-02.56.55:579][ 17]LogModuleManager: Shutting down and abandoning module SourceControl (281)
[2017.10.27-02.56.55:579][ 17]LogModuleManager: Shutting down and abandoning module LightPropagationVolumeEditor (278)
[2017.10.27-02.56.55:579][ 17]LogModuleManager: Shutting down and abandoning module PaperTiledImporter (276)
[2017.10.27-02.56.55:579][ 17]LogModuleManager: Shutting down and abandoning module PaperSpriteSheetImporter (274)
[2017.10.27-02.56.55:579][ 17]LogModuleManager: Shutting down and abandoning module Paper2DEditor (272)
[2017.10.27-02.56.55:579][ 17]LogModuleManager: Shutting down and abandoning module MeshPaint (271)
[2017.10.27-02.56.55:579][ 17]LogModuleManager: Shutting down and abandoning module LevelEditor (269)
[2017.10.27-02.56.55:580][ 17]LogModuleManager: Shutting down and abandoning module PixelInspectorModule (268)
[2017.10.27-02.56.55:580][ 17]LogModuleManager: Shutting down and abandoning module MainFrame (266)
[2017.10.27-02.56.55:580][ 17]LogModuleManager: Shutting down and abandoning module HotReload (265)
[2017.10.27-02.56.55:580][ 17]LogModuleManager: Shutting down and abandoning module RuntimePhysXCooking (260)
[2017.10.27-02.56.55:580][ 17]LogModuleManager: Shutting down and abandoning module PhysXVehiclesEditor (258)
[2017.10.27-02.56.55:581][ 17]LogModuleManager: Shutting down and abandoning module PhysXVehicles (256)
[2017.10.27-02.56.55:581][ 17]LogModuleManager: Shutting down and abandoning module OculusEditor (254)
[2017.10.27-02.56.55:581][ 17]LogModuleManager: Shutting down and abandoning module LocationServicesBPLibrary (252)
[2017.10.27-02.56.55:581][ 17]LogModuleManager: Shutting down and abandoning module ImmediatePhysicsEditor (250)
[2017.10.27-02.56.55:581][ 17]LogModuleManager: Shutting down and abandoning module ImmediatePhysics (248)
[2017.10.27-02.56.55:581][ 17]LogModuleManager: Shutting down and abandoning module UdpMessaging (246)
[2017.10.27-02.56.55:681][ 17]LogModuleManager: Shutting down and abandoning module TcpMessaging (244)
[2017.10.27-02.56.55:782][ 17]LogModuleManager: Shutting down and abandoning module GameplayTagsEditor (242)
[2017.10.27-02.56.55:782][ 17]LogModuleManager: Shutting down and abandoning module FacialAnimationEditor (240)
[2017.10.27-02.56.55:782][ 17]LogModuleManager: Shutting down and abandoning module FacialAnimation (238)
[2017.10.27-02.56.55:782][ 17]LogModuleManager: Shutting down and abandoning module AssetManagerEditor (236)
[2017.10.27-02.56.55:782][ 17]LogModuleManager: Shutting down and abandoning module GraphEditor (235)
[2017.10.27-02.56.55:782][ 17]LogModuleManager: Shutting down and abandoning module ContentBrowser (233)
[2017.10.27-02.56.55:784][ 17]LogModuleManager: Shutting down and abandoning module LightPropagationVolumeRuntime (230)
[2017.10.27-02.56.55:784][ 17]LogModuleManager: Shutting down and abandoning module Paper2D (228)
[2017.10.27-02.56.55:784][ 17]LogModuleManager: Shutting down and abandoning module WindowsMoviePlayer (226)
[2017.10.27-02.56.55:784][ 17]LogModuleManager: Shutting down and abandoning module WmfMedia (224)
[2017.10.27-02.56.55:784][ 17]LogModuleManager: Shutting down and abandoning module PacketHandler (222)
[2017.10.27-02.56.55:785][ 17]LogModuleManager: Shutting down and abandoning module ClothingSystemEditor (220)
[2017.10.27-02.56.55:785][ 17]LogModuleManager: Shutting down and abandoning module ClothingSystemRuntime (218)
[2017.10.27-02.56.55:785][ 17]LogModuleManager: Shutting down and abandoning module Overlay (216)
[2017.10.27-02.56.55:785][ 17]LogModuleManager: Shutting down and abandoning module OverlayEditor (215)
[2017.10.27-02.56.55:785][ 17]LogModuleManager: Shutting down and abandoning module MediaAssets (212)
[2017.10.27-02.56.55:785][ 17]LogModuleManager: Shutting down and abandoning module VREditor (210)
[2017.10.27-02.56.55:785][ 17]LogModuleManager: Shutting down and abandoning module StringTableEditor (208)
[2017.10.27-02.56.55:785][ 17]LogModuleManager: Shutting down and abandoning module GameplayTasksEditor (206)
[2017.10.27-02.56.55:785][ 17]LogModuleManager: Shutting down and abandoning module BehaviorTreeEditor (204)
[2017.10.27-02.56.55:785][ 17]LogModuleManager: Shutting down and abandoning module FunctionalTesting (202)
[2017.10.27-02.56.55:785][ 17]LogModuleManager: Shutting down and abandoning module CollisionAnalyzer (200)
[2017.10.27-02.56.55:785][ 17]LogModuleManager: Shutting down and abandoning module WorkspaceMenuStructure (199)
[2017.10.27-02.56.55:785][ 17]LogModuleManager: Shutting down and abandoning module UMG (196)
[2017.10.27-02.56.55:785][ 17]LogModuleManager: Shutting down and abandoning module UMGEditor (195)
[2017.10.27-02.56.55:785][ 17]LogModuleManager: Shutting down and abandoning module Sequencer (194)
[2017.10.27-02.56.55:785][ 17]LogModuleManager: Shutting down and abandoning module MessageLog (191)
[2017.10.27-02.56.55:785][ 17]LogModuleManager: Shutting down and abandoning module SlateReflector (186)
[2017.10.27-02.56.55:785][ 17]LogModuleManager: Shutting down and abandoning module Slate (184)
[2017.10.27-02.56.55:785][ 17]LogModuleManager: Shutting down and abandoning module EditorStyle (182)
[2017.10.27-02.56.55:788][ 17]LogModuleManager: Shutting down and abandoning module MRMesh (180)
[2017.10.27-02.56.55:788][ 17]LogModuleManager: Shutting down and abandoning module SourceCodeAccess (178)
[2017.10.27-02.56.55:788][ 17]LogModuleManager: Shutting down and abandoning module HeadMountedDisplay (176)
[2017.10.27-02.56.55:788][ 17]LogModuleManager: Shutting down and abandoning module XAudio2 (174)
[2017.10.27-02.56.55:788][ 17]LogModuleManager: Shutting down and abandoning module Networking (172)
[2017.10.27-02.56.55:788][ 17]LogModuleManager: Shutting down and abandoning module Core (168)
[2017.10.27-02.56.55:788][ 17]LogModuleManager: Shutting down and abandoning module KismetCompiler (164)
[2017.10.27-02.56.55:788][ 17]LogModuleManager: Shutting down and abandoning module LevelSequence (162)
[2017.10.27-02.56.55:788][ 17]LogModuleManager: Shutting down and abandoning module MeshUtilities (160)
[2017.10.27-02.56.55:788][ 17]LogModuleManager: Shutting down and abandoning module MeshMergeUtilities (159)
[2017.10.27-02.56.55:788][ 17]LogModuleManager: Shutting down and abandoning module MeshReductionInterface (158)
[2017.10.27-02.56.55:788][ 17]LogModuleManager: Shutting down and abandoning module SimplygonSwarm (157)
[2017.10.27-02.56.55:788][ 17]LogModuleManager: Shutting down and abandoning module SimplygonMeshReduction (155)
[2017.10.27-02.56.55:788][ 17]LogModuleManager: Shutting down and abandoning module QuadricMeshReduction (153)
[2017.10.27-02.56.55:788][ 17]LogModuleManager: Shutting down and abandoning module MaterialBaking (149)
[2017.10.27-02.56.55:788][ 17]LogModuleManager: Shutting down and abandoning module DirectoryWatcher (146)
[2017.10.27-02.56.55:788][ 17]LogModuleManager: Shutting down and abandoning module DerivedDataCache (144)
[2017.10.27-02.56.56:085][ 17]LogDerivedDataCache: Shutdown
[2017.10.27-02.56.56:086][ 17]LogModuleManager: Shutting down and abandoning module TargetPlatform (142)
[2017.10.27-02.56.56:086][ 17]LogModuleManager: Shutting down and abandoning module VulkanShaderFormat (141)
[2017.10.27-02.56.56:086][ 17]LogModuleManager: Shutting down and abandoning module ShaderFormatVectorVM (139)
[2017.10.27-02.56.56:086][ 17]LogModuleManager: Shutting down and abandoning module ShaderFormatOpenGL (137)
[2017.10.27-02.56.56:086][ 17]LogModuleManager: Shutting down and abandoning module ShaderFormatD3D (135)
[2017.10.27-02.56.56:086][ 17]LogModuleManager: Shutting down and abandoning module MetalShaderFormat (133)
[2017.10.27-02.56.56:086][ 17]LogModuleManager: Shutting down and abandoning module TextureFormatUncompressed (131)
[2017.10.27-02.56.56:086][ 17]LogModuleManager: Shutting down and abandoning module TextureFormatPVR (129)
[2017.10.27-02.56.56:086][ 17]LogModuleManager: Shutting down and abandoning module TextureFormatDXT (127)
[2017.10.27-02.56.56:086][ 17]LogModuleManager: Shutting down and abandoning module TextureFormatIntelISPCTexComp (125)
[2017.10.27-02.56.56:086][ 17]LogModuleManager: Shutting down and abandoning module TextureFormatASTC (123)
[2017.10.27-02.56.56:086][ 17]LogModuleManager: Shutting down and abandoning module ImageWrapper (122)
[2017.10.27-02.56.56:086][ 17]LogModuleManager: Shutting down and abandoning module TextureFormatAndroid (119)
[2017.10.27-02.56.56:086][ 17]LogModuleManager: Shutting down and abandoning module AudioFormatOpus (117)
[2017.10.27-02.56.56:086][ 17]LogModuleManager: Shutting down and abandoning module AudioFormatOgg (115)
[2017.10.27-02.56.56:086][ 17]LogModuleManager: Shutting down and abandoning module AudioFormatADPCM (113)
[2017.10.27-02.56.56:086][ 17]LogModuleManager: Shutting down and abandoning module LinuxTargetPlatform (111)
[2017.10.27-02.56.56:086][ 17]LogModuleManager: Shutting down and abandoning module LinuxServerTargetPlatform (109)
[2017.10.27-02.56.56:086][ 17]LogModuleManager: Shutting down and abandoning module LinuxNoEditorTargetPlatform (107)
[2017.10.27-02.56.56:086][ 17]LogModuleManager: Shutting down and abandoning module LinuxClientTargetPlatform (105)
[2017.10.27-02.56.56:086][ 17]LogModuleManager: Shutting down and abandoning module TVOSTargetPlatform (103)
[2017.10.27-02.56.56:086][ 17]LogModuleManager: Shutting down and abandoning module Messaging (101)
[2017.10.27-02.56.56:086][ 17]LogModuleManager: Shutting down and abandoning module IOSTargetPlatform (99)
[2017.10.27-02.56.56:086][ 17]LogModuleManager: Shutting down and abandoning module HTML5TargetPlatform (97)
[2017.10.27-02.56.56:086][ 17]LogModuleManager: Shutting down and abandoning module Android_PVRTCTargetPlatform (95)
[2017.10.27-02.56.56:086][ 17]LogModuleManager: Shutting down and abandoning module Android_MultiTargetPlatform (93)
[2017.10.27-02.56.56:086][ 17]LogModuleManager: Shutting down and abandoning module Android_ETC2TargetPlatform (91)
[2017.10.27-02.56.56:086][ 17]LogModuleManager: Shutting down and abandoning module Android_ETC1TargetPlatform (89)
[2017.10.27-02.56.56:086][ 17]LogModuleManager: Shutting down and abandoning module Android_DXTTargetPlatform (87)
[2017.10.27-02.56.56:086][ 17]LogModuleManager: Shutting down and abandoning module Android_ATCTargetPlatform (85)
[2017.10.27-02.56.56:086][ 17]LogModuleManager: Shutting down and abandoning module Android_ASTCTargetPlatform (83)
[2017.10.27-02.56.56:086][ 17]LogModuleManager: Shutting down and abandoning module AndroidTargetPlatform (81)
[2017.10.27-02.56.56:086][ 17]LogModuleManager: Shutting down and abandoning module WindowsTargetPlatform (79)
[2017.10.27-02.56.56:086][ 17]LogModuleManager: Shutting down and abandoning module WindowsServerTargetPlatform (77)
[2017.10.27-02.56.56:086][ 17]LogModuleManager: Shutting down and abandoning module WindowsNoEditorTargetPlatform (75)
[2017.10.27-02.56.56:086][ 17]LogModuleManager: Shutting down and abandoning module WindowsClientTargetPlatform (73)
[2017.10.27-02.56.56:086][ 17]LogModuleManager: Shutting down and abandoning module MacTargetPlatform (71)
[2017.10.27-02.56.56:086][ 17]LogModuleManager: Shutting down and abandoning module MacServerTargetPlatform (69)
[2017.10.27-02.56.56:086][ 17]LogModuleManager: Shutting down and abandoning module MacNoEditorTargetPlatform (67)
[2017.10.27-02.56.56:086][ 17]LogModuleManager: Shutting down and abandoning module MacClientTargetPlatform (65)
[2017.10.27-02.56.56:086][ 17]LogModuleManager: Shutting down and abandoning module AllDesktopTargetPlatform (63)
[2017.10.27-02.56.56:086][ 17]LogModuleManager: Shutting down and abandoning module InputCore (60)
[2017.10.27-02.56.56:086][ 17]LogModuleManager: Shutting down and abandoning module Settings (58)
[2017.10.27-02.56.56:086][ 17]LogModuleManager: Shutting down and abandoning module PhysXCooking (56)
[2017.10.27-02.56.56:087][ 17]LogModuleManager: Shutting down and abandoning module SteamVR (54)
[2017.10.27-02.56.56:087][ 17]LogModuleManager: Shutting down and abandoning module OculusHMD (52)
[2017.10.27-02.56.56:087][ 17]LogModuleManager: Shutting down and abandoning module ExampleDeviceProfileSelector (50)
[2017.10.27-02.56.56:087][ 17]LogModuleManager: Shutting down and abandoning module OnlineBlueprintSupport (48)
[2017.10.27-02.56.56:087][ 17]LogModuleManager: Shutting down and abandoning module OnlineSubsystem (44)
[2017.10.27-02.56.56:087][ 17]LogOnline: Display: Unloading online subsystem: NULL
[2017.10.27-02.56.56:087][ 17]LogModuleManager: Shutting down and abandoning module XMPP (43)
[2017.10.27-02.56.56:087][ 17]LogModuleManager: Shutting down and abandoning module HTTP (41)
[2017.10.27-02.56.56:087][ 17]LogHttp: Display: Http module shutting down, but needs to wait on 1 outstanding Http requests:
[2017.10.27-02.56.56:087][ 17]LogHttp: Display: 	verb=[POST] url=[https://datarouter.ol.epicgames.com/datarouter/api/v1/public/data?SessionID=%7B57854062-40D9-CB48-3209-6DB910528195%7D&AppID=UEEditor.Rocket.Release&AppVersion=4.17.2-3658906%2B%2B%2BUE4%2BRelease-4.17&UserID=f359a2854a4bf31c652028acfe9bdf5c%7C69991cd574cd4b0bbf3316bff9ecf212%7Cb88b0cd5-d09c-4407-83e7-70353c02f5b0&AppEnvironment=datacollector-binary&UploadType=eteventstream] status=Processing
[2017.10.27-02.56.56:104][ 17]LogModuleManager: Shutting down and abandoning module SSL (40)
[2017.10.27-02.56.56:105][ 17]LogModuleManager: Shutting down and abandoning module AnimationModifiers (36)
[2017.10.27-02.56.56:105][ 17]LogModuleManager: Shutting down and abandoning module PropertyEditor (35)
[2017.10.27-02.56.56:105][ 17]LogModuleManager: Shutting down and abandoning module AudioEditor (32)
[2017.10.27-02.56.56:105][ 17]LogModuleManager: Shutting down and abandoning module TextureCompressor (30)
[2017.10.27-02.56.56:105][ 17]LogModuleManager: Shutting down and abandoning module ShaderCore (28)
[2017.10.27-02.56.56:105][ 17]LogModuleManager: Shutting down and abandoning module Landscape (26)
[2017.10.27-02.56.56:105][ 17]LogModuleManager: Shutting down and abandoning module SlateRHIRenderer (24)
[2017.10.27-02.56.56:106][ 17]LogModuleManager: Shutting down and abandoning module OpenGLDrv (22)
[2017.10.27-02.56.56:106][ 17]LogModuleManager: Shutting down and abandoning module D3D11RHI (20)
[2017.10.27-02.56.56:106][ 17]LogModuleManager: Shutting down and abandoning module AnimGraphRuntime (18)
[2017.10.27-02.56.56:106][ 17]LogModuleManager: Shutting down and abandoning module Renderer (16)
[2017.10.27-02.56.56:106][ 17]LogModuleManager: Shutting down and abandoning module Engine (14)
[2017.10.27-02.56.56:106][ 17]LogModuleManager: Shutting down and abandoning module CoreUObject (12)
[2017.10.27-02.56.56:106][ 17]LogModuleManager: Shutting down and abandoning module NetworkFile (10)
[2017.10.27-02.56.56:106][ 17]LogModuleManager: Shutting down and abandoning module CookedIterativeFile (8)
[2017.10.27-02.56.56:106][ 17]LogModuleManager: Shutting down and abandoning module StreamingFile (6)
[2017.10.27-02.56.56:106][ 17]LogModuleManager: Shutting down and abandoning module SandboxFile (4)
[2017.10.27-02.56.56:106][ 17]LogModuleManager: Shutting down and abandoning module PakFile (2)
[2017.10.27-02.56.56:109][ 17]LogExit: Exiting.
[2017.10.27-02.56.56:135][ 17]Log file closed, 10/27/17 00:56:56
