Log file open, 10/26/17 16:55:23
LogWindows: Failed to load 'aqProf.dll' (GetLastError=126)
LogWindows: File 'aqProf.dll' does not exist
LogWindows: Failed to load 'VtuneApi.dll' (GetLastError=126)
LogWindows: File 'VtuneApi.dll' does not exist
LogWindows: Failed to load 'VtuneApi32e.dll' (GetLastError=126)
LogWindows: File 'VtuneApi32e.dll' does not exist
LogInit: Display: Running engine for game: MyPaper2D
LogPlatformFile: Not using cached read wrapper
LogInit: Display: RandInit(-244500505) SRandInit(-244500505).
LogTaskGraph: Started task graph with 5 named threads and 14 total threads with 3 sets of task threads.
LogStats: Stats thread started at 0.170959
LogD3D11RHI: Aftermath initialized
LogPluginManager: Mounting plugin Paper2D
LogPluginManager: Mounting plugin LightPropagationVolume
LogPluginManager: Mounting plugin CodeLiteSourceCodeAccess
LogPluginManager: Mounting plugin GitSourceControl
LogPluginManager: Mounting plugin KDevelopSourceCodeAccess
LogPluginManager: Mounting plugin NullSourceCodeAccess
LogPluginManager: Mounting plugin PerforceSourceControl
LogPluginManager: Mounting plugin SubversionSourceControl
LogPluginManager: Mounting plugin UObjectPlugin
LogPluginManager: Mounting plugin VisualStudioSourceCodeAccess
LogPluginManager: Mounting plugin XCodeSourceCodeAccess
LogPluginManager: Mounting plugin AssetManagerEditor
LogPluginManager: Mounting plugin AudioCapture
LogPluginManager: Mounting plugin FacialAnimation
LogPluginManager: Mounting plugin GameplayTagsEditor
LogPluginManager: Mounting plugin MobileLauncherProfileWizard
LogPluginManager: Mounting plugin PluginBrowser
LogPluginManager: Mounting plugin SpeedTreeImporter
LogPluginManager: Mounting plugin AlembicImporter
LogPluginManager: Mounting plugin CharacterAI
LogPluginManager: Mounting plugin HTML5Networking
LogPluginManager: Mounting plugin AndroidMedia
LogPluginManager: Mounting plugin AvfMedia
LogPluginManager: Mounting plugin MediaPlayerEditor
LogPluginManager: Mounting plugin WmfMedia
LogPluginManager: Mounting plugin TcpMessaging
LogPluginManager: Mounting plugin UdpMessaging
LogPluginManager: Mounting plugin LevelSequenceEditor
LogPluginManager: Mounting plugin MatineeToLevelSequence
LogPluginManager: Mounting plugin OnlineSubsystemGooglePlay
LogPluginManager: Mounting plugin OnlineSubsystemIOS
LogPluginManager: Mounting plugin OnlineSubsystem
LogPluginManager: Mounting plugin OnlineSubsystemNull
LogPluginManager: Mounting plugin OnlineSubsystemUtils
LogPluginManager: Mounting plugin AndroidDeviceProfileSelector
LogPluginManager: Mounting plugin AndroidMoviePlayer
LogPluginManager: Mounting plugin AndroidPermission
LogPluginManager: Mounting plugin AppleMoviePlayer
LogPluginManager: Mounting plugin ArchVisCharacter
LogPluginManager: Mounting plugin CableComponent
LogPluginManager: Mounting plugin CustomMeshComponent
LogPluginManager: Mounting plugin ExampleDeviceProfileSelector
LogPluginManager: Mounting plugin GoogleCloudMessaging
LogPluginManager: Mounting plugin ImmediatePhysics
LogPluginManager: Mounting plugin IOSDeviceProfileSelector
LogPluginManager: Mounting plugin LinuxDeviceProfileSelector
LogPluginManager: Mounting plugin LocationServicesBPLibrary
LogPluginManager: Mounting plugin MobilePatchingUtils
LogPluginManager: Mounting plugin OculusVR
LogPluginManager: Mounting plugin PhysXVehicles
LogPluginManager: Mounting plugin ProceduralMeshComponent
LogPluginManager: Mounting plugin RuntimePhysXCooking
LogPluginManager: Mounting plugin SteamVR
LogPluginManager: Mounting plugin WindowsMoviePlayer
LogInit: Using libcurl 7.47.1
LogInit:  - built for x86_64-pc-win32
LogInit:  - supports SSL with OpenSSL/1.0.2g
LogInit:  - supports HTTP deflate (compression) using libz 1.2.8
LogInit:  - other features:
LogInit:      CURL_VERSION_SSL
LogInit:      CURL_VERSION_LIBZ
LogInit:      CURL_VERSION_IPV6
LogInit:      CURL_VERSION_ASYNCHDNS
LogInit:      CURL_VERSION_LARGEFILE
LogInit:      CURL_VERSION_IDN
LogInit:  CurlRequestOptions (configurable via config and command line):
LogInit:  - bVerifyPeer = false  - Libcurl will NOT verify peer certificate
LogInit:  - bUseHttpProxy = false  - Libcurl will NOT use HTTP proxy
LogInit:  - bDontReuseConnections = false  - Libcurl will reuse connections
LogInit:  - CertBundlePath = nullptr  - Libcurl will use whatever was configured at build time.
LogInit: Build: ++UE4+Release-4.17-CL-3658906
LogInit: Engine Version: 4.17.2-3658906+++UE4+Release-4.17
LogInit: Compatible Engine Version: 4.17.0-3573198+++UE4+Release-4.17
LogInit: Net CL: 3573198
LogDevObjectVersion: Number of dev versions registered: 16
LogDevObjectVersion:   Dev-Blueprints (B0D832E4-1F89-4F0D-ACCF-7EB736FD4AA2): 10
LogDevObjectVersion:   Dev-Build (E1C64328-A22C-4D53-A36C-8E866417BD8C): 0
LogDevObjectVersion:   Dev-Core (375EC13C-06E4-48FB-B500-84F0262A717E): 2
LogDevObjectVersion:   Dev-Editor (E4B068ED-F494-42E9-A231-DA0B2E46BB41): 20
LogDevObjectVersion:   Dev-Framework (CFFC743F-43B0-4480-9391-14DF171D2073): 28
LogDevObjectVersion:   Dev-Mobile (B02B49B5-BB20-44E9-A304-32B752E40360): 0
LogDevObjectVersion:   Dev-Networking (A4E4105C-59A1-49B5-A7C5-40C4547EDFEE): 0
LogDevObjectVersion:   Dev-Online (39C831C9-5AE6-47DC-9A44-9C173E1C8E7C): 0
LogDevObjectVersion:   Dev-Physics (78F01B33-EBEA-4F98-B9B4-84EACCB95AA2): 0
LogDevObjectVersion:   Dev-Platform (6631380F-2D4D-43E0-8009-CF276956A95A): 0
LogDevObjectVersion:   Dev-Rendering (12F88B9F-8875-4AFC-A67C-D90C383ABD29): 19
LogDevObjectVersion:   Dev-Sequencer (7B5AE74C-D270-4C10-A958-57980B212A5A): 4
LogDevObjectVersion:   Dev-VR (D7296918-1DD6-4BDD-9DE2-64A83CC13884): 0
LogDevObjectVersion:   Dev-LoadTimes (C2A15278-BFE7-4AFE-6C17-90FF531DF755): 1
LogDevObjectVersion:   Private-Geometry (6EACA3D4-40EC-4CC1-B786-8BED09428FC5): 1
LogDevObjectVersion:   Dev-AnimPhys (29E575DD-E0A3-4627-9D10-D276232CDCEA): 7
LogInit: Compiled (64-bit): Sep 22 2017 13:47:16
LogInit: Compiled with Visual C++: 19.00.24215.01
LogInit: Build Configuration: Development
LogInit: Branch Name: ++UE4+Release-4.17
LogInit: Command line: -EpicPortal 
LogInit: Base directory: C:/Program Files/Epic Games/UE_4.17/Engine/Binaries/Win64/
LogInit: Installed Engine Build: 1
LogInit: Presizing for max 8388607 objects, including 0 objects not considered by GC, pre-allocating 0 bytes for permanent pool.
LogInit: Object subsystem initialized
[2017.10.26-18.55.24:182][  0]LogInit: Selected Device Profile: [Windows]
[2017.10.26-18.55.24:182][  0]LogInit: Applying CVar settings loaded from the selected device profile: [Windows]
[2017.10.26-18.55.24:223][  0]LogInit: Computer: FELIPPE
[2017.10.26-18.55.24:223][  0]LogInit: User: Felippe
[2017.10.26-18.55.24:223][  0]LogInit: CPU Page size=4096, Cores=4
[2017.10.26-18.55.24:223][  0]LogInit: High frequency timer resolution =3.117778 MHz
[2017.10.26-18.55.24:224][  0]LogMemory: Memory total: Physical=7.9GB (8GB approx)
[2017.10.26-18.55.24:224][  0]LogMemory: Platform Memory Stats for Windows
[2017.10.26-18.55.24:224][  0]LogMemory: Process Physical Memory: 278.66 MB used, 278.66 MB peak
[2017.10.26-18.55.24:224][  0]LogMemory: Process Virtual Memory: 274.00 MB used, 274.00 MB peak
[2017.10.26-18.55.24:224][  0]LogMemory: Physical Memory: 4243.54 MB used,  3823.59 MB free, 8067.13 MB total
[2017.10.26-18.55.24:224][  0]LogMemory: Virtual Memory: 668.18 MB used,  3823.59 MB free, 134217728.00 MB total
[2017.10.26-18.55.24:392][  0]LogInit: Using OS detected language (en-US).
[2017.10.26-18.55.24:392][  0]LogInit: Using OS detected locale (pt-BR).
[2017.10.26-18.55.24:441][  0]LogTextLocalizationManager: No specific localization for 'en-US' exists, so the 'en' localization will be used.
[2017.10.26-18.55.27:408][  0]LogD3D11RHI: D3D11 adapters:
[2017.10.26-18.55.28:059][  0]LogD3D11RHI:    0. 'NVIDIA GeForce GTX 960' (Feature Level 11_0)
[2017.10.26-18.55.28:059][  0]LogD3D11RHI:       2016/0/4033 MB DedicatedVideo/DedicatedSystem/SharedSystem, Outputs:1, VendorId:0x10de
[2017.10.26-18.55.28:065][  0]LogD3D11RHI:    1. 'Intel(R) HD Graphics 4600' (Feature Level 11_0)
[2017.10.26-18.55.28:065][  0]LogD3D11RHI:       112/0/2048 MB DedicatedVideo/DedicatedSystem/SharedSystem, Outputs:0, VendorId:0x8086
[2017.10.26-18.55.28:066][  0]LogD3D11RHI:    2. 'Microsoft Basic Render Driver' (Feature Level 11_0)
[2017.10.26-18.55.28:066][  0]LogD3D11RHI:       0/0/4033 MB DedicatedVideo/DedicatedSystem/SharedSystem, Outputs:0, VendorId:0x1414
[2017.10.26-18.55.28:066][  0]LogD3D11RHI: Chosen D3D11 Adapter: 0
[2017.10.26-18.55.28:071][  0]LogD3D11RHI: Creating new Direct3DDevice
[2017.10.26-18.55.28:071][  0]LogD3D11RHI:     GPU DeviceId: 0x1401 (for the marketing name, search the web for "GPU Device Id")
[2017.10.26-18.55.28:071][  0]LogWindows: EnumDisplayDevices:
[2017.10.26-18.55.28:071][  0]LogWindows:    0. 'NVIDIA GeForce GTX 960' (P:1 D:1)
[2017.10.26-18.55.28:071][  0]LogWindows:    1. 'NVIDIA GeForce GTX 960' (P:0 D:0)
[2017.10.26-18.55.28:072][  0]LogWindows:    2. 'NVIDIA GeForce GTX 960' (P:0 D:0)
[2017.10.26-18.55.28:072][  0]LogWindows:    3. 'NVIDIA GeForce GTX 960' (P:0 D:0)
[2017.10.26-18.55.28:072][  0]LogWindows:    4. 'Intel(R) HD Graphics 4600' (P:0 D:0)
[2017.10.26-18.55.28:072][  0]LogWindows:    5. 'Intel(R) HD Graphics 4600' (P:0 D:0)
[2017.10.26-18.55.28:072][  0]LogWindows:    6. 'Intel(R) HD Graphics 4600' (P:0 D:0)
[2017.10.26-18.55.28:072][  0]LogWindows: DebugString: PrimaryIsNotTheChoosenAdapter PrimaryIsNotTheChoosenAdapter PrimaryIsNotTheChoosenAdapter FoundDriverCount:4 
[2017.10.26-18.55.28:072][  0]LogD3D11RHI:     Adapter Name: NVIDIA GeForce GTX 960
[2017.10.26-18.55.28:072][  0]LogD3D11RHI:   Driver Version: 385.41 (internal:22.21.13.8541, unified:385.41)
[2017.10.26-18.55.28:072][  0]LogD3D11RHI:      Driver Date: 8-21-2017
[2017.10.26-18.55.28:072][  0]LogRHI: Texture pool is 1361 MB (70% of 1945 MB)
[2017.10.26-18.55.28:663][  0]LogD3D11RHI: Async texture creation enabled
[2017.10.26-18.55.28:794][  0]LogD3D11RHI: GPU Timing Frequency: 1000.000000 (Debug: 2 1)
[2017.10.26-18.55.28:796][  0]LogShaderCompilers: Guid format shader working directory is -23 characters bigger than the processId version (../../../../../../Users/Felippe/Desktop/New folder/MyPaper2D/MyPaper2D/Intermediate/Shaders/WorkingDirectory/12320/).
[2017.10.26-18.55.28:796][  0]LogShaderCompilers: Cleaned the shader compiler working directory 'C:/Users/Felippe/AppData/Local/Temp/UnrealShaderWorkingDir/DE922B4B4AE45BA9515770A27DAA97F6/'.
[2017.10.26-18.55.28:796][  0]LogShaderCompilers: Display: Using Local Shader Compiler.
[2017.10.26-18.55.30:926][  0]LogTemp: Display: Loaded TP AllDesktopTargetPlatform
[2017.10.26-18.55.30:980][  0]LogTemp: Display: Loaded TP MacClientTargetPlatform
[2017.10.26-18.55.31:033][  0]LogTemp: Display: Loaded TP MacNoEditorTargetPlatform
[2017.10.26-18.55.31:086][  0]LogTemp: Display: Loaded TP MacServerTargetPlatform
[2017.10.26-18.55.31:158][  0]LogTemp: Display: Loaded TP MacTargetPlatform
[2017.10.26-18.55.31:210][  0]LogTemp: Display: Loaded TP WindowsClientTargetPlatform
[2017.10.26-18.55.31:263][  0]LogTemp: Display: Loaded TP WindowsNoEditorTargetPlatform
[2017.10.26-18.55.31:316][  0]LogTemp: Display: Loaded TP WindowsServerTargetPlatform
[2017.10.26-18.55.31:364][  0]LogTemp: Display: Loaded TP WindowsTargetPlatform
[2017.10.26-18.55.31:433][  0]LogTemp: Display: Loaded TP AndroidTargetPlatform
[2017.10.26-18.55.31:484][  0]LogTemp: Display: Loaded TP Android_ASTCTargetPlatform
[2017.10.26-18.55.31:536][  0]LogTemp: Display: Loaded TP Android_ATCTargetPlatform
[2017.10.26-18.55.31:588][  0]LogTemp: Display: Loaded TP Android_DXTTargetPlatform
[2017.10.26-18.55.31:640][  0]LogTemp: Display: Loaded TP Android_ETC1TargetPlatform
[2017.10.26-18.55.31:692][  0]LogTemp: Display: Loaded TP Android_ETC2TargetPlatform
[2017.10.26-18.55.31:795][  0]LogTemp: Display: Loaded TP Android_MultiTargetPlatform
[2017.10.26-18.55.31:795][  0]LogTemp: Display: Loaded TP Android_PVRTCTargetPlatform
[2017.10.26-18.55.31:837][  0]LogTemp: Display: Loaded TP HTML5TargetPlatform
[2017.10.26-18.55.31:978][  0]LogTemp: Display: Loaded TP IOSTargetPlatform
[2017.10.26-18.55.32:009][  0]LogTemp: Display: Loaded TP TVOSTargetPlatform
[2017.10.26-18.55.32:063][  0]LogTemp: Display: Loaded TP LinuxClientTargetPlatform
[2017.10.26-18.55.32:116][  0]LogTemp: Display: Loaded TP LinuxNoEditorTargetPlatform
[2017.10.26-18.55.32:169][  0]LogTemp: Display: Loaded TP LinuxServerTargetPlatform
[2017.10.26-18.55.32:226][  0]LogTemp: Display: Loaded TP LinuxTargetPlatform
[2017.10.26-18.55.32:226][  0]LogTargetPlatformManager: Display: Building Assets For Windows
[2017.10.26-18.55.32:730][  0]LogDerivedDataCache: Display: Max Cache Size: 512 MB
[2017.10.26-18.55.33:013][  0]LogDerivedDataCache: Loaded boot cache 0.28s 93MB C:/Users/Felippe/AppData/Local/UnrealEngine/4.17/DerivedDataCache/Boot.ddc.
[2017.10.26-18.55.33:013][  0]LogDerivedDataCache: Display: Loaded Boot cache: C:/Users/Felippe/AppData/Local/UnrealEngine/4.17/DerivedDataCache/Boot.ddc
[2017.10.26-18.55.33:013][  0]LogDerivedDataCache: FDerivedDataBackendGraph:  Pak pak cache file ../../../../../../Users/Felippe/Desktop/New folder/MyPaper2D/MyPaper2D/DerivedDataCache/DDC.ddp not found, will not use a pak cache.
[2017.10.26-18.55.33:013][  0]LogDerivedDataCache: Unable to find inner node Pak for hierarchical cache Hierarchy.
[2017.10.26-18.55.33:013][  0]LogDerivedDataCache: FDerivedDataBackendGraph:  CompressedPak pak cache file ../../../../../../Users/Felippe/Desktop/New folder/MyPaper2D/MyPaper2D/DerivedDataCache/Compressed.ddp not found, will not use a pak cache.
[2017.10.26-18.55.33:013][  0]LogDerivedDataCache: Unable to find inner node CompressedPak for hierarchical cache Hierarchy.
[2017.10.26-18.55.33:030][  0]LogDerivedDataCache: Display: Pak cache opened for reading ../../../Engine/DerivedDataCache/Compressed.ddp.
[2017.10.26-18.55.33:042][  0]LogDerivedDataCache: Using Local data cache path C:/Users/Felippe/AppData/Local/UnrealEngine/Common/DerivedDataCache: Writable
[2017.10.26-18.55.33:052][  0]LogMaterial: Verifying Global Shaders for PCD3D_SM5
[2017.10.26-18.55.33:052][  0]LogSlate: Using Freetype 2.6.0
[2017.10.26-18.55.33:079][  0]LogSlate: SlateFontCache - WITH_FREETYPE: 1, WITH_HARFBUZZ: 1
[2017.10.26-18.55.33:079][  0]LogSlate: SlateFontCache - WITH_FREETYPE: 1, WITH_HARFBUZZ: 1
[2017.10.26-18.55.33:610][  0]LogAssetRegistry: FAssetRegistry took 0.0258 seconds to start up
[2017.10.26-18.55.33:732][  0]LogInit: Selected Device Profile: [Windows]
[2017.10.26-18.55.34:124][  0]LogSimplygon: Simplygon DLL not present - disabling.
[2017.10.26-18.55.34:168][  0]LogMeshReduction: Using SimplygonSwarm for distributed automatic mesh merging
[2017.10.26-18.55.34:168][  0]LogMeshReduction: Using QuadricMeshReduction for automatic static mesh reduction
[2017.10.26-18.55.34:168][  0]LogMeshReduction: No automatic skeletal mesh reduction module available
[2017.10.26-18.55.34:168][  0]LogMeshReduction: No automatic mesh merging module available
[2017.10.26-18.55.34:168][  0]LogMeshMerging: No automatic mesh merging module available
[2017.10.26-18.55.34:170][  0]LogContentStreaming: Texture pool size is 0.00 MB
[2017.10.26-18.55.34:622][  0]LogNetVersion: MyPaper2D , NetCL: 3573198, EngineNetVer: 2, GameNetVer: 0 (Checksum: 640952014)
[2017.10.26-18.55.34:845][  0]LogPackageLocalizationCache: Processed 5 localized package path(s) for 2 prioritized culture(s) in 0.045644 seconds
[2017.10.26-18.55.34:851][  0]LogUObjectArray: 35825 objects as part of root set at end of initial load.
[2017.10.26-18.55.34:851][  0]LogUObjectAllocator: 7529104 out of 0 bytes used by permanent object pool.
[2017.10.26-18.55.34:851][  0]LogUObjectArray: CloseDisregardForGC: 0/0 objects in disregard for GC pool
[2017.10.26-18.55.34:916][  0]LogInit: WinSock: version 1.1 (2.2), MaxSocks=32767, MaxUdp=65467
[2017.10.26-18.55.45:768][  0]LogTcpMessaging: Initializing TcpMessaging bridge
[2017.10.26-18.55.45:812][  0]LogUdpMessaging: Initializing bridge on interface 0.0.0.0:0 to multicast group 230.0.0.1:6666.
[2017.10.26-18.55.46:932][  0]LogMaterial: Uniform references updated for custom material expression Custom.
[2017.10.26-18.55.47:370][  0]SourceControl: Source control is disabled
[2017.10.26-18.55.47:370][  0]SourceControl: Source control is disabled
[2017.10.26-18.55.47:424][  0]SourceControl: Source control is disabled
[2017.10.26-18.55.47:478][  0]SourceControl: Source control is disabled
[2017.10.26-18.55.48:204][  0]LogAndroidPermission: UAndroidPermissionCallbackProxy::GetInstance
[2017.10.26-18.55.48:469][  0]LogOcInput: OculusInput pre-init called
[2017.10.26-18.55.48:749][  0]LogEngine: Initializing Engine...
[2017.10.26-18.55.48:751][  0]LogHMD: Failed to initialize OpenVR with code 110
[2017.10.26-18.55.48:976][  0]LogStats: UGameplayTagsManager::ConstructGameplayTagTree: Construct from data asset -  0.000 s
[2017.10.26-18.55.48:976][  0]LogStats: UGameplayTagsManager::ConstructGameplayTagTree: GameplayTagTreeChangedEvent.Broadcast -  0.000 s
[2017.10.26-18.55.49:112][  0]LogAIModule: Creating AISystem for world Untitled
[2017.10.26-18.55.49:124][  0]LogInit: XAudio2 using 'Realtek Digital Output(Optical) (Realtek High Definition Audio)' : 2 channels at 48 kHz using 16 bits per sample (channel mask 0x3)
[2017.10.26-18.55.49:149][  0]LogInit: FAudioDevice initialized.
[2017.10.26-18.55.49:309][  0]LogDerivedDataCache: Saved boot cache 0.16s 93MB C:/Users/Felippe/AppData/Local/UnrealEngine/4.17/DerivedDataCache/Boot.ddc.
[2017.10.26-18.55.49:324][  0]LogInit: Texture streaming: Enabled
[2017.10.26-18.55.49:445][  0]LogEngineSessionManager: EngineSessionManager initialized
[2017.10.26-18.55.49:716][  0]LogInit: Transaction tracking system initialized
[2017.10.26-18.55.50:044][  0]BlueprintLog: New page: Editor Load
[2017.10.26-18.55.50:994][  0]LocalizationService: Localization service is disabled
[2017.10.26-18.55.51:820][  0]LogConsoleResponse: Display: 
[2017.10.26-18.55.51:998][  0]LogCook: Display: Max memory allowance for cook 16384mb min free memory 0mb
[2017.10.26-18.55.51:998][  0]LogCook: Display: Mobile HDR setting 1
[2017.10.26-18.55.51:998][  0]LogGameplayTags: Display: UGameplayTagsManager::DoneAddingNativeTags. DelegateIsBound: 0
[2017.10.26-18.55.52:029][  0]LogFileCache: Scanning file cache for directory 'C:/Users/Felippe/Desktop/New folder/MyPaper2D/MyPaper2D/Content/' took 0.01s
[2017.10.26-18.55.53:226][  0]SourceControl: Source control is disabled
[2017.10.26-18.55.53:227][  0]Cmd: MAP LOAD FILE="../../../../../../Users/Felippe/Desktop/New folder/MyPaper2D/MyPaper2D/Content/My2DMap.umap" TEMPLATE=0 SHOWPROGRESS=1 FEATURELEVEL=3
[2017.10.26-18.55.53:227][  0]LightingResults: New page: Lighting Build
[2017.10.26-18.55.53:271][  0]MapCheck: New page: Map Check
[2017.10.26-18.55.53:271][  0]LightingResults: New page: Lighting Build
[2017.10.26-18.55.53:553][  0]LogTexture: Display: Building textures: 2DBackground (AutoDXT, 512X512)
[2017.10.26-18.55.53:553][  0]LogTexture: Display: Building textures: 2DBackgroundBlockAtlas (AutoDXT, 1024X1024)
[2017.10.26-18.55.53:553][  0]LogTexture: Display: Building textures: Run (AutoDXT, 1024X1024)
[2017.10.26-18.55.54:203][  0]LogTexture: Display: Building textures: PrototypeTexture (AutoDXT, 256X256)
[2017.10.26-18.55.54:203][  0]LogTexture: Display: Building textures: CharacterJumping (AutoDXT, 256X256)
[2017.10.26-18.55.54:203][  0]LogTexture: Display: Building textures: Idle_ (AutoDXT, 1024X1024)
[2017.10.26-18.55.54:203][  0]LogTexture: Display: Building textures: Dash (AutoDXT, 256X256)
[2017.10.26-18.55.54:203][  0]LogTexture: Display: Building textures: CanonBlue (BGRA8, 181X181)
[2017.10.26-18.55.54:203][  0]LogTexture: Display: Building textures: 2DInkBulletBigBlue (AutoDXT, 32X32)
[2017.10.26-18.55.54:203][  0]LogMaterial: Missing cached shader map for material LevelPrototype, compiling. 
[2017.10.26-18.55.54:449][  0]LogAIModule: Creating AISystem for world My2DMap
[2017.10.26-18.55.54:455][  0]LogEditorServer: Finished looking for orphan Actors (0.000 secs)
[2017.10.26-18.55.54:468][  0]Cmd: MAP CHECKDEP NOCLEARLOG
[2017.10.26-18.55.54:532][  0]MapCheck: Map check complete: 0 Error(s), 0 Warning(s), took 64,537ms to complete.
[2017.10.26-18.55.54:532][  0]LogFileHelpers: Loading map 'My2DMap' took 1.306
[2017.10.26-18.55.54:779][  0]LogCollectionManager: Loaded 0 collections in 0.001173 seconds
[2017.10.26-18.55.54:865][  0]LogFileCache: Scanning file cache for directory 'C:/Users/Felippe/Desktop/New folder/MyPaper2D/MyPaper2D/Saved/Collections/' took 0.01s
[2017.10.26-18.55.54:865][  0]LogFileCache: Scanning file cache for directory 'C:/Users/Felippe/Desktop/New folder/MyPaper2D/MyPaper2D/Content/Developers/Felippe/Collections/' took 0.01s
[2017.10.26-18.55.54:865][  0]LogFileCache: Scanning file cache for directory 'C:/Users/Felippe/Desktop/New folder/MyPaper2D/MyPaper2D/Content/Collections/' took 0.01s
[2017.10.26-18.55.54:865][  0]LogCollectionManager: Rebuilt the GUID cache for 0 collections in 0.000001 seconds
[2017.10.26-18.55.54:874][  0]LogContentBrowser: Native class hierarchy populated in 0.0091 seconds. Added 2386 classes and 500 folders.
[2017.10.26-18.55.54:949][  0]LogContentBrowser: Native class hierarchy updated for 'WidgetCarousel' in 0.0006 seconds. Added 0 classes and 0 folders.
[2017.10.26-18.55.55:533][  0]LogContentBrowser: Native class hierarchy updated for 'AddContentDialog' in 0.0007 seconds. Added 0 classes and 0 folders.
[2017.10.26-18.55.55:681][  0]LogContentBrowser: Native class hierarchy updated for 'SceneOutliner' in 0.0007 seconds. Added 1 classes and 2 folders.
[2017.10.26-18.55.55:706][  0]LogSlate: Took 0.000282 seconds to synchronously load lazily loaded font '../../../Engine/Content/Slate/Fonts/Roboto-Regular.ttf' (155K)
[2017.10.26-18.55.55:708][  0]LogSlate: Took 0.000183 seconds to synchronously load lazily loaded font '../../../Engine/Content/Slate/Fonts/Roboto-Bold.ttf' (160K)
[2017.10.26-18.55.55:730][  0]LogSlate: Took 0.020571 seconds to synchronously load lazily loaded font '../../../Engine/Content/Editor/Slate/Fonts/FontAwesome.ttf' (139K)
[2017.10.26-18.55.55:781][  0]LogSlate: Took 0.000176 seconds to synchronously load lazily loaded font '../../../Engine/Content/Slate/Fonts/Roboto-Light.ttf' (159K)
[2017.10.26-18.55.55:851][  0]LogRenderer: Reallocating scene render targets to support 808x784 Format 9 NumSamples 1 (Frame:1).
[2017.10.26-18.55.56:287][  0]LogContentBrowser: Native class hierarchy updated for 'HierarchicalLODOutliner' in 0.0007 seconds. Added 1 classes and 2 folders.
[2017.10.26-18.55.56:288][  0]LogLoad: (Engine Initialization) Total time: 34.45 seconds
[2017.10.26-18.55.56:288][  0]LogLoad: (Engine Initialization) Total Blueprint compile time: 0.00 seconds
[2017.10.26-18.55.56:288][  0]LogExternalProfiler: Found external profiler: VSPerf
[2017.10.26-18.55.56:288][  0]LogExternalProfiler: Using external profiler: VSPerf
[2017.10.26-18.55.56:317][  0]LogContentStreaming: Texture pool size now 800 MB
[2017.10.26-18.55.56:396][  1]LogAssetRegistry: Asset discovery search completed in 22.8076 seconds
[2017.10.26-18.55.56:398][  1]LogCollectionManager: Rebuilt the object cache for 0 collections in 0.000001 seconds (found 0 objects)
[2017.10.26-18.55.56:398][  1]LogCollectionManager: Fixed up redirectors for 0 collections in 0.000048 seconds (updated 0 objects)
[2017.10.26-18.58.00:511][788]LogTemp: Repeating last play command: Selected Viewport
[2017.10.26-18.58.00:598][788]LogPlayLevel: PlayLevel: No blueprints needed recompiling
[2017.10.26-18.58.00:598][788]PIE: New page: PIE session: My2DMap (26/10/2017 14:58:00)
[2017.10.26-18.58.00:598][788]LogPlayLevel: Creating play world package: /Game/UEDPIE_0_My2DMap
[2017.10.26-18.58.00:619][788]LogPlayLevel: PIE: StaticDuplicateObject took: (0.020381s)
[2017.10.26-18.58.00:619][788]LogAIModule: Creating AISystem for world My2DMap
[2017.10.26-18.58.00:620][788]LogPlayLevel: PIE: World Init took: (0.000911s)
[2017.10.26-18.58.00:620][788]LogPlayLevel: PIE: Created PIE world by copying editor world from /Game/My2DMap.My2DMap to /Game/UEDPIE_0_My2DMap.My2DMap (0.021618s)
[2017.10.26-18.58.00:635][788]LogInit: XAudio2 using 'Realtek Digital Output(Optical) (Realtek High Definition Audio)' : 2 channels at 48 kHz using 16 bits per sample (channel mask 0x3)
[2017.10.26-18.58.00:647][788]LogInit: FAudioDevice initialized.
[2017.10.26-18.58.00:690][788]LogLoad: Game class is '2DGame_C'
[2017.10.26-18.58.00:693][788]LogWorld: Bringing World /Game/UEDPIE_0_My2DMap.My2DMap up for play (max tick rate 0) at 2017.10.26-16.58.00
[2017.10.26-18.58.00:719][788]LogWorld: Bringing up level for play took: 0.027349
[2017.10.26-18.58.00:768][788]LogContentBrowser: Native class hierarchy updated for 'MovieSceneCapture' in 0.0007 seconds. Added 11 classes and 0 folders.
[2017.10.26-18.58.00:790][788]PIE: Play in editor start time for /Game/UEDPIE_0_My2DMap 0,122
[2017.10.26-18.58.19:781][  5]LogEditorViewport: Clicking on Actor (LMB): PaperSpriteActor (2DBackground_Sprite)
[2017.10.26-18.59.45:145][101]LogEditorViewport: Clicking on Actor (LMB): PaperSpriteActor (Plataform)
[2017.10.26-18.59.48:977][502]LogEditorViewport: Clicking Background
[2017.10.26-18.59.49:397][551]LogEditorViewport: Clicking on Actor (LMB): PaperSpriteActor (PrototypeTexture_Sprite)
[2017.10.26-18.59.49:424][551]LogEditorViewport: Clicking on Component (LMB): PaperSpriteComponent (RenderComponent)
[2017.10.26-18.59.50:014][615]LogEditorViewport: Clicking Background
[2017.10.26-18.59.53:965][ 75]LogEditorViewport: Clicking on Actor (LMB): AtmosphericFog (Atmospheric Fog)
[2017.10.26-18.59.55:686][274]LogEditorViewport: Clicking on Actor (LMB): PaperSpriteActor (Plataform)
[2017.10.26-18.59.58:555][613]LogEditorViewport: Clicking on Actor (LMB): PaperSpriteActor (PrototypeTexture_Sprite2)
[2017.10.26-19.00.02:117][ 35]LogEditorViewport: Clicking Background
[2017.10.26-19.00.03:449][193]LogEditorViewport: Clicking on Actor (LMB): PaperSpriteActor (2DBackground_Sprite)
[2017.10.26-19.00.04:546][320]LogEditorViewport: Clicking on Actor (LMB): DirectionalLight (Light Source)
[2017.10.26-19.00.06:183][505]LogEditorViewport: Clicking on Actor (LMB): PaperSpriteActor (PrototypeTexture_Sprite)
[2017.10.26-19.00.10:623][ 26]LogEditorViewport: Clicking Background
[2017.10.26-19.00.13:772][399]LogEditorViewport: Clicking on Actor (CTRL LMB): PaperSpriteActor (Plataform2)
[2017.10.26-19.00.14:449][477]LogEditorViewport: Clicking on Actor (CTRL LMB): PaperSpriteActor (PrototypeTexture_Sprite3)
[2017.10.26-19.00.51:731][412]Cmd: TRANSACTION UNDO
[2017.10.26-19.00.51:731][412]LogEditorTransaction: Undo Marquee Select
[2017.10.26-19.00.51:818][412]LogSlate: Took 0.000315 seconds to synchronously load lazily loaded font '../../../Engine/Content/Slate/Fonts/Roboto-Light.ttf' (159K)
[2017.10.26-19.00.53:530][512]Cmd: TRANSACTION UNDO
[2017.10.26-19.00.53:530][512]LogEditorTransaction: Undo Scale Actors
[2017.10.26-19.01.19:372][361]LogEditorViewport: Clicking on Actor (LMB): PaperTileMapActor (TileMap)
[2017.10.26-19.01.29:068][507]LogEditorViewport: Clicking Background
[2017.10.26-19.01.33:660][806]LogPlayLevel: PlayLevel: No blueprints needed recompiling
[2017.10.26-19.01.33:660][806]PIE: New page: PIE session: My2DMap (26/10/2017 15:01:33)
[2017.10.26-19.01.33:660][806]LogPlayLevel: Creating play world package: /Game/UEDPIE_0_My2DMap
[2017.10.26-19.01.33:663][806]LogPlayLevel: PIE: StaticDuplicateObject took: (0.002506s)
[2017.10.26-19.01.33:664][806]LogAIModule: Creating AISystem for world My2DMap
[2017.10.26-19.01.33:664][806]LogPlayLevel: PIE: World Init took: (0.001058s)
[2017.10.26-19.01.33:664][806]LogPlayLevel: PIE: Created PIE world by copying editor world from /Game/My2DMap.My2DMap to /Game/UEDPIE_0_My2DMap.My2DMap (0.003918s)
[2017.10.26-19.01.33:681][806]LogInit: XAudio2 using 'Realtek Digital Output(Optical) (Realtek High Definition Audio)' : 2 channels at 48 kHz using 16 bits per sample (channel mask 0x3)
[2017.10.26-19.01.33:693][806]LogInit: FAudioDevice initialized.
[2017.10.26-19.01.33:735][806]LogLoad: Game class is '2DGame_C'
[2017.10.26-19.01.33:739][806]LogWorld: Bringing World /Game/UEDPIE_0_My2DMap.My2DMap up for play (max tick rate 0) at 2017.10.26-17.01.33
[2017.10.26-19.01.33:740][806]LogWorld: Bringing up level for play took: 0.003801
[2017.10.26-19.01.33:745][806]PIE: Play in editor start time for /Game/UEDPIE_0_My2DMap 1,076
[2017.10.26-19.01.33:776][806]LogRenderer: Reallocating scene render targets to support 1124x784 Format 9 NumSamples 1 (Frame:1).
[2017.10.26-19.01.45:657][670]LogSlate: Took 0.000201 seconds to synchronously load lazily loaded font '../../../Engine/Content/Slate/Fonts/Roboto-Light.ttf' (159K)
[2017.10.26-19.01.45:761][670]LogSlate: Took 0.033286 seconds to synchronously load lazily loaded font '../../../Engine/Content/Editor/Slate/Fonts/Roboto-BoldCondensed.ttf' (158K)
[2017.10.26-19.01.56:185][173]LogEditorViewport: Clicking on Actor (LMB): PaperTileMapActor (TileMap)
[2017.10.26-19.01.58:604][418]LogSlate: Took 0.004566 seconds to synchronously load lazily loaded font '../../../Engine/Content/Editor/Slate/Fonts/Roboto-Italic.ttf' (157K)
[2017.10.26-19.02.00:310][618]LogEditorViewport: Clicking Background
[2017.10.26-19.02.00:329][619]LogEditorViewport: Clicking Background
[2017.10.26-19.02.01:087][710]LogEditorViewport: Clicking on Actor (LMB): PaperSpriteActor (BG_Sprite)
[2017.10.26-19.02.04:189][ 75]LogEditorViewport: Clicking on Actor (CTRL LMB): PaperTileMapActor (TileMap)
[2017.10.26-19.02.11:732][911]LogEditorViewport: Clicking Background
[2017.10.26-19.02.12:775][ 13]LogTemp: Repeating last play command: New Editor Window (PIE)
[2017.10.26-19.02.12:803][ 13]LogPlayLevel: PlayLevel: No blueprints needed recompiling
[2017.10.26-19.02.12:804][ 13]PIE: New page: PIE session: My2DMap (26/10/2017 15:02:12)
[2017.10.26-19.02.12:804][ 13]LogPlayLevel: Creating play world package: /Game/UEDPIE_0_My2DMap
[2017.10.26-19.02.12:806][ 13]LogPlayLevel: PIE: StaticDuplicateObject took: (0.002222s)
[2017.10.26-19.02.12:807][ 13]LogAIModule: Creating AISystem for world My2DMap
[2017.10.26-19.02.12:807][ 13]LogPlayLevel: PIE: World Init took: (0.000899s)
[2017.10.26-19.02.12:807][ 13]LogPlayLevel: PIE: Created PIE world by copying editor world from /Game/My2DMap.My2DMap to /Game/UEDPIE_0_My2DMap.My2DMap (0.003422s)
[2017.10.26-19.02.12:823][ 13]LogInit: XAudio2 using 'Realtek Digital Output(Optical) (Realtek High Definition Audio)' : 2 channels at 48 kHz using 16 bits per sample (channel mask 0x3)
[2017.10.26-19.02.12:832][ 13]LogInit: FAudioDevice initialized.
[2017.10.26-19.02.12:875][ 13]LogLoad: Game class is '2DGame_C'
[2017.10.26-19.02.12:878][ 13]LogWorld: Bringing World /Game/UEDPIE_0_My2DMap.My2DMap up for play (max tick rate 0) at 2017.10.26-17.02.12
[2017.10.26-19.02.12:879][ 13]LogWorld: Bringing up level for play took: 0.003535
[2017.10.26-19.02.12:885][ 13]PIE: Play in editor start time for /Game/UEDPIE_0_My2DMap 0,216
[2017.10.26-19.03.30:256][118]LogTemp: Repeating last play command: New Editor Window (PIE)
[2017.10.26-19.03.30:279][118]LogPlayLevel: PlayLevel: No blueprints needed recompiling
[2017.10.26-19.03.30:279][118]PIE: New page: PIE session: My2DMap (26/10/2017 15:03:30)
[2017.10.26-19.03.30:279][118]LogPlayLevel: Creating play world package: /Game/UEDPIE_0_My2DMap
[2017.10.26-19.03.30:282][118]LogPlayLevel: PIE: StaticDuplicateObject took: (0.002451s)
[2017.10.26-19.03.30:283][118]LogAIModule: Creating AISystem for world My2DMap
[2017.10.26-19.03.30:283][118]LogPlayLevel: PIE: World Init took: (0.001311s)
[2017.10.26-19.03.30:283][118]LogPlayLevel: PIE: Created PIE world by copying editor world from /Game/My2DMap.My2DMap to /Game/UEDPIE_0_My2DMap.My2DMap (0.004032s)
[2017.10.26-19.03.30:299][118]LogInit: XAudio2 using 'Realtek Digital Output(Optical) (Realtek High Definition Audio)' : 2 channels at 48 kHz using 16 bits per sample (channel mask 0x3)
[2017.10.26-19.03.30:310][118]LogInit: FAudioDevice initialized.
[2017.10.26-19.03.30:352][118]LogLoad: Game class is '2DGame_C'
[2017.10.26-19.03.30:356][118]LogWorld: Bringing World /Game/UEDPIE_0_My2DMap.My2DMap up for play (max tick rate 0) at 2017.10.26-17.03.30
[2017.10.26-19.03.30:357][118]LogWorld: Bringing up level for play took: 0.003795
[2017.10.26-19.03.30:362][118]PIE: Play in editor start time for /Game/UEDPIE_0_My2DMap -0,306
[2017.10.26-19.03.43:530][886]Cmd: OBJ SAVEPACKAGE PACKAGE="/Game/My2DMap" FILE="../../../../../../Users/Felippe/Desktop/New folder/MyPaper2D/MyPaper2D/Content/My2DMap.umap" SILENT=true AUTOSAVING=false KEEPDIRTY=false
[2017.10.26-19.03.43:635][886]LogSavePackage: Save=67.35ms
[2017.10.26-19.03.43:635][886]LogSavePackage: Moving '../../../../../../Users/Felippe/Desktop/New folder/MyPaper2D/MyPaper2D/Saved/My2DMap1AFE896748E061590470BD8469E54505.tmp' to '../../../../../../Users/Felippe/Desktop/New folder/MyPaper2D/MyPaper2D/Content/My2DMap.umap'
[2017.10.26-19.03.43:643][886]LogSavePackage: Display: Finished SavePackage ../../../../../../Users/Felippe/Desktop/New folder/MyPaper2D/MyPaper2D/Content/My2DMap.umap
[2017.10.26-19.03.43:745][886]LogFileHelpers: Saving map 'My2DMap' took 0.297
[2017.10.26-19.03.46:243][ 42]LogUProjectInfo: Found projects:
[2017.10.26-19.03.50:510][269]Cmd: CLOSE_SLATE_MAINFRAME
[2017.10.26-19.03.50:829][270]Cmd: QUIT_EDITOR
[2017.10.26-19.03.51:271][270]LogWindowsTextInputMethodSystem: Display: IME system now deactivated.
[2017.10.26-19.03.51:287][270]LogExit: Preparing to exit.
[2017.10.26-19.03.52:108][270]LogDirectoryWatcher: A directory notification for 'C:/Users/Felippe/Desktop/New folder/MyPaper2D/MyPaper2D/Content/' was aborted.
[2017.10.26-19.03.52:128][270]LogExit: Editor shut down
[2017.10.26-19.03.52:132][270]LogExit: Transaction tracking system shut down
[2017.10.26-19.03.52:315][270]LogDirectoryWatcher: A directory notification for '../../../Engine/Content/' was aborted.
[2017.10.26-19.03.52:315][270]LogDirectoryWatcher: A directory notification for '../../../../../../Users/Felippe/Desktop/New folder/MyPaper2D/MyPaper2D/Content/' was aborted.
[2017.10.26-19.03.52:315][270]LogDirectoryWatcher: A directory notification for '../../../Engine/Plugins/2D/Paper2D/Content/' was aborted.
[2017.10.26-19.03.52:315][270]LogDirectoryWatcher: A directory notification for '../../../Engine/Plugins/Runtime/Oculus/OculusVR/Content/' was aborted.
[2017.10.26-19.03.52:315][270]LogDirectoryWatcher: A directory notification for '../../../Engine/Plugins/Runtime/Steam/SteamVR/Content/' was aborted.
[2017.10.26-19.03.52:363][270]LogExit: Object subsystem successfully closed.
[2017.10.26-19.03.52:381][270]LogD3D11RHI: Shutdown
[2017.10.26-19.03.52:381][270]LogD3D11RHI: CleanupD3DDevice
[2017.10.26-19.03.52:488][270]LogD3D11RHI: ~FD3D11DynamicRHI
[2017.10.26-19.03.52:509][270]LogModuleManager: Shutting down and abandoning module MovieSceneCapture (532)
[2017.10.26-19.03.52:509][270]LogModuleManager: Shutting down and abandoning module HierarchicalLODOutliner (530)
[2017.10.26-19.03.52:509][270]LogModuleManager: Shutting down and abandoning module SceneOutliner (528)
[2017.10.26-19.03.52:509][270]LogModuleManager: Shutting down and abandoning module AddContentDialog (526)
[2017.10.26-19.03.52:509][270]LogDirectoryWatcher: A directory notification for 'C:/Program Files/Epic Games/UE_4.17/FeaturePacks/' was aborted.
[2017.10.26-19.03.52:510][270]LogModuleManager: Shutting down and abandoning module WidgetCarousel (525)
[2017.10.26-19.03.52:510][270]LogModuleManager: Shutting down and abandoning module EditorWidgets (522)
[2017.10.26-19.03.52:510][270]LogModuleManager: Shutting down and abandoning module CollectionManager (520)
[2017.10.26-19.03.52:510][270]LogDirectoryWatcher: A directory notification for 'C:/Users/Felippe/Desktop/New folder/MyPaper2D/MyPaper2D/Content/Collections/' was aborted.
[2017.10.26-19.03.52:510][270]LogDirectoryWatcher: A directory notification for 'C:/Users/Felippe/Desktop/New folder/MyPaper2D/MyPaper2D/Content/Developers/Felippe/Collections/' was aborted.
[2017.10.26-19.03.52:510][270]LogDirectoryWatcher: A directory notification for 'C:/Users/Felippe/Desktop/New folder/MyPaper2D/MyPaper2D/Saved/Collections/' was aborted.
[2017.10.26-19.03.52:510][270]LogModuleManager: Shutting down and abandoning module StatsViewer (518)
[2017.10.26-19.03.52:510][270]LogModuleManager: Shutting down and abandoning module FoliageEdit (516)
[2017.10.26-19.03.52:510][270]LogModuleManager: Shutting down and abandoning module LandscapeEditor (514)
[2017.10.26-19.03.52:510][270]LogModuleManager: Shutting down and abandoning module MeshPaintMode (512)
[2017.10.26-19.03.52:510][270]LogModuleManager: Shutting down and abandoning module SceneDepthPickerMode (510)
[2017.10.26-19.03.52:510][270]LogModuleManager: Shutting down and abandoning module ActorPickerMode (508)
[2017.10.26-19.03.52:510][270]LogModuleManager: Shutting down and abandoning module GeometryMode (506)
[2017.10.26-19.03.52:510][270]LogModuleManager: Shutting down and abandoning module TextureAlignMode (504)
[2017.10.26-19.03.52:510][270]LogModuleManager: Shutting down and abandoning module BspMode (502)
[2017.10.26-19.03.52:510][270]LogModuleManager: Shutting down and abandoning module PIEPreviewDeviceProfileSelector (500)
[2017.10.26-19.03.52:510][270]LogModuleManager: Shutting down and abandoning module HardwareSurvey (498)
[2017.10.26-19.03.52:510][270]LogModuleManager: Shutting down and abandoning module SequenceRecorderSections (496)
[2017.10.26-19.03.52:510][270]LogModuleManager: Shutting down and abandoning module AutomationWorker (494)
[2017.10.26-19.03.52:510][270]LogModuleManager: Shutting down and abandoning module MatineeToLevelSequence (492)
[2017.10.26-19.03.52:510][270]LogModuleManager: Shutting down and abandoning module LevelSequenceEditor (490)
[2017.10.26-19.03.52:511][270]LogModuleManager: Shutting down and abandoning module PlacementMode (489)
[2017.10.26-19.03.52:511][270]LogModuleManager: Shutting down and abandoning module WmfMediaFactory (486)
[2017.10.26-19.03.52:511][270]LogModuleManager: Shutting down and abandoning module WmfMediaEditor (484)
[2017.10.26-19.03.52:511][270]LogModuleManager: Shutting down and abandoning module AvfMediaFactory (482)
[2017.10.26-19.03.52:511][270]LogModuleManager: Shutting down and abandoning module AvfMediaEditor (480)
[2017.10.26-19.03.52:511][270]LogModuleManager: Shutting down and abandoning module AndroidMediaFactory (478)
[2017.10.26-19.03.52:511][270]LogModuleManager: Shutting down and abandoning module Media (477)
[2017.10.26-19.03.52:511][270]LogModuleManager: Shutting down and abandoning module AndroidMediaEditor (474)
[2017.10.26-19.03.52:511][270]LogModuleManager: Shutting down and abandoning module CharacterAI (472)
[2017.10.26-19.03.52:511][270]LogModuleManager: Shutting down and abandoning module AudioCapture (470)
[2017.10.26-19.03.52:511][270]LogModuleManager: Shutting down and abandoning module SequenceRecorder (469)
[2017.10.26-19.03.52:511][270]LogModuleManager: Shutting down and abandoning module SmartSnapping (466)
[2017.10.26-19.03.52:511][270]LogModuleManager: Shutting down and abandoning module SessionServices (464)
[2017.10.26-19.03.52:511][270]LogModuleManager: Shutting down and abandoning module ViewportSnapping (462)
[2017.10.26-19.03.52:511][270]LogModuleManager: Shutting down and abandoning module ViewportInteraction (460)
[2017.10.26-19.03.52:511][270]LogModuleManager: Shutting down and abandoning module ClothPainter (458)
[2017.10.26-19.03.52:511][270]LogModuleManager: Shutting down and abandoning module LogVisualizer (456)
[2017.10.26-19.03.52:511][270]LogModuleManager: Shutting down and abandoning module IntroTutorials (454)
[2017.10.26-19.03.52:511][270]LogModuleManager: Shutting down and abandoning module GameProjectGeneration (453)
[2017.10.26-19.03.52:511][270]LogModuleManager: Shutting down and abandoning module IOSPlatformEditor (450)
[2017.10.26-19.03.52:511][270]LogModuleManager: Shutting down and abandoning module HTML5PlatformEditor (448)
[2017.10.26-19.03.52:511][270]LogModuleManager: Shutting down and abandoning module AndroidPlatformEditor (446)
[2017.10.26-19.03.52:511][270]LogModuleManager: Shutting down and abandoning module AndroidDeviceDetection (445)
[2017.10.26-19.03.52:604][270]LogModuleManager: Shutting down and abandoning module WindowsPlatformEditor (442)
[2017.10.26-19.03.52:604][270]LogModuleManager: Shutting down and abandoning module IOSRuntimeSettings (440)
[2017.10.26-19.03.52:604][270]LogModuleManager: Shutting down and abandoning module AndroidRuntimeSettings (438)
[2017.10.26-19.03.52:604][270]LogModuleManager: Shutting down and abandoning module InputBindingEditor (436)
[2017.10.26-19.03.52:604][270]LogModuleManager: Shutting down and abandoning module MergeActors (434)
[2017.10.26-19.03.52:605][270]LogModuleManager: Shutting down and abandoning module SizeMap (432)
[2017.10.26-19.03.52:605][270]LogModuleManager: Shutting down and abandoning module TreeMap (430)
[2017.10.26-19.03.52:605][270]LogModuleManager: Shutting down and abandoning module ReferenceViewer (428)
[2017.10.26-19.03.52:605][270]LogModuleManager: Shutting down and abandoning module LocalizationDashboard (426)
[2017.10.26-19.03.52:605][270]LogModuleManager: Shutting down and abandoning module LocalizationService (425)
[2017.10.26-19.03.52:605][270]LogModuleManager: Shutting down and abandoning module HardwareTargeting (422)
[2017.10.26-19.03.52:605][270]LogModuleManager: Shutting down and abandoning module DeviceProfileEditor (420)
[2017.10.26-19.03.52:605][270]LogModuleManager: Shutting down and abandoning module UndoHistory (418)
[2017.10.26-19.03.52:605][270]LogModuleManager: Shutting down and abandoning module XmlParser (416)
[2017.10.26-19.03.52:605][270]LogModuleManager: Shutting down and abandoning module Blutility (414)
[2017.10.26-19.03.52:605][270]LogModuleManager: Shutting down and abandoning module ProjectSettingsViewer (412)
[2017.10.26-19.03.52:605][270]LogModuleManager: Shutting down and abandoning module ProjectTargetPlatformEditor (411)
[2017.10.26-19.03.52:605][270]LogModuleManager: Shutting down and abandoning module EditorSettingsViewer (408)
[2017.10.26-19.03.52:605][270]LogModuleManager: Shutting down and abandoning module SettingsEditor (406)
[2017.10.26-19.03.52:605][270]LogModuleManager: Shutting down and abandoning module ProjectLauncher (404)
[2017.10.26-19.03.52:605][270]LogModuleManager: Shutting down and abandoning module SessionFrontend (402)
[2017.10.26-19.03.52:605][270]LogModuleManager: Shutting down and abandoning module ProfilerClient (400)
[2017.10.26-19.03.52:605][270]LogModuleManager: Shutting down and abandoning module DeviceManager (398)
[2017.10.26-19.03.52:605][270]LogModuleManager: Shutting down and abandoning module TargetDeviceServices (397)
[2017.10.26-19.03.52:668][270]LogModuleManager: Shutting down and abandoning module AutomationController (394)
[2017.10.26-19.03.52:668][270]LogModuleManager: Shutting down and abandoning module AutomationWindow (392)
[2017.10.26-19.03.52:668][270]LogModuleManager: Shutting down and abandoning module Layers (390)
[2017.10.26-19.03.52:668][270]LogModuleManager: Shutting down and abandoning module ComponentVisualizers (388)
[2017.10.26-19.03.52:668][270]LogModuleManager: Shutting down and abandoning module DetailCustomizations (386)
[2017.10.26-19.03.52:668][270]LogModuleManager: Shutting down and abandoning module PackagesDialog (384)
[2017.10.26-19.03.52:668][270]LogModuleManager: Shutting down and abandoning module Persona (382)
[2017.10.26-19.03.52:668][270]LogModuleManager: Shutting down and abandoning module AdvancedPreviewScene (381)
[2017.10.26-19.03.52:669][270]LogModuleManager: Shutting down and abandoning module AnimGraph (379)
[2017.10.26-19.03.52:669][270]LogModuleManager: Shutting down and abandoning module Kismet (376)
[2017.10.26-19.03.52:669][270]LogModuleManager: Shutting down and abandoning module ClassViewer (374)
[2017.10.26-19.03.52:669][270]LogModuleManager: Shutting down and abandoning module Toolbox (372)
[2017.10.26-19.03.52:669][270]LogModuleManager: Shutting down and abandoning module ModuleUI (370)
[2017.10.26-19.03.52:669][270]LogModuleManager: Shutting down and abandoning module MovieSceneTools (368)
[2017.10.26-19.03.52:669][270]LogModuleManager: Shutting down and abandoning module OutputLog (366)
[2017.10.26-19.03.52:669][270]LogModuleManager: Shutting down and abandoning module GammaUI (364)
[2017.10.26-19.03.52:669][270]LogModuleManager: Shutting down and abandoning module Documentation (362)
[2017.10.26-19.03.52:669][270]LogModuleManager: Shutting down and abandoning module MovieSceneTracks (360)
[2017.10.26-19.03.52:669][270]LogModuleManager: Shutting down and abandoning module MovieScene (358)
[2017.10.26-19.03.52:669][270]LogModuleManager: Shutting down and abandoning module Niagara (356)
[2017.10.26-19.03.52:669][270]LogModuleManager: Shutting down and abandoning module NiagaraEditor (355)
[2017.10.26-19.03.52:669][270]LogModuleManager: Shutting down and abandoning module StreamingPauseRendering (352)
[2017.10.26-19.03.52:669][270]LogModuleManager: Shutting down and abandoning module LauncherPlatform (350)
[2017.10.26-19.03.52:669][270]LogModuleManager: Shutting down and abandoning module AnalyticsET (348)
[2017.10.26-19.03.52:669][270]LogModuleManager: Shutting down and abandoning module PortalServices (346)
[2017.10.26-19.03.52:669][270]LogModuleManager: Shutting down and abandoning module PortalRpc (344)
[2017.10.26-19.03.52:669][270]LogModuleManager: Shutting down and abandoning module MessagingRpc (342)
[2017.10.26-19.03.52:669][270]LogModuleManager: Shutting down and abandoning module AIModule (340)
[2017.10.26-19.03.52:669][270]LogModuleManager: Shutting down and abandoning module GameplayDebugger (339)
[2017.10.26-19.03.52:669][270]LogModuleManager: Shutting down and abandoning module AITestSuite (337)
[2017.10.26-19.03.52:669][270]LogModuleManager: Shutting down and abandoning module ProfilerService (334)
[2017.10.26-19.03.52:798][270]LogModuleManager: Shutting down and abandoning module TaskGraph (332)
[2017.10.26-19.03.52:798][270]LogModuleManager: Shutting down and abandoning module SteamVRController (330)
[2017.10.26-19.03.52:798][270]LogModuleManager: Shutting down and abandoning module ProceduralMeshComponentEditor (328)
[2017.10.26-19.03.52:798][270]LogModuleManager: Shutting down and abandoning module ProceduralMeshComponent (326)
[2017.10.26-19.03.52:798][270]LogModuleManager: Shutting down and abandoning module OculusInput (324)
[2017.10.26-19.03.52:798][270]LogModuleManager: Shutting down and abandoning module MobilePatchingUtils (322)
[2017.10.26-19.03.52:798][270]LogModuleManager: Shutting down and abandoning module CustomMeshComponent (320)
[2017.10.26-19.03.52:798][270]LogModuleManager: Shutting down and abandoning module CableComponent (318)
[2017.10.26-19.03.52:798][270]LogModuleManager: Shutting down and abandoning module ArchVisCharacter (316)
[2017.10.26-19.03.52:798][270]LogModuleManager: Shutting down and abandoning module AndroidPermission (314)
[2017.10.26-19.03.52:798][270]LogModuleManager: Shutting down and abandoning module MediaPlayerEditor (310)
[2017.10.26-19.03.52:798][270]LogModuleManager: Shutting down and abandoning module HTML5Networking (308)
[2017.10.26-19.03.52:798][270]LogModuleManager: Shutting down and abandoning module AlembicImporter (306)
[2017.10.26-19.03.52:798][270]LogModuleManager: Shutting down and abandoning module AlembicLibrary (305)
[2017.10.26-19.03.52:798][270]LogModuleManager: Shutting down and abandoning module GeometryCache (304)
[2017.10.26-19.03.52:798][270]LogModuleManager: Shutting down and abandoning module GeometryCacheEd (303)
[2017.10.26-19.03.52:798][270]LogModuleManager: Shutting down and abandoning module SpeedTreeImporter (298)
[2017.10.26-19.03.52:798][270]LogModuleManager: Shutting down and abandoning module PluginBrowser (296)
[2017.10.26-19.03.52:798][270]LogModuleManager: Shutting down and abandoning module MobileLauncherProfileWizard (294)
[2017.10.26-19.03.52:798][270]LogModuleManager: Shutting down and abandoning module VisualStudioSourceCodeAccess (292)
[2017.10.26-19.03.52:798][270]LogModuleManager: Shutting down and abandoning module DesktopPlatform (291)
[2017.10.26-19.03.52:798][270]LogModuleManager: Shutting down and abandoning module UObjectPlugin (288)
[2017.10.26-19.03.52:798][270]LogModuleManager: Shutting down and abandoning module SubversionSourceControl (286)
[2017.10.26-19.03.52:798][270]LogModuleManager: Shutting down and abandoning module PerforceSourceControl (284)
[2017.10.26-19.03.52:798][270]LogModuleManager: Shutting down and abandoning module GitSourceControl (282)
[2017.10.26-19.03.52:798][270]LogModuleManager: Shutting down and abandoning module SourceControl (281)
[2017.10.26-19.03.52:798][270]LogModuleManager: Shutting down and abandoning module LightPropagationVolumeEditor (278)
[2017.10.26-19.03.52:798][270]LogModuleManager: Shutting down and abandoning module PaperTiledImporter (276)
[2017.10.26-19.03.52:798][270]LogModuleManager: Shutting down and abandoning module PaperSpriteSheetImporter (274)
[2017.10.26-19.03.52:798][270]LogModuleManager: Shutting down and abandoning module Paper2DEditor (272)
[2017.10.26-19.03.52:798][270]LogModuleManager: Shutting down and abandoning module MeshPaint (271)
[2017.10.26-19.03.52:798][270]LogModuleManager: Shutting down and abandoning module LevelEditor (269)
[2017.10.26-19.03.52:799][270]LogModuleManager: Shutting down and abandoning module PixelInspectorModule (268)
[2017.10.26-19.03.52:799][270]LogModuleManager: Shutting down and abandoning module MainFrame (266)
[2017.10.26-19.03.52:799][270]LogModuleManager: Shutting down and abandoning module HotReload (265)
[2017.10.26-19.03.52:800][270]LogModuleManager: Shutting down and abandoning module RuntimePhysXCooking (260)
[2017.10.26-19.03.52:800][270]LogModuleManager: Shutting down and abandoning module PhysXVehiclesEditor (258)
[2017.10.26-19.03.52:800][270]LogModuleManager: Shutting down and abandoning module PhysXVehicles (256)
[2017.10.26-19.03.52:800][270]LogModuleManager: Shutting down and abandoning module OculusEditor (254)
[2017.10.26-19.03.52:800][270]LogModuleManager: Shutting down and abandoning module LocationServicesBPLibrary (252)
[2017.10.26-19.03.52:800][270]LogModuleManager: Shutting down and abandoning module ImmediatePhysicsEditor (250)
[2017.10.26-19.03.52:800][270]LogModuleManager: Shutting down and abandoning module ImmediatePhysics (248)
[2017.10.26-19.03.52:800][270]LogModuleManager: Shutting down and abandoning module UdpMessaging (246)
[2017.10.26-19.03.52:900][270]LogModuleManager: Shutting down and abandoning module TcpMessaging (244)
[2017.10.26-19.03.53:001][270]LogModuleManager: Shutting down and abandoning module GameplayTagsEditor (242)
[2017.10.26-19.03.53:001][270]LogModuleManager: Shutting down and abandoning module FacialAnimationEditor (240)
[2017.10.26-19.03.53:001][270]LogModuleManager: Shutting down and abandoning module FacialAnimation (238)
[2017.10.26-19.03.53:001][270]LogModuleManager: Shutting down and abandoning module AssetManagerEditor (236)
[2017.10.26-19.03.53:001][270]LogModuleManager: Shutting down and abandoning module GraphEditor (235)
[2017.10.26-19.03.53:001][270]LogModuleManager: Shutting down and abandoning module ContentBrowser (233)
[2017.10.26-19.03.53:002][270]LogModuleManager: Shutting down and abandoning module LightPropagationVolumeRuntime (230)
[2017.10.26-19.03.53:002][270]LogModuleManager: Shutting down and abandoning module Paper2D (228)
[2017.10.26-19.03.53:002][270]LogModuleManager: Shutting down and abandoning module WindowsMoviePlayer (226)
[2017.10.26-19.03.53:002][270]LogModuleManager: Shutting down and abandoning module WmfMedia (224)
[2017.10.26-19.03.53:002][270]LogModuleManager: Shutting down and abandoning module PacketHandler (222)
[2017.10.26-19.03.53:002][270]LogModuleManager: Shutting down and abandoning module ClothingSystemEditor (220)
[2017.10.26-19.03.53:002][270]LogModuleManager: Shutting down and abandoning module ClothingSystemRuntime (218)
[2017.10.26-19.03.53:002][270]LogModuleManager: Shutting down and abandoning module Overlay (216)
[2017.10.26-19.03.53:002][270]LogModuleManager: Shutting down and abandoning module OverlayEditor (215)
[2017.10.26-19.03.53:002][270]LogModuleManager: Shutting down and abandoning module MediaAssets (212)
[2017.10.26-19.03.53:002][270]LogModuleManager: Shutting down and abandoning module VREditor (210)
[2017.10.26-19.03.53:002][270]LogModuleManager: Shutting down and abandoning module StringTableEditor (208)
[2017.10.26-19.03.53:002][270]LogModuleManager: Shutting down and abandoning module GameplayTasksEditor (206)
[2017.10.26-19.03.53:002][270]LogModuleManager: Shutting down and abandoning module BehaviorTreeEditor (204)
[2017.10.26-19.03.53:002][270]LogModuleManager: Shutting down and abandoning module FunctionalTesting (202)
[2017.10.26-19.03.53:002][270]LogModuleManager: Shutting down and abandoning module CollisionAnalyzer (200)
[2017.10.26-19.03.53:002][270]LogModuleManager: Shutting down and abandoning module WorkspaceMenuStructure (199)
[2017.10.26-19.03.53:002][270]LogModuleManager: Shutting down and abandoning module UMG (196)
[2017.10.26-19.03.53:003][270]LogModuleManager: Shutting down and abandoning module UMGEditor (195)
[2017.10.26-19.03.53:003][270]LogModuleManager: Shutting down and abandoning module Sequencer (194)
[2017.10.26-19.03.53:003][270]LogModuleManager: Shutting down and abandoning module MessageLog (191)
[2017.10.26-19.03.53:003][270]LogModuleManager: Shutting down and abandoning module SlateReflector (186)
[2017.10.26-19.03.53:003][270]LogModuleManager: Shutting down and abandoning module Slate (184)
[2017.10.26-19.03.53:003][270]LogModuleManager: Shutting down and abandoning module EditorStyle (182)
[2017.10.26-19.03.53:005][270]LogModuleManager: Shutting down and abandoning module MRMesh (180)
[2017.10.26-19.03.53:005][270]LogModuleManager: Shutting down and abandoning module SourceCodeAccess (178)
[2017.10.26-19.03.53:005][270]LogModuleManager: Shutting down and abandoning module HeadMountedDisplay (176)
[2017.10.26-19.03.53:005][270]LogModuleManager: Shutting down and abandoning module XAudio2 (174)
[2017.10.26-19.03.53:005][270]LogModuleManager: Shutting down and abandoning module Networking (172)
[2017.10.26-19.03.53:005][270]LogModuleManager: Shutting down and abandoning module Core (168)
[2017.10.26-19.03.53:005][270]LogModuleManager: Shutting down and abandoning module KismetCompiler (164)
[2017.10.26-19.03.53:005][270]LogModuleManager: Shutting down and abandoning module LevelSequence (162)
[2017.10.26-19.03.53:005][270]LogModuleManager: Shutting down and abandoning module MeshUtilities (160)
[2017.10.26-19.03.53:005][270]LogModuleManager: Shutting down and abandoning module MeshMergeUtilities (159)
[2017.10.26-19.03.53:005][270]LogModuleManager: Shutting down and abandoning module MeshReductionInterface (158)
[2017.10.26-19.03.53:005][270]LogModuleManager: Shutting down and abandoning module SimplygonSwarm (157)
[2017.10.26-19.03.53:005][270]LogModuleManager: Shutting down and abandoning module SimplygonMeshReduction (155)
[2017.10.26-19.03.53:005][270]LogModuleManager: Shutting down and abandoning module QuadricMeshReduction (153)
[2017.10.26-19.03.53:005][270]LogModuleManager: Shutting down and abandoning module MaterialBaking (149)
[2017.10.26-19.03.53:005][270]LogModuleManager: Shutting down and abandoning module DirectoryWatcher (146)
[2017.10.26-19.03.53:006][270]LogModuleManager: Shutting down and abandoning module DerivedDataCache (144)
[2017.10.26-19.03.53:076][270]LogDerivedDataCache: Shutdown
[2017.10.26-19.03.53:076][270]LogModuleManager: Shutting down and abandoning module TargetPlatform (142)
[2017.10.26-19.03.53:076][270]LogModuleManager: Shutting down and abandoning module VulkanShaderFormat (141)
[2017.10.26-19.03.53:076][270]LogModuleManager: Shutting down and abandoning module ShaderFormatVectorVM (139)
[2017.10.26-19.03.53:076][270]LogModuleManager: Shutting down and abandoning module ShaderFormatOpenGL (137)
[2017.10.26-19.03.53:076][270]LogModuleManager: Shutting down and abandoning module ShaderFormatD3D (135)
[2017.10.26-19.03.53:076][270]LogModuleManager: Shutting down and abandoning module MetalShaderFormat (133)
[2017.10.26-19.03.53:076][270]LogModuleManager: Shutting down and abandoning module TextureFormatUncompressed (131)
[2017.10.26-19.03.53:076][270]LogModuleManager: Shutting down and abandoning module TextureFormatPVR (129)
[2017.10.26-19.03.53:076][270]LogModuleManager: Shutting down and abandoning module TextureFormatDXT (127)
[2017.10.26-19.03.53:076][270]LogModuleManager: Shutting down and abandoning module TextureFormatIntelISPCTexComp (125)
[2017.10.26-19.03.53:076][270]LogModuleManager: Shutting down and abandoning module TextureFormatASTC (123)
[2017.10.26-19.03.53:076][270]LogModuleManager: Shutting down and abandoning module ImageWrapper (122)
[2017.10.26-19.03.53:076][270]LogModuleManager: Shutting down and abandoning module TextureFormatAndroid (119)
[2017.10.26-19.03.53:076][270]LogModuleManager: Shutting down and abandoning module AudioFormatOpus (117)
[2017.10.26-19.03.53:076][270]LogModuleManager: Shutting down and abandoning module AudioFormatOgg (115)
[2017.10.26-19.03.53:076][270]LogModuleManager: Shutting down and abandoning module AudioFormatADPCM (113)
[2017.10.26-19.03.53:076][270]LogModuleManager: Shutting down and abandoning module LinuxTargetPlatform (111)
[2017.10.26-19.03.53:076][270]LogModuleManager: Shutting down and abandoning module LinuxServerTargetPlatform (109)
[2017.10.26-19.03.53:076][270]LogModuleManager: Shutting down and abandoning module LinuxNoEditorTargetPlatform (107)
[2017.10.26-19.03.53:076][270]LogModuleManager: Shutting down and abandoning module LinuxClientTargetPlatform (105)
[2017.10.26-19.03.53:076][270]LogModuleManager: Shutting down and abandoning module TVOSTargetPlatform (103)
[2017.10.26-19.03.53:076][270]LogModuleManager: Shutting down and abandoning module Messaging (101)
[2017.10.26-19.03.53:076][270]LogModuleManager: Shutting down and abandoning module IOSTargetPlatform (99)
[2017.10.26-19.03.53:076][270]LogModuleManager: Shutting down and abandoning module HTML5TargetPlatform (97)
[2017.10.26-19.03.53:076][270]LogModuleManager: Shutting down and abandoning module Android_PVRTCTargetPlatform (95)
[2017.10.26-19.03.53:076][270]LogModuleManager: Shutting down and abandoning module Android_MultiTargetPlatform (93)
[2017.10.26-19.03.53:076][270]LogModuleManager: Shutting down and abandoning module Android_ETC2TargetPlatform (91)
[2017.10.26-19.03.53:076][270]LogModuleManager: Shutting down and abandoning module Android_ETC1TargetPlatform (89)
[2017.10.26-19.03.53:076][270]LogModuleManager: Shutting down and abandoning module Android_DXTTargetPlatform (87)
[2017.10.26-19.03.53:077][270]LogModuleManager: Shutting down and abandoning module Android_ATCTargetPlatform (85)
[2017.10.26-19.03.53:077][270]LogModuleManager: Shutting down and abandoning module Android_ASTCTargetPlatform (83)
[2017.10.26-19.03.53:077][270]LogModuleManager: Shutting down and abandoning module AndroidTargetPlatform (81)
[2017.10.26-19.03.53:077][270]LogModuleManager: Shutting down and abandoning module WindowsTargetPlatform (79)
[2017.10.26-19.03.53:077][270]LogModuleManager: Shutting down and abandoning module WindowsServerTargetPlatform (77)
[2017.10.26-19.03.53:077][270]LogModuleManager: Shutting down and abandoning module WindowsNoEditorTargetPlatform (75)
[2017.10.26-19.03.53:077][270]LogModuleManager: Shutting down and abandoning module WindowsClientTargetPlatform (73)
[2017.10.26-19.03.53:077][270]LogModuleManager: Shutting down and abandoning module MacTargetPlatform (71)
[2017.10.26-19.03.53:077][270]LogModuleManager: Shutting down and abandoning module MacServerTargetPlatform (69)
[2017.10.26-19.03.53:077][270]LogModuleManager: Shutting down and abandoning module MacNoEditorTargetPlatform (67)
[2017.10.26-19.03.53:077][270]LogModuleManager: Shutting down and abandoning module MacClientTargetPlatform (65)
[2017.10.26-19.03.53:077][270]LogModuleManager: Shutting down and abandoning module AllDesktopTargetPlatform (63)
[2017.10.26-19.03.53:077][270]LogModuleManager: Shutting down and abandoning module InputCore (60)
[2017.10.26-19.03.53:077][270]LogModuleManager: Shutting down and abandoning module Settings (58)
[2017.10.26-19.03.53:077][270]LogModuleManager: Shutting down and abandoning module PhysXCooking (56)
[2017.10.26-19.03.53:077][270]LogModuleManager: Shutting down and abandoning module SteamVR (54)
[2017.10.26-19.03.53:077][270]LogModuleManager: Shutting down and abandoning module OculusHMD (52)
[2017.10.26-19.03.53:077][270]LogModuleManager: Shutting down and abandoning module ExampleDeviceProfileSelector (50)
[2017.10.26-19.03.53:077][270]LogModuleManager: Shutting down and abandoning module OnlineBlueprintSupport (48)
[2017.10.26-19.03.53:077][270]LogModuleManager: Shutting down and abandoning module OnlineSubsystem (44)
[2017.10.26-19.03.53:077][270]LogOnline: Display: Unloading online subsystem: NULL
[2017.10.26-19.03.53:077][270]LogModuleManager: Shutting down and abandoning module XMPP (43)
[2017.10.26-19.03.53:077][270]LogModuleManager: Shutting down and abandoning module HTTP (41)
[2017.10.26-19.03.53:077][270]LogHttp: Display: Http module shutting down, but needs to wait on 1 outstanding Http requests:
[2017.10.26-19.03.53:077][270]LogHttp: Display: 	verb=[POST] url=[https://datarouter.ol.epicgames.com/datarouter/api/v1/public/data?SessionID=%7B08092857-441A-2F8E-FEA9-5DB40D503B4E%7D&AppID=UEEditor.Rocket.Release&AppVersion=4.17.2-3658906%2B%2B%2BUE4%2BRelease-4.17&UserID=f359a2854a4bf31c652028acfe9bdf5c%7C69991cd574cd4b0bbf3316bff9ecf212%7Cb88b0cd5-d09c-4407-83e7-70353c02f5b0&AppEnvironment=datacollector-binary&UploadType=eteventstream] status=Processing
[2017.10.26-19.03.53:099][270]LogModuleManager: Shutting down and abandoning module SSL (40)
[2017.10.26-19.03.53:100][270]LogModuleManager: Shutting down and abandoning module AnimationModifiers (36)
[2017.10.26-19.03.53:100][270]LogModuleManager: Shutting down and abandoning module PropertyEditor (35)
[2017.10.26-19.03.53:100][270]LogModuleManager: Shutting down and abandoning module AudioEditor (32)
[2017.10.26-19.03.53:100][270]LogModuleManager: Shutting down and abandoning module TextureCompressor (30)
[2017.10.26-19.03.53:100][270]LogModuleManager: Shutting down and abandoning module ShaderCore (28)
[2017.10.26-19.03.53:100][270]LogModuleManager: Shutting down and abandoning module Landscape (26)
[2017.10.26-19.03.53:100][270]LogModuleManager: Shutting down and abandoning module SlateRHIRenderer (24)
[2017.10.26-19.03.53:101][270]LogModuleManager: Shutting down and abandoning module OpenGLDrv (22)
[2017.10.26-19.03.53:101][270]LogModuleManager: Shutting down and abandoning module D3D11RHI (20)
[2017.10.26-19.03.53:101][270]LogModuleManager: Shutting down and abandoning module AnimGraphRuntime (18)
[2017.10.26-19.03.53:101][270]LogModuleManager: Shutting down and abandoning module Renderer (16)
[2017.10.26-19.03.53:101][270]LogModuleManager: Shutting down and abandoning module Engine (14)
[2017.10.26-19.03.53:101][270]LogModuleManager: Shutting down and abandoning module CoreUObject (12)
[2017.10.26-19.03.53:101][270]LogModuleManager: Shutting down and abandoning module NetworkFile (10)
[2017.10.26-19.03.53:101][270]LogModuleManager: Shutting down and abandoning module CookedIterativeFile (8)
[2017.10.26-19.03.53:101][270]LogModuleManager: Shutting down and abandoning module StreamingFile (6)
[2017.10.26-19.03.53:101][270]LogModuleManager: Shutting down and abandoning module SandboxFile (4)
[2017.10.26-19.03.53:101][270]LogModuleManager: Shutting down and abandoning module PakFile (2)
[2017.10.26-19.03.53:104][270]LogExit: Exiting.
[2017.10.26-19.03.53:125][270]Log file closed, 10/26/17 17:03:53
