Log file open, 10/27/17 00:59:44
LogWindows: Failed to load 'aqProf.dll' (GetLastError=126)
LogWindows: File 'aqProf.dll' does not exist
LogWindows: Failed to load 'VtuneApi.dll' (GetLastError=126)
LogWindows: File 'VtuneApi.dll' does not exist
LogWindows: Failed to load 'VtuneApi32e.dll' (GetLastError=126)
LogWindows: File 'VtuneApi32e.dll' does not exist
LogInit: Display: Running engine for game: MyPaper2D
LogPlatformFile: Not using cached read wrapper
LogInit: Display: RandInit(169321574) SRandInit(169321574).
LogTaskGraph: Started task graph with 5 named threads and 14 total threads with 3 sets of task threads.
LogStats: Stats thread started at 0.170525
LogD3D11RHI: Aftermath initialized
LogPluginManager: Mounting plugin Paper2D
LogPluginManager: Mounting plugin LightPropagationVolume
LogPluginManager: Mounting plugin CodeLiteSourceCodeAccess
LogPluginManager: Mounting plugin GitSourceControl
LogPluginManager: Mounting plugin KDevelopSourceCodeAccess
LogPluginManager: Mounting plugin NullSourceCodeAccess
LogPluginManager: Mounting plugin PerforceSourceControl
LogPluginManager: Mounting plugin SubversionSourceControl
LogPluginManager: Mounting plugin UObjectPlugin
LogPluginManager: Mounting plugin VisualStudioSourceCodeAccess
LogPluginManager: Mounting plugin XCodeSourceCodeAccess
LogPluginManager: Mounting plugin AssetManagerEditor
LogPluginManager: Mounting plugin AudioCapture
LogPluginManager: Mounting plugin FacialAnimation
LogPluginManager: Mounting plugin GameplayTagsEditor
LogPluginManager: Mounting plugin MobileLauncherProfileWizard
LogPluginManager: Mounting plugin PluginBrowser
LogPluginManager: Mounting plugin SpeedTreeImporter
LogPluginManager: Mounting plugin AlembicImporter
LogPluginManager: Mounting plugin CharacterAI
LogPluginManager: Mounting plugin HTML5Networking
LogPluginManager: Mounting plugin AndroidMedia
LogPluginManager: Mounting plugin AvfMedia
LogPluginManager: Mounting plugin MediaPlayerEditor
LogPluginManager: Mounting plugin WmfMedia
LogPluginManager: Mounting plugin TcpMessaging
LogPluginManager: Mounting plugin UdpMessaging
LogPluginManager: Mounting plugin LevelSequenceEditor
LogPluginManager: Mounting plugin MatineeToLevelSequence
LogPluginManager: Mounting plugin OnlineSubsystemGooglePlay
LogPluginManager: Mounting plugin OnlineSubsystemIOS
LogPluginManager: Mounting plugin OnlineSubsystem
LogPluginManager: Mounting plugin OnlineSubsystemNull
LogPluginManager: Mounting plugin OnlineSubsystemUtils
LogPluginManager: Mounting plugin AndroidDeviceProfileSelector
LogPluginManager: Mounting plugin AndroidMoviePlayer
LogPluginManager: Mounting plugin AndroidPermission
LogPluginManager: Mounting plugin AppleMoviePlayer
LogPluginManager: Mounting plugin ArchVisCharacter
LogPluginManager: Mounting plugin CableComponent
LogPluginManager: Mounting plugin CustomMeshComponent
LogPluginManager: Mounting plugin ExampleDeviceProfileSelector
LogPluginManager: Mounting plugin GoogleCloudMessaging
LogPluginManager: Mounting plugin ImmediatePhysics
LogPluginManager: Mounting plugin IOSDeviceProfileSelector
LogPluginManager: Mounting plugin LinuxDeviceProfileSelector
LogPluginManager: Mounting plugin LocationServicesBPLibrary
LogPluginManager: Mounting plugin MobilePatchingUtils
LogPluginManager: Mounting plugin OculusVR
LogPluginManager: Mounting plugin PhysXVehicles
LogPluginManager: Mounting plugin ProceduralMeshComponent
LogPluginManager: Mounting plugin RuntimePhysXCooking
LogPluginManager: Mounting plugin SteamVR
LogPluginManager: Mounting plugin WindowsMoviePlayer
LogInit: Using libcurl 7.47.1
LogInit:  - built for x86_64-pc-win32
LogInit:  - supports SSL with OpenSSL/1.0.2g
LogInit:  - supports HTTP deflate (compression) using libz 1.2.8
LogInit:  - other features:
LogInit:      CURL_VERSION_SSL
LogInit:      CURL_VERSION_LIBZ
LogInit:      CURL_VERSION_IPV6
LogInit:      CURL_VERSION_ASYNCHDNS
LogInit:      CURL_VERSION_LARGEFILE
LogInit:      CURL_VERSION_IDN
LogInit:  CurlRequestOptions (configurable via config and command line):
LogInit:  - bVerifyPeer = false  - Libcurl will NOT verify peer certificate
LogInit:  - bUseHttpProxy = false  - Libcurl will NOT use HTTP proxy
LogInit:  - bDontReuseConnections = false  - Libcurl will reuse connections
LogInit:  - CertBundlePath = nullptr  - Libcurl will use whatever was configured at build time.
LogInit: Build: ++UE4+Release-4.17-CL-3658906
LogInit: Engine Version: 4.17.2-3658906+++UE4+Release-4.17
LogInit: Compatible Engine Version: 4.17.0-3573198+++UE4+Release-4.17
LogInit: Net CL: 3573198
LogDevObjectVersion: Number of dev versions registered: 16
LogDevObjectVersion:   Dev-Blueprints (B0D832E4-1F89-4F0D-ACCF-7EB736FD4AA2): 10
LogDevObjectVersion:   Dev-Build (E1C64328-A22C-4D53-A36C-8E866417BD8C): 0
LogDevObjectVersion:   Dev-Core (375EC13C-06E4-48FB-B500-84F0262A717E): 2
LogDevObjectVersion:   Dev-Editor (E4B068ED-F494-42E9-A231-DA0B2E46BB41): 20
LogDevObjectVersion:   Dev-Framework (CFFC743F-43B0-4480-9391-14DF171D2073): 28
LogDevObjectVersion:   Dev-Mobile (B02B49B5-BB20-44E9-A304-32B752E40360): 0
LogDevObjectVersion:   Dev-Networking (A4E4105C-59A1-49B5-A7C5-40C4547EDFEE): 0
LogDevObjectVersion:   Dev-Online (39C831C9-5AE6-47DC-9A44-9C173E1C8E7C): 0
LogDevObjectVersion:   Dev-Physics (78F01B33-EBEA-4F98-B9B4-84EACCB95AA2): 0
LogDevObjectVersion:   Dev-Platform (6631380F-2D4D-43E0-8009-CF276956A95A): 0
LogDevObjectVersion:   Dev-Rendering (12F88B9F-8875-4AFC-A67C-D90C383ABD29): 19
LogDevObjectVersion:   Dev-Sequencer (7B5AE74C-D270-4C10-A958-57980B212A5A): 4
LogDevObjectVersion:   Dev-VR (D7296918-1DD6-4BDD-9DE2-64A83CC13884): 0
LogDevObjectVersion:   Dev-LoadTimes (C2A15278-BFE7-4AFE-6C17-90FF531DF755): 1
LogDevObjectVersion:   Private-Geometry (6EACA3D4-40EC-4CC1-B786-8BED09428FC5): 1
LogDevObjectVersion:   Dev-AnimPhys (29E575DD-E0A3-4627-9D10-D276232CDCEA): 7
LogInit: Compiled (64-bit): Sep 22 2017 13:47:16
LogInit: Compiled with Visual C++: 19.00.24215.01
LogInit: Build Configuration: Development
LogInit: Branch Name: ++UE4+Release-4.17
LogInit: Command line: -EpicPortal 
LogInit: Base directory: C:/Program Files/Epic Games/UE_4.17/Engine/Binaries/Win64/
LogInit: Installed Engine Build: 1
LogInit: Presizing for max 8388607 objects, including 0 objects not considered by GC, pre-allocating 0 bytes for permanent pool.
LogInit: Object subsystem initialized
[2017.10.27-02.59.45:282][  0]LogInit: Selected Device Profile: [Windows]
[2017.10.27-02.59.45:282][  0]LogInit: Applying CVar settings loaded from the selected device profile: [Windows]
[2017.10.27-02.59.45:295][  0]LogInit: Computer: FELIPPE
[2017.10.27-02.59.45:295][  0]LogInit: User: Felippe
[2017.10.27-02.59.45:295][  0]LogInit: CPU Page size=4096, Cores=4
[2017.10.27-02.59.45:295][  0]LogInit: High frequency timer resolution =3.117778 MHz
[2017.10.27-02.59.45:295][  0]LogMemory: Memory total: Physical=7.9GB (8GB approx)
[2017.10.27-02.59.45:295][  0]LogMemory: Platform Memory Stats for Windows
[2017.10.27-02.59.45:295][  0]LogMemory: Process Physical Memory: 278.85 MB used, 278.85 MB peak
[2017.10.27-02.59.45:296][  0]LogMemory: Process Virtual Memory: 274.16 MB used, 274.16 MB peak
[2017.10.27-02.59.45:296][  0]LogMemory: Physical Memory: 4998.34 MB used,  3068.79 MB free, 8067.13 MB total
[2017.10.27-02.59.45:296][  0]LogMemory: Virtual Memory: 668.18 MB used,  3068.79 MB free, 134217728.00 MB total
[2017.10.27-02.59.45:474][  0]LogInit: Using OS detected language (en-US).
[2017.10.27-02.59.45:474][  0]LogInit: Using OS detected locale (pt-BR).
[2017.10.27-02.59.45:476][  0]LogTextLocalizationManager: No specific localization for 'en-US' exists, so the 'en' localization will be used.
[2017.10.27-02.59.46:190][  0]LogD3D11RHI: D3D11 adapters:
[2017.10.27-02.59.46:860][  0]LogD3D11RHI:    0. 'NVIDIA GeForce GTX 960' (Feature Level 11_0)
[2017.10.27-02.59.46:860][  0]LogD3D11RHI:       2016/0/4033 MB DedicatedVideo/DedicatedSystem/SharedSystem, Outputs:1, VendorId:0x10de
[2017.10.27-02.59.46:865][  0]LogD3D11RHI:    1. 'Intel(R) HD Graphics 4600' (Feature Level 11_0)
[2017.10.27-02.59.46:865][  0]LogD3D11RHI:       112/0/2048 MB DedicatedVideo/DedicatedSystem/SharedSystem, Outputs:0, VendorId:0x8086
[2017.10.27-02.59.46:866][  0]LogD3D11RHI:    2. 'Microsoft Basic Render Driver' (Feature Level 11_0)
[2017.10.27-02.59.46:867][  0]LogD3D11RHI:       0/0/4033 MB DedicatedVideo/DedicatedSystem/SharedSystem, Outputs:0, VendorId:0x1414
[2017.10.27-02.59.46:867][  0]LogD3D11RHI: Chosen D3D11 Adapter: 0
[2017.10.27-02.59.46:872][  0]LogD3D11RHI: Creating new Direct3DDevice
[2017.10.27-02.59.46:872][  0]LogD3D11RHI:     GPU DeviceId: 0x1401 (for the marketing name, search the web for "GPU Device Id")
[2017.10.27-02.59.46:872][  0]LogWindows: EnumDisplayDevices:
[2017.10.27-02.59.46:872][  0]LogWindows:    0. 'NVIDIA GeForce GTX 960' (P:1 D:1)
[2017.10.27-02.59.46:872][  0]LogWindows:    1. 'NVIDIA GeForce GTX 960' (P:0 D:0)
[2017.10.27-02.59.46:872][  0]LogWindows:    2. 'NVIDIA GeForce GTX 960' (P:0 D:0)
[2017.10.27-02.59.46:873][  0]LogWindows:    3. 'NVIDIA GeForce GTX 960' (P:0 D:0)
[2017.10.27-02.59.46:873][  0]LogWindows:    4. 'Intel(R) HD Graphics 4600' (P:0 D:0)
[2017.10.27-02.59.46:873][  0]LogWindows:    5. 'Intel(R) HD Graphics 4600' (P:0 D:0)
[2017.10.27-02.59.46:873][  0]LogWindows:    6. 'Intel(R) HD Graphics 4600' (P:0 D:0)
[2017.10.27-02.59.46:873][  0]LogWindows: DebugString: PrimaryIsNotTheChoosenAdapter PrimaryIsNotTheChoosenAdapter PrimaryIsNotTheChoosenAdapter FoundDriverCount:4 
[2017.10.27-02.59.46:873][  0]LogD3D11RHI:     Adapter Name: NVIDIA GeForce GTX 960
[2017.10.27-02.59.46:873][  0]LogD3D11RHI:   Driver Version: 385.41 (internal:22.21.13.8541, unified:385.41)
[2017.10.27-02.59.46:873][  0]LogD3D11RHI:      Driver Date: 8-21-2017
[2017.10.27-02.59.46:873][  0]LogRHI: Texture pool is 1361 MB (70% of 1945 MB)
[2017.10.27-02.59.47:510][  0]LogD3D11RHI: Async texture creation enabled
[2017.10.27-02.59.47:630][  0]LogD3D11RHI: GPU Timing Frequency: 1000.000000 (Debug: 2 1)
[2017.10.27-02.59.47:632][  0]LogShaderCompilers: Guid format shader working directory is -22 characters bigger than the processId version (../../../../../../Users/Felippe/Desktop/New folder/MyPaper2D/MyPaper2D/Intermediate/Shaders/WorkingDirectory/8348/).
[2017.10.27-02.59.47:632][  0]LogShaderCompilers: Cleaned the shader compiler working directory 'C:/Users/Felippe/AppData/Local/Temp/UnrealShaderWorkingDir/A75089604D2EB17FBCCAF9856265730B/'.
[2017.10.27-02.59.47:632][  0]LogShaderCompilers: Display: Using Local Shader Compiler.
[2017.10.27-02.59.48:616][  0]LogTemp: Display: Loaded TP AllDesktopTargetPlatform
[2017.10.27-02.59.48:673][  0]LogTemp: Display: Loaded TP MacClientTargetPlatform
[2017.10.27-02.59.48:733][  0]LogTemp: Display: Loaded TP MacNoEditorTargetPlatform
[2017.10.27-02.59.48:790][  0]LogTemp: Display: Loaded TP MacServerTargetPlatform
[2017.10.27-02.59.48:848][  0]LogTemp: Display: Loaded TP MacTargetPlatform
[2017.10.27-02.59.48:906][  0]LogTemp: Display: Loaded TP WindowsClientTargetPlatform
[2017.10.27-02.59.48:964][  0]LogTemp: Display: Loaded TP WindowsNoEditorTargetPlatform
[2017.10.27-02.59.49:022][  0]LogTemp: Display: Loaded TP WindowsServerTargetPlatform
[2017.10.27-02.59.49:074][  0]LogTemp: Display: Loaded TP WindowsTargetPlatform
[2017.10.27-02.59.49:133][  0]LogTemp: Display: Loaded TP AndroidTargetPlatform
[2017.10.27-02.59.49:189][  0]LogTemp: Display: Loaded TP Android_ASTCTargetPlatform
[2017.10.27-02.59.49:243][  0]LogTemp: Display: Loaded TP Android_ATCTargetPlatform
[2017.10.27-02.59.49:299][  0]LogTemp: Display: Loaded TP Android_DXTTargetPlatform
[2017.10.27-02.59.49:352][  0]LogTemp: Display: Loaded TP Android_ETC1TargetPlatform
[2017.10.27-02.59.49:405][  0]LogTemp: Display: Loaded TP Android_ETC2TargetPlatform
[2017.10.27-02.59.49:512][  0]LogTemp: Display: Loaded TP Android_MultiTargetPlatform
[2017.10.27-02.59.49:512][  0]LogTemp: Display: Loaded TP Android_PVRTCTargetPlatform
[2017.10.27-02.59.49:555][  0]LogTemp: Display: Loaded TP HTML5TargetPlatform
[2017.10.27-02.59.49:652][  0]LogTemp: Display: Loaded TP IOSTargetPlatform
[2017.10.27-02.59.49:683][  0]LogTemp: Display: Loaded TP TVOSTargetPlatform
[2017.10.27-02.59.49:739][  0]LogTemp: Display: Loaded TP LinuxClientTargetPlatform
[2017.10.27-02.59.49:794][  0]LogTemp: Display: Loaded TP LinuxNoEditorTargetPlatform
[2017.10.27-02.59.49:850][  0]LogTemp: Display: Loaded TP LinuxServerTargetPlatform
[2017.10.27-02.59.49:907][  0]LogTemp: Display: Loaded TP LinuxTargetPlatform
[2017.10.27-02.59.49:907][  0]LogTargetPlatformManager: Display: Building Assets For Windows
[2017.10.27-02.59.50:435][  0]LogDerivedDataCache: Display: Max Cache Size: 512 MB
[2017.10.27-02.59.50:540][  0]LogDerivedDataCache: Loaded boot cache 0.11s 93MB C:/Users/Felippe/AppData/Local/UnrealEngine/4.17/DerivedDataCache/Boot.ddc.
[2017.10.27-02.59.50:540][  0]LogDerivedDataCache: Display: Loaded Boot cache: C:/Users/Felippe/AppData/Local/UnrealEngine/4.17/DerivedDataCache/Boot.ddc
[2017.10.27-02.59.50:541][  0]LogDerivedDataCache: FDerivedDataBackendGraph:  Pak pak cache file ../../../../../../Users/Felippe/Desktop/New folder/MyPaper2D/MyPaper2D/DerivedDataCache/DDC.ddp not found, will not use a pak cache.
[2017.10.27-02.59.50:541][  0]LogDerivedDataCache: Unable to find inner node Pak for hierarchical cache Hierarchy.
[2017.10.27-02.59.50:541][  0]LogDerivedDataCache: FDerivedDataBackendGraph:  CompressedPak pak cache file ../../../../../../Users/Felippe/Desktop/New folder/MyPaper2D/MyPaper2D/DerivedDataCache/Compressed.ddp not found, will not use a pak cache.
[2017.10.27-02.59.50:541][  0]LogDerivedDataCache: Unable to find inner node CompressedPak for hierarchical cache Hierarchy.
[2017.10.27-02.59.50:559][  0]LogDerivedDataCache: Display: Pak cache opened for reading ../../../Engine/DerivedDataCache/Compressed.ddp.
[2017.10.27-02.59.50:570][  0]LogDerivedDataCache: Using Local data cache path C:/Users/Felippe/AppData/Local/UnrealEngine/Common/DerivedDataCache: Writable
[2017.10.27-02.59.50:581][  0]LogMaterial: Verifying Global Shaders for PCD3D_SM5
[2017.10.27-02.59.50:582][  0]LogSlate: Using Freetype 2.6.0
[2017.10.27-02.59.50:582][  0]LogSlate: SlateFontCache - WITH_FREETYPE: 1, WITH_HARFBUZZ: 1
[2017.10.27-02.59.50:582][  0]LogSlate: SlateFontCache - WITH_FREETYPE: 1, WITH_HARFBUZZ: 1
[2017.10.27-02.59.50:867][  0]LogAssetRegistry: FAssetRegistry took 0.0263 seconds to start up
[2017.10.27-02.59.50:997][  0]LogInit: Selected Device Profile: [Windows]
[2017.10.27-02.59.51:140][  0]LogContentStreaming: Texture pool size is 0.00 MB
[2017.10.27-02.59.51:474][  0]LogSimplygon: Simplygon DLL not present - disabling.
[2017.10.27-02.59.51:520][  0]LogMeshReduction: Using SimplygonSwarm for distributed automatic mesh merging
[2017.10.27-02.59.51:520][  0]LogMeshReduction: Using QuadricMeshReduction for automatic static mesh reduction
[2017.10.27-02.59.51:520][  0]LogMeshReduction: No automatic skeletal mesh reduction module available
[2017.10.27-02.59.51:520][  0]LogMeshReduction: No automatic mesh merging module available
[2017.10.27-02.59.51:520][  0]LogMeshMerging: No automatic mesh merging module available
[2017.10.27-02.59.51:881][  0]LogNetVersion: MyPaper2D , NetCL: 3573198, EngineNetVer: 2, GameNetVer: 0 (Checksum: 640952014)
[2017.10.27-02.59.52:108][  0]LogPackageLocalizationCache: Processed 5 localized package path(s) for 2 prioritized culture(s) in 0.053416 seconds
[2017.10.27-02.59.52:115][  0]LogUObjectArray: 35825 objects as part of root set at end of initial load.
[2017.10.27-02.59.52:115][  0]LogUObjectAllocator: 7529104 out of 0 bytes used by permanent object pool.
[2017.10.27-02.59.52:115][  0]LogUObjectArray: CloseDisregardForGC: 0/0 objects in disregard for GC pool
[2017.10.27-02.59.52:185][  0]LogInit: WinSock: version 1.1 (2.2), MaxSocks=32767, MaxUdp=65467
[2017.10.27-02.59.54:949][  0]LogTcpMessaging: Initializing TcpMessaging bridge
[2017.10.27-02.59.55:001][  0]LogUdpMessaging: Initializing bridge on interface 0.0.0.0:0 to multicast group 230.0.0.1:6666.
[2017.10.27-02.59.55:718][  0]LogMaterial: Uniform references updated for custom material expression Custom.
[2017.10.27-02.59.56:170][  0]SourceControl: Source control is disabled
[2017.10.27-02.59.56:171][  0]SourceControl: Source control is disabled
[2017.10.27-02.59.56:225][  0]SourceControl: Source control is disabled
[2017.10.27-02.59.56:277][  0]SourceControl: Source control is disabled
[2017.10.27-02.59.56:944][  0]LogAndroidPermission: UAndroidPermissionCallbackProxy::GetInstance
[2017.10.27-02.59.57:227][  0]LogOcInput: OculusInput pre-init called
[2017.10.27-02.59.57:512][  0]LogEngine: Initializing Engine...
[2017.10.27-02.59.57:514][  0]LogHMD: Failed to initialize OpenVR with code 110
[2017.10.27-02.59.57:781][  0]LogStats: UGameplayTagsManager::ConstructGameplayTagTree: Construct from data asset -  0.000 s
[2017.10.27-02.59.57:781][  0]LogStats: UGameplayTagsManager::ConstructGameplayTagTree: GameplayTagTreeChangedEvent.Broadcast -  0.000 s
[2017.10.27-02.59.57:920][  0]LogAIModule: Creating AISystem for world Untitled
[2017.10.27-02.59.57:931][  0]LogInit: XAudio2 using 'Realtek Digital Output(Optical) (Realtek High Definition Audio)' : 2 channels at 48 kHz using 16 bits per sample (channel mask 0x3)
[2017.10.27-02.59.57:946][  0]LogInit: FAudioDevice initialized.
[2017.10.27-02.59.58:118][  0]LogDerivedDataCache: Saved boot cache 0.17s 93MB C:/Users/Felippe/AppData/Local/UnrealEngine/4.17/DerivedDataCache/Boot.ddc.
[2017.10.27-02.59.58:134][  0]LogInit: Texture streaming: Enabled
[2017.10.27-02.59.58:264][  0]LogEngineSessionManager: EngineSessionManager initialized
[2017.10.27-02.59.58:513][  0]LogInit: Transaction tracking system initialized
[2017.10.27-02.59.58:874][  0]BlueprintLog: New page: Editor Load
[2017.10.27-02.59.59:874][  0]LocalizationService: Localization service is disabled
[2017.10.27-03.00.00:645][  0]LogConsoleResponse: Display: 
[2017.10.27-03.00.00:831][  0]LogCook: Display: Max memory allowance for cook 16384mb min free memory 0mb
[2017.10.27-03.00.00:831][  0]LogCook: Display: Mobile HDR setting 1
[2017.10.27-03.00.00:831][  0]LogGameplayTags: Display: UGameplayTagsManager::DoneAddingNativeTags. DelegateIsBound: 0
[2017.10.27-03.00.01:601][  0]LogFileCache: Scanning file cache for directory 'C:/Users/Felippe/Desktop/New folder/MyPaper2D/MyPaper2D/Content/' took 0.02s
[2017.10.27-03.00.02:023][  0]SourceControl: Source control is disabled
[2017.10.27-03.00.02:024][  0]Cmd: MAP LOAD FILE="../../../../../../Users/Felippe/Desktop/New folder/MyPaper2D/MyPaper2D/Content/My2DMap.umap" TEMPLATE=0 SHOWPROGRESS=1 FEATURELEVEL=3
[2017.10.27-03.00.02:024][  0]LightingResults: New page: Lighting Build
[2017.10.27-03.00.02:073][  0]MapCheck: New page: Map Check
[2017.10.27-03.00.02:073][  0]LightingResults: New page: Lighting Build
[2017.10.27-03.00.02:484][  0]LogAIModule: Creating AISystem for world My2DMap
[2017.10.27-03.00.02:490][  0]LogEditorServer: Finished looking for orphan Actors (0.000 secs)
[2017.10.27-03.00.02:505][  0]Cmd: MAP CHECKDEP NOCLEARLOG
[2017.10.27-03.00.02:570][  0]MapCheck: Map check complete: 0 Error(s), 0 Warning(s), took 65,224ms to complete.
[2017.10.27-03.00.02:571][  0]LogFileHelpers: Loading map 'My2DMap' took 0.547
[2017.10.27-03.00.02:667][  0]LogCollectionManager: Loaded 0 collections in 0.001439 seconds
[2017.10.27-03.00.02:750][  0]LogFileCache: Scanning file cache for directory 'C:/Users/Felippe/Desktop/New folder/MyPaper2D/MyPaper2D/Saved/Collections/' took 0.01s
[2017.10.27-03.00.02:750][  0]LogFileCache: Scanning file cache for directory 'C:/Users/Felippe/Desktop/New folder/MyPaper2D/MyPaper2D/Content/Developers/Felippe/Collections/' took 0.01s
[2017.10.27-03.00.02:750][  0]LogFileCache: Scanning file cache for directory 'C:/Users/Felippe/Desktop/New folder/MyPaper2D/MyPaper2D/Content/Collections/' took 0.01s
[2017.10.27-03.00.02:750][  0]LogCollectionManager: Rebuilt the GUID cache for 0 collections in 0.000000 seconds
[2017.10.27-03.00.02:760][  0]LogContentBrowser: Native class hierarchy populated in 0.0097 seconds. Added 2386 classes and 500 folders.
[2017.10.27-03.00.02:832][  0]LogContentBrowser: Native class hierarchy updated for 'WidgetCarousel' in 0.0007 seconds. Added 0 classes and 0 folders.
[2017.10.27-03.00.02:878][  0]LogContentBrowser: Native class hierarchy updated for 'AddContentDialog' in 0.0006 seconds. Added 0 classes and 0 folders.
[2017.10.27-03.00.02:978][  0]LogContentBrowser: Native class hierarchy updated for 'SceneOutliner' in 0.0006 seconds. Added 1 classes and 2 folders.
[2017.10.27-03.00.03:002][  0]LogSlate: Took 0.000248 seconds to synchronously load lazily loaded font '../../../Engine/Content/Slate/Fonts/Roboto-Regular.ttf' (155K)
[2017.10.27-03.00.03:005][  0]LogSlate: Took 0.000251 seconds to synchronously load lazily loaded font '../../../Engine/Content/Slate/Fonts/Roboto-Bold.ttf' (160K)
[2017.10.27-03.00.03:007][  0]LogSlate: Took 0.000177 seconds to synchronously load lazily loaded font '../../../Engine/Content/Editor/Slate/Fonts/FontAwesome.ttf' (139K)
[2017.10.27-03.00.03:061][  0]LogSlate: Took 0.000169 seconds to synchronously load lazily loaded font '../../../Engine/Content/Slate/Fonts/Roboto-Light.ttf' (159K)
[2017.10.27-03.00.03:130][  0]LogRenderer: Reallocating scene render targets to support 780x784 Format 9 NumSamples 1 (Frame:1).
[2017.10.27-03.00.03:360][  0]LogContentBrowser: Native class hierarchy updated for 'HierarchicalLODOutliner' in 0.0007 seconds. Added 1 classes and 2 folders.
[2017.10.27-03.00.03:360][  0]LogLoad: (Engine Initialization) Total time: 19.75 seconds
[2017.10.27-03.00.03:360][  0]LogLoad: (Engine Initialization) Total Blueprint compile time: 0.00 seconds
[2017.10.27-03.00.03:361][  0]LogExternalProfiler: Found external profiler: VSPerf
[2017.10.27-03.00.03:361][  0]LogExternalProfiler: Using external profiler: VSPerf
[2017.10.27-03.00.03:370][  0]LogWindowsTextInputMethodSystem: Display: IME system now deactivated.
[2017.10.27-03.00.03:390][  0]LogContentStreaming: Texture pool size now 800 MB
[2017.10.27-03.00.03:445][  1]LogAssetRegistry: Asset discovery search completed in 12.5999 seconds
[2017.10.27-03.00.03:448][  1]LogCollectionManager: Rebuilt the object cache for 0 collections in 0.000000 seconds (found 0 objects)
[2017.10.27-03.00.03:448][  1]LogCollectionManager: Fixed up redirectors for 0 collections in 0.000066 seconds (updated 0 objects)
[2017.10.27-03.00.15:378][217]LogEditorViewport: Clicking on Actor (LMB): PaperSpriteActor (2DBackground_Sprite)
[2017.10.27-03.00.16:667][357]LogEditorViewport: Clicking on Actor (CTRL LMB): PaperSpriteActor (PrototypeTexture_Sprite2)
[2017.10.27-03.00.17:783][482]LogEditorViewport: Clicking on Actor (CTRL LMB): PaperSpriteActor (PrototypeTexture_Sprite3)
[2017.10.27-03.00.25:298][373]LogEditorViewport: Clicking on Actor (CTRL LMB): PaperSpriteActor (PrototypeTexture_Sprite)
[2017.10.27-03.00.26:559][518]LogEditorViewport: Clicking on Actor (CTRL LMB): PaperSpriteActor (Plataform2)
[2017.10.27-03.00.27:151][584]LogEditorViewport: Clicking on Actor (CTRL LMB): PaperSpriteActor (Plataform)
[2017.10.27-03.01.18:414][762]LogEditorViewport: Clicking on Actor (LMB): PaperTileMapActor (TileMap)
[2017.10.27-03.01.20:197][870]LogSlate: Took 0.000273 seconds to synchronously load lazily loaded font '../../../Engine/Content/Slate/Fonts/Roboto-Light.ttf' (159K)
[2017.10.27-03.01.20:221][870]Cmd: OBJ SAVEPACKAGE PACKAGE="/Game/My2DMap" FILE="../../../../../../Users/Felippe/Desktop/New folder/MyPaper2D/MyPaper2D/Content/My2DMap.umap" SILENT=true AUTOSAVING=false KEEPDIRTY=false
[2017.10.27-03.01.20:324][870]LogSavePackage: Save=44.26ms
[2017.10.27-03.01.20:324][870]LogSavePackage: Moving '../../../../../../Users/Felippe/Desktop/New folder/MyPaper2D/MyPaper2D/Saved/My2DMapE4D85DCB42C6B4EAAA4F9784FBD72EB4.tmp' to '../../../../../../Users/Felippe/Desktop/New folder/MyPaper2D/MyPaper2D/Content/My2DMap.umap'
[2017.10.27-03.01.20:331][870]LogSavePackage: Display: Finished SavePackage ../../../../../../Users/Felippe/Desktop/New folder/MyPaper2D/MyPaper2D/Content/My2DMap.umap
[2017.10.27-03.01.28:854][225]LogPlayLevel: PlayLevel: No blueprints needed recompiling
[2017.10.27-03.01.28:854][225]PIE: New page: PIE session: My2DMap (26/10/2017 23:01:28)
[2017.10.27-03.01.28:854][225]LogPlayLevel: Creating play world package: /Game/UEDPIE_0_My2DMap
[2017.10.27-03.01.28:857][225]LogPlayLevel: PIE: StaticDuplicateObject took: (0.002922s)
[2017.10.27-03.01.28:858][225]LogAIModule: Creating AISystem for world My2DMap
[2017.10.27-03.01.28:859][225]LogPlayLevel: PIE: World Init took: (0.001270s)
[2017.10.27-03.01.28:859][225]LogPlayLevel: PIE: Created PIE world by copying editor world from /Game/My2DMap.My2DMap to /Game/UEDPIE_0_My2DMap.My2DMap (0.004524s)
[2017.10.27-03.01.28:875][225]LogInit: XAudio2 using 'Realtek Digital Output(Optical) (Realtek High Definition Audio)' : 2 channels at 48 kHz using 16 bits per sample (channel mask 0x3)
[2017.10.27-03.01.28:886][225]LogInit: FAudioDevice initialized.
[2017.10.27-03.01.28:940][225]LogLoad: Game class is '2DGame_C'
[2017.10.27-03.01.28:945][225]LogWorld: Bringing World /Game/UEDPIE_0_My2DMap.My2DMap up for play (max tick rate 0) at 2017.10.27-01.01.28
[2017.10.27-03.01.28:946][225]LogWorld: Bringing up level for play took: 0.004481
[2017.10.27-03.01.29:041][225]LogContentBrowser: Native class hierarchy updated for 'MovieSceneCapture' in 0.0007 seconds. Added 11 classes and 0 folders.
[2017.10.27-03.01.29:042][225]LogSpawn: Warning: SpawnActor failed because of collision at the spawn location [X=-129.138 Y=0.000 Z=391.362] for [PlayerBlue_C]
[2017.10.27-03.01.29:043][225]LogGameMode: Warning: SpawnDefaultPawnAtTransform: Couldn't spawn Pawn of type PlayerBlue_C at Rotation: Pitch 0.000000 Yaw 0.000000 Roll 0.000000
Translation: -132.000000 -68.431458 406.000000
Scale3D: 1.000000 1.000000 1.000000

[2017.10.27-03.01.29:047][225]PIE: Play in editor start time for /Game/UEDPIE_0_My2DMap 0,38
[2017.10.27-03.01.29:080][225]LogRenderer: Reallocating scene render targets to support 1124x784 Format 9 NumSamples 1 (Frame:1).
[2017.10.27-03.02.03:894][642]Cmd: TRANSACTION UNDO
[2017.10.27-03.02.03:894][642]LogEditorTransaction: Undo Set actor rotation
[2017.10.27-03.02.03:917][642]LogSlate: Took 0.000218 seconds to synchronously load lazily loaded font '../../../Engine/Content/Slate/Fonts/Roboto-Light.ttf' (159K)
[2017.10.27-03.02.15:176][562]LogEditorViewport: Clicking Background
[2017.10.27-03.02.16:613][730]LogEditorViewport: Clicking on Actor (LMB): CameraActor (CameraActor)
[2017.10.27-03.02.39:751][681]LogEditorViewport: Clicking Background
[2017.10.27-03.02.41:388][873]LogEditorViewport: Clicking on Actor (LMB): CameraActor (CameraActor)
[2017.10.27-03.03.28:060][205]LogSlate: Took 0.000266 seconds to synchronously load lazily loaded font '../../../Engine/Content/Editor/Slate/Fonts/Roboto-BoldCondensed.ttf' (158K)
[2017.10.27-03.03.58:232][341]Cmd: TRANSACTION UNDO
[2017.10.27-03.03.58:232][341]LogEditorTransaction: Undo Move Actors
[2017.10.27-03.04.09:555][254]LogEditorViewport: Clicking on Actor (LMB): PlayerStart (PlayerStart3)
[2017.10.27-03.04.10:989][417]LogNavigationPoint: PostEditMove Clear paths rebuilt
[2017.10.27-03.04.12:170][553]LogNavigationPoint: PostEditMove Clear paths rebuilt
[2017.10.27-03.04.15:299][799]LogEditorViewport: Clicking on Actor (LMB): PaperSpriteActor (BG_Sprite)
[2017.10.27-03.04.17:165][ 17]LogEditorViewport: Clicking on Actor (LMB): PlayerStart (PlayerStart2)
[2017.10.27-03.04.22:457][575]LogEditorViewport: Clicking on Actor (LMB): PaperSpriteActor (BG_Sprite)
[2017.10.27-03.04.23:660][713]LogEditorViewport: Clicking Background
[2017.10.27-03.04.25:670][951]LogEditorViewport: Clicking on Actor (LMB): PlayerStart (PlayerStart)
[2017.10.27-03.04.29:256][282]LogNavigationPoint: PostEditMove Clear paths rebuilt
[2017.10.27-03.04.29:705][334]LogEditorViewport: Clicking on Actor (LMB): PaperSpriteActor (BG_Sprite)
[2017.10.27-03.04.36:743][894]LogNavigationPoint: PostEditMove Clear paths rebuilt
[2017.10.27-03.04.55:018][433]LogEnum: Warning: Enum name collision: 'AnimationState::NewEnumerator0' is in both '/Game/Imports/Imports/Data/AnimationState.AnimationState' and '/Game/Data/AnimationState.AnimationState'
[2017.10.27-03.04.55:018][433]LogEnum: Warning: Enum name collision: 'AnimationState::NewEnumerator1' is in both '/Game/Imports/Imports/Data/AnimationState.AnimationState' and '/Game/Data/AnimationState.AnimationState'
[2017.10.27-03.04.55:018][433]LogEnum: Warning: Enum name collision: 'AnimationState::NewEnumerator2' is in both '/Game/Imports/Imports/Data/AnimationState.AnimationState' and '/Game/Data/AnimationState.AnimationState'
[2017.10.27-03.04.55:018][433]LogEnum: Warning: Enum name collision: 'AnimationState::NewEnumerator3' is in both '/Game/Imports/Imports/Data/AnimationState.AnimationState' and '/Game/Data/AnimationState.AnimationState'
[2017.10.27-03.04.55:018][433]LogEnum: Warning: Enum name collision: 'AnimationState::AnimationState_MAX' is in both '/Game/Imports/Imports/Data/AnimationState.AnimationState' and '/Game/Data/AnimationState.AnimationState'
[2017.10.27-03.04.55:018][433]LogEnum: Warning: Enum name collision: 'AnimationState::NewEnumerator0' is in both '/Game/Imports/Imports/Data/AnimationState.AnimationState' and '/Game/Data/AnimationState.AnimationState'
[2017.10.27-03.04.55:018][433]LogEnum: Warning: Enum name collision: 'AnimationState::NewEnumerator1' is in both '/Game/Imports/Imports/Data/AnimationState.AnimationState' and '/Game/Data/AnimationState.AnimationState'
[2017.10.27-03.04.55:018][433]LogEnum: Warning: Enum name collision: 'AnimationState::NewEnumerator2' is in both '/Game/Imports/Imports/Data/AnimationState.AnimationState' and '/Game/Data/AnimationState.AnimationState'
[2017.10.27-03.04.55:018][433]LogEnum: Warning: Enum name collision: 'AnimationState::NewEnumerator3' is in both '/Game/Imports/Imports/Data/AnimationState.AnimationState' and '/Game/Data/AnimationState.AnimationState'
[2017.10.27-03.04.55:120][433]LogContentBrowser: Native class hierarchy updated for 'BlueprintGraph' in 0.0013 seconds. Added 113 classes and 0 folders.
[2017.10.27-03.05.33:283][960]LogSlate: Took 0.020568 seconds to synchronously load lazily loaded font '../../../Engine/Content/Editor/Slate/Fonts/Roboto-Italic.ttf' (157K)
[2017.10.27-03.06.33:504][  1]LogEditorViewport: Clicking on Actor (context menu): CameraActor (CameraActor)
[2017.10.27-03.06.36:465][191]LogEditorViewport: Clicking on Actor (LMB): PaperSpriteActor (BG_Sprite)
[2017.10.27-03.06.38:576][432]LogEditorViewport: Clicking on Actor (LMB): CameraActor (CameraActor)
[2017.10.27-03.06.39:240][498]LogEditorViewport: Clicking on Actor (context menu): CameraActor (CameraActor)
[2017.10.27-03.07.03:350][393]LogEditorViewport: Clicking on Actor (context menu): CameraActor (CameraActor)
[2017.10.27-03.07.13:828][882]LogEditorViewport: Clicking on Actor (LMB): CameraActor (CameraActor)
[2017.10.27-03.07.15:805][113]Cmd: DELETE
[2017.10.27-03.07.15:805][113]Cmd: ACTOR DELETE
[2017.10.27-03.07.15:839][113]LogEditorActor: Deleted Actor: CameraActor
[2017.10.27-03.07.15:890][113]LogEditorActor: Deleted 1 Actors (0.052 secs)
[2017.10.27-03.07.21:523][654]LogEditorViewport: Clicking on Actor (context menu): CameraActor (CameraActor)
[2017.10.27-03.07.34:843][988]LogEditorViewport: Clicking on Actor (context menu): CameraActor (CameraActor)
[2017.10.27-03.07.36:256][ 45]LogEditorViewport: Clicking on Actor (context menu): CameraActor (CameraActor)
[2017.10.27-03.07.39:042][152]LogEditorViewport: Clicking on Actor (LMB): PaperSpriteActor (BG_Sprite)
[2017.10.27-03.07.39:707][222]LogEditorViewport: Clicking on Actor (LMB): PaperTileMapActor (TileMap)
[2017.10.27-03.07.40:940][364]LogEditorViewport: Clicking on Actor (LMB): PaperTileMapActor (TileMap)
[2017.10.27-03.07.41:431][421]LogEditorViewport: Clicking on Actor (LMB): CameraActor (CameraActor)
[2017.10.27-03.08.01:501][977]Cmd: DELETE
[2017.10.27-03.08.01:501][977]Cmd: ACTOR DELETE
[2017.10.27-03.08.01:501][977]LogEditorActor: Deleted Actor: CameraActor
[2017.10.27-03.08.01:548][977]LogEditorActor: Deleted 1 Actors (0.048 secs)
[2017.10.27-03.08.17:446][546]BlueprintLog: New page: Compile PlayerBlue
[2017.10.27-03.08.25:979][170]LogEditorViewport: Clicking on Actor (context menu): PaperTileMapActor (TileMap)
[2017.10.27-03.08.27:164][242]LogEditorViewport: Clicking on Actor (LMB): PaperTileMapActor (TileMap)
[2017.10.27-03.08.28:038][344]LogEditorViewport: Clicking on Actor (LMB): CameraActor (CameraActor)
[2017.10.27-03.08.28:588][396]LogEditorViewport: Clicking on Actor (context menu): CameraActor (CameraActor)
[2017.10.27-03.08.37:063][634]LogEditorViewport: Clicking on Actor (LMB): PaperSpriteActor (BG_Sprite)
[2017.10.27-03.08.40:448][904]Cmd: TRANSACTION UNDO
[2017.10.27-03.08.40:448][904]LogEditorTransaction: Undo Clicking on Actors
[2017.10.27-03.08.41:444][925]Cmd: TRANSACTION UNDO
[2017.10.27-03.08.41:444][925]LogEditorTransaction: Undo Clicking on Actors (context menu)
[2017.10.27-03.08.42:734][947]Cmd: TRANSACTION UNDO
[2017.10.27-03.08.42:734][947]LogEditorTransaction: Undo Clicking on Actors
[2017.10.27-03.08.43:735][963]Cmd: TRANSACTION UNDO
[2017.10.27-03.08.43:735][963]LogEditorTransaction: Undo Clicking on Actors
[2017.10.27-03.08.44:312][976]Cmd: TRANSACTION UNDO
[2017.10.27-03.08.44:312][976]LogEditorTransaction: Undo Clicking on Actors (context menu)
[2017.10.27-03.08.45:662][  4]Cmd: TRANSACTION UNDO
[2017.10.27-03.08.45:662][  4]LogEditorTransaction: Undo Create Actors
[2017.10.27-03.08.45:911][  8]Cmd: TRANSACTION UNDO
[2017.10.27-03.08.45:911][  8]LogEditorTransaction: Undo Remove Components
[2017.10.27-03.08.51:162][181]BlueprintLog: New page: Compile PlayerBlue
[2017.10.27-03.08.51:248][181]LogSpawn: Warning: UWorld::DestroyActor: World has no context! World: World_2, Actor: /Engine/Transient.World_2:PersistentLevel.REINST_PlayerBlue_C_0
[2017.10.27-03.08.51:248][181]LogWorld: --- Actors Currently in /Engine/Transient.World_2:PersistentLevel ---
[2017.10.27-03.08.51:248][181]LogWorld:   /Engine/Transient.World_2:PersistentLevel.WorldSettings
[2017.10.27-03.08.51:248][181]LogWorld:   /Engine/Transient.World_2:PersistentLevel.Brush_2
[2017.10.27-03.08.51:248][181]LogWorld:   /Engine/Transient.World_2:PersistentLevel.DefaultPhysicsVolume_2
[2017.10.27-03.08.51:248][181]LogWorld:   /Engine/Transient.World_2:PersistentLevel.ParticleEventManager_2
[2017.10.27-03.08.51:248][181]LogWorld:   NONE
[2017.10.27-03.08.51:248][181]LogWorld:   NONE
[2017.10.27-03.08.51:248][181]LogWorld:   /Engine/Transient.World_2:PersistentLevel.PlayerBlue_C_0
[2017.10.27-03.08.51:468][181]LogStats: FPlatformStackWalk::StackWalkAndDump -  0.219 s
[2017.10.27-03.08.51:468][181]LogOutputDevice: Error: === Handled ensure: ===
[2017.10.27-03.08.51:468][181]LogOutputDevice: Error: 
[2017.10.27-03.08.51:468][181]LogOutputDevice: Error: Ensure condition failed: false [File:D:\Build\++UE4+Release-4.17+Compile\Sync\Engine\Source\Runtime\Engine\Private\World.cpp] [Line: 1487]
[2017.10.27-03.08.51:468][181]LogOutputDevice: Error: Could not remove actor /Engine/Transient.World_2:PersistentLevel.REINST_PlayerBlue_C_0 from world (check level is /Engine/Transient.World_2:PersistentLevel)
[2017.10.27-03.08.51:468][181]LogOutputDevice: Error: Stack: 
[2017.10.27-03.08.51:468][181]LogOutputDevice: Error: UE4Editor-Core.dll!0x00000000653A3E36
[2017.10.27-03.08.51:468][181]LogOutputDevice: Error: UE4Editor-Core.dll!0x000000006512C2D2
[2017.10.27-03.08.51:468][181]LogOutputDevice: Error: UE4Editor-Core.dll!0x0000000065144746
[2017.10.27-03.08.51:468][181]LogOutputDevice: Error: UE4Editor-Engine.dll!0x0000000060082AE6
[2017.10.27-03.08.51:468][181]LogOutputDevice: Error: UE4Editor-Engine.dll!0x000000005F7D1608
[2017.10.27-03.08.51:468][181]LogOutputDevice: Error: UE4Editor-Engine.dll!0x000000005F7D4D23
[2017.10.27-03.08.51:468][181]LogOutputDevice: Error: UE4Editor-UnrealEd.dll!0x00000000636A44A7
[2017.10.27-03.08.51:468][181]LogOutputDevice: Error: UE4Editor-UnrealEd.dll!0x00000000636A58E7
[2017.10.27-03.08.51:468][181]LogOutputDevice: Error: UE4Editor-UnrealEd.dll!0x0000000063668CFF
[2017.10.27-03.08.51:468][181]LogOutputDevice: Error: UE4Editor-Kismet.dll!0x000000005E439D7F
[2017.10.27-03.08.51:468][181]LogOutputDevice: Error: UE4Editor-Kismet.dll!0x000000005E3D852E
[2017.10.27-03.08.51:468][181]LogOutputDevice: Error: UE4Editor-UnrealEd.dll!0x00000000636707FE
[2017.10.27-03.08.51:468][181]LogOutputDevice: Error: UE4Editor-Kismet.dll!0x000000005E3D7CD2
[2017.10.27-03.08.51:468][181]LogOutputDevice: Error: UE4Editor-Kismet.dll!0x000000005E429451
[2017.10.27-03.08.51:468][181]LogOutputDevice: Error: UE4Editor-Kismet.dll!0x000000005E42E1B6
[2017.10.27-03.08.51:468][181]LogOutputDevice: Error: UE4Editor-Slate.dll!0x0000000064A553FF
[2017.10.27-03.08.51:469][181]LogOutputDevice: Error: UE4Editor-Slate.dll!0x0000000064B59652
[2017.10.27-03.08.51:469][181]LogOutputDevice: Error: UE4Editor-Slate.dll!0x0000000064AB67B2
[2017.10.27-03.08.51:469][181]LogOutputDevice: Error: UE4Editor-Slate.dll!0x0000000064AB7B69
[2017.10.27-03.08.51:469][181]LogOutputDevice: Error: UE4Editor-Slate.dll!0x0000000064B366F5
[2017.10.27-03.08.51:469][181]LogOutputDevice: Error: UE4Editor-Slate.dll!0x0000000064BEB967
[2017.10.27-03.08.51:469][181]LogOutputDevice: Error: UE4Editor-Slate.dll!0x0000000064C174D4
[2017.10.27-03.08.51:469][181]LogOutputDevice: Error: UE4Editor-Slate.dll!0x0000000064A342BC
[2017.10.27-03.08.51:469][181]LogOutputDevice: Error: UE4Editor-Slate.dll!0x0000000064A07145
[2017.10.27-03.08.51:469][181]LogOutputDevice: Error: UE4Editor-Slate.dll!0x0000000064AA1452
[2017.10.27-03.08.51:469][181]LogOutputDevice: Error: UE4Editor-Slate.dll!0x0000000064A89C92
[2017.10.27-03.08.51:469][181]LogOutputDevice: Error: UE4Editor-Slate.dll!0x0000000064A7B68F
[2017.10.27-03.08.51:469][181]LogOutputDevice: Error: UE4Editor-Core.dll!0x000000006537B759
[2017.10.27-03.08.51:469][181]LogOutputDevice: Error: UE4Editor-Core.dll!0x0000000065363EE1
[2017.10.27-03.08.51:469][181]LogOutputDevice: Error: UE4Editor-Core.dll!0x000000006537D5BB
[2017.10.27-03.08.51:469][181]LogOutputDevice: Error: UE4Editor-Core.dll!0x000000006535F042
[2017.10.27-03.08.51:469][181]LogOutputDevice: Error: USER32.dll!0x00000000A7D4BC50
[2017.10.27-03.08.51:469][181]LogOutputDevice: Error: USER32.dll!0x00000000A7D4B5CF
[2017.10.27-03.08.51:469][181]LogOutputDevice: Error: UE4Editor-Core.dll!0x000000006537DCC6
[2017.10.27-03.08.51:469][181]LogOutputDevice: Error: UE4Editor.exe!0x00000000DA3E4BE2
[2017.10.27-03.08.51:469][181]LogOutputDevice: Error: UE4Editor.exe!0x00000000DA3F3970
[2017.10.27-03.08.51:469][181]LogOutputDevice: Error: UE4Editor.exe!0x00000000DA3F39EA
[2017.10.27-03.08.51:469][181]LogOutputDevice: Error: UE4Editor.exe!0x00000000DA4002D9
[2017.10.27-03.08.51:469][181]LogOutputDevice: Error: UE4Editor.exe!0x00000000DA401C47
[2017.10.27-03.08.51:469][181]LogOutputDevice: Error: KERNEL32.DLL!0x00000000A6392774
[2017.10.27-03.08.51:469][181]LogOutputDevice: Error: ntdll.dll!0x00000000A8DB0D51
[2017.10.27-03.08.51:469][181]LogOutputDevice: Error: 
[2017.10.27-03.08.51:475][181]LogStats:                SubmitErrorReport -  0.000 s
[2017.10.27-03.08.52:194][181]LogStats:                    SendNewReport -  0.719 s
[2017.10.27-03.08.52:194][181]LogStats:             FDebug::EnsureFailed -  0.946 s
[2017.10.27-03.09.11:098][ 46]Cmd: OBJ SAVEPACKAGE PACKAGE="/Game/My2DMap" FILE="../../../../../../Users/Felippe/Desktop/New folder/MyPaper2D/MyPaper2D/Content/My2DMap.umap" SILENT=true AUTOSAVING=false KEEPDIRTY=false
[2017.10.27-03.09.11:208][ 46]LogBlueprint: Error: [Compiler PersistentLevel.My2DMap] This blueprint (self) is not a PlayerController, therefore ' Target ' must have a connection.
[2017.10.27-03.09.11:240][ 46]LogBlueprint: Warning: [Compiler PersistentLevel.My2DMap] [0567,63] Compile of PersistentLevel.My2DMap failed. 1 Fatal Issue(s) 0 Warning(s) [in 57 ms] (/Game/My2DMap.My2DMap:PersistentLevel.My2DMap)
[2017.10.27-03.09.11:294][ 46]LogSavePackage: Save=112.72ms
[2017.10.27-03.09.11:294][ 46]LogSavePackage: Moving '../../../../../../Users/Felippe/Desktop/New folder/MyPaper2D/MyPaper2D/Saved/My2DMap7A090583458DBCCD99164C91C62EB382.tmp' to '../../../../../../Users/Felippe/Desktop/New folder/MyPaper2D/MyPaper2D/Content/My2DMap.umap'
[2017.10.27-03.09.11:299][ 46]LogSavePackage: Display: Finished SavePackage ../../../../../../Users/Felippe/Desktop/New folder/MyPaper2D/MyPaper2D/Content/My2DMap.umap
[2017.10.27-03.09.14:008][274]LogEditorViewport: Clicking on Actor (context menu): CameraActor (CameraActor)
[2017.10.27-03.09.15:029][312]LogEditorViewport: Clicking on Actor (LMB): PaperSpriteActor (BG_Sprite)
[2017.10.27-03.09.19:140][753]LogEditorViewport: Clicking on Actor (LMB): CameraActor (CameraActor)
[2017.10.27-03.09.37:143][537]LogEditorViewport: Clicking on Actor (context menu): CameraActor (CameraActor)
[2017.10.27-03.10.39:532][634]BlueprintLog: New page: Compile My2DMap
[2017.10.27-03.10.48:730][744]LogTemp: Repeating last play command: New Editor Window (PIE)
[2017.10.27-03.10.48:771][744]LogBlueprintUserMessages: Early PlayInEditor Detection: Level '/Game/My2DMap.My2DMap:PersistentLevel' has LevelScriptBlueprint '/Game/My2DMap.My2DMap:PersistentLevel.My2DMap' with GeneratedClass '/Game/My2DMap.My2DMap_C' with ClassGeneratedBy '/Game/My2DMap.My2DMap:PersistentLevel.My2DMap'
[2017.10.27-03.10.48:771][744]LogPlayLevel: PlayLevel: No blueprints needed recompiling
[2017.10.27-03.10.48:771][744]PIE: New page: PIE session: My2DMap (26/10/2017 23:10:48)
[2017.10.27-03.10.48:771][744]LogPlayLevel: Creating play world package: /Game/UEDPIE_0_My2DMap
[2017.10.27-03.10.48:775][744]LogPlayLevel: PIE: StaticDuplicateObject took: (0.003487s)
[2017.10.27-03.10.48:776][744]LogAIModule: Creating AISystem for world My2DMap
[2017.10.27-03.10.48:776][744]LogPlayLevel: PIE: World Init took: (0.000949s)
[2017.10.27-03.10.48:776][744]LogPlayLevel: PIE: Created PIE world by copying editor world from /Game/My2DMap.My2DMap to /Game/UEDPIE_0_My2DMap.My2DMap (0.004753s)
[2017.10.27-03.10.48:800][744]LogInit: XAudio2 using 'Realtek Digital Output(Optical) (Realtek High Definition Audio)' : 2 channels at 48 kHz using 16 bits per sample (channel mask 0x3)
[2017.10.27-03.10.48:811][744]LogInit: FAudioDevice initialized.
[2017.10.27-03.10.48:854][744]LogLoad: Game class is '2DGame_C'
[2017.10.27-03.10.48:858][744]LogWorld: Bringing World /Game/UEDPIE_0_My2DMap.My2DMap up for play (max tick rate 0) at 2017.10.27-01.10.48
[2017.10.27-03.10.48:859][744]LogWorld: Bringing up level for play took: 0.003989
[2017.10.27-03.10.48:909][744]LogPlayerManagement: Error: Failed to Create Player: Maximum number of players (4) already created.  Unable to create more.
[2017.10.27-03.10.48:915][744]PIE: Play in editor start time for /Game/UEDPIE_0_My2DMap 0,247
[2017.10.27-03.10.48:915][744]LogBlueprintUserMessages: Late PlayInEditor Detection: Level '/Game/My2DMap.My2DMap:PersistentLevel' has LevelScriptBlueprint '/Game/My2DMap.My2DMap:PersistentLevel.My2DMap' with GeneratedClass '/Game/My2DMap.My2DMap_C' with ClassGeneratedBy '/Game/My2DMap.My2DMap:PersistentLevel.My2DMap'
[2017.10.27-03.11.02:390][ 86]LogBlueprintUserMessages: Early EndPlayMap Detection: Level '/Game/My2DMap.My2DMap:PersistentLevel' has LevelScriptBlueprint '/Game/My2DMap.My2DMap:PersistentLevel.My2DMap' with GeneratedClass '/Game/My2DMap.My2DMap_C' with ClassGeneratedBy '/Game/My2DMap.My2DMap:PersistentLevel.My2DMap'
[2017.10.27-03.11.02:528][ 86]LogBlueprintUserMessages: Late EndPlayMap Detection: Level '/Game/My2DMap.My2DMap:PersistentLevel' has LevelScriptBlueprint '/Game/My2DMap.My2DMap:PersistentLevel.My2DMap' with GeneratedClass '/Game/My2DMap.My2DMap_C' with ClassGeneratedBy '/Game/My2DMap.My2DMap:PersistentLevel.My2DMap'
[2017.10.27-03.11.09:133][214]LogTemp: Executing iPhonePackager certificates Engine -bundlename com.YourCompany.MyPaper2D
[2017.10.27-03.11.09:133][214]LogTemp: CWD: C:\Program Files\Epic Games\UE_4.17\Engine\Binaries\DotNET\IOS
[2017.10.27-03.11.09:133][214]LogTemp: Initial Dir: C:\Program Files\Epic Games\UE_4.17
[2017.10.27-03.11.09:133][214]LogTemp: Env CWD: C:\Program Files\Epic Games\UE_4.17\Engine\Binaries\DotNET\IOS
[2017.10.27-03.11.09:133][214]LogTemp: BranchPath = FELIPPE/C/Program Files/Epic Games/UE_4.17/Engine/Binaries --- GameBranchPath = FELIPPE/C/Program Files/Epic Games/UE_4.17/Engine/Binaries
[2017.10.27-03.11.09:198][215]LogTemp: IPP ERROR: Could not find provision directory 'C:\Users\Felippe\AppData\Local/Apple Computer/MobileDevice/Provisioning Profiles/'.
[2017.10.27-03.11.16:823][365]LogTemp: Repeating last play command: New Editor Window (PIE)
[2017.10.27-03.11.16:849][365]LogBlueprintUserMessages: Early PlayInEditor Detection: Level '/Game/My2DMap.My2DMap:PersistentLevel' has LevelScriptBlueprint '/Game/My2DMap.My2DMap:PersistentLevel.My2DMap' with GeneratedClass '/Game/My2DMap.My2DMap_C' with ClassGeneratedBy '/Game/My2DMap.My2DMap:PersistentLevel.My2DMap'
[2017.10.27-03.11.16:849][365]LogPlayLevel: PlayLevel: No blueprints needed recompiling
[2017.10.27-03.11.16:849][365]PIE: New page: PIE session: My2DMap (26/10/2017 23:11:16)
[2017.10.27-03.11.16:849][365]LogPlayLevel: Creating play world package: /Game/UEDPIE_0_My2DMap
[2017.10.27-03.11.16:852][365]LogPlayLevel: PIE: StaticDuplicateObject took: (0.002998s)
[2017.10.27-03.11.16:853][365]LogAIModule: Creating AISystem for world My2DMap
[2017.10.27-03.11.16:853][365]LogPlayLevel: PIE: World Init took: (0.000760s)
[2017.10.27-03.11.16:853][365]LogPlayLevel: PIE: Created PIE world by copying editor world from /Game/My2DMap.My2DMap to /Game/UEDPIE_0_My2DMap.My2DMap (0.004040s)
[2017.10.27-03.11.16:878][365]LogInit: XAudio2 using 'Realtek Digital Output(Optical) (Realtek High Definition Audio)' : 2 channels at 48 kHz using 16 bits per sample (channel mask 0x3)
[2017.10.27-03.11.16:889][365]LogInit: FAudioDevice initialized.
[2017.10.27-03.11.16:955][365]LogLoad: Game class is '2DGame_C'
[2017.10.27-03.11.16:958][365]LogWorld: Bringing World /Game/UEDPIE_0_My2DMap.My2DMap up for play (max tick rate 0) at 2017.10.27-01.11.16
[2017.10.27-03.11.16:959][365]LogWorld: Bringing up level for play took: 0.003542
[2017.10.27-03.11.16:965][365]LogPlayerManagement: Error: Failed to Create Player: Maximum number of players (4) already created.  Unable to create more.
[2017.10.27-03.11.16:969][365]PIE: Play in editor start time for /Game/UEDPIE_0_My2DMap 0,302
[2017.10.27-03.11.16:970][365]LogBlueprintUserMessages: Late PlayInEditor Detection: Level '/Game/My2DMap.My2DMap:PersistentLevel' has LevelScriptBlueprint '/Game/My2DMap.My2DMap:PersistentLevel.My2DMap' with GeneratedClass '/Game/My2DMap.My2DMap_C' with ClassGeneratedBy '/Game/My2DMap.My2DMap:PersistentLevel.My2DMap'
[2017.10.27-03.11.17:009][365]LogRenderer: Reallocating scene render targets to support 1128x784 Format 9 NumSamples 1 (Frame:1).
[2017.10.27-03.11.26:161][501]LogBlueprintUserMessages: Early EndPlayMap Detection: Level '/Game/My2DMap.My2DMap:PersistentLevel' has LevelScriptBlueprint '/Game/My2DMap.My2DMap:PersistentLevel.My2DMap' with GeneratedClass '/Game/My2DMap.My2DMap_C' with ClassGeneratedBy '/Game/My2DMap.My2DMap:PersistentLevel.My2DMap'
[2017.10.27-03.11.26:317][501]LogBlueprintUserMessages: Late EndPlayMap Detection: Level '/Game/My2DMap.My2DMap:PersistentLevel' has LevelScriptBlueprint '/Game/My2DMap.My2DMap:PersistentLevel.My2DMap' with GeneratedClass '/Game/My2DMap.My2DMap_C' with ClassGeneratedBy '/Game/My2DMap.My2DMap:PersistentLevel.My2DMap'
[2017.10.27-03.11.41:316][ 99]LogLinker: Warning: Can't find file '/Game/Imports/Data/AnimationState'
[2017.10.27-03.11.41:317][ 99]LogLinker: Warning: Can't find file for asset '/Game/Imports/Data/AnimationState' while loading ../../../../../../Users/Felippe/Desktop/New folder/MyPaper2D/MyPaper2D/Content/Imports/Imports/Blueprints/MyCHar.uasset.
[2017.10.27-03.11.41:317][ 99]LoadErrors: Error: /Game/Imports/Imports/Blueprints/MyCHar : Can't find file for asset. /Game/Imports/Data/AnimationState
[2017.10.27-03.11.41:317][ 99]LogLinker: Warning: Can't find file '/Game/Imports/Data/RightLeft'
[2017.10.27-03.11.41:317][ 99]LogLinker: Warning: Can't find file for asset '/Game/Imports/Data/RightLeft' while loading ../../../../../../Users/Felippe/Desktop/New folder/MyPaper2D/MyPaper2D/Content/Imports/Imports/Blueprints/MyCHar.uasset.
[2017.10.27-03.11.41:317][ 99]LoadErrors: Error: /Game/Imports/Imports/Blueprints/MyCHar : Can't find file for asset. /Game/Imports/Data/RightLeft
[2017.10.27-03.11.41:317][ 99]LogLinker: Warning: Can't find file '/Game/Imports/Flipbooks/Idle'
[2017.10.27-03.11.41:317][ 99]LogLinker: Warning: Can't find file for asset '/Game/Imports/Flipbooks/Idle' while loading ../../../../../../Users/Felippe/Desktop/New folder/MyPaper2D/MyPaper2D/Content/Imports/Imports/Blueprints/MyCHar.uasset.
[2017.10.27-03.11.41:317][ 99]LoadErrors: Error: /Game/Imports/Imports/Blueprints/MyCHar : Can't find file for asset. /Game/Imports/Flipbooks/Idle
[2017.10.27-03.11.41:317][ 99]LogLinker: Warning: Can't find file '/Game/Imports/Flipbooks/Jump'
[2017.10.27-03.11.41:317][ 99]LogLinker: Warning: Can't find file for asset '/Game/Imports/Flipbooks/Jump' while loading ../../../../../../Users/Felippe/Desktop/New folder/MyPaper2D/MyPaper2D/Content/Imports/Imports/Blueprints/MyCHar.uasset.
[2017.10.27-03.11.41:317][ 99]LoadErrors: Error: /Game/Imports/Imports/Blueprints/MyCHar : Can't find file for asset. /Game/Imports/Flipbooks/Jump
[2017.10.27-03.11.41:318][ 99]LogLinker: Warning: Can't find file '/Game/Imports/Flipbooks/Run'
[2017.10.27-03.11.41:318][ 99]LogLinker: Warning: Can't find file for asset '/Game/Imports/Flipbooks/Run' while loading ../../../../../../Users/Felippe/Desktop/New folder/MyPaper2D/MyPaper2D/Content/Imports/Imports/Blueprints/MyCHar.uasset.
[2017.10.27-03.11.41:318][ 99]LoadErrors: Error: /Game/Imports/Imports/Blueprints/MyCHar : Can't find file for asset. /Game/Imports/Flipbooks/Run
[2017.10.27-03.11.41:318][ 99]LogLinker: Warning: Can't find file '/Game/Imports/Flipbooks/Idle'
[2017.10.27-03.11.41:318][ 99]LogLinker: Warning: Can't find file for asset '/Game/Imports/Flipbooks/Idle' while loading ../../../../../../Users/Felippe/Desktop/New folder/MyPaper2D/MyPaper2D/Content/Imports/Imports/Blueprints/MyCHar.uasset.
[2017.10.27-03.11.41:318][ 99]LogLinker: Warning: Can't find file '/Game/Imports/Flipbooks/Jump'
[2017.10.27-03.11.41:318][ 99]LogLinker: Warning: Can't find file for asset '/Game/Imports/Flipbooks/Jump' while loading ../../../../../../Users/Felippe/Desktop/New folder/MyPaper2D/MyPaper2D/Content/Imports/Imports/Blueprints/MyCHar.uasset.
[2017.10.27-03.11.41:318][ 99]LogLinker: Warning: Can't find file '/Game/Imports/Flipbooks/Run'
[2017.10.27-03.11.41:318][ 99]LogLinker: Warning: Can't find file for asset '/Game/Imports/Flipbooks/Run' while loading ../../../../../../Users/Felippe/Desktop/New folder/MyPaper2D/MyPaper2D/Content/Imports/Imports/Blueprints/MyCHar.uasset.
[2017.10.27-03.11.41:319][ 99]LogLinker: Warning: Can't find file '/Game/Imports/Data/AnimationState'
[2017.10.27-03.11.41:319][ 99]LogLinker: Warning: Can't find file for asset '/Game/Imports/Data/AnimationState' while loading ../../../../../../Users/Felippe/Desktop/New folder/MyPaper2D/MyPaper2D/Content/Imports/Imports/Blueprints/MyCHar.uasset.
[2017.10.27-03.11.41:319][ 99]LogLinker: Warning: Can't find file '/Game/Imports/Data/RightLeft'
[2017.10.27-03.11.41:319][ 99]LogLinker: Warning: Can't find file for asset '/Game/Imports/Data/RightLeft' while loading ../../../../../../Users/Felippe/Desktop/New folder/MyPaper2D/MyPaper2D/Content/Imports/Imports/Blueprints/MyCHar.uasset.
[2017.10.27-03.11.41:320][ 99]LogLinker: Warning: Can't find file '/Game/Imports/Data/AnimationState'
[2017.10.27-03.11.41:320][ 99]LoadErrors: Failed to load /Game/Imports/Data/AnimationState.AnimationState Referenced by AnimationState
[2017.10.27-03.11.41:320][ 99]LogLinker: Warning: Can't find file for asset '/Game/Imports/Data/AnimationState' while loading NULL.
[2017.10.27-03.11.41:321][ 99]LogLinker: Warning: Can't find file '/Game/Imports/Data/AnimationState'
[2017.10.27-03.11.41:321][ 99]LoadErrors: Failed to load /Game/Imports/Data/AnimationState.AnimationState Referenced by Temp_byte_Variable
[2017.10.27-03.11.41:321][ 99]LogLinker: Warning: Can't find file for asset '/Game/Imports/Data/AnimationState' while loading NULL.
[2017.10.27-03.11.41:322][ 99]LogLinker: Warning: Can't find file '/Game/Imports/Data/RightLeft'
[2017.10.27-03.11.41:323][ 99]LoadErrors: Failed to load /Game/Imports/Data/RightLeft.RightLeft Referenced by Temp_byte_Variable
[2017.10.27-03.11.41:323][ 99]LogLinker: Warning: Can't find file for asset '/Game/Imports/Data/RightLeft' while loading NULL.
[2017.10.27-03.11.41:328][ 99]LogLinker: Warning: Can't find file '/Game/Imports/Data/RightLeft'
[2017.10.27-03.11.41:328][ 99]LoadErrors: Failed to load /Game/Imports/Data/RightLeft.RightLeft Referenced by Orientation
[2017.10.27-03.11.41:328][ 99]LogLinker: Warning: Can't find file for asset '/Game/Imports/Data/RightLeft' while loading NULL.
[2017.10.27-03.11.41:328][ 99]LogLinker: Warning: Can't find file '/Game/Imports/Data/AnimationState'
[2017.10.27-03.11.41:328][ 99]LogLinker: Warning: Can't find file for asset '/Game/Imports/Data/AnimationState' while loading NULL.
[2017.10.27-03.11.41:329][ 99]LogLinker: Warning: Can't find file '/Game/Imports/Data/RightLeft'
[2017.10.27-03.11.41:329][ 99]LogLinker: Warning: Can't find file for asset '/Game/Imports/Data/RightLeft' while loading NULL.
[2017.10.27-03.11.41:329][ 99]LogLinker: Warning: Can't find file '/Game/Imports/Flipbooks/Idle'
[2017.10.27-03.11.41:329][ 99]LogLinker: Warning: Can't find file for asset '/Game/Imports/Flipbooks/Idle' while loading NULL.
[2017.10.27-03.11.41:329][ 99]LogLinker: Warning: Can't find file '/Game/Imports/Flipbooks/Jump'
[2017.10.27-03.11.41:329][ 99]LogLinker: Warning: Can't find file for asset '/Game/Imports/Flipbooks/Jump' while loading NULL.
[2017.10.27-03.11.41:329][ 99]LogLinker: Warning: Can't find file '/Game/Imports/Flipbooks/Run'
[2017.10.27-03.11.41:329][ 99]LogLinker: Warning: Can't find file for asset '/Game/Imports/Flipbooks/Run' while loading NULL.
[2017.10.27-03.11.41:329][ 99]LogLinker: Warning: Can't find file '/Game/Imports/Flipbooks/Idle'
[2017.10.27-03.11.41:329][ 99]LogLinker: Warning: Can't find file for asset '/Game/Imports/Flipbooks/Idle' while loading NULL.
[2017.10.27-03.11.41:330][ 99]LogLinker: Warning: Can't find file '/Game/Imports/Flipbooks/Jump'
[2017.10.27-03.11.41:330][ 99]LogLinker: Warning: Can't find file for asset '/Game/Imports/Flipbooks/Jump' while loading NULL.
[2017.10.27-03.11.41:330][ 99]LogLinker: Warning: Can't find file '/Game/Imports/Flipbooks/Run'
[2017.10.27-03.11.41:330][ 99]LogLinker: Warning: Can't find file for asset '/Game/Imports/Flipbooks/Run' while loading NULL.
[2017.10.27-03.11.41:330][ 99]LogLinker: Warning: Can't find file '/Game/Imports/Data/AnimationState'
[2017.10.27-03.11.41:330][ 99]LogLinker: Warning: Can't find file for asset '/Game/Imports/Data/AnimationState' while loading NULL.
[2017.10.27-03.11.41:330][ 99]LogLinker: Warning: Can't find file '/Game/Imports/Data/RightLeft'
[2017.10.27-03.11.41:330][ 99]LogLinker: Warning: Can't find file for asset '/Game/Imports/Data/RightLeft' while loading NULL.
[2017.10.27-03.11.41:330][ 99]LogLinker: Warning: Can't find file '/Game/Imports/Flipbooks/Idle'
[2017.10.27-03.11.41:331][ 99]LoadErrors: Failed to load /Game/Imports/Flipbooks/Idle.Idle Referenced by Default__MyChar_C
[2017.10.27-03.11.41:331][ 99]LogLinker: Warning: Can't find file for asset '/Game/Imports/Flipbooks/Idle' while loading NULL.
[2017.10.27-03.11.41:331][ 99]LogLinker: Warning: Can't find file '/Game/Imports/Flipbooks/Run'
[2017.10.27-03.11.41:331][ 99]LoadErrors: Failed to load /Game/Imports/Flipbooks/Run.Run Referenced by Default__MyChar_C
[2017.10.27-03.11.41:331][ 99]LogLinker: Warning: Can't find file for asset '/Game/Imports/Flipbooks/Run' while loading NULL.
[2017.10.27-03.11.41:331][ 99]LogLinker: Warning: Can't find file '/Game/Imports/Flipbooks/Jump'
[2017.10.27-03.11.41:331][ 99]LoadErrors: Failed to load /Game/Imports/Flipbooks/Jump.Jump Referenced by Default__MyChar_C
[2017.10.27-03.11.41:331][ 99]LogLinker: Warning: Can't find file for asset '/Game/Imports/Flipbooks/Jump' while loading NULL.
[2017.10.27-03.11.41:332][ 99]LogLinker: Warning: Can't find file '/Game/Imports/Data/RightLeft'
[2017.10.27-03.11.41:332][ 99]LoadErrors: Failed to load /Game/Imports/Data/RightLeft.RightLeft Referenced by MyChar
[2017.10.27-03.11.41:332][ 99]LogLinker: Warning: Can't find file for asset '/Game/Imports/Data/RightLeft' while loading NULL.
[2017.10.27-03.11.41:333][ 99]LogLinker: Warning: Can't find file '/Game/Imports/Flipbooks/Idle'
[2017.10.27-03.11.41:333][ 99]LogLinker: Warning: Can't find file for asset '/Game/Imports/Flipbooks/Idle' while loading NULL.
[2017.10.27-03.11.41:339][ 99]LogLinker: Warning: Can't find file '/Game/Imports/Data/RightLeft'
[2017.10.27-03.11.41:339][ 99]LoadErrors: Failed to load /Game/Imports/Data/RightLeft.RightLeft Referenced by K2Node_VariableSet_896
[2017.10.27-03.11.41:339][ 99]LogLinker: Warning: Can't find file for asset '/Game/Imports/Data/RightLeft' while loading NULL.
[2017.10.27-03.11.41:339][ 99]LogLinker: Warning: Can't find file '/Game/Imports/Data/RightLeft'
[2017.10.27-03.11.41:339][ 99]LogLinker: Warning: Can't find file for asset '/Game/Imports/Data/RightLeft' while loading NULL.
[2017.10.27-03.11.41:339][ 99]LogLinker: Warning: Can't find file '/Game/Imports/Data/RightLeft'
[2017.10.27-03.11.41:340][ 99]LoadErrors: Failed to load /Game/Imports/Data/RightLeft.RightLeft Referenced by K2Node_VariableSet_906
[2017.10.27-03.11.41:340][ 99]LogLinker: Warning: Can't find file for asset '/Game/Imports/Data/RightLeft' while loading NULL.
[2017.10.27-03.11.41:340][ 99]LogLinker: Warning: Can't find file '/Game/Imports/Data/RightLeft'
[2017.10.27-03.11.41:340][ 99]LogLinker: Warning: Can't find file for asset '/Game/Imports/Data/RightLeft' while loading NULL.
[2017.10.27-03.11.41:340][ 99]LogLinker: Warning: Can't find file '/Game/Imports/Data/RightLeft'
[2017.10.27-03.11.41:340][ 99]LoadErrors: Failed to load /Game/Imports/Data/RightLeft.RightLeft Referenced by K2Node_VariableGet_1842
[2017.10.27-03.11.41:340][ 99]LogLinker: Warning: Can't find file for asset '/Game/Imports/Data/RightLeft' while loading NULL.
[2017.10.27-03.11.41:341][ 99]LogLinker: Warning: Can't find file '/Game/Imports/Data/RightLeft'
[2017.10.27-03.11.41:341][ 99]LoadErrors: Failed to load /Game/Imports/Data/RightLeft.RightLeft Referenced by K2Node_Select_1
[2017.10.27-03.11.41:341][ 99]LogLinker: Warning: Can't find file for asset '/Game/Imports/Data/RightLeft' while loading NULL.
[2017.10.27-03.11.41:341][ 99]LogLinker: Warning: Can't find file '/Game/Imports/Data/RightLeft'
[2017.10.27-03.11.41:341][ 99]LogLinker: Warning: Can't find file for asset '/Game/Imports/Data/RightLeft' while loading NULL.
[2017.10.27-03.11.41:341][ 99]LogLinker: Warning: Can't find file '/Game/Imports/Data/RightLeft'
[2017.10.27-03.11.41:342][ 99]LogLinker: Warning: Can't find file for asset '/Game/Imports/Data/RightLeft' while loading NULL.
[2017.10.27-03.11.41:343][ 99]LogLinker: Warning: Can't find file '/Game/Imports/Data/AnimationState'
[2017.10.27-03.11.41:343][ 99]LoadErrors: Failed to load /Game/Imports/Data/AnimationState.AnimationState Referenced by K2Node_FunctionEntry_95
[2017.10.27-03.11.41:343][ 99]LogLinker: Warning: Can't find file for asset '/Game/Imports/Data/AnimationState' while loading NULL.
[2017.10.27-03.11.41:343][ 99]LogLinker: Warning: Can't find file '/Game/Imports/Data/AnimationState'
[2017.10.27-03.11.41:343][ 99]LoadErrors: Failed to load /Game/Imports/Data/AnimationState.AnimationState Referenced by K2Node_VariableGet_1655
[2017.10.27-03.11.41:344][ 99]LogLinker: Warning: Can't find file for asset '/Game/Imports/Data/AnimationState' while loading NULL.
[2017.10.27-03.11.41:344][ 99]LogLinker: Warning: Can't find file '/Game/Imports/Data/AnimationState'
[2017.10.27-03.11.41:344][ 99]LoadErrors: Failed to load /Game/Imports/Data/AnimationState.AnimationState Referenced by K2Node_Select_4
[2017.10.27-03.11.41:344][ 99]LogLinker: Warning: Can't find file for asset '/Game/Imports/Data/AnimationState' while loading NULL.
[2017.10.27-03.11.41:344][ 99]LogLinker: Warning: Can't find file '/Game/Imports/Data/AnimationState'
[2017.10.27-03.11.41:344][ 99]LogLinker: Warning: Can't find file for asset '/Game/Imports/Data/AnimationState' while loading NULL.
[2017.10.27-03.11.41:345][ 99]LogLinker: Warning: Can't find file '/Game/Imports/Data/AnimationState'
[2017.10.27-03.11.41:345][ 99]LogLinker: Warning: Can't find file for asset '/Game/Imports/Data/AnimationState' while loading NULL.
[2017.10.27-03.11.41:345][ 99]LogLinker: Warning: Can't find file '/Game/Imports/Data/AnimationState'
[2017.10.27-03.11.41:345][ 99]LoadErrors: Failed to load /Game/Imports/Data/AnimationState.AnimationState Referenced by K2Node_VariableSet_12
[2017.10.27-03.11.41:345][ 99]LogLinker: Warning: Can't find file for asset '/Game/Imports/Data/AnimationState' while loading NULL.
[2017.10.27-03.11.41:345][ 99]LogLinker: Warning: Can't find file '/Game/Imports/Data/AnimationState'
[2017.10.27-03.11.41:346][ 99]LogLinker: Warning: Can't find file for asset '/Game/Imports/Data/AnimationState' while loading NULL.
[2017.10.27-03.11.41:346][ 99]LogLinker: Warning: Can't find file '/Game/Imports/Data/AnimationState'
[2017.10.27-03.11.41:346][ 99]LoadErrors: Failed to load /Game/Imports/Data/AnimationState.AnimationState Referenced by K2Node_VariableSet_765
[2017.10.27-03.11.41:346][ 99]LogLinker: Warning: Can't find file for asset '/Game/Imports/Data/AnimationState' while loading NULL.
[2017.10.27-03.11.41:346][ 99]LogLinker: Warning: Can't find file '/Game/Imports/Data/AnimationState'
[2017.10.27-03.11.41:346][ 99]LogLinker: Warning: Can't find file for asset '/Game/Imports/Data/AnimationState' while loading NULL.
[2017.10.27-03.11.41:347][ 99]LogLinker: Warning: Can't find file '/Game/Imports/Data/AnimationState'
[2017.10.27-03.11.41:347][ 99]LoadErrors: Failed to load /Game/Imports/Data/AnimationState.AnimationState Referenced by K2Node_VariableSet_766
[2017.10.27-03.11.41:347][ 99]LogLinker: Warning: Can't find file for asset '/Game/Imports/Data/AnimationState' while loading NULL.
[2017.10.27-03.11.41:347][ 99]LogLinker: Warning: Can't find file '/Game/Imports/Data/AnimationState'
[2017.10.27-03.11.41:347][ 99]LogLinker: Warning: Can't find file for asset '/Game/Imports/Data/AnimationState' while loading NULL.
[2017.10.27-03.11.41:347][ 99]LogLinker: Warning: Can't find file '/Game/Imports/Data/AnimationState'
[2017.10.27-03.11.41:347][ 99]LoadErrors: Failed to load /Game/Imports/Data/AnimationState.AnimationState Referenced by K2Node_VariableSet_764
[2017.10.27-03.11.41:348][ 99]LogLinker: Warning: Can't find file for asset '/Game/Imports/Data/AnimationState' while loading NULL.
[2017.10.27-03.11.41:348][ 99]LogLinker: Warning: Can't find file '/Game/Imports/Data/AnimationState'
[2017.10.27-03.11.41:348][ 99]LogLinker: Warning: Can't find file for asset '/Game/Imports/Data/AnimationState' while loading NULL.
[2017.10.27-03.11.41:360][ 99]LogBlueprint: Warning: [Compiler MyChar] InputAction Event references unknown Action 'Crouch' for  InputAction Crouch
[2017.10.27-03.11.41:360][ 99]LogBlueprint: Warning: [Compiler MyChar] Input Axis Event references unknown Axis 'MoveRight' for  InputAxis MoveRight
[2017.10.27-03.11.41:368][ 99]LogBlueprint: Warning: [Compiler MyChar] [0717,76] Compile of MyChar successful, but with 2 Warning(s) [in 19 ms] (/Game/Imports/Imports/Blueprints/MyCHar.MyChar)
[2017.10.27-03.18.33:757][170]LogSlate: Took 0.020158 seconds to synchronously load lazily loaded font '../../../Engine/Content/Editor/Slate/Fonts/Roboto-BoldCondensedItalic.ttf' (160K)
[2017.10.27-03.24.53:754][929]BlueprintLog: New page: Compile PlayerBlue
[2017.10.27-03.24.53:843][929]LogBlueprint: Error: [Compiler PlayerBlue] This blueprint (self) is not a CapsuleComponent, therefore ' Target ' must have a connection.
[2017.10.27-03.24.54:201][929]LogBlueprint: Warning: [Compiler PlayerBlue] [1510,59] Compile of PlayerBlue failed. 1 Fatal Issue(s) 0 Warning(s) [in 446 ms] (/Game/Blueprints/Blue/PlayerBlue.PlayerBlue)
[2017.10.27-03.25.05:755][291]BlueprintLog: New page: Compile PlayerBlue
[2017.10.27-03.25.07:457][332]LogTemp: Repeating last play command: New Editor Window (PIE)
[2017.10.27-03.25.07:492][332]LogBlueprintUserMessages: Early PlayInEditor Detection: Level '/Game/My2DMap.My2DMap:PersistentLevel' has LevelScriptBlueprint '/Game/My2DMap.My2DMap:PersistentLevel.My2DMap' with GeneratedClass '/Game/My2DMap.My2DMap_C' with ClassGeneratedBy '/Game/My2DMap.My2DMap:PersistentLevel.My2DMap'
[2017.10.27-03.25.07:492][332]LogPlayLevel: PlayLevel: No blueprints needed recompiling
[2017.10.27-03.25.07:492][332]PIE: New page: PIE session: My2DMap (26/10/2017 23:25:07)
[2017.10.27-03.25.07:492][332]LogPlayLevel: Creating play world package: /Game/UEDPIE_0_My2DMap
[2017.10.27-03.25.07:495][332]LogPlayLevel: PIE: StaticDuplicateObject took: (0.002708s)
[2017.10.27-03.25.07:496][332]LogAIModule: Creating AISystem for world My2DMap
[2017.10.27-03.25.07:496][332]LogPlayLevel: PIE: World Init took: (0.000876s)
[2017.10.27-03.25.07:496][332]LogPlayLevel: PIE: Created PIE world by copying editor world from /Game/My2DMap.My2DMap to /Game/UEDPIE_0_My2DMap.My2DMap (0.003819s)
[2017.10.27-03.25.07:691][332]LogInit: XAudio2 using 'Realtek Digital Output(Optical) (Realtek High Definition Audio)' : 2 channels at 48 kHz using 16 bits per sample (channel mask 0x3)
[2017.10.27-03.25.07:702][332]LogInit: FAudioDevice initialized.
[2017.10.27-03.25.07:746][332]LogLoad: Game class is '2DGame_C'
[2017.10.27-03.25.07:749][332]LogWorld: Bringing World /Game/UEDPIE_0_My2DMap.My2DMap up for play (max tick rate 0) at 2017.10.27-01.25.07
[2017.10.27-03.25.07:751][332]LogWorld: Bringing up level for play took: 0.004073
[2017.10.27-03.25.07:757][332]LogPlayerManagement: Error: Failed to Create Player: Maximum number of players (4) already created.  Unable to create more.
[2017.10.27-03.25.07:764][332]PIE: Play in editor start time for /Game/UEDPIE_0_My2DMap 1,096
[2017.10.27-03.25.07:764][332]LogBlueprintUserMessages: Late PlayInEditor Detection: Level '/Game/My2DMap.My2DMap:PersistentLevel' has LevelScriptBlueprint '/Game/My2DMap.My2DMap:PersistentLevel.My2DMap' with GeneratedClass '/Game/My2DMap.My2DMap_C' with ClassGeneratedBy '/Game/My2DMap.My2DMap:PersistentLevel.My2DMap'
[2017.10.27-03.25.39:462][182]LogBlueprintUserMessages: Early EndPlayMap Detection: Level '/Game/My2DMap.My2DMap:PersistentLevel' has LevelScriptBlueprint '/Game/My2DMap.My2DMap:PersistentLevel.My2DMap' with GeneratedClass '/Game/My2DMap.My2DMap_C' with ClassGeneratedBy '/Game/My2DMap.My2DMap:PersistentLevel.My2DMap'
[2017.10.27-03.25.39:567][182]LogBlueprintUserMessages: Late EndPlayMap Detection: Level '/Game/My2DMap.My2DMap:PersistentLevel' has LevelScriptBlueprint '/Game/My2DMap.My2DMap:PersistentLevel.My2DMap' with GeneratedClass '/Game/My2DMap.My2DMap_C' with ClassGeneratedBy '/Game/My2DMap.My2DMap:PersistentLevel.My2DMap'
[2017.10.27-03.25.42:991][310]Cmd: OBJ SAVEPACKAGE PACKAGE="/Game/My2DMap" FILE="../../../../../../Users/Felippe/Desktop/New folder/MyPaper2D/MyPaper2D/Content/My2DMap.umap" SILENT=true AUTOSAVING=false KEEPDIRTY=false
[2017.10.27-03.25.43:171][310]LogSavePackage: Save=68.38ms
[2017.10.27-03.25.43:172][310]LogSavePackage: Moving '../../../../../../Users/Felippe/Desktop/New folder/MyPaper2D/MyPaper2D/Saved/My2DMap36ED018A405296A4CD86BFA73A680085.tmp' to '../../../../../../Users/Felippe/Desktop/New folder/MyPaper2D/MyPaper2D/Content/My2DMap.umap'
[2017.10.27-03.25.43:180][310]LogSavePackage: Display: Finished SavePackage ../../../../../../Users/Felippe/Desktop/New folder/MyPaper2D/MyPaper2D/Content/My2DMap.umap
[2017.10.27-03.25.43:232][310]LogFileHelpers: Saving map 'My2DMap' took 0.352
[2017.10.27-03.25.43:236][310]Cmd: OBJ SAVEPACKAGE PACKAGE="/Game/Blueprints/Blue/PlayerBlue" FILE="../../../../../../Users/Felippe/Desktop/New folder/MyPaper2D/MyPaper2D/Content/Blueprints/Blue/PlayerBlue.uasset" SILENT=true
[2017.10.27-03.25.43:561][310]LogSavePackage: Save=291.41ms
[2017.10.27-03.25.43:561][310]LogSavePackage: Moving '../../../../../../Users/Felippe/Desktop/New folder/MyPaper2D/MyPaper2D/Saved/PlayerBlueD1AE5D9A45A0CF80CDF379834F303D7E.tmp' to '../../../../../../Users/Felippe/Desktop/New folder/MyPaper2D/MyPaper2D/Content/Blueprints/Blue/PlayerBlue.uasset'
[2017.10.27-03.25.43:565][310]LogSavePackage: Display: Finished SavePackage ../../../../../../Users/Felippe/Desktop/New folder/MyPaper2D/MyPaper2D/Content/Blueprints/Blue/PlayerBlue.uasset
[2017.10.27-03.25.43:776][310]LogSavePackage: Save=170.79ms
[2017.10.27-03.25.43:776][310]LogSavePackage: Moving '../../../../../../Users/Felippe/Desktop/New folder/MyPaper2D/MyPaper2D/Saved/MyCHar67EC359D4C45C5233FE4528F09F06421.tmp' to '../../../../../../Users/Felippe/Desktop/New folder/MyPaper2D/MyPaper2D/Content/Imports/Imports/Blueprints/MyCHar.uasset'
[2017.10.27-03.25.43:779][310]LogSavePackage: Display: Finished SavePackage ../../../../../../Users/Felippe/Desktop/New folder/MyPaper2D/MyPaper2D/Content/Imports/Imports/Blueprints/MyCHar.uasset
[2017.10.27-03.27.59:593][796]LogEditorViewport: Clicking on Actor (LMB): PlayerStart (PlayerStart)
[2017.10.27-03.28.01:373][854]LogNavigationPoint: PostEditMove Clear paths rebuilt
[2017.10.27-03.28.03:384][919]LogEditorViewport: Clicking on Actor (LMB): PlayerStart (PlayerStart)
[2017.10.27-03.28.06:048][  7]LogNavigationPoint: PostEditMove Clear paths rebuilt
[2017.10.27-03.28.08:327][ 82]LogNavigationPoint: PostEditMove Clear paths rebuilt
[2017.10.27-03.28.09:083][106]LogEditorViewport: Clicking on Actor (LMB): PlayerStart (PlayerStart2)
[2017.10.27-03.28.12:655][224]LogNavigationPoint: PostEditMove Clear paths rebuilt
[2017.10.27-03.28.14:274][277]LogEditorViewport: Clicking on Actor (LMB): PlayerStart (PlayerStart3)
[2017.10.27-03.28.17:187][371]LogNavigationPoint: PostEditMove Clear paths rebuilt
[2017.10.27-03.28.17:880][393]LogEditorViewport: Clicking on Actor (LMB): PlayerStart (Player Start)
[2017.10.27-03.28.20:734][484]LogNavigationPoint: PostEditMove Clear paths rebuilt
[2017.10.27-03.28.21:759][519]LogTemp: Repeating last play command: New Editor Window (PIE)
[2017.10.27-03.28.21:790][519]LogBlueprintUserMessages: Early PlayInEditor Detection: Level '/Game/My2DMap.My2DMap:PersistentLevel' has LevelScriptBlueprint '/Game/My2DMap.My2DMap:PersistentLevel.My2DMap' with GeneratedClass '/Game/My2DMap.My2DMap_C' with ClassGeneratedBy '/Game/My2DMap.My2DMap:PersistentLevel.My2DMap'
[2017.10.27-03.28.21:790][519]LogPlayLevel: PlayLevel: No blueprints needed recompiling
[2017.10.27-03.28.21:790][519]PIE: New page: PIE session: My2DMap (26/10/2017 23:28:21)
[2017.10.27-03.28.21:790][519]LogPlayLevel: Creating play world package: /Game/UEDPIE_0_My2DMap
[2017.10.27-03.28.21:793][519]LogPlayLevel: PIE: StaticDuplicateObject took: (0.002882s)
[2017.10.27-03.28.21:794][519]LogAIModule: Creating AISystem for world My2DMap
[2017.10.27-03.28.21:794][519]LogPlayLevel: PIE: World Init took: (0.000946s)
[2017.10.27-03.28.21:794][519]LogPlayLevel: PIE: Created PIE world by copying editor world from /Game/My2DMap.My2DMap to /Game/UEDPIE_0_My2DMap.My2DMap (0.004094s)
[2017.10.27-03.28.21:990][519]LogInit: XAudio2 using 'Realtek Digital Output(Optical) (Realtek High Definition Audio)' : 2 channels at 48 kHz using 16 bits per sample (channel mask 0x3)
[2017.10.27-03.28.22:001][519]LogInit: FAudioDevice initialized.
[2017.10.27-03.28.22:042][519]LogLoad: Game class is '2DGame_C'
[2017.10.27-03.28.22:045][519]LogWorld: Bringing World /Game/UEDPIE_0_My2DMap.My2DMap up for play (max tick rate 0) at 2017.10.27-01.28.22
[2017.10.27-03.28.22:046][519]LogWorld: Bringing up level for play took: 0.003687
[2017.10.27-03.28.22:052][519]LogPlayerManagement: Error: Failed to Create Player: Maximum number of players (4) already created.  Unable to create more.
[2017.10.27-03.28.22:056][519]PIE: Play in editor start time for /Game/UEDPIE_0_My2DMap -0,611
[2017.10.27-03.28.22:057][519]LogBlueprintUserMessages: Late PlayInEditor Detection: Level '/Game/My2DMap.My2DMap:PersistentLevel' has LevelScriptBlueprint '/Game/My2DMap.My2DMap:PersistentLevel.My2DMap' with GeneratedClass '/Game/My2DMap.My2DMap_C' with ClassGeneratedBy '/Game/My2DMap.My2DMap:PersistentLevel.My2DMap'
[2017.10.27-03.28.29:091][995]LogBlueprintUserMessages: Early EndPlayMap Detection: Level '/Game/My2DMap.My2DMap:PersistentLevel' has LevelScriptBlueprint '/Game/My2DMap.My2DMap:PersistentLevel.My2DMap' with GeneratedClass '/Game/My2DMap.My2DMap_C' with ClassGeneratedBy '/Game/My2DMap.My2DMap:PersistentLevel.My2DMap'
[2017.10.27-03.28.29:155][995]LogBlueprintUserMessages: Late EndPlayMap Detection: Level '/Game/My2DMap.My2DMap:PersistentLevel' has LevelScriptBlueprint '/Game/My2DMap.My2DMap:PersistentLevel.My2DMap' with GeneratedClass '/Game/My2DMap.My2DMap_C' with ClassGeneratedBy '/Game/My2DMap.My2DMap:PersistentLevel.My2DMap'
[2017.10.27-03.28.32:221][ 94]Cmd: OBJ SAVEPACKAGE PACKAGE="/Game/My2DMap" FILE="../../../../../../Users/Felippe/Desktop/New folder/MyPaper2D/MyPaper2D/Content/My2DMap.umap" SILENT=true AUTOSAVING=false KEEPDIRTY=false
[2017.10.27-03.28.32:322][ 94]LogSavePackage: Save=60.89ms
[2017.10.27-03.28.32:322][ 94]LogSavePackage: Moving '../../../../../../Users/Felippe/Desktop/New folder/MyPaper2D/MyPaper2D/Saved/My2DMap6924A1214561944FDBAD7899068E6C66.tmp' to '../../../../../../Users/Felippe/Desktop/New folder/MyPaper2D/MyPaper2D/Content/My2DMap.umap'
[2017.10.27-03.28.32:327][ 94]LogSavePackage: Display: Finished SavePackage ../../../../../../Users/Felippe/Desktop/New folder/MyPaper2D/MyPaper2D/Content/My2DMap.umap
[2017.10.27-03.28.32:374][ 94]LogFileHelpers: Saving map 'My2DMap' took 0.250
[2017.10.27-03.29.18:551][553]LogTemp: Repeating last play command: New Editor Window (PIE)
[2017.10.27-03.29.18:579][553]LogBlueprintUserMessages: Early PlayInEditor Detection: Level '/Game/My2DMap.My2DMap:PersistentLevel' has LevelScriptBlueprint '/Game/My2DMap.My2DMap:PersistentLevel.My2DMap' with GeneratedClass '/Game/My2DMap.My2DMap_C' with ClassGeneratedBy '/Game/My2DMap.My2DMap:PersistentLevel.My2DMap'
[2017.10.27-03.29.18:580][553]LogPlayLevel: PlayLevel: No blueprints needed recompiling
[2017.10.27-03.29.18:580][553]PIE: New page: PIE session: My2DMap (26/10/2017 23:29:18)
[2017.10.27-03.29.18:580][553]LogPlayLevel: Creating play world package: /Game/UEDPIE_0_My2DMap
[2017.10.27-03.29.18:583][553]LogPlayLevel: PIE: StaticDuplicateObject took: (0.002996s)
[2017.10.27-03.29.18:584][553]LogAIModule: Creating AISystem for world My2DMap
[2017.10.27-03.29.18:584][553]LogPlayLevel: PIE: World Init took: (0.000901s)
[2017.10.27-03.29.18:584][553]LogPlayLevel: PIE: Created PIE world by copying editor world from /Game/My2DMap.My2DMap to /Game/UEDPIE_0_My2DMap.My2DMap (0.004186s)
[2017.10.27-03.29.18:789][553]LogInit: XAudio2 using 'Realtek Digital Output(Optical) (Realtek High Definition Audio)' : 2 channels at 48 kHz using 16 bits per sample (channel mask 0x3)
[2017.10.27-03.29.18:801][553]LogInit: FAudioDevice initialized.
[2017.10.27-03.29.18:840][553]LogLoad: Game class is '2DGame_C'
[2017.10.27-03.29.18:844][553]LogWorld: Bringing World /Game/UEDPIE_0_My2DMap.My2DMap up for play (max tick rate 0) at 2017.10.27-01.29.18
[2017.10.27-03.29.18:845][553]LogWorld: Bringing up level for play took: 0.003819
[2017.10.27-03.29.18:850][553]LogPlayerManagement: Error: Failed to Create Player: Maximum number of players (4) already created.  Unable to create more.
[2017.10.27-03.29.18:855][553]PIE: Play in editor start time for /Game/UEDPIE_0_My2DMap 0,187
[2017.10.27-03.29.18:855][553]LogBlueprintUserMessages: Late PlayInEditor Detection: Level '/Game/My2DMap.My2DMap:PersistentLevel' has LevelScriptBlueprint '/Game/My2DMap.My2DMap:PersistentLevel.My2DMap' with GeneratedClass '/Game/My2DMap.My2DMap_C' with ClassGeneratedBy '/Game/My2DMap.My2DMap:PersistentLevel.My2DMap'
[2017.10.27-03.29.22:248][737]LogBlueprintUserMessages: Early EndPlayMap Detection: Level '/Game/My2DMap.My2DMap:PersistentLevel' has LevelScriptBlueprint '/Game/My2DMap.My2DMap:PersistentLevel.My2DMap' with GeneratedClass '/Game/My2DMap.My2DMap_C' with ClassGeneratedBy '/Game/My2DMap.My2DMap:PersistentLevel.My2DMap'
[2017.10.27-03.29.22:309][737]LogBlueprintUserMessages: Late EndPlayMap Detection: Level '/Game/My2DMap.My2DMap:PersistentLevel' has LevelScriptBlueprint '/Game/My2DMap.My2DMap:PersistentLevel.My2DMap' with GeneratedClass '/Game/My2DMap.My2DMap_C' with ClassGeneratedBy '/Game/My2DMap.My2DMap:PersistentLevel.My2DMap'
[2017.10.27-03.29.23:508][775]LogTemp: Repeating last play command: New Editor Window (PIE)
[2017.10.27-03.29.23:536][775]LogBlueprintUserMessages: Early PlayInEditor Detection: Level '/Game/My2DMap.My2DMap:PersistentLevel' has LevelScriptBlueprint '/Game/My2DMap.My2DMap:PersistentLevel.My2DMap' with GeneratedClass '/Game/My2DMap.My2DMap_C' with ClassGeneratedBy '/Game/My2DMap.My2DMap:PersistentLevel.My2DMap'
[2017.10.27-03.29.23:536][775]LogPlayLevel: PlayLevel: No blueprints needed recompiling
[2017.10.27-03.29.23:536][775]PIE: New page: PIE session: My2DMap (26/10/2017 23:29:23)
[2017.10.27-03.29.23:537][775]LogPlayLevel: Creating play world package: /Game/UEDPIE_0_My2DMap
[2017.10.27-03.29.23:539][775]LogPlayLevel: PIE: StaticDuplicateObject took: (0.002755s)
[2017.10.27-03.29.23:540][775]LogAIModule: Creating AISystem for world My2DMap
[2017.10.27-03.29.23:540][775]LogPlayLevel: PIE: World Init took: (0.000921s)
[2017.10.27-03.29.23:540][775]LogPlayLevel: PIE: Created PIE world by copying editor world from /Game/My2DMap.My2DMap to /Game/UEDPIE_0_My2DMap.My2DMap (0.003917s)
[2017.10.27-03.29.23:753][775]LogInit: XAudio2 using 'Realtek Digital Output(Optical) (Realtek High Definition Audio)' : 2 channels at 48 kHz using 16 bits per sample (channel mask 0x3)
[2017.10.27-03.29.23:763][775]LogInit: FAudioDevice initialized.
[2017.10.27-03.29.23:809][775]LogLoad: Game class is '2DGame_C'
[2017.10.27-03.29.23:813][775]LogWorld: Bringing World /Game/UEDPIE_0_My2DMap.My2DMap up for play (max tick rate 0) at 2017.10.27-01.29.23
[2017.10.27-03.29.23:814][775]LogWorld: Bringing up level for play took: 0.003664
[2017.10.27-03.29.23:818][775]LogPlayerManagement: Error: Failed to Create Player: Maximum number of players (4) already created.  Unable to create more.
[2017.10.27-03.29.23:823][775]PIE: Play in editor start time for /Game/UEDPIE_0_My2DMap 1,155
[2017.10.27-03.29.23:823][775]LogBlueprintUserMessages: Late PlayInEditor Detection: Level '/Game/My2DMap.My2DMap:PersistentLevel' has LevelScriptBlueprint '/Game/My2DMap.My2DMap:PersistentLevel.My2DMap' with GeneratedClass '/Game/My2DMap.My2DMap_C' with ClassGeneratedBy '/Game/My2DMap.My2DMap:PersistentLevel.My2DMap'
[2017.10.27-03.29.25:352][854]LogBlueprintUserMessages: Early EndPlayMap Detection: Level '/Game/My2DMap.My2DMap:PersistentLevel' has LevelScriptBlueprint '/Game/My2DMap.My2DMap:PersistentLevel.My2DMap' with GeneratedClass '/Game/My2DMap.My2DMap_C' with ClassGeneratedBy '/Game/My2DMap.My2DMap:PersistentLevel.My2DMap'
[2017.10.27-03.29.25:419][854]LogBlueprintUserMessages: Late EndPlayMap Detection: Level '/Game/My2DMap.My2DMap:PersistentLevel' has LevelScriptBlueprint '/Game/My2DMap.My2DMap:PersistentLevel.My2DMap' with GeneratedClass '/Game/My2DMap.My2DMap_C' with ClassGeneratedBy '/Game/My2DMap.My2DMap:PersistentLevel.My2DMap'
[2017.10.27-03.29.26:160][883]LogTemp: Repeating last play command: New Editor Window (PIE)
[2017.10.27-03.29.26:190][883]LogBlueprintUserMessages: Early PlayInEditor Detection: Level '/Game/My2DMap.My2DMap:PersistentLevel' has LevelScriptBlueprint '/Game/My2DMap.My2DMap:PersistentLevel.My2DMap' with GeneratedClass '/Game/My2DMap.My2DMap_C' with ClassGeneratedBy '/Game/My2DMap.My2DMap:PersistentLevel.My2DMap'
[2017.10.27-03.29.26:190][883]LogPlayLevel: PlayLevel: No blueprints needed recompiling
[2017.10.27-03.29.26:190][883]PIE: New page: PIE session: My2DMap (26/10/2017 23:29:26)
[2017.10.27-03.29.26:191][883]LogPlayLevel: Creating play world package: /Game/UEDPIE_0_My2DMap
[2017.10.27-03.29.26:194][883]LogPlayLevel: PIE: StaticDuplicateObject took: (0.003436s)
[2017.10.27-03.29.26:195][883]LogAIModule: Creating AISystem for world My2DMap
[2017.10.27-03.29.26:195][883]LogPlayLevel: PIE: World Init took: (0.001091s)
[2017.10.27-03.29.26:195][883]LogPlayLevel: PIE: Created PIE world by copying editor world from /Game/My2DMap.My2DMap to /Game/UEDPIE_0_My2DMap.My2DMap (0.004860s)
[2017.10.27-03.29.26:410][883]LogInit: XAudio2 using 'Realtek Digital Output(Optical) (Realtek High Definition Audio)' : 2 channels at 48 kHz using 16 bits per sample (channel mask 0x3)
[2017.10.27-03.29.26:421][883]LogInit: FAudioDevice initialized.
[2017.10.27-03.29.26:461][883]LogLoad: Game class is '2DGame_C'
[2017.10.27-03.29.26:464][883]LogWorld: Bringing World /Game/UEDPIE_0_My2DMap.My2DMap up for play (max tick rate 0) at 2017.10.27-01.29.26
[2017.10.27-03.29.26:465][883]LogWorld: Bringing up level for play took: 0.003400
[2017.10.27-03.29.26:470][883]LogPlayerManagement: Error: Failed to Create Player: Maximum number of players (4) already created.  Unable to create more.
[2017.10.27-03.29.26:475][883]PIE: Play in editor start time for /Game/UEDPIE_0_My2DMap -0,193
[2017.10.27-03.29.26:475][883]LogBlueprintUserMessages: Late PlayInEditor Detection: Level '/Game/My2DMap.My2DMap:PersistentLevel' has LevelScriptBlueprint '/Game/My2DMap.My2DMap:PersistentLevel.My2DMap' with GeneratedClass '/Game/My2DMap.My2DMap_C' with ClassGeneratedBy '/Game/My2DMap.My2DMap:PersistentLevel.My2DMap'
[2017.10.27-03.29.28:605][996]LogBlueprintUserMessages: Early EndPlayMap Detection: Level '/Game/My2DMap.My2DMap:PersistentLevel' has LevelScriptBlueprint '/Game/My2DMap.My2DMap:PersistentLevel.My2DMap' with GeneratedClass '/Game/My2DMap.My2DMap_C' with ClassGeneratedBy '/Game/My2DMap.My2DMap:PersistentLevel.My2DMap'
[2017.10.27-03.29.28:669][996]LogBlueprintUserMessages: Late EndPlayMap Detection: Level '/Game/My2DMap.My2DMap:PersistentLevel' has LevelScriptBlueprint '/Game/My2DMap.My2DMap:PersistentLevel.My2DMap' with GeneratedClass '/Game/My2DMap.My2DMap_C' with ClassGeneratedBy '/Game/My2DMap.My2DMap:PersistentLevel.My2DMap'
[2017.10.27-03.29.29:308][ 18]LogTemp: Repeating last play command: New Editor Window (PIE)
[2017.10.27-03.29.29:337][ 18]LogBlueprintUserMessages: Early PlayInEditor Detection: Level '/Game/My2DMap.My2DMap:PersistentLevel' has LevelScriptBlueprint '/Game/My2DMap.My2DMap:PersistentLevel.My2DMap' with GeneratedClass '/Game/My2DMap.My2DMap_C' with ClassGeneratedBy '/Game/My2DMap.My2DMap:PersistentLevel.My2DMap'
[2017.10.27-03.29.29:337][ 18]LogPlayLevel: PlayLevel: No blueprints needed recompiling
[2017.10.27-03.29.29:337][ 18]PIE: New page: PIE session: My2DMap (26/10/2017 23:29:29)
[2017.10.27-03.29.29:337][ 18]LogPlayLevel: Creating play world package: /Game/UEDPIE_0_My2DMap
[2017.10.27-03.29.29:340][ 18]LogPlayLevel: PIE: StaticDuplicateObject took: (0.002766s)
[2017.10.27-03.29.29:341][ 18]LogAIModule: Creating AISystem for world My2DMap
[2017.10.27-03.29.29:341][ 18]LogPlayLevel: PIE: World Init took: (0.000861s)
[2017.10.27-03.29.29:341][ 18]LogPlayLevel: PIE: Created PIE world by copying editor world from /Game/My2DMap.My2DMap to /Game/UEDPIE_0_My2DMap.My2DMap (0.003923s)
[2017.10.27-03.29.29:554][ 18]LogInit: XAudio2 using 'Realtek Digital Output(Optical) (Realtek High Definition Audio)' : 2 channels at 48 kHz using 16 bits per sample (channel mask 0x3)
[2017.10.27-03.29.29:564][ 18]LogInit: FAudioDevice initialized.
[2017.10.27-03.29.29:604][ 18]LogLoad: Game class is '2DGame_C'
[2017.10.27-03.29.29:608][ 18]LogWorld: Bringing World /Game/UEDPIE_0_My2DMap.My2DMap up for play (max tick rate 0) at 2017.10.27-01.29.29
[2017.10.27-03.29.29:609][ 18]LogWorld: Bringing up level for play took: 0.003988
[2017.10.27-03.29.29:614][ 18]LogPlayerManagement: Error: Failed to Create Player: Maximum number of players (4) already created.  Unable to create more.
[2017.10.27-03.29.29:619][ 18]PIE: Play in editor start time for /Game/UEDPIE_0_My2DMap 0,952
[2017.10.27-03.29.29:619][ 18]LogBlueprintUserMessages: Late PlayInEditor Detection: Level '/Game/My2DMap.My2DMap:PersistentLevel' has LevelScriptBlueprint '/Game/My2DMap.My2DMap:PersistentLevel.My2DMap' with GeneratedClass '/Game/My2DMap.My2DMap_C' with ClassGeneratedBy '/Game/My2DMap.My2DMap:PersistentLevel.My2DMap'
[2017.10.27-03.29.33:924][246]LogBlueprintUserMessages: [PlayerBlue_C_0] X=1000.000 Y=0.000 Z=0.000
[2017.10.27-03.29.34:146][257]LogBlueprintUserMessages: [PlayerBlue_C_0] X=1000.000 Y=0.000 Z=0.000
[2017.10.27-03.29.34:423][271]LogBlueprintUserMessages: [BlueProjectile_C_0] TileMap
[2017.10.27-03.29.34:692][285]LogBlueprintUserMessages: [BlueProjectile_C_1] TileMap
[2017.10.27-03.29.36:562][386]LogBlueprintUserMessages: [PlayerBlue_C_0] X=-1000.000 Y=-0.000 Z=0.000
[2017.10.27-03.29.36:562][386]LogBlueprintUserMessages: [BlueProjectile_C_2] PlayerBlue
[2017.10.27-03.29.36:747][396]LogBlueprintUserMessages: [PlayerBlue_C_0] X=-1000.000 Y=-0.000 Z=0.000
[2017.10.27-03.29.36:951][407]LogBlueprintUserMessages: [PlayerBlue_C_0] X=-1000.000 Y=-0.000 Z=0.000
[2017.10.27-03.29.36:951][407]LogBlueprintUserMessages: [BlueProjectile_C_4] PlayerBlue
[2017.10.27-03.29.36:986][409]LogBlueprintUserMessages: [BlueProjectile_C_3] TileMap
[2017.10.27-03.29.37:157][418]LogBlueprintUserMessages: [PlayerBlue_C_0] X=-1000.000 Y=-0.000 Z=0.000
[2017.10.27-03.29.37:765][450]LogBlueprintUserMessages: [PlayerBlue_C_0] X=-1000.000 Y=-0.000 Z=0.000
[2017.10.27-03.29.37:765][450]LogBlueprintUserMessages: [BlueProjectile_C_5] PlayerBlue3
[2017.10.27-03.29.37:765][450]LogBlueprintUserMessages: [BlueProjectile_C_6] PlayerBlue
[2017.10.27-03.29.37:986][462]LogBlueprintUserMessages: [PlayerBlue_C_0] X=-1000.000 Y=-0.000 Z=0.000
[2017.10.27-03.29.38:193][473]LogBlueprintUserMessages: [PlayerBlue_C_0] X=-1000.000 Y=-0.000 Z=0.000
[2017.10.27-03.29.38:208][474]LogBlueprintUserMessages: [BlueProjectile_C_7] PlayerBlue3
[2017.10.27-03.29.38:265][477]LogBlueprintUserMessages: [BlueProjectile_C_8] TileMap
[2017.10.27-03.29.40:614][605]LogBlueprintUserMessages: [PlayerBlue_C_0] X=1000.000 Y=0.000 Z=0.000
[2017.10.27-03.29.40:816][616]LogBlueprintUserMessages: [PlayerBlue_C_0] X=1000.000 Y=0.000 Z=0.000
[2017.10.27-03.29.40:984][625]LogBlueprintUserMessages: [BlueProjectile_C_9] TileMap
[2017.10.27-03.29.41:026][627]LogBlueprintUserMessages: [PlayerBlue_C_0] X=1000.000 Y=0.000 Z=0.000
[2017.10.27-03.29.41:175][635]LogBlueprintUserMessages: [BlueProjectile_C_10] TileMap
[2017.10.27-03.29.41:252][639]LogBlueprintUserMessages: [PlayerBlue_C_0] X=1000.000 Y=0.000 Z=0.000
[2017.10.27-03.29.41:375][646]LogBlueprintUserMessages: [BlueProjectile_C_11] TileMap
[2017.10.27-03.29.41:596][658]LogBlueprintUserMessages: [BlueProjectile_C_12] TileMap
[2017.10.27-03.29.42:479][705]LogBlueprintUserMessages: [PlayerBlue_C_0] X=1000.000 Y=0.000 Z=0.000
[2017.10.27-03.29.42:479][705]LogBlueprintUserMessages: [BlueProjectile_C_13] PlayerBlue
[2017.10.27-03.29.42:683][716]LogBlueprintUserMessages: [PlayerBlue_C_0] X=1000.000 Y=0.000 Z=0.000
[2017.10.27-03.29.42:835][724]LogBlueprintUserMessages: [BlueProjectile_C_14] PlayerBlue2
[2017.10.27-03.29.42:857][725]LogBlueprintUserMessages: [PlayerBlue_C_0] X=1000.000 Y=0.000 Z=0.000
[2017.10.27-03.29.43:005][733]LogBlueprintUserMessages: [BlueProjectile_C_15] PlayerBlue2
[2017.10.27-03.29.43:084][737]LogBlueprintUserMessages: [PlayerBlue_C_0] X=1000.000 Y=0.000 Z=0.000
[2017.10.27-03.29.43:231][745]LogBlueprintUserMessages: [BlueProjectile_C_16] PlayerBlue2
[2017.10.27-03.29.43:295][748]LogBlueprintUserMessages: [PlayerBlue_C_0] X=1000.000 Y=0.000 Z=0.000
[2017.10.27-03.29.43:441][756]LogBlueprintUserMessages: [BlueProjectile_C_17] PlayerBlue2
[2017.10.27-03.29.43:534][761]LogBlueprintUserMessages: [PlayerBlue_C_0] X=1000.000 Y=0.000 Z=0.000
[2017.10.27-03.29.43:696][770]LogBlueprintUserMessages: [BlueProjectile_C_18] PlayerBlue2
[2017.10.27-03.29.45:781][882]LogBlueprintUserMessages: [PlayerBlue_C_0] X=1000.000 Y=0.000 Z=0.000
[2017.10.27-03.29.45:782][882]LogBlueprintUserMessages: [BlueProjectile_C_19] PlayerBlue
[2017.10.27-03.29.46:135][901]LogBlueprintUserMessages: [PlayerBlue_C_0] X=1000.000 Y=0.000 Z=0.000
[2017.10.27-03.29.46:215][905]LogBlueprintUserMessages: [BlueProjectile_C_20] TileMap
[2017.10.27-03.29.46:696][931]LogBlueprintUserMessages: [PlayerBlue_C_0] X=1000.000 Y=0.000 Z=0.000
[2017.10.27-03.29.46:732][933]LogBlueprintUserMessages: [BlueProjectile_C_21] TileMap
[2017.10.27-03.29.47:406][969]LogBlueprintUserMessages: [PlayerBlue_C_0] X=-1000.000 Y=-0.000 Z=0.000
[2017.10.27-03.29.47:888][994]LogBlueprintUserMessages: [PlayerBlue_C_0] X=-1000.000 Y=-0.000 Z=0.000
[2017.10.27-03.29.48:608][ 33]LogBlueprintUserMessages: [BlueProjectile_C_22] TileMap
[2017.10.27-03.29.49:061][ 56]LogBlueprintUserMessages: [PlayerBlue_C_0] X=1000.000 Y=0.000 Z=0.000
[2017.10.27-03.29.49:061][ 56]LogBlueprintUserMessages: [BlueProjectile_C_23] TileMap
[2017.10.27-03.29.49:393][ 72]LogBlueprintUserMessages: [BlueProjectile_C_24] TileMap
[2017.10.27-03.29.49:832][ 95]LogBlueprintUserMessages: [PlayerBlue_C_0] X=1000.000 Y=0.000 Z=0.000
[2017.10.27-03.29.49:832][ 95]LogBlueprintUserMessages: [BlueProjectile_C_25] PlayerBlue
[2017.10.27-03.29.50:078][108]LogBlueprintUserMessages: [PlayerBlue_C_0] X=1000.000 Y=0.000 Z=0.000
[2017.10.27-03.29.50:296][120]LogBlueprintUserMessages: [PlayerBlue_C_0] X=1000.000 Y=0.000 Z=0.000
[2017.10.27-03.29.50:466][127]LogBlueprintUserMessages: [BlueProjectile_C_26] PlayerBlue2
[2017.10.27-03.29.50:504][129]LogBlueprintUserMessages: [BlueProjectile_C_27] TileMap
[2017.10.27-03.29.50:765][141]LogBlueprintUserMessages: [PlayerBlue_C_0] X=1000.000 Y=0.000 Z=0.000
[2017.10.27-03.29.50:765][141]LogBlueprintUserMessages: [BlueProjectile_C_28] PlayerBlue
[2017.10.27-03.29.51:039][155]LogBlueprintUserMessages: [PlayerBlue_C_0] X=1000.000 Y=0.000 Z=0.000
[2017.10.27-03.29.51:258][165]LogBlueprintUserMessages: [PlayerBlue_C_0] X=1000.000 Y=0.000 Z=0.000
[2017.10.27-03.29.51:293][166]LogBlueprintUserMessages: [BlueProjectile_C_30] TileMap
[2017.10.27-03.29.51:315][167]LogBlueprintUserMessages: [BlueProjectile_C_29] PlayerBlue2
[2017.10.27-03.29.51:881][190]LogBlueprintUserMessages: [PlayerBlue_C_0] X=1000.000 Y=0.000 Z=0.000
[2017.10.27-03.29.51:881][190]LogBlueprintUserMessages: [BlueProjectile_C_31] PlayerBlue
[2017.10.27-03.29.52:126][201]LogBlueprintUserMessages: [PlayerBlue_C_0] X=1000.000 Y=0.000 Z=0.000
[2017.10.27-03.29.52:270][209]LogBlueprintUserMessages: [BlueProjectile_C_32] PlayerBlue2
[2017.10.27-03.29.52:349][212]LogBlueprintUserMessages: [PlayerBlue_C_0] X=-1000.000 Y=-0.000 Z=0.000
[2017.10.27-03.29.52:545][220]LogBlueprintUserMessages: [BlueProjectile_C_33] TileMap
[2017.10.27-03.29.53:052][239]LogBlueprintUserMessages: [PlayerBlue_C_0] X=-1000.000 Y=-0.000 Z=0.000
[2017.10.27-03.29.53:052][239]LogBlueprintUserMessages: [BlueProjectile_C_34] PlayerBlue
[2017.10.27-03.29.53:240][247]LogBlueprintUserMessages: [PlayerBlue_C_0] X=-1000.000 Y=-0.000 Z=0.000
[2017.10.27-03.29.53:434][255]LogBlueprintUserMessages: [PlayerBlue_C_0] X=-1000.000 Y=-0.000 Z=0.000
[2017.10.27-03.29.53:636][262]LogBlueprintUserMessages: [PlayerBlue_C_0] X=-1000.000 Y=-0.000 Z=0.000
[2017.10.27-03.29.53:637][262]LogBlueprintUserMessages: [BlueProjectile_C_37] PlayerBlue
[2017.10.27-03.29.53:824][270]LogBlueprintUserMessages: [PlayerBlue_C_0] X=-1000.000 Y=-0.000 Z=0.000
[2017.10.27-03.29.53:825][270]LogBlueprintUserMessages: [BlueProjectile_C_38] PlayerBlue
[2017.10.27-03.29.54:063][279]LogBlueprintUserMessages: [PlayerBlue_C_0] X=-1000.000 Y=-0.000 Z=0.000
[2017.10.27-03.29.54:240][288]LogBlueprintUserMessages: [PlayerBlue_C_0] X=-1000.000 Y=-0.000 Z=0.000
[2017.10.27-03.29.54:353][294]LogBlueprintUserMessages: [BlueProjectile_C_35] PlayerBlue3
[2017.10.27-03.29.54:391][296]LogBlueprintUserMessages: [BlueProjectile_C_36] TileMap
[2017.10.27-03.29.54:446][298]LogBlueprintUserMessages: [PlayerBlue_C_0] X=-1000.000 Y=-0.000 Z=0.000
[2017.10.27-03.29.54:833][315]LogBlueprintUserMessages: [PlayerBlue_C_0] X=-1000.000 Y=-0.000 Z=0.000
[2017.10.27-03.29.55:043][324]LogBlueprintUserMessages: [BlueProjectile_C_39] PlayerBlue3
[2017.10.27-03.29.55:225][332]LogBlueprintUserMessages: [PlayerBlue_C_0] X=1000.000 Y=0.000 Z=0.000
[2017.10.27-03.29.55:225][332]LogBlueprintUserMessages: [BlueProjectile_C_40] PlayerBlue3
[2017.10.27-03.29.55:349][338]LogBlueprintUserMessages: [BlueProjectile_C_41] PlayerBlue3
[2017.10.27-03.29.55:724][365]LogBlueprintUserMessages: [BlueProjectile_C_42] PlayerBlue3
[2017.10.27-03.29.55:902][380]LogBlueprintUserMessages: [BlueProjectile_C_43] PlayerBlue2
[2017.10.27-03.29.56:137][400]LogBlueprintUserMessages: [PlayerBlue_C_0] X=1000.000 Y=0.000 Z=0.000
[2017.10.27-03.29.56:137][400]LogBlueprintUserMessages: [BlueProjectile_C_44] PlayerBlue
[2017.10.27-03.29.56:395][422]LogBlueprintUserMessages: [PlayerBlue_C_0] X=1000.000 Y=0.000 Z=0.000
[2017.10.27-03.29.56:513][432]LogBlueprintUserMessages: [BlueProjectile_C_45] PlayerBlue2
[2017.10.27-03.29.58:363][586]LogBlueprintUserMessages: [PlayerBlue_C_0] X=-1000.000 Y=-0.000 Z=0.000
[2017.10.27-03.29.58:364][586]LogBlueprintUserMessages: [BlueProjectile_C_46] PlayerBlue
[2017.10.27-03.29.58:557][600]LogBlueprintUserMessages: [PlayerBlue_C_0] X=-1000.000 Y=-0.000 Z=0.000
[2017.10.27-03.29.59:489][670]LogBlueprintUserMessages: [PlayerBlue_C_0] X=-1000.000 Y=-0.000 Z=0.000
[2017.10.27-03.29.59:490][670]LogBlueprintUserMessages: [BlueProjectile_C_48] PlayerBlue
[2017.10.27-03.29.59:675][684]LogBlueprintUserMessages: [PlayerBlue_C_0] X=-1000.000 Y=-0.000 Z=0.000
[2017.10.27-03.29.59:726][688]LogBlueprintUserMessages: [BlueProjectile_C_47] PlayerBlue3
[2017.10.27-03.29.59:810][694]LogBlueprintUserMessages: [PlayerBlue_C_0] X=-1000.000 Y=-0.000 Z=0.000
[2017.10.27-03.29.59:810][694]LogBlueprintUserMessages: [BlueProjectile_C_49] BlueProjectile50
[2017.10.27-03.29.59:810][694]LogBlueprintUserMessages: [BlueProjectile_C_50] BlueProjectile49
[2017.10.27-03.29.59:962][705]LogBlueprintUserMessages: [PlayerBlue_C_0] X=-1000.000 Y=-0.000 Z=0.000
[2017.10.27-03.29.59:962][705]LogBlueprintUserMessages: [BlueProjectile_C_51] TileMap
[2017.10.27-03.30.00:019][709]LogBlueprintUserMessages: [PlayerBlue_C_0] X=-1000.000 Y=-0.000 Z=0.000
[2017.10.27-03.30.00:568][748]LogBlueprintUserMessages: [BlueProjectile_C_52] PlayerBlue3
[2017.10.27-03.30.01:611][814]LogBlueprintUserMessages: [PlayerBlue_C_0] X=-1000.000 Y=-0.000 Z=0.000
[2017.10.27-03.30.01:762][823]LogBlueprintUserMessages: [PlayerBlue_C_0] X=1000.000 Y=0.000 Z=0.000
[2017.10.27-03.30.02:339][859]LogBlueprintUserMessages: [BlueProjectile_C_54] PlayerBlue2
[2017.10.27-03.30.02:579][874]LogBlueprintUserMessages: [BlueProjectile_C_53] PlayerBlue3
[2017.10.27-03.30.07:241][157]LogBlueprintUserMessages: [PlayerBlue_C_0] X=1000.000 Y=0.000 Z=0.000
[2017.10.27-03.30.07:241][157]LogBlueprintUserMessages: [BlueProjectile_C_55] PlayerBlue
[2017.10.27-03.30.07:394][166]LogBlueprintUserMessages: [PlayerBlue_C_0] X=1000.000 Y=0.000 Z=0.000
[2017.10.27-03.30.07:410][167]LogBlueprintUserMessages: [BlueProjectile_C_56] TileMap
[2017.10.27-03.30.10:121][334]LogBlueprintUserMessages: [PlayerBlue_C_0] X=1000.000 Y=0.000 Z=0.000
[2017.10.27-03.30.10:372][349]LogBlueprintUserMessages: [PlayerBlue_C_0] X=1000.000 Y=0.000 Z=0.000
[2017.10.27-03.30.10:622][363]LogBlueprintUserMessages: [PlayerBlue_C_0] X=1000.000 Y=0.000 Z=0.000
[2017.10.27-03.30.10:856][377]LogBlueprintUserMessages: [PlayerBlue_C_0] X=1000.000 Y=0.000 Z=0.000
[2017.10.27-03.30.11:147][395]LogBlueprintUserMessages: [BlueProjectile_C_57] TileMap
[2017.10.27-03.30.11:297][404]LogBlueprintUserMessages: Early EndPlayMap Detection: Level '/Game/My2DMap.My2DMap:PersistentLevel' has LevelScriptBlueprint '/Game/My2DMap.My2DMap:PersistentLevel.My2DMap' with GeneratedClass '/Game/My2DMap.My2DMap_C' with ClassGeneratedBy '/Game/My2DMap.My2DMap:PersistentLevel.My2DMap'
[2017.10.27-03.30.11:362][404]LogBlueprintUserMessages: Late EndPlayMap Detection: Level '/Game/My2DMap.My2DMap:PersistentLevel' has LevelScriptBlueprint '/Game/My2DMap.My2DMap:PersistentLevel.My2DMap' with GeneratedClass '/Game/My2DMap.My2DMap_C' with ClassGeneratedBy '/Game/My2DMap.My2DMap:PersistentLevel.My2DMap'
