Log file open, 10/20/17 01:36:21
LogWindows: LoadLibraryWithSearchPaths failed for file aqProf.dll. GetLastError=0
LogWindows: LoadLibraryWithSearchPaths failed for file VtuneApi.dll. GetLastError=0
LogWindows: LoadLibraryWithSearchPaths failed for file VtuneApi32e.dll. GetLastError=0
LogInit: Display: Running engine for game: MyPaper2D
LogPlatformFile: Not using cached read wrapper
LogInit: Display: RandInit(-1487209310) SRandInit(-1487209310).
LogTaskGraph: Started task graph with 5 named threads and 11 total threads with 3 sets of task threads.
LogStats: Stats thread started at 0.178256
LogD3D11RHI: Aftermath initialized
LogPluginManager: Mounting plugin Paper2D
LogPluginManager: Mounting plugin LightPropagationVolume
LogPluginManager: Mounting plugin CodeLiteSourceCodeAccess
LogPluginManager: Mounting plugin GitSourceControl
LogPluginManager: Mounting plugin KDevelopSourceCodeAccess
LogPluginManager: Mounting plugin NullSourceCodeAccess
LogPluginManager: Mounting plugin PerforceSourceControl
LogPluginManager: Mounting plugin SubversionSourceControl
LogPluginManager: Mounting plugin UObjectPlugin
LogPluginManager: Mounting plugin VisualStudioSourceCodeAccess
LogPluginManager: Mounting plugin XCodeSourceCodeAccess
LogPluginManager: Mounting plugin AssetManagerEditor
LogPluginManager: Mounting plugin AudioCapture
LogPluginManager: Mounting plugin FacialAnimation
LogPluginManager: Mounting plugin GameplayTagsEditor
LogPluginManager: Mounting plugin MobileLauncherProfileWizard
LogPluginManager: Mounting plugin PluginBrowser
LogPluginManager: Mounting plugin SpeedTreeImporter
LogPluginManager: Mounting plugin AlembicImporter
LogPluginManager: Mounting plugin CharacterAI
LogPluginManager: Mounting plugin HTML5Networking
LogPluginManager: Mounting plugin AndroidMedia
LogPluginManager: Mounting plugin AvfMedia
LogPluginManager: Mounting plugin MediaPlayerEditor
LogPluginManager: Mounting plugin WmfMedia
LogPluginManager: Mounting plugin TcpMessaging
LogPluginManager: Mounting plugin UdpMessaging
LogPluginManager: Mounting plugin LevelSequenceEditor
LogPluginManager: Mounting plugin MatineeToLevelSequence
LogPluginManager: Mounting plugin OnlineSubsystemGooglePlay
LogPluginManager: Mounting plugin OnlineSubsystemIOS
LogPluginManager: Mounting plugin OnlineSubsystem
LogPluginManager: Mounting plugin OnlineSubsystemNull
LogPluginManager: Mounting plugin OnlineSubsystemUtils
LogPluginManager: Mounting plugin AndroidDeviceProfileSelector
LogPluginManager: Mounting plugin AndroidMoviePlayer
LogPluginManager: Mounting plugin AndroidPermission
LogPluginManager: Mounting plugin AppleMoviePlayer
LogPluginManager: Mounting plugin ArchVisCharacter
LogPluginManager: Mounting plugin CableComponent
LogPluginManager: Mounting plugin CustomMeshComponent
LogPluginManager: Mounting plugin ExampleDeviceProfileSelector
LogPluginManager: Mounting plugin GoogleCloudMessaging
LogPluginManager: Mounting plugin ImmediatePhysics
LogPluginManager: Mounting plugin IOSDeviceProfileSelector
LogPluginManager: Mounting plugin LinuxDeviceProfileSelector
LogPluginManager: Mounting plugin LocationServicesBPLibrary
LogPluginManager: Mounting plugin MobilePatchingUtils
LogPluginManager: Mounting plugin OculusVR
LogPluginManager: Mounting plugin PhysXVehicles
LogPluginManager: Mounting plugin ProceduralMeshComponent
LogPluginManager: Mounting plugin RuntimePhysXCooking
LogPluginManager: Mounting plugin SteamVR
LogPluginManager: Mounting plugin WindowsMoviePlayer
LogInit: Using libcurl 7.47.1
LogInit:  - built for x86_64-pc-win32
LogInit:  - supports SSL with OpenSSL/1.0.2g
LogInit:  - supports HTTP deflate (compression) using libz 1.2.8
LogInit:  - other features:
LogInit:      CURL_VERSION_SSL
LogInit:      CURL_VERSION_LIBZ
LogInit:      CURL_VERSION_IPV6
LogInit:      CURL_VERSION_ASYNCHDNS
LogInit:      CURL_VERSION_LARGEFILE
LogInit:      CURL_VERSION_IDN
LogInit:  CurlRequestOptions (configurable via config and command line):
LogInit:  - bVerifyPeer = false  - Libcurl will NOT verify peer certificate
LogInit:  - bUseHttpProxy = false  - Libcurl will NOT use HTTP proxy
LogInit:  - bDontReuseConnections = false  - Libcurl will reuse connections
LogInit:  - CertBundlePath = nullptr  - Libcurl will use whatever was configured at build time.
LogInit: Build: ++UE4+Release-4.17-CL-3586342
LogInit: Engine Version: 4.17.1-3586342+++UE4+Release-4.17
LogInit: Compatible Engine Version: 4.17.0-3573198+++UE4+Release-4.17
LogInit: Net CL: 3573198
LogDevObjectVersion: Number of dev versions registered: 16
LogDevObjectVersion:   Dev-Blueprints (B0D832E4-1F89-4F0D-ACCF-7EB736FD4AA2): 10
LogDevObjectVersion:   Dev-Build (E1C64328-A22C-4D53-A36C-8E866417BD8C): 0
LogDevObjectVersion:   Dev-Core (375EC13C-06E4-48FB-B500-84F0262A717E): 2
LogDevObjectVersion:   Dev-Editor (E4B068ED-F494-42E9-A231-DA0B2E46BB41): 20
LogDevObjectVersion:   Dev-Framework (CFFC743F-43B0-4480-9391-14DF171D2073): 28
LogDevObjectVersion:   Dev-Mobile (B02B49B5-BB20-44E9-A304-32B752E40360): 0
LogDevObjectVersion:   Dev-Networking (A4E4105C-59A1-49B5-A7C5-40C4547EDFEE): 0
LogDevObjectVersion:   Dev-Online (39C831C9-5AE6-47DC-9A44-9C173E1C8E7C): 0
LogDevObjectVersion:   Dev-Physics (78F01B33-EBEA-4F98-B9B4-84EACCB95AA2): 0
LogDevObjectVersion:   Dev-Platform (6631380F-2D4D-43E0-8009-CF276956A95A): 0
LogDevObjectVersion:   Dev-Rendering (12F88B9F-8875-4AFC-A67C-D90C383ABD29): 19
LogDevObjectVersion:   Dev-Sequencer (7B5AE74C-D270-4C10-A958-57980B212A5A): 4
LogDevObjectVersion:   Dev-VR (D7296918-1DD6-4BDD-9DE2-64A83CC13884): 0
LogDevObjectVersion:   Dev-LoadTimes (C2A15278-BFE7-4AFE-6C17-90FF531DF755): 1
LogDevObjectVersion:   Private-Geometry (6EACA3D4-40EC-4CC1-B786-8BED09428FC5): 1
LogDevObjectVersion:   Dev-AnimPhys (29E575DD-E0A3-4627-9D10-D276232CDCEA): 7
LogInit: Compiled (64-bit): Aug 15 2017 02:05:26
LogInit: Compiled with Visual C++: 19.00.24215.01
LogInit: Build Configuration: Development
LogInit: Branch Name: ++UE4+Release-4.17
LogInit: Command line:  /Temp/Autosaves/Game/UEDPCMy2DMap -game -PIEVIACONSOLE -ResX=1280 -ResY=720  -Multiprocess -messaging -SessionName="Play in Standalone Game" -featureleveles2 -faketouches -windowed 
LogInit: Base directory: D:/Epic Games/UE_4.17/Engine/Binaries/Win64/
LogInit: Installed Engine Build: 1
LogInit: Presizing for max 8388607 objects, including 0 objects not considered by GC, pre-allocating 0 bytes for permanent pool.
LogInit: Object subsystem initialized
[2017.10.20-03.36.22:353][  0]LogInit: Selected Device Profile: [Windows]
[2017.10.20-03.36.22:353][  0]LogInit: Applying CVar settings loaded from the selected device profile: [Windows]
[2017.10.20-03.36.22:360][  0]LogInit: Computer: WELTALL
[2017.10.20-03.36.22:360][  0]LogInit: User: YuriMeitzen
[2017.10.20-03.36.22:360][  0]LogInit: CPU Page size=4096, Cores=3
[2017.10.20-03.36.22:361][  0]LogInit: High frequency timer resolution =3.433666 MHz
[2017.10.20-03.36.22:361][  0]LogMemory: Memory total: Physical=8.0GB (8GB approx)
[2017.10.20-03.36.22:361][  0]LogMemory: Platform Memory Stats for Windows
[2017.10.20-03.36.22:361][  0]LogMemory: Process Physical Memory: 278.47 MB used, 278.47 MB peak
[2017.10.20-03.36.22:361][  0]LogMemory: Process Virtual Memory: 279.75 MB used, 279.75 MB peak
[2017.10.20-03.36.22:361][  0]LogMemory: Physical Memory: 5215.13 MB used,  2935.45 MB free, 8150.58 MB total
[2017.10.20-03.36.22:361][  0]LogMemory: Virtual Memory: 673.12 MB used,  2935.45 MB free, 134217728.00 MB total
[2017.10.20-03.36.22:581][  0]LogInit: Using OS detected language (en-US).
[2017.10.20-03.36.22:581][  0]LogInit: Using OS detected locale (pt-BR).
[2017.10.20-03.36.22:584][  0]LogTextLocalizationManager: No specific localization for 'en-US' exists, so the 'en' localization will be used.
[2017.10.20-03.36.23:258][  0]LogD3D11RHI: D3D11 adapters:
[2017.10.20-03.36.23:279][  0]LogD3D11RHI:    0. 'AMD Radeon R7 200 Series' (Feature Level 11_0)
[2017.10.20-03.36.23:279][  0]LogD3D11RHI:       2024/0/4075 MB DedicatedVideo/DedicatedSystem/SharedSystem, Outputs:1, VendorId:0x1002
[2017.10.20-03.36.23:281][  0]LogD3D11RHI:    1. 'Microsoft Basic Render Driver' (Feature Level 11_0)
[2017.10.20-03.36.23:281][  0]LogD3D11RHI:       0/0/4075 MB DedicatedVideo/DedicatedSystem/SharedSystem, Outputs:0, VendorId:0x1414
[2017.10.20-03.36.23:281][  0]LogD3D11RHI: Chosen D3D11 Adapter: 0
[2017.10.20-03.36.23:289][  0]LogD3D11RHI: Creating new Direct3DDevice
[2017.10.20-03.36.23:290][  0]LogD3D11RHI:     GPU DeviceId: 0x6658 (for the marketing name, search the web for "GPU Device Id")
[2017.10.20-03.36.23:290][  0]LogWindows: EnumDisplayDevices:
[2017.10.20-03.36.23:290][  0]LogWindows:    0. 'AMD Radeon R7 200 Series' (P:1 D:1)
[2017.10.20-03.36.23:290][  0]LogWindows:    1. 'AMD Radeon R7 200 Series' (P:0 D:0)
[2017.10.20-03.36.23:290][  0]LogWindows:    2. 'AMD Radeon R7 200 Series' (P:0 D:0)
[2017.10.20-03.36.23:291][  0]LogWindows:    3. 'AMD Radeon R7 200 Series' (P:0 D:0)
[2017.10.20-03.36.23:291][  0]LogWindows:    4. 'AMD Radeon R7 200 Series' (P:0 D:0)
[2017.10.20-03.36.23:291][  0]LogWindows:    5. 'AMD Radeon R7 200 Series' (P:0 D:0)
[2017.10.20-03.36.23:292][  0]LogWindows: DebugString: FoundDriverCount:6 
[2017.10.20-03.36.23:292][  0]LogD3D11RHI:     Adapter Name: AMD Radeon R7 200 Series
[2017.10.20-03.36.23:292][  0]LogD3D11RHI:   Driver Version: Crimson ReLive 17.7.2 (internal:22.19.662.4, unified:22.19.662.4)
[2017.10.20-03.36.23:292][  0]LogD3D11RHI:      Driver Date: 7-20-2017
[2017.10.20-03.36.23:292][  0]LogRHI: Texture pool is 1361 MB (70% of 1945 MB)
[2017.10.20-03.36.23:319][  0]LogD3D11RHI: Async texture creation enabled
[2017.10.20-03.36.23:332][  0]LogD3D11RHI: GPU Timing Frequency: 27.000000 (Debug: 2 1)
[2017.10.20-03.36.23:333][  0]LogD3D11RHI: HDR output is supported on display 0 (AMD Device: 0x0, Display: 0x0).
[2017.10.20-03.36.23:333][  0]LogShaderCompilers: Guid format shader working directory is -9 characters bigger than the processId version (../../../../../MyDocuments/Unreal Projects/Mypaper2D/MyPaper2D/Intermediate/Shaders/WorkingDirectory/4528/).
[2017.10.20-03.36.23:334][  0]LogShaderCompilers: Cleaned the shader compiler working directory 'C:/Users/Yuri Meitzen/AppData/Local/Temp/UnrealShaderWorkingDir/3192AEC741B693B213CE9BBC6782301C/'.
[2017.10.20-03.36.23:334][  0]LogShaderCompilers: Display: Using Local Shader Compiler.
[2017.10.20-03.36.24:499][  0]LogTemp: Display: Loaded TP WindowsClientTargetPlatform
[2017.10.20-03.36.24:562][  0]LogTemp: Display: Loaded TP WindowsNoEditorTargetPlatform
[2017.10.20-03.36.24:624][  0]LogTemp: Display: Loaded TP WindowsServerTargetPlatform
[2017.10.20-03.36.24:685][  0]LogTemp: Display: Loaded TP WindowsTargetPlatform
[2017.10.20-03.36.24:685][  0]LogTargetPlatformManager: Display: Building Assets For Windows
[2017.10.20-03.36.25:239][  0]LogDerivedDataCache: Display: Max Cache Size: 512 MB
[2017.10.20-03.36.25:425][  0]LogDerivedDataCache: Loaded boot cache 0.19s 93MB C:/Users/Yuri Meitzen/AppData/Local/UnrealEngine/4.17/DerivedDataCache/Boot.ddc.
[2017.10.20-03.36.25:425][  0]LogDerivedDataCache: Display: Loaded Boot cache: C:/Users/Yuri Meitzen/AppData/Local/UnrealEngine/4.17/DerivedDataCache/Boot.ddc
[2017.10.20-03.36.25:425][  0]LogDerivedDataCache: FDerivedDataBackendGraph:  Pak pak cache file ../../../../../MyDocuments/Unreal Projects/Mypaper2D/MyPaper2D/DerivedDataCache/DDC.ddp not found, will not use a pak cache.
[2017.10.20-03.36.25:425][  0]LogDerivedDataCache: Unable to find inner node Pak for hierarchical cache Hierarchy.
[2017.10.20-03.36.25:426][  0]LogDerivedDataCache: FDerivedDataBackendGraph:  CompressedPak pak cache file ../../../../../MyDocuments/Unreal Projects/Mypaper2D/MyPaper2D/DerivedDataCache/Compressed.ddp not found, will not use a pak cache.
[2017.10.20-03.36.25:426][  0]LogDerivedDataCache: Unable to find inner node CompressedPak for hierarchical cache Hierarchy.
[2017.10.20-03.36.25:450][  0]LogDerivedDataCache: Display: Pak cache opened for reading ../../../Engine/DerivedDataCache/Compressed.ddp.
[2017.10.20-03.36.25:462][  0]LogDerivedDataCache: Using Local data cache path C:/Users/Yuri Meitzen/AppData/Local/UnrealEngine/Common/DerivedDataCache: Writable
[2017.10.20-03.36.25:463][  0]LogMaterial: Verifying Global Shaders for PCD3D_ES2
[2017.10.20-03.36.26:095][  0]LogSlate: Using Freetype 2.6.0
[2017.10.20-03.36.26:112][  0]LogSlate: SlateFontCache - WITH_FREETYPE: 1, WITH_HARFBUZZ: 1
[2017.10.20-03.36.26:112][  0]LogSlate: SlateFontCache - WITH_FREETYPE: 1, WITH_HARFBUZZ: 1
[2017.10.20-03.36.40:143][  0]LogAssetRegistry: FAssetRegistry took 0.0087 seconds to start up
[2017.10.20-03.36.40:204][  0]LogPackageLocalizationCache: Processed 5 localized package path(s) for 2 prioritized culture(s) in 0.019087 seconds
[2017.10.20-03.36.40:395][  0]LogInit: Selected Device Profile: [Windows]
[2017.10.20-03.36.40:672][  0]LogContentStreaming: Texture pool size is 1000.00 MB
[2017.10.20-03.36.40:725][  0]LogMaterial: Missing cached shader map for material WorldGridMaterial, compiling. Is special engine material.
[2017.10.20-03.38.07:368][  0]LogMaterial: Missing cached shader map for material DefaultDeferredDecalMaterial, compiling. 
[2017.10.20-03.38.19:484][  0]LogMaterial: Missing cached shader map for material DefaultLightFunctionMaterial, compiling. 
[2017.10.20-03.38.19:709][  0]LogMaterial: Missing cached shader map for material DefaultPostProcessMaterial, compiling. 
[2017.10.20-03.38.20:422][  0]LogMaterial: Missing cached shader map for material TranslucentTransformGizmoMaterial, compiling. 
[2017.10.20-03.38.20:441][  0]LogMaterial: Missing cached shader map for material TransformGizmoMaterial, compiling. 
[2017.10.20-03.38.20:448][  0]LogMaterial: Missing cached shader map for material SnapGridMaterial, compiling. 
[2017.10.20-03.38.21:415][  0]LogSimplygon: Simplygon DLL not present - disabling.
[2017.10.20-03.38.21:522][  0]LogMeshReduction: Using SimplygonSwarm for distributed automatic mesh merging
[2017.10.20-03.38.21:522][  0]LogMeshReduction: Using QuadricMeshReduction for automatic static mesh reduction
[2017.10.20-03.38.21:522][  0]LogMeshReduction: No automatic skeletal mesh reduction module available
[2017.10.20-03.38.21:522][  0]LogMeshReduction: No automatic mesh merging module available
[2017.10.20-03.38.21:522][  0]LogMeshMerging: No automatic mesh merging module available
[2017.10.20-03.38.21:598][  0]LogMaterial: Missing cached shader map for material Main, compiling. 
[2017.10.20-03.38.21:613][  0]LogMaterial: Missing cached shader map for material Xray, compiling. 
[2017.10.20-03.38.21:691][  0]LogMaterial: Missing cached shader map for material CineMat, compiling. 
[2017.10.20-03.38.21:864][  0]LogMaterial: Missing cached shader map for material MatineeCam_mat, compiling. 
[2017.10.20-03.38.21:930][  0]LogMaterial: Missing cached shader map for material M_SimpleOpaque, compiling. 
[2017.10.20-03.38.22:006][  0]LogMaterial: Missing cached shader map for material M_SimpleTranslucent, compiling. 
[2017.10.20-03.38.22:244][  0]LogMaterial: Missing cached shader map for material Widget3DPassThrough, compiling. 
[2017.10.20-03.38.22:257][  0]LogMaterial: Missing cached shader map for material Widget3DPassThrough, compiling. 
[2017.10.20-03.38.22:279][  0]LogMaterial: Missing cached shader map for material Widget3DPassThrough, compiling. 
[2017.10.20-03.38.22:292][  0]LogMaterial: Missing cached shader map for material Widget3DPassThrough, compiling. 
[2017.10.20-03.38.22:300][  0]LogMaterial: Missing cached shader map for material Widget3DPassThrough, compiling. 
[2017.10.20-03.38.22:318][  0]LogMaterial: Missing cached shader map for material Widget3DPassThrough, compiling. 
[2017.10.20-03.38.22:521][  0]LogMaterial: Missing cached shader map for material SkySphereMaterial, compiling. 
[2017.10.20-03.38.22:541][  0]LogMaterial: Missing cached shader map for material FloorPlaneMaterial, compiling. 
[2017.10.20-03.38.22:804][  0]LogMaterial: Missing cached shader map for material LandscapeGizmo_Mat, compiling. 
[2017.10.20-03.38.22:845][  0]LogMaterial: Missing cached shader map for material LandscapeGizmoHeight_Mat, compiling. 
[2017.10.20-03.38.22:967][  0]LogMaterial: Missing cached shader map for material SplineEditorMeshMat, compiling. 
[2017.10.20-03.38.22:994][  0]LogNetVersion: MyPaper2D , NetCL: 3573198, EngineNetVer: 2, GameNetVer: 0 (Checksum: 640952014)
[2017.10.20-03.38.23:043][  0]LogMaterial: Missing cached shader map for material HelpActorMaterial, compiling. 
[2017.10.20-03.38.23:176][  0]LogMaterial: Missing cached shader map for material DefaultTextMaterialOpaque, compiling. 
[2017.10.20-03.38.23:382][  0]LogMaterial: Missing cached shader map for material GearVRControllerMaterial, compiling. 
[2017.10.20-03.38.23:573][  0]LogInit: WinSock: version 1.1 (2.2), MaxSocks=32767, MaxUdp=65467
[2017.10.20-03.38.26:231][  0]LogMaterial: Missing cached shader map for material KeyDiskMaterial, compiling. 
[2017.10.20-03.38.26:247][  0]LogMaterial: Missing cached shader map for material M_ContentWindow, compiling. 
[2017.10.20-03.38.26:331][  0]LogMaterial: Missing cached shader map for material ArrowMaterial, compiling. 
[2017.10.20-03.38.26:388][  0]LogMaterial: Missing cached shader map for material LaserPointerMaterial, compiling. 
[2017.10.20-03.38.26:401][  0]LogMaterial: Missing cached shader map for material VivePreControllerMaterial, compiling. 
[2017.10.20-03.38.26:466][  0]LogMaterial: Missing cached shader map for material OculusControllerMaterial, compiling. 
[2017.10.20-03.38.26:522][  0]LogMaterial: Missing cached shader map for material TeleportDirectionMaterial, compiling. 
[2017.10.20-03.38.26:612][  0]LogMaterial: Missing cached shader map for material GenericHMDMaterial, compiling. 
[2017.10.20-03.38.26:662][  0]LogMaterial: Missing cached shader map for material FlattenHeightMat, compiling. 
[2017.10.20-03.38.26:679][  0]LogMaterial: Missing cached shader map for material VRTextMaterial, compiling. 
[2017.10.20-03.38.26:694][  0]LogMaterial: Missing cached shader map for material GridPostProcess, compiling. 
[2017.10.20-03.38.26:704][  0]LogMaterial: Missing cached shader map for material LaserPointerMaterial, compiling. 
[2017.10.20-03.38.26:729][  0]LogMaterial: Missing cached shader map for material GridMaterial, compiling. 
[2017.10.20-03.38.26:754][  0]LogMaterial: Missing cached shader map for material LineMaterial, compiling. 
[2017.10.20-03.38.26:767][  0]LogMaterial: Missing cached shader map for material VRTextMaterial, compiling. 
[2017.10.20-03.38.27:514][  0]LogMoviePlayer: Initializing movie player
[2017.10.20-03.38.27:862][  0]LogWindowsTextInputMethodSystem: Display: IME system now deactivated.
[2017.10.20-03.38.28:060][  0]LogMaterial: Missing cached shader map for material DefaultSpriteMaterial, compiling. 
[2017.10.20-03.38.28:077][  0]LogMaterial: Missing cached shader map for material DefaultSpriteMaterial, compiling. 
[2017.10.20-03.38.28:404][  0]LogCollectionManager: Loaded 0 collections in 0.002080 seconds
[2017.10.20-03.38.28:476][  0]LogFileCache: Scanning file cache for directory 'D:/MyDocuments/Unreal Projects/Mypaper2D/MyPaper2D/Saved/Collections/' took 0.01s
[2017.10.20-03.38.28:476][  0]LogFileCache: Scanning file cache for directory 'D:/MyDocuments/Unreal Projects/Mypaper2D/MyPaper2D/Content/Developers/YuriMeitzen/Collections/' took 0.01s
[2017.10.20-03.38.28:476][  0]LogFileCache: Scanning file cache for directory 'D:/MyDocuments/Unreal Projects/Mypaper2D/MyPaper2D/Content/Collections/' took 0.01s
[2017.10.20-03.38.28:476][  0]LogCollectionManager: Rebuilt the object cache for 0 collections in 0.000001 seconds (found 0 objects)
[2017.10.20-03.38.28:481][  0]LogCollectionManager: Fixed up redirectors for 0 collections in 0.000142 seconds (updated 0 objects)
[2017.10.20-03.38.28:845][  0]LogTcpMessaging: Initializing TcpMessaging bridge
[2017.10.20-03.38.28:931][  0]LogUdpMessaging: Initializing bridge on interface 0.0.0.0:0 to multicast group 230.0.0.1:6666.
[2017.10.20-03.38.29:396][  0]LogMaterial: Missing cached shader map for material DefaultMaterial, compiling. 
[2017.10.20-03.38.29:995][  0]SourceControl: Source control is disabled
[2017.10.20-03.38.29:995][  0]SourceControl: Source control is disabled
[2017.10.20-03.38.30:102][  0]SourceControl: Source control is disabled
[2017.10.20-03.38.30:648][  0]LogAndroidPermission: UAndroidPermissionCallbackProxy::GetInstance
[2017.10.20-03.38.31:122][  0]LogOcInput: OculusInput pre-init called
[2017.10.20-03.38.31:319][  0]LogUObjectArray: 38661 objects as part of root set at end of initial load.
[2017.10.20-03.38.31:319][  0]LogUObjectAllocator: 8461328 out of 0 bytes used by permanent object pool.
[2017.10.20-03.38.31:319][  0]LogUObjectArray: CloseDisregardForGC: 0/0 objects in disregard for GC pool
[2017.10.20-03.38.31:643][  0]LogMaterial: Missing cached shader map for material HighResScreenshot, compiling. 
[2017.10.20-03.38.31:659][  0]LogMaterial: Missing cached shader map for material HighResScreenshotMask, compiling. 
[2017.10.20-03.38.31:680][  0]LogMaterial: Missing cached shader map for material HighResScreenshotCaptureRegion, compiling. 
[2017.10.20-03.38.31:850][  0]LogEngine: Initializing Engine...
[2017.10.20-03.38.31:871][  0]LogHMD: Failed to initialize OpenVR with code 110
[2017.10.20-03.38.31:908][  0]LogMaterial: Missing cached shader map for material WireframeMaterial, compiling. Is special engine material.
[2017.10.20-03.38.32:088][  0]LogMaterial: Missing cached shader map for material LevelColorationLitMaterial, compiling. Is special engine material.
[2017.10.20-03.38.32:976][  0]LogMaterial: Missing cached shader map for material LevelColorationUnlitMaterial, compiling. Is special engine material.
[2017.10.20-03.38.33:091][  0]LogMaterial: Missing cached shader map for material MAT_LevelColorationLitLightmapUV, compiling. Is special engine material.
[2017.10.20-03.38.33:917][  0]LogMaterial: Missing cached shader map for material ShadedLevelColorationLitMaterial, compiling. Is special engine material.
[2017.10.20-03.38.34:795][  0]LogMaterial: Missing cached shader map for material ShadedLevelColorationUnlitMateri, compiling. Is special engine material.
[2017.10.20-03.38.34:923][  0]LogMaterial: Missing cached shader map for material VertexColorMaterial, compiling. 
[2017.10.20-03.38.35:077][  0]LogMaterial: Missing cached shader map for material VertexColorViewMode_ColorOnly, compiling. 
[2017.10.20-03.38.35:107][  0]LogMaterial: Missing cached shader map for material VertexColorViewMode_AlphaAsColor, compiling. 
[2017.10.20-03.38.35:125][  0]LogMaterial: Missing cached shader map for material VertexColorViewMode_RedOnly, compiling. 
[2017.10.20-03.38.35:162][  0]LogMaterial: Missing cached shader map for material VertexColorViewMode_GreenOnly, compiling. 
[2017.10.20-03.38.35:178][  0]LogMaterial: Missing cached shader map for material VertexColorViewMode_BlueOnly, compiling. 
[2017.10.20-03.38.35:192][  0]LogMaterial: Missing cached shader map for material RemoveSurfaceMaterial, compiling. 
[2017.10.20-03.38.35:203][  0]LogMaterial: Missing cached shader map for material DebugMeshMaterial, compiling. 
[2017.10.20-03.38.35:227][  0]LogMaterial: Missing cached shader map for material M_InvalidLightmapSettings, compiling. 
[2017.10.20-03.38.35:325][  0]LogMaterial: Missing cached shader map for material GizmoMaterial, compiling. 
[2017.10.20-03.38.35:337][  0]LogMaterial: Missing cached shader map for material PhAT_JointLimitMaterial, compiling. 
[2017.10.20-03.38.35:661][  0]LogStats: UGameplayTagsManager::ConstructGameplayTagTree: Construct from data asset -  0.000 s
[2017.10.20-03.38.35:661][  0]LogStats: UGameplayTagsManager::ConstructGameplayTagTree: GameplayTagTreeChangedEvent.Broadcast -  0.000 s
[2017.10.20-03.38.35:741][  0]LogInit: XAudio2 using '5 - SAMSUNG (AMD High Definition Audio Device)' : 2 channels at 48 kHz using 16 bits per sample (channel mask 0x3)
[2017.10.20-03.38.35:785][  0]LogInit: FAudioDevice initialized.
[2017.10.20-03.38.35:858][  0]LogInit: Texture streaming: Enabled
[2017.10.20-03.38.35:893][  0]LogMaterial: Missing cached shader map for material BaseColor, compiling. 
[2017.10.20-03.38.35:904][  0]LogMaterial: Warning: Failed to compile Material /Engine/BufferVisualization/BaseColor.BaseColor for platform PCD3D_ES2, Default Material will be used in game.
[2017.10.20-03.38.35:904][  0]LogMaterial: Warning: 	(Node FeatureLevelSwitch) Feature Level switch missing default input
[2017.10.20-03.38.35:910][  0]LogMaterial: Missing cached shader map for material CustomDepth, compiling. 
[2017.10.20-03.38.35:957][  0]LogMaterial: Uniform references updated for custom material expression Custom.
[2017.10.20-03.38.35:963][  0]LogMaterial: Missing cached shader map for material CustomStencil, compiling. 
[2017.10.20-03.38.35:975][  0]LogMaterial: Missing cached shader map for material FinalImage, compiling. 
[2017.10.20-03.38.35:988][  0]LogMaterial: Missing cached shader map for material LightingModel, compiling. 
[2017.10.20-03.38.35:999][  0]LogMaterial: Missing cached shader map for material MaterialAO, compiling. 
[2017.10.20-03.38.36:010][  0]LogMaterial: Missing cached shader map for material Metallic, compiling. 
[2017.10.20-03.38.36:022][  0]LogMaterial: Missing cached shader map for material Opacity, compiling. 
[2017.10.20-03.38.36:036][  0]LogMaterial: Missing cached shader map for material Roughness, compiling. 
[2017.10.20-03.38.36:047][  0]LogMaterial: Missing cached shader map for material SceneColor, compiling. 
[2017.10.20-03.38.36:060][  0]LogMaterial: Missing cached shader map for material SceneDepth, compiling. 
[2017.10.20-03.38.36:072][  0]LogMaterial: Missing cached shader map for material SeparateTranslucencyRGB, compiling. 
[2017.10.20-03.38.36:084][  0]LogMaterial: Missing cached shader map for material SeparateTranslucencyA, compiling. 
[2017.10.20-03.38.36:098][  0]LogMaterial: Missing cached shader map for material Specular, compiling. 
[2017.10.20-03.38.36:099][  0]LogMaterial: Warning: Failed to compile Material /Engine/BufferVisualization/Specular.Specular for platform PCD3D_ES2, Default Material will be used in game.
[2017.10.20-03.38.36:099][  0]LogMaterial: Warning: 	(Node FeatureLevelSwitch) Feature Level switch missing default input
[2017.10.20-03.38.36:102][  0]LogMaterial: Missing cached shader map for material SubsurfaceColor, compiling. 
[2017.10.20-03.38.36:126][  0]LogMaterial: Missing cached shader map for material WorldNormal, compiling. 
[2017.10.20-03.38.36:138][  0]LogMaterial: Missing cached shader map for material AmbientOcclusion, compiling. 
[2017.10.20-03.38.36:159][  0]LogMaterial: Missing cached shader map for material CustomDepthWorldUnits, compiling. 
[2017.10.20-03.38.36:170][  0]LogMaterial: Missing cached shader map for material SceneDepthWorldUnits, compiling. 
[2017.10.20-03.38.36:182][  0]LogMaterial: Missing cached shader map for material PreTonemapHDRColor, compiling. 
[2017.10.20-03.38.36:193][  0]LogMaterial: Missing cached shader map for material PostTonemapHDRColor, compiling. 
[2017.10.20-03.38.36:734][  0]LogSlateStyle: Warning: Unable to find Slate Widget Style 'NormalText'. Using FTextBlockStyle defaults instead.
[2017.10.20-03.38.36:734][  0]LogSlateStyle: Warning: Unable to find Slate Widget Style 'SpinBox'. Using FSpinBoxStyle defaults instead.
[2017.10.20-03.38.37:449][  0]LogInit: Display: Game Engine Initialized.
[2017.10.20-03.38.37:461][  0]LogGameplayTags: Display: UGameplayTagsManager::DoneAddingNativeTags. DelegateIsBound: 0
[2017.10.20-03.38.37:824][  0]LogInit: Display: Starting Game.
[2017.10.20-03.38.37:834][  0]LogNet: Browse: /Temp/Autosaves/Game/UEDPCMy2DMap?Name=Player
[2017.10.20-03.38.37:834][  0]LogLoad: LoadMap: /Temp/Autosaves/Game/UEDPCMy2DMap?Name=Player
[2017.10.20-03.38.38:006][  0]LogMemory: Platform Memory Stats for Windows
[2017.10.20-03.38.38:006][  0]LogMemory: Process Physical Memory: 1295.34 MB used, 1422.16 MB peak
[2017.10.20-03.38.38:006][  0]LogMemory: Process Virtual Memory: 1463.48 MB used, 1541.06 MB peak
[2017.10.20-03.38.38:006][  0]LogMemory: Physical Memory: 6297.15 MB used,  1853.43 MB free, 8150.58 MB total
[2017.10.20-03.38.38:006][  0]LogMemory: Virtual Memory: 2105.09 MB used,  1853.43 MB free, 134217728.00 MB total
[2017.10.20-03.38.38:006][  0]LogMemory: 
[2017.10.20-03.38.38:006][  0]Allocator Stats for TBB: (not implemented)
[2017.10.20-03.38.38:708][  0]LogMaterial: Missing cached shader map for material DefaultSpriteMaterial, compiling. 
[2017.10.20-03.38.38:725][  0]LogMaterial: Missing cached shader map for material LevelPrototype, compiling. 
[2017.10.20-03.38.38:860][  0]LogMaterial: Missing cached shader map for material M_Sky_Panning_Clouds2, compiling. 
[2017.10.20-03.38.39:158][  0]LogAIModule: Creating AISystem for world My2DMap
[2017.10.20-03.38.39:159][  0]LogLoad: Game class is '2DGame_C'
[2017.10.20-03.38.39:372][  0]LogWorld: Bringing World /Temp/Autosaves/Game/UEDPCMy2DMap.My2DMap up for play (max tick rate 0) at 2017.10.20-01.38.39
[2017.10.20-03.38.39:373][  0]LogWorld: Bringing up level for play took: 0.125818
[2017.10.20-03.38.39:494][  0]LogLoad: Took 1.659727 seconds to LoadMap(/Temp/Autosaves/Game/UEDPCMy2DMap)
[2017.10.20-03.38.40:101][  0]LogRenderer: Reallocating scene render targets to support 1280x720 Format 10 NumSamples 1 (Frame:1).
[2017.10.20-03.38.40:101][  0]LogLoad: (Engine Initialization) Total time: 139.53 seconds
[2017.10.20-03.38.40:101][  0]LogLoad: (Engine Initialization) Total Blueprint compile time: 0.00 seconds
[2017.10.20-03.38.40:102][  0]LogExternalProfiler: Found external profiler: VSPerf
[2017.10.20-03.38.40:102][  0]LogExternalProfiler: Using external profiler: VSPerf
[2017.10.20-03.38.51:333][684]LogWindowsTextInputMethodSystem: Display: IME system now deactivated.
[2017.10.20-03.38.51:338][684]LogWindowsTextInputMethodSystem: Display: IME system now deactivated.
[2017.10.20-03.38.51:354][684]LogEngine: All Windows Closed
[2017.10.20-03.38.51:354][684]LogWindows: FPlatformMisc::RequestExit(0)
[2017.10.20-03.38.51:921][685]LogExit: Preparing to exit.
[2017.10.20-03.38.51:931][685]LogMoviePlayer: Shutting down movie player
[2017.10.20-03.38.53:503][685]LogExit: Game engine shut down
[2017.10.20-03.38.54:792][685]LogExit: Object subsystem successfully closed.
[2017.10.20-03.38.54:965][685]LogD3D11RHI: Shutdown
[2017.10.20-03.38.54:973][685]LogD3D11RHI: CleanupD3DDevice
[2017.10.20-03.38.55:101][685]LogD3D11RHI: ~FD3D11DynamicRHI
[2017.10.20-03.38.55:614][685]LogModuleManager: Shutting down and abandoning module SequenceRecorderSections (304)
[2017.10.20-03.38.55:614][685]LogModuleManager: Shutting down and abandoning module SequenceRecorder (302)
[2017.10.20-03.38.55:623][685]LogModuleManager: Shutting down and abandoning module AutomationController (300)
[2017.10.20-03.38.55:623][685]LogModuleManager: Shutting down and abandoning module AutomationWorker (298)
[2017.10.20-03.38.55:623][685]LogModuleManager: Shutting down and abandoning module AIModule (296)
[2017.10.20-03.38.55:623][685]LogModuleManager: Shutting down and abandoning module GameplayDebugger (295)
[2017.10.20-03.38.55:623][685]LogModuleManager: Shutting down and abandoning module AITestSuite (293)
[2017.10.20-03.38.55:623][685]LogModuleManager: Shutting down and abandoning module WmfMediaFactory (290)
[2017.10.20-03.38.55:623][685]LogModuleManager: Shutting down and abandoning module AvfMediaFactory (288)
[2017.10.20-03.38.55:623][685]LogModuleManager: Shutting down and abandoning module AndroidMediaFactory (286)
[2017.10.20-03.38.55:623][685]LogModuleManager: Shutting down and abandoning module Media (285)
[2017.10.20-03.38.55:623][685]LogModuleManager: Shutting down and abandoning module CharacterAI (282)
[2017.10.20-03.38.55:623][685]LogModuleManager: Shutting down and abandoning module SessionServices (280)
[2017.10.20-03.38.55:623][685]LogModuleManager: Shutting down and abandoning module MovieSceneCapture (278)
[2017.10.20-03.38.55:635][685]LogModuleManager: Shutting down and abandoning module MovieSceneTracks (276)
[2017.10.20-03.38.55:635][685]LogModuleManager: Shutting down and abandoning module MovieScene (274)
[2017.10.20-03.38.55:635][685]LogModuleManager: Shutting down and abandoning module GeometryCache (272)
[2017.10.20-03.38.55:635][685]LogModuleManager: Shutting down and abandoning module GeometryCacheEd (271)
[2017.10.20-03.38.55:635][685]LogModuleManager: Shutting down and abandoning module Niagara (268)
[2017.10.20-03.38.55:635][685]LogModuleManager: Shutting down and abandoning module NiagaraEditor (267)
[2017.10.20-03.38.55:661][685]LogModuleManager: Shutting down and abandoning module StreamingPauseRendering (264)
[2017.10.20-03.38.55:661][685]LogModuleManager: Shutting down and abandoning module PortalServices (262)
[2017.10.20-03.38.55:661][685]LogModuleManager: Shutting down and abandoning module PortalRpc (260)
[2017.10.20-03.38.55:661][685]LogModuleManager: Shutting down and abandoning module MessagingRpc (258)
[2017.10.20-03.38.55:661][685]LogModuleManager: Shutting down and abandoning module ProfilerService (256)
[2017.10.20-03.38.55:901][685]LogModuleManager: Shutting down and abandoning module TaskGraph (254)
[2017.10.20-03.38.55:920][685]LogModuleManager: Shutting down and abandoning module SteamVRController (252)
[2017.10.20-03.38.55:920][685]LogModuleManager: Shutting down and abandoning module ProceduralMeshComponent (250)
[2017.10.20-03.38.55:920][685]LogModuleManager: Shutting down and abandoning module OculusInput (248)
[2017.10.20-03.38.55:920][685]LogModuleManager: Shutting down and abandoning module MobilePatchingUtils (246)
[2017.10.20-03.38.55:920][685]LogModuleManager: Shutting down and abandoning module CustomMeshComponent (244)
[2017.10.20-03.38.55:920][685]LogModuleManager: Shutting down and abandoning module CableComponent (242)
[2017.10.20-03.38.55:920][685]LogModuleManager: Shutting down and abandoning module ArchVisCharacter (240)
[2017.10.20-03.38.55:920][685]LogModuleManager: Shutting down and abandoning module AndroidPermission (238)
[2017.10.20-03.38.55:920][685]LogModuleManager: Shutting down and abandoning module HTML5Networking (234)
[2017.10.20-03.38.55:920][685]LogModuleManager: Shutting down and abandoning module VisualStudioSourceCodeAccess (232)
[2017.10.20-03.38.55:920][685]LogModuleManager: Shutting down and abandoning module DesktopPlatform (231)
[2017.10.20-03.38.55:921][685]LogModuleManager: Shutting down and abandoning module HotReload (229)
[2017.10.20-03.38.55:921][685]LogModuleManager: Shutting down and abandoning module UObjectPlugin (226)
[2017.10.20-03.38.55:922][685]LogModuleManager: Shutting down and abandoning module SubversionSourceControl (224)
[2017.10.20-03.38.55:937][685]LogModuleManager: Shutting down and abandoning module PerforceSourceControl (222)
[2017.10.20-03.38.55:954][685]LogModuleManager: Shutting down and abandoning module SourceControl (221)
[2017.10.20-03.38.55:977][685]LogModuleManager: Shutting down and abandoning module RuntimePhysXCooking (218)
[2017.10.20-03.38.55:977][685]LogModuleManager: Shutting down and abandoning module PhysXVehiclesEditor (216)
[2017.10.20-03.38.55:977][685]LogModuleManager: Shutting down and abandoning module PhysXVehicles (214)
[2017.10.20-03.38.55:977][685]LogModuleManager: Shutting down and abandoning module LocationServicesBPLibrary (212)
[2017.10.20-03.38.55:977][685]LogModuleManager: Shutting down and abandoning module ImmediatePhysicsEditor (210)
[2017.10.20-03.38.55:977][685]LogModuleManager: Shutting down and abandoning module ImmediatePhysics (208)
[2017.10.20-03.38.55:990][685]LogModuleManager: Shutting down and abandoning module UdpMessaging (206)
[2017.10.20-03.38.56:091][685]LogModuleManager: Shutting down and abandoning module TcpMessaging (204)
