Log file open, 10/20/17 13:53:30
LogWindows: LoadLibraryWithSearchPaths failed for file aqProf.dll. GetLastError=0
LogWindows: LoadLibraryWithSearchPaths failed for file VtuneApi.dll. GetLastError=0
LogWindows: LoadLibraryWithSearchPaths failed for file VtuneApi32e.dll. GetLastError=0
LogInit: Display: Running engine for game: MyPaper2D
LogPlatformFile: Not using cached read wrapper
LogInit: Display: RandInit(69943232) SRandInit(69943233).
LogTaskGraph: Started task graph with 5 named threads and 11 total threads with 3 sets of task threads.
LogStats: Stats thread started at 0.156656
LogD3D11RHI: Aftermath initialized
LogPluginManager: Mounting plugin Paper2D
LogPluginManager: Mounting plugin LightPropagationVolume
LogPluginManager: Mounting plugin CodeLiteSourceCodeAccess
LogPluginManager: Mounting plugin GitSourceControl
LogPluginManager: Mounting plugin KDevelopSourceCodeAccess
LogPluginManager: Mounting plugin NullSourceCodeAccess
LogPluginManager: Mounting plugin PerforceSourceControl
LogPluginManager: Mounting plugin SubversionSourceControl
LogPluginManager: Mounting plugin UObjectPlugin
LogPluginManager: Mounting plugin VisualStudioSourceCodeAccess
LogPluginManager: Mounting plugin XCodeSourceCodeAccess
LogPluginManager: Mounting plugin AssetManagerEditor
LogPluginManager: Mounting plugin AudioCapture
LogPluginManager: Mounting plugin FacialAnimation
LogPluginManager: Mounting plugin GameplayTagsEditor
LogPluginManager: Mounting plugin MobileLauncherProfileWizard
LogPluginManager: Mounting plugin PluginBrowser
LogPluginManager: Mounting plugin SpeedTreeImporter
LogPluginManager: Mounting plugin AlembicImporter
LogPluginManager: Mounting plugin CharacterAI
LogPluginManager: Mounting plugin HTML5Networking
LogPluginManager: Mounting plugin AndroidMedia
LogPluginManager: Mounting plugin AvfMedia
LogPluginManager: Mounting plugin MediaPlayerEditor
LogPluginManager: Mounting plugin WmfMedia
LogPluginManager: Mounting plugin TcpMessaging
LogPluginManager: Mounting plugin UdpMessaging
LogPluginManager: Mounting plugin LevelSequenceEditor
LogPluginManager: Mounting plugin MatineeToLevelSequence
LogPluginManager: Mounting plugin OnlineSubsystemGooglePlay
LogPluginManager: Mounting plugin OnlineSubsystemIOS
LogPluginManager: Mounting plugin OnlineSubsystem
LogPluginManager: Mounting plugin OnlineSubsystemNull
LogPluginManager: Mounting plugin OnlineSubsystemUtils
LogPluginManager: Mounting plugin AndroidDeviceProfileSelector
LogPluginManager: Mounting plugin AndroidMoviePlayer
LogPluginManager: Mounting plugin AndroidPermission
LogPluginManager: Mounting plugin AppleMoviePlayer
LogPluginManager: Mounting plugin ArchVisCharacter
LogPluginManager: Mounting plugin CableComponent
LogPluginManager: Mounting plugin CustomMeshComponent
LogPluginManager: Mounting plugin ExampleDeviceProfileSelector
LogPluginManager: Mounting plugin GoogleCloudMessaging
LogPluginManager: Mounting plugin ImmediatePhysics
LogPluginManager: Mounting plugin IOSDeviceProfileSelector
LogPluginManager: Mounting plugin LinuxDeviceProfileSelector
LogPluginManager: Mounting plugin LocationServicesBPLibrary
LogPluginManager: Mounting plugin MobilePatchingUtils
LogPluginManager: Mounting plugin OculusVR
LogPluginManager: Mounting plugin PhysXVehicles
LogPluginManager: Mounting plugin ProceduralMeshComponent
LogPluginManager: Mounting plugin RuntimePhysXCooking
LogPluginManager: Mounting plugin SteamVR
LogPluginManager: Mounting plugin WindowsMoviePlayer
LogInit: Using libcurl 7.47.1
LogInit:  - built for x86_64-pc-win32
LogInit:  - supports SSL with OpenSSL/1.0.2g
LogInit:  - supports HTTP deflate (compression) using libz 1.2.8
LogInit:  - other features:
LogInit:      CURL_VERSION_SSL
LogInit:      CURL_VERSION_LIBZ
LogInit:      CURL_VERSION_IPV6
LogInit:      CURL_VERSION_ASYNCHDNS
LogInit:      CURL_VERSION_LARGEFILE
LogInit:      CURL_VERSION_IDN
LogInit:  CurlRequestOptions (configurable via config and command line):
LogInit:  - bVerifyPeer = false  - Libcurl will NOT verify peer certificate
LogInit:  - bUseHttpProxy = false  - Libcurl will NOT use HTTP proxy
LogInit:  - bDontReuseConnections = false  - Libcurl will reuse connections
LogInit:  - CertBundlePath = nullptr  - Libcurl will use whatever was configured at build time.
LogInit: Build: ++UE4+Release-4.17-CL-3586342
LogInit: Engine Version: 4.17.1-3586342+++UE4+Release-4.17
LogInit: Compatible Engine Version: 4.17.0-3573198+++UE4+Release-4.17
LogInit: Net CL: 3573198
LogDevObjectVersion: Number of dev versions registered: 16
LogDevObjectVersion:   Dev-Blueprints (B0D832E4-1F89-4F0D-ACCF-7EB736FD4AA2): 10
LogDevObjectVersion:   Dev-Build (E1C64328-A22C-4D53-A36C-8E866417BD8C): 0
LogDevObjectVersion:   Dev-Core (375EC13C-06E4-48FB-B500-84F0262A717E): 2
LogDevObjectVersion:   Dev-Editor (E4B068ED-F494-42E9-A231-DA0B2E46BB41): 20
LogDevObjectVersion:   Dev-Framework (CFFC743F-43B0-4480-9391-14DF171D2073): 28
LogDevObjectVersion:   Dev-Mobile (B02B49B5-BB20-44E9-A304-32B752E40360): 0
LogDevObjectVersion:   Dev-Networking (A4E4105C-59A1-49B5-A7C5-40C4547EDFEE): 0
LogDevObjectVersion:   Dev-Online (39C831C9-5AE6-47DC-9A44-9C173E1C8E7C): 0
LogDevObjectVersion:   Dev-Physics (78F01B33-EBEA-4F98-B9B4-84EACCB95AA2): 0
LogDevObjectVersion:   Dev-Platform (6631380F-2D4D-43E0-8009-CF276956A95A): 0
LogDevObjectVersion:   Dev-Rendering (12F88B9F-8875-4AFC-A67C-D90C383ABD29): 19
LogDevObjectVersion:   Dev-Sequencer (7B5AE74C-D270-4C10-A958-57980B212A5A): 4
LogDevObjectVersion:   Dev-VR (D7296918-1DD6-4BDD-9DE2-64A83CC13884): 0
LogDevObjectVersion:   Dev-LoadTimes (C2A15278-BFE7-4AFE-6C17-90FF531DF755): 1
LogDevObjectVersion:   Private-Geometry (6EACA3D4-40EC-4CC1-B786-8BED09428FC5): 1
LogDevObjectVersion:   Dev-AnimPhys (29E575DD-E0A3-4627-9D10-D276232CDCEA): 7
LogInit: Compiled (64-bit): Aug 15 2017 02:05:26
LogInit: Compiled with Visual C++: 19.00.24215.01
LogInit: Build Configuration: Development
LogInit: Branch Name: ++UE4+Release-4.17
LogInit: Command line:  
LogInit: Base directory: D:/Epic Games/UE_4.17/Engine/Binaries/Win64/
LogInit: Installed Engine Build: 1
LogInit: Presizing for max 8388607 objects, including 0 objects not considered by GC, pre-allocating 0 bytes for permanent pool.
LogInit: Object subsystem initialized
[2017.10.20-15.53.30:979][  0]LogInit: Selected Device Profile: [Windows]
[2017.10.20-15.53.30:979][  0]LogInit: Applying CVar settings loaded from the selected device profile: [Windows]
[2017.10.20-15.53.30:995][  0]LogInit: Computer: WELTALL
[2017.10.20-15.53.30:995][  0]LogInit: User: YuriMeitzen
[2017.10.20-15.53.30:995][  0]LogInit: CPU Page size=4096, Cores=3
[2017.10.20-15.53.30:995][  0]LogInit: High frequency timer resolution =3.433666 MHz
[2017.10.20-15.53.30:995][  0]LogMemory: Memory total: Physical=8.0GB (8GB approx)
[2017.10.20-15.53.30:995][  0]LogMemory: Platform Memory Stats for Windows
[2017.10.20-15.53.30:995][  0]LogMemory: Process Physical Memory: 277.87 MB used, 277.87 MB peak
[2017.10.20-15.53.30:995][  0]LogMemory: Process Virtual Memory: 279.89 MB used, 279.89 MB peak
[2017.10.20-15.53.30:995][  0]LogMemory: Physical Memory: 4736.53 MB used,  3414.05 MB free, 8150.58 MB total
[2017.10.20-15.53.30:995][  0]LogMemory: Virtual Memory: 673.12 MB used,  3414.05 MB free, 134217728.00 MB total
[2017.10.20-15.53.31:205][  0]LogInit: Using OS detected language (en-US).
[2017.10.20-15.53.31:205][  0]LogInit: Using OS detected locale (pt-BR).
[2017.10.20-15.53.31:207][  0]LogTextLocalizationManager: No specific localization for 'en-US' exists, so the 'en' localization will be used.
[2017.10.20-15.53.32:119][  0]LogD3D11RHI: D3D11 adapters:
[2017.10.20-15.53.32:144][  0]LogD3D11RHI:    0. 'AMD Radeon R7 200 Series' (Feature Level 11_0)
[2017.10.20-15.53.32:145][  0]LogD3D11RHI:       2024/0/4075 MB DedicatedVideo/DedicatedSystem/SharedSystem, Outputs:1, VendorId:0x1002
[2017.10.20-15.53.32:146][  0]LogD3D11RHI:    1. 'Microsoft Basic Render Driver' (Feature Level 11_0)
[2017.10.20-15.53.32:146][  0]LogD3D11RHI:       0/0/4075 MB DedicatedVideo/DedicatedSystem/SharedSystem, Outputs:0, VendorId:0x1414
[2017.10.20-15.53.32:146][  0]LogD3D11RHI: Chosen D3D11 Adapter: 0
[2017.10.20-15.53.32:154][  0]LogD3D11RHI: Creating new Direct3DDevice
[2017.10.20-15.53.32:154][  0]LogD3D11RHI:     GPU DeviceId: 0x6658 (for the marketing name, search the web for "GPU Device Id")
[2017.10.20-15.53.32:154][  0]LogWindows: EnumDisplayDevices:
[2017.10.20-15.53.32:154][  0]LogWindows:    0. 'AMD Radeon R7 200 Series' (P:1 D:1)
[2017.10.20-15.53.32:154][  0]LogWindows:    1. 'AMD Radeon R7 200 Series' (P:0 D:0)
[2017.10.20-15.53.32:155][  0]LogWindows:    2. 'AMD Radeon R7 200 Series' (P:0 D:0)
[2017.10.20-15.53.32:155][  0]LogWindows:    3. 'AMD Radeon R7 200 Series' (P:0 D:0)
[2017.10.20-15.53.32:155][  0]LogWindows:    4. 'AMD Radeon R7 200 Series' (P:0 D:0)
[2017.10.20-15.53.32:156][  0]LogWindows:    5. 'AMD Radeon R7 200 Series' (P:0 D:0)
[2017.10.20-15.53.32:156][  0]LogWindows: DebugString: FoundDriverCount:6 
[2017.10.20-15.53.32:156][  0]LogD3D11RHI:     Adapter Name: AMD Radeon R7 200 Series
[2017.10.20-15.53.32:156][  0]LogD3D11RHI:   Driver Version: Crimson ReLive 17.7.2 (internal:22.19.662.4, unified:22.19.662.4)
[2017.10.20-15.53.32:156][  0]LogD3D11RHI:      Driver Date: 7-20-2017
[2017.10.20-15.53.32:156][  0]LogRHI: Texture pool is 1361 MB (70% of 1945 MB)
[2017.10.20-15.53.32:184][  0]LogD3D11RHI: Async texture creation enabled
[2017.10.20-15.53.32:196][  0]LogD3D11RHI: GPU Timing Frequency: 27.000000 (Debug: 2 1)
[2017.10.20-15.53.32:197][  0]LogD3D11RHI: HDR output is supported on display 0 (AMD Device: 0x0, Display: 0x0).
[2017.10.20-15.53.32:197][  0]LogShaderCompilers: Guid format shader working directory is -8 characters bigger than the processId version (../../../../../MyDocuments/Unreal Projects/Mypaper2D/MyPaper2D/Intermediate/Shaders/WorkingDirectory/800/).
[2017.10.20-15.53.32:197][  0]LogShaderCompilers: Cleaned the shader compiler working directory 'C:/Users/Yuri Meitzen/AppData/Local/Temp/UnrealShaderWorkingDir/9873B3764EC2D14C3D89CAB927DC5320/'.
[2017.10.20-15.53.32:197][  0]LogShaderCompilers: Display: Using Local Shader Compiler.
[2017.10.20-15.53.33:666][  0]LogTemp: Display: Loaded TP AllDesktopTargetPlatform
[2017.10.20-15.53.33:776][  0]LogTemp: Display: Loaded TP MacClientTargetPlatform
[2017.10.20-15.53.33:879][  0]LogTemp: Display: Loaded TP MacNoEditorTargetPlatform
[2017.10.20-15.53.33:978][  0]LogTemp: Display: Loaded TP MacServerTargetPlatform
[2017.10.20-15.53.34:100][  0]LogTemp: Display: Loaded TP MacTargetPlatform
[2017.10.20-15.53.34:231][  0]LogTemp: Display: Loaded TP WindowsClientTargetPlatform
[2017.10.20-15.53.34:347][  0]LogTemp: Display: Loaded TP WindowsNoEditorTargetPlatform
[2017.10.20-15.53.34:466][  0]LogTemp: Display: Loaded TP WindowsServerTargetPlatform
[2017.10.20-15.53.34:563][  0]LogTemp: Display: Loaded TP WindowsTargetPlatform
[2017.10.20-15.53.34:713][  0]LogTemp: Display: Loaded TP AndroidTargetPlatform
[2017.10.20-15.53.34:871][  0]LogTemp: Display: Loaded TP Android_ASTCTargetPlatform
[2017.10.20-15.53.35:043][  0]LogTemp: Display: Loaded TP Android_ATCTargetPlatform
[2017.10.20-15.53.35:179][  0]LogTemp: Display: Loaded TP Android_DXTTargetPlatform
[2017.10.20-15.53.35:308][  0]LogTemp: Display: Loaded TP Android_ETC1TargetPlatform
[2017.10.20-15.53.35:433][  0]LogTemp: Display: Loaded TP Android_ETC2TargetPlatform
[2017.10.20-15.53.35:723][  0]LogTemp: Display: Loaded TP Android_MultiTargetPlatform
[2017.10.20-15.53.35:724][  0]LogTemp: Display: Loaded TP Android_PVRTCTargetPlatform
[2017.10.20-15.53.35:824][  0]LogTemp: Display: Loaded TP HTML5TargetPlatform
[2017.10.20-15.53.35:991][  0]LogTemp: Display: Loaded TP IOSTargetPlatform
[2017.10.20-15.53.36:054][  0]LogTemp: Display: Loaded TP TVOSTargetPlatform
[2017.10.20-15.53.36:147][  0]LogTemp: Display: Loaded TP LinuxClientTargetPlatform
[2017.10.20-15.53.36:228][  0]LogTemp: Display: Loaded TP LinuxNoEditorTargetPlatform
[2017.10.20-15.53.36:302][  0]LogTemp: Display: Loaded TP LinuxServerTargetPlatform
[2017.10.20-15.53.36:370][  0]LogTemp: Display: Loaded TP LinuxTargetPlatform
[2017.10.20-15.53.36:370][  0]LogTargetPlatformManager: Display: Building Assets For Windows
[2017.10.20-15.53.36:997][  0]LogDerivedDataCache: Display: Max Cache Size: 512 MB
[2017.10.20-15.53.37:194][  0]LogDerivedDataCache: Loaded boot cache 0.20s 93MB C:/Users/Yuri Meitzen/AppData/Local/UnrealEngine/4.17/DerivedDataCache/Boot.ddc.
[2017.10.20-15.53.37:194][  0]LogDerivedDataCache: Display: Loaded Boot cache: C:/Users/Yuri Meitzen/AppData/Local/UnrealEngine/4.17/DerivedDataCache/Boot.ddc
[2017.10.20-15.53.37:194][  0]LogDerivedDataCache: FDerivedDataBackendGraph:  Pak pak cache file ../../../../../MyDocuments/Unreal Projects/Mypaper2D/MyPaper2D/DerivedDataCache/DDC.ddp not found, will not use a pak cache.
[2017.10.20-15.53.37:195][  0]LogDerivedDataCache: Unable to find inner node Pak for hierarchical cache Hierarchy.
[2017.10.20-15.53.37:195][  0]LogDerivedDataCache: FDerivedDataBackendGraph:  CompressedPak pak cache file ../../../../../MyDocuments/Unreal Projects/Mypaper2D/MyPaper2D/DerivedDataCache/Compressed.ddp not found, will not use a pak cache.
[2017.10.20-15.53.37:195][  0]LogDerivedDataCache: Unable to find inner node CompressedPak for hierarchical cache Hierarchy.
[2017.10.20-15.53.37:219][  0]LogDerivedDataCache: Display: Pak cache opened for reading ../../../Engine/DerivedDataCache/Compressed.ddp.
[2017.10.20-15.53.37:231][  0]LogDerivedDataCache: Using Local data cache path C:/Users/Yuri Meitzen/AppData/Local/UnrealEngine/Common/DerivedDataCache: Writable
[2017.10.20-15.53.37:247][  0]LogMaterial: Verifying Global Shaders for PCD3D_SM5
[2017.10.20-15.53.37:248][  0]LogSlate: Using Freetype 2.6.0
[2017.10.20-15.53.37:248][  0]LogSlate: SlateFontCache - WITH_FREETYPE: 1, WITH_HARFBUZZ: 1
[2017.10.20-15.53.37:249][  0]LogSlate: SlateFontCache - WITH_FREETYPE: 1, WITH_HARFBUZZ: 1
[2017.10.20-15.53.37:619][  0]LogAssetRegistry: FAssetRegistry took 0.0280 seconds to start up
[2017.10.20-15.53.37:790][  0]LogInit: Selected Device Profile: [Windows]
[2017.10.20-15.53.38:341][  0]LogSimplygon: Simplygon DLL not present - disabling.
[2017.10.20-15.53.38:404][  0]LogMeshReduction: Using SimplygonSwarm for distributed automatic mesh merging
[2017.10.20-15.53.38:404][  0]LogMeshReduction: Using QuadricMeshReduction for automatic static mesh reduction
[2017.10.20-15.53.38:404][  0]LogMeshReduction: No automatic skeletal mesh reduction module available
[2017.10.20-15.53.38:404][  0]LogMeshReduction: No automatic mesh merging module available
[2017.10.20-15.53.38:404][  0]LogMeshMerging: No automatic mesh merging module available
[2017.10.20-15.53.38:442][  0]LogContentStreaming: Texture pool size is 0.00 MB
[2017.10.20-15.53.39:025][  0]LogNetVersion: MyPaper2D , NetCL: 3573198, EngineNetVer: 2, GameNetVer: 0 (Checksum: 640952014)
[2017.10.20-15.53.39:295][  0]LogPackageLocalizationCache: Processed 5 localized package path(s) for 2 prioritized culture(s) in 0.054664 seconds
[2017.10.20-15.53.39:303][  0]LogUObjectArray: 35825 objects as part of root set at end of initial load.
[2017.10.20-15.53.39:304][  0]LogUObjectAllocator: 7529104 out of 0 bytes used by permanent object pool.
[2017.10.20-15.53.39:304][  0]LogUObjectArray: CloseDisregardForGC: 0/0 objects in disregard for GC pool
[2017.10.20-15.53.39:389][  0]LogInit: WinSock: version 1.1 (2.2), MaxSocks=32767, MaxUdp=65467
[2017.10.20-15.53.43:639][  0]LogTcpMessaging: Initializing TcpMessaging bridge
[2017.10.20-15.53.43:684][  0]LogUdpMessaging: Initializing bridge on interface 0.0.0.0:0 to multicast group 230.0.0.1:6666.
[2017.10.20-15.53.44:428][  0]LogMaterial: Uniform references updated for custom material expression Custom.
[2017.10.20-15.53.44:886][  0]SourceControl: Source control is disabled
[2017.10.20-15.53.44:886][  0]SourceControl: Source control is disabled
[2017.10.20-15.53.44:942][  0]SourceControl: Source control is disabled
[2017.10.20-15.53.44:995][  0]SourceControl: Source control is disabled
[2017.10.20-15.53.45:685][  0]LogAndroidPermission: UAndroidPermissionCallbackProxy::GetInstance
[2017.10.20-15.53.45:965][  0]LogOcInput: OculusInput pre-init called
[2017.10.20-15.53.46:323][  0]LogEngine: Initializing Engine...
[2017.10.20-15.53.46:327][  0]LogHMD: Failed to initialize OpenVR with code 110
[2017.10.20-15.53.46:784][  0]LogStats: UGameplayTagsManager::ConstructGameplayTagTree: Construct from data asset -  0.000 s
[2017.10.20-15.53.46:784][  0]LogStats: UGameplayTagsManager::ConstructGameplayTagTree: GameplayTagTreeChangedEvent.Broadcast -  0.000 s
[2017.10.20-15.53.47:046][  0]LogAIModule: Creating AISystem for world Untitled
[2017.10.20-15.53.47:087][  0]LogInit: XAudio2 using '5 - SAMSUNG (AMD High Definition Audio Device)' : 2 channels at 48 kHz using 16 bits per sample (channel mask 0x3)
[2017.10.20-15.53.47:118][  0]LogInit: FAudioDevice initialized.
[2017.10.20-15.53.47:357][  0]LogDerivedDataCache: Saved boot cache 0.24s 93MB C:/Users/Yuri Meitzen/AppData/Local/UnrealEngine/4.17/DerivedDataCache/Boot.ddc.
[2017.10.20-15.53.47:412][  0]LogInit: Texture streaming: Enabled
[2017.10.20-15.53.47:642][  0]LogEngineSessionManager: EngineSessionManager initialized
[2017.10.20-15.53.48:050][  0]LogInit: Transaction tracking system initialized
[2017.10.20-15.53.48:556][  0]BlueprintLog: New page: Editor Load
[2017.10.20-15.53.49:618][  0]LocalizationService: Localization service is disabled
[2017.10.20-15.53.50:435][  0]LogConsoleResponse: Display: 
[2017.10.20-15.53.50:650][  0]LogCook: Display: Max memory allowance for cook 16384mb min free memory 0mb
[2017.10.20-15.53.50:650][  0]LogCook: Display: Mobile HDR setting 1
[2017.10.20-15.53.50:650][  0]LogGameplayTags: Display: UGameplayTagsManager::DoneAddingNativeTags. DelegateIsBound: 0
[2017.10.20-15.53.51:282][  0]LogFileCache: Scanning file cache for directory 'D:/MyDocuments/Unreal Projects/Mypaper2D/MyPaper2D/Content/' took 0.01s
[2017.10.20-15.53.52:143][  0]SourceControl: Source control is disabled
[2017.10.20-15.53.52:144][  0]Cmd: MAP LOAD FILE="../../../../../MyDocuments/Unreal Projects/Mypaper2D/MyPaper2D/Content/My2DMap.umap" TEMPLATE=0 SHOWPROGRESS=1 FEATURELEVEL=3
[2017.10.20-15.53.52:144][  0]LightingResults: New page: Lighting Build
[2017.10.20-15.53.52:223][  0]MapCheck: New page: Map Check
[2017.10.20-15.53.52:223][  0]LightingResults: New page: Lighting Build
[2017.10.20-15.53.52:701][  0]LogAIModule: Creating AISystem for world My2DMap
[2017.10.20-15.53.52:708][  0]LogEditorServer: Finished looking for orphan Actors (0.000 secs)
[2017.10.20-15.53.52:734][  0]Cmd: MAP CHECKDEP NOCLEARLOG
[2017.10.20-15.53.52:829][  0]MapCheck: Map check complete: 0 Error(s), 0 Warning(s), took 94,776ms to complete.
[2017.10.20-15.53.52:829][  0]LogFileHelpers: Loading map 'My2DMap' took 0.685
[2017.10.20-15.53.52:919][  0]LogWindowsTextInputMethodSystem: Display: IME system now deactivated.
[2017.10.20-15.53.53:096][  0]LogCollectionManager: Loaded 0 collections in 0.001846 seconds
[2017.10.20-15.53.53:215][  0]LogFileCache: Scanning file cache for directory 'D:/MyDocuments/Unreal Projects/Mypaper2D/MyPaper2D/Saved/Collections/' took 0.01s
[2017.10.20-15.53.53:215][  0]LogFileCache: Scanning file cache for directory 'D:/MyDocuments/Unreal Projects/Mypaper2D/MyPaper2D/Content/Developers/YuriMeitzen/Collections/' took 0.01s
[2017.10.20-15.53.53:215][  0]LogFileCache: Scanning file cache for directory 'D:/MyDocuments/Unreal Projects/Mypaper2D/MyPaper2D/Content/Collections/' took 0.01s
[2017.10.20-15.53.53:215][  0]LogCollectionManager: Rebuilt the GUID cache for 0 collections in 0.000001 seconds
[2017.10.20-15.53.53:235][  0]LogContentBrowser: Native class hierarchy populated in 0.0196 seconds. Added 2386 classes and 500 folders.
[2017.10.20-15.53.53:348][  0]LogContentBrowser: Native class hierarchy updated for 'WidgetCarousel' in 0.0012 seconds. Added 0 classes and 0 folders.
[2017.10.20-15.53.53:421][  0]LogContentBrowser: Native class hierarchy updated for 'AddContentDialog' in 0.0015 seconds. Added 0 classes and 0 folders.
[2017.10.20-15.53.53:492][  0]LogContentBrowser: Native class hierarchy updated for 'SceneOutliner' in 0.0011 seconds. Added 1 classes and 2 folders.
[2017.10.20-15.53.53:608][  0]LogSlate: Took 0.000375 seconds to synchronously load lazily loaded font '../../../Engine/Content/Slate/Fonts/Roboto-Regular.ttf' (155K)
[2017.10.20-15.53.53:613][  0]LogSlate: Took 0.000330 seconds to synchronously load lazily loaded font '../../../Engine/Content/Slate/Fonts/Roboto-Bold.ttf' (160K)
[2017.10.20-15.53.53:621][  0]LogSlate: Took 0.000295 seconds to synchronously load lazily loaded font '../../../Engine/Content/Editor/Slate/Fonts/FontAwesome.ttf' (139K)
[2017.10.20-15.53.53:761][  0]LogRenderer: Reallocating scene render targets to support 1036x576 Format 9 NumSamples 1 (Frame:1).
[2017.10.20-15.53.53:829][  0]LogSlate: Took 0.000259 seconds to synchronously load lazily loaded font '../../../Engine/Content/Slate/Fonts/Roboto-Light.ttf' (159K)
[2017.10.20-15.53.54:030][  0]LogContentBrowser: Native class hierarchy updated for 'HierarchicalLODOutliner' in 0.0011 seconds. Added 1 classes and 2 folders.
[2017.10.20-15.53.54:031][  0]LogLoad: (Engine Initialization) Total time: 24.88 seconds
[2017.10.20-15.53.54:031][  0]LogLoad: (Engine Initialization) Total Blueprint compile time: 0.00 seconds
[2017.10.20-15.53.54:031][  0]LogExternalProfiler: Found external profiler: VSPerf
[2017.10.20-15.53.54:031][  0]LogExternalProfiler: Using external profiler: VSPerf
[2017.10.20-15.53.54:065][  0]LogContentStreaming: Texture pool size now 800 MB
[2017.10.20-15.53.54:216][  2]LogAssetRegistry: Asset discovery search completed in 16.6191 seconds
[2017.10.20-15.53.54:220][  2]LogCollectionManager: Rebuilt the object cache for 0 collections in 0.000001 seconds (found 0 objects)
[2017.10.20-15.53.54:220][  2]LogCollectionManager: Fixed up redirectors for 0 collections in 0.000074 seconds (updated 0 objects)
[2017.10.20-15.54.22:890][760]LogSlate: Took 0.000229 seconds to synchronously load lazily loaded font '../../../Engine/Content/Slate/Fonts/Roboto-Light.ttf' (159K)
[2017.10.20-15.54.23:401][760]LogSlate: Took 0.000197 seconds to synchronously load lazily loaded font '../../../Engine/Content/Slate/Fonts/Roboto-Regular.ttf' (155K)
[2017.10.20-15.54.23:541][760]LogContentBrowser: Native class hierarchy updated for 'BlueprintGraph' in 0.0015 seconds. Added 113 classes and 0 folders.
[2017.10.20-15.54.24:514][760]LogSlate: Took 0.000318 seconds to synchronously load lazily loaded font '../../../Engine/Content/Editor/Slate/Fonts/Roboto-BoldCondensed.ttf' (158K)
[2017.10.20-15.54.24:625][761]LogSlate: Took 0.000297 seconds to synchronously load lazily loaded font '../../../Engine/Content/Editor/Slate/Fonts/Roboto-Italic.ttf' (157K)
[2017.10.20-15.54.44:527][114]Cmd: OBJ SAVEPACKAGE PACKAGE="/Game/Blueprints/2DCharacter" FILE="../../../../../MyDocuments/Unreal Projects/Mypaper2D/MyPaper2D/Content/Blueprints/2DCharacter.uasset" SILENT=true
[2017.10.20-15.54.44:602][114]LogSavePackage: Save=59.48ms
[2017.10.20-15.54.44:602][114]LogSavePackage: Moving '../../../../../MyDocuments/Unreal Projects/Mypaper2D/MyPaper2D/Saved/2DCharacterAA7D05A640E31FC185AC61981DAE23B5.tmp' to '../../../../../MyDocuments/Unreal Projects/Mypaper2D/MyPaper2D/Content/Blueprints/2DCharacter.uasset'
[2017.10.20-15.54.44:605][114]LogSavePackage: Display: Finished SavePackage ../../../../../MyDocuments/Unreal Projects/Mypaper2D/MyPaper2D/Content/Blueprints/2DCharacter.uasset
[2017.10.20-15.54.45:174][156]BlueprintLog: New page: Compile 2DCharacter
[2017.10.20-15.55.14:411][ 22]LogSlate: Took 0.000218 seconds to synchronously load lazily loaded font '../../../Engine/Content/Slate/Fonts/Roboto-Light.ttf' (159K)
[2017.10.20-15.56.39:388][732]BlueprintLog: New page: Compile 2DCharacter
[2017.10.20-15.56.41:868][930]LogTemp: Repeating last play command: Selected Viewport
[2017.10.20-15.56.41:923][930]LogPlayLevel: PlayLevel: No blueprints needed recompiling
[2017.10.20-15.56.41:923][930]PIE: New page: PIE session: My2DMap (20/10/2017 11:56:41)
[2017.10.20-15.56.41:924][930]LogPlayLevel: Creating play world package: /Game/UEDPIE_0_My2DMap
[2017.10.20-15.56.41:927][930]LogPlayLevel: PIE: StaticDuplicateObject took: (0.003804s)
[2017.10.20-15.56.41:928][930]LogAIModule: Creating AISystem for world My2DMap
[2017.10.20-15.56.41:929][930]LogPlayLevel: PIE: World Init took: (0.001133s)
[2017.10.20-15.56.41:929][930]LogPlayLevel: PIE: Created PIE world by copying editor world from /Game/My2DMap.My2DMap to /Game/UEDPIE_0_My2DMap.My2DMap (0.005385s)
[2017.10.20-15.56.41:976][930]LogInit: XAudio2 using '5 - SAMSUNG (AMD High Definition Audio Device)' : 2 channels at 48 kHz using 16 bits per sample (channel mask 0x3)
[2017.10.20-15.56.41:986][930]LogInit: FAudioDevice initialized.
[2017.10.20-15.56.42:034][930]LogLoad: Game class is '2DGame_C'
[2017.10.20-15.56.42:038][930]LogWorld: Bringing World /Game/UEDPIE_0_My2DMap.My2DMap up for play (max tick rate 0) at 2017.10.20-13.56.42
[2017.10.20-15.56.42:038][930]LogWorld: Bringing up level for play took: 0.001659
[2017.10.20-15.56.42:090][930]LogContentBrowser: Native class hierarchy updated for 'MovieSceneCapture' in 0.0009 seconds. Added 11 classes and 0 folders.
[2017.10.20-15.56.42:092][930]PIE: Play in editor start time for /Game/UEDPIE_0_My2DMap -0,822
[2017.10.20-15.57.11:665][622]BlueprintLog: New page: Compile 2DCharacter
[2017.10.20-15.57.14:875][847]LogTemp: Repeating last play command: Selected Viewport
[2017.10.20-15.57.14:907][847]LogPlayLevel: PlayLevel: No blueprints needed recompiling
[2017.10.20-15.57.14:907][847]PIE: New page: PIE session: My2DMap (20/10/2017 11:57:14)
[2017.10.20-15.57.14:907][847]LogPlayLevel: Creating play world package: /Game/UEDPIE_0_My2DMap
[2017.10.20-15.57.14:910][847]LogPlayLevel: PIE: StaticDuplicateObject took: (0.002796s)
[2017.10.20-15.57.14:911][847]LogAIModule: Creating AISystem for world My2DMap
[2017.10.20-15.57.14:912][847]LogPlayLevel: PIE: World Init took: (0.001418s)
[2017.10.20-15.57.14:912][847]LogPlayLevel: PIE: Created PIE world by copying editor world from /Game/My2DMap.My2DMap to /Game/UEDPIE_0_My2DMap.My2DMap (0.004644s)
[2017.10.20-15.57.14:966][847]LogInit: XAudio2 using '5 - SAMSUNG (AMD High Definition Audio Device)' : 2 channels at 48 kHz using 16 bits per sample (channel mask 0x3)
[2017.10.20-15.57.14:980][847]LogInit: FAudioDevice initialized.
[2017.10.20-15.57.15:016][847]LogLoad: Game class is '2DGame_C'
[2017.10.20-15.57.15:019][847]LogWorld: Bringing World /Game/UEDPIE_0_My2DMap.My2DMap up for play (max tick rate 0) at 2017.10.20-13.57.15
[2017.10.20-15.57.15:019][847]LogWorld: Bringing up level for play took: 0.001767
[2017.10.20-15.57.15:021][847]PIE: Play in editor start time for /Game/UEDPIE_0_My2DMap 0,107
[2017.10.20-15.57.39:124][372]BlueprintLog: New page: Compile 2DCharacter
[2017.10.20-15.57.42:589][615]LogTemp: Repeating last play command: Selected Viewport
[2017.10.20-15.57.42:620][615]LogPlayLevel: PlayLevel: No blueprints needed recompiling
[2017.10.20-15.57.42:620][615]PIE: New page: PIE session: My2DMap (20/10/2017 11:57:42)
[2017.10.20-15.57.42:620][615]LogPlayLevel: Creating play world package: /Game/UEDPIE_0_My2DMap
[2017.10.20-15.57.42:624][615]LogPlayLevel: PIE: StaticDuplicateObject took: (0.003447s)
[2017.10.20-15.57.42:625][615]LogAIModule: Creating AISystem for world My2DMap
[2017.10.20-15.57.42:625][615]LogPlayLevel: PIE: World Init took: (0.001438s)
[2017.10.20-15.57.42:625][615]LogPlayLevel: PIE: Created PIE world by copying editor world from /Game/My2DMap.My2DMap to /Game/UEDPIE_0_My2DMap.My2DMap (0.005336s)
[2017.10.20-15.57.42:670][615]LogInit: XAudio2 using '5 - SAMSUNG (AMD High Definition Audio Device)' : 2 channels at 48 kHz using 16 bits per sample (channel mask 0x3)
[2017.10.20-15.57.42:680][615]LogInit: FAudioDevice initialized.
[2017.10.20-15.57.42:714][615]LogLoad: Game class is '2DGame_C'
[2017.10.20-15.57.42:716][615]LogWorld: Bringing World /Game/UEDPIE_0_My2DMap.My2DMap up for play (max tick rate 0) at 2017.10.20-13.57.42
[2017.10.20-15.57.42:716][615]LogWorld: Bringing up level for play took: 0.001491
[2017.10.20-15.57.42:718][615]PIE: Play in editor start time for /Game/UEDPIE_0_My2DMap -0,196
[2017.10.20-15.58.25:842][263]BlueprintLog: New page: Compile 2DCharacter
[2017.10.20-15.58.29:098][425]LogTemp: Repeating last play command: Selected Viewport
[2017.10.20-15.58.29:128][425]LogPlayLevel: PlayLevel: No blueprints needed recompiling
[2017.10.20-15.58.29:128][425]PIE: New page: PIE session: My2DMap (20/10/2017 11:58:29)
[2017.10.20-15.58.29:128][425]LogPlayLevel: Creating play world package: /Game/UEDPIE_0_My2DMap
[2017.10.20-15.58.29:131][425]LogPlayLevel: PIE: StaticDuplicateObject took: (0.002732s)
[2017.10.20-15.58.29:132][425]LogAIModule: Creating AISystem for world My2DMap
[2017.10.20-15.58.29:132][425]LogPlayLevel: PIE: World Init took: (0.001123s)
[2017.10.20-15.58.29:132][425]LogPlayLevel: PIE: Created PIE world by copying editor world from /Game/My2DMap.My2DMap to /Game/UEDPIE_0_My2DMap.My2DMap (0.004198s)
[2017.10.20-15.58.29:211][425]LogInit: XAudio2 using '5 - SAMSUNG (AMD High Definition Audio Device)' : 2 channels at 48 kHz using 16 bits per sample (channel mask 0x3)
[2017.10.20-15.58.29:221][425]LogInit: FAudioDevice initialized.
[2017.10.20-15.58.29:255][425]LogLoad: Game class is '2DGame_C'
[2017.10.20-15.58.29:257][425]LogWorld: Bringing World /Game/UEDPIE_0_My2DMap.My2DMap up for play (max tick rate 0) at 2017.10.20-13.58.29
[2017.10.20-15.58.29:258][425]LogWorld: Bringing up level for play took: 0.001456
[2017.10.20-15.58.29:259][425]PIE: Play in editor start time for /Game/UEDPIE_0_My2DMap 0,346
[2017.10.20-15.58.55:638][904]BlueprintLog: New page: Compile 2DCharacter
[2017.10.20-15.58.59:006][ 61]LogTemp: Repeating last play command: Selected Viewport
[2017.10.20-15.58.59:038][ 61]LogPlayLevel: PlayLevel: No blueprints needed recompiling
[2017.10.20-15.58.59:039][ 61]PIE: New page: PIE session: My2DMap (20/10/2017 11:58:59)
[2017.10.20-15.58.59:039][ 61]LogPlayLevel: Creating play world package: /Game/UEDPIE_0_My2DMap
[2017.10.20-15.58.59:042][ 61]LogPlayLevel: PIE: StaticDuplicateObject took: (0.003156s)
[2017.10.20-15.58.59:043][ 61]LogAIModule: Creating AISystem for world My2DMap
[2017.10.20-15.58.59:043][ 61]LogPlayLevel: PIE: World Init took: (0.001141s)
[2017.10.20-15.58.59:043][ 61]LogPlayLevel: PIE: Created PIE world by copying editor world from /Game/My2DMap.My2DMap to /Game/UEDPIE_0_My2DMap.My2DMap (0.004683s)
[2017.10.20-15.58.59:126][ 61]LogInit: XAudio2 using '5 - SAMSUNG (AMD High Definition Audio Device)' : 2 channels at 48 kHz using 16 bits per sample (channel mask 0x3)
[2017.10.20-15.58.59:136][ 61]LogInit: FAudioDevice initialized.
[2017.10.20-15.58.59:172][ 61]LogLoad: Game class is '2DGame_C'
[2017.10.20-15.58.59:174][ 61]LogWorld: Bringing World /Game/UEDPIE_0_My2DMap.My2DMap up for play (max tick rate 0) at 2017.10.20-13.58.59
[2017.10.20-15.58.59:175][ 61]LogWorld: Bringing up level for play took: 0.001451
[2017.10.20-15.58.59:176][ 61]PIE: Play in editor start time for /Game/UEDPIE_0_My2DMap 0,263
[2017.10.20-15.59.18:753][165]LogWindowsTextInputMethodSystem: Display: IME system now deactivated.
[2017.10.20-15.59.18:754][165]LogWindowsTextInputMethodSystem: Display: IME system now deactivated.
[2017.10.20-15.59.21:956][300]Cmd: OBJ SAVEPACKAGE PACKAGE="/Game/Blueprints/2DCharacter" FILE="../../../../../MyDocuments/Unreal Projects/Mypaper2D/MyPaper2D/Content/Blueprints/2DCharacter.uasset" SILENT=true
[2017.10.20-15.59.22:023][300]LogSavePackage: Save=60.64ms
[2017.10.20-15.59.22:023][300]LogSavePackage: Moving '../../../../../MyDocuments/Unreal Projects/Mypaper2D/MyPaper2D/Saved/2DCharacter7461A828483B91DA0633879E625F119B.tmp' to '../../../../../MyDocuments/Unreal Projects/Mypaper2D/MyPaper2D/Content/Blueprints/2DCharacter.uasset'
[2017.10.20-15.59.22:026][300]LogSavePackage: Display: Finished SavePackage ../../../../../MyDocuments/Unreal Projects/Mypaper2D/MyPaper2D/Content/Blueprints/2DCharacter.uasset
[2017.10.20-15.59.22:857][334]BlueprintLog: New page: Compile 2DCharacter
[2017.10.20-15.59.27:604][529]LogTemp: Repeating last play command: Selected Viewport
[2017.10.20-15.59.27:634][529]LogPlayLevel: PlayLevel: No blueprints needed recompiling
[2017.10.20-15.59.27:634][529]PIE: New page: PIE session: My2DMap (20/10/2017 11:59:27)
[2017.10.20-15.59.27:634][529]LogPlayLevel: Creating play world package: /Game/UEDPIE_0_My2DMap
[2017.10.20-15.59.27:637][529]LogPlayLevel: PIE: StaticDuplicateObject took: (0.002963s)
[2017.10.20-15.59.27:638][529]LogAIModule: Creating AISystem for world My2DMap
[2017.10.20-15.59.27:639][529]LogPlayLevel: PIE: World Init took: (0.001264s)
[2017.10.20-15.59.27:639][529]LogPlayLevel: PIE: Created PIE world by copying editor world from /Game/My2DMap.My2DMap to /Game/UEDPIE_0_My2DMap.My2DMap (0.004683s)
[2017.10.20-15.59.27:729][529]LogInit: XAudio2 using '5 - SAMSUNG (AMD High Definition Audio Device)' : 2 channels at 48 kHz using 16 bits per sample (channel mask 0x3)
[2017.10.20-15.59.27:739][529]LogInit: FAudioDevice initialized.
[2017.10.20-15.59.27:773][529]LogLoad: Game class is '2DGame_C'
[2017.10.20-15.59.27:775][529]LogWorld: Bringing World /Game/UEDPIE_0_My2DMap.My2DMap up for play (max tick rate 0) at 2017.10.20-13.59.27
[2017.10.20-15.59.27:775][529]LogWorld: Bringing up level for play took: 0.001554
[2017.10.20-15.59.27:777][529]PIE: Play in editor start time for /Game/UEDPIE_0_My2DMap 0,864
[2017.10.20-15.59.44:134][804]LogWindowsTextInputMethodSystem: Display: IME system now deactivated.
[2017.10.20-15.59.44:134][804]LogWindowsTextInputMethodSystem: Display: IME system now deactivated.
[2017.10.20-15.59.44:645][824]BlueprintLog: New page: Compile 2DCharacter
[2017.10.20-15.59.45:519][841]Cmd: OBJ SAVEPACKAGE PACKAGE="/Game/Blueprints/2DCharacter" FILE="../../../../../MyDocuments/Unreal Projects/Mypaper2D/MyPaper2D/Content/Blueprints/2DCharacter.uasset" SILENT=true
[2017.10.20-15.59.45:600][841]LogSavePackage: Save=66.42ms
[2017.10.20-15.59.45:600][841]LogSavePackage: Moving '../../../../../MyDocuments/Unreal Projects/Mypaper2D/MyPaper2D/Saved/2DCharacterD8FFCDC240742C15CEED618A81474722.tmp' to '../../../../../MyDocuments/Unreal Projects/Mypaper2D/MyPaper2D/Content/Blueprints/2DCharacter.uasset'
[2017.10.20-15.59.45:603][841]LogSavePackage: Display: Finished SavePackage ../../../../../MyDocuments/Unreal Projects/Mypaper2D/MyPaper2D/Content/Blueprints/2DCharacter.uasset
[2017.10.20-15.59.47:375][921]LogTemp: Repeating last play command: Selected Viewport
[2017.10.20-15.59.47:404][921]LogPlayLevel: PlayLevel: No blueprints needed recompiling
[2017.10.20-15.59.47:405][921]PIE: New page: PIE session: My2DMap (20/10/2017 11:59:47)
[2017.10.20-15.59.47:405][921]LogPlayLevel: Creating play world package: /Game/UEDPIE_0_My2DMap
[2017.10.20-15.59.47:408][921]LogPlayLevel: PIE: StaticDuplicateObject took: (0.003055s)
[2017.10.20-15.59.47:409][921]LogAIModule: Creating AISystem for world My2DMap
[2017.10.20-15.59.47:409][921]LogPlayLevel: PIE: World Init took: (0.001125s)
[2017.10.20-15.59.47:409][921]LogPlayLevel: PIE: Created PIE world by copying editor world from /Game/My2DMap.My2DMap to /Game/UEDPIE_0_My2DMap.My2DMap (0.004601s)
[2017.10.20-15.59.47:510][921]LogInit: XAudio2 using '5 - SAMSUNG (AMD High Definition Audio Device)' : 2 channels at 48 kHz using 16 bits per sample (channel mask 0x3)
[2017.10.20-15.59.47:519][921]LogInit: FAudioDevice initialized.
[2017.10.20-15.59.47:551][921]LogLoad: Game class is '2DGame_C'
[2017.10.20-15.59.47:553][921]LogWorld: Bringing World /Game/UEDPIE_0_My2DMap.My2DMap up for play (max tick rate 0) at 2017.10.20-13.59.47
[2017.10.20-15.59.47:553][921]LogWorld: Bringing up level for play took: 0.001440
[2017.10.20-15.59.47:555][921]PIE: Play in editor start time for /Game/UEDPIE_0_My2DMap 0,642
[2017.10.20-16.00.15:018][397]Cmd: OBJ SAVEPACKAGE PACKAGE="/Game/Blueprints/2DCharacter" FILE="../../../../../MyDocuments/Unreal Projects/Mypaper2D/MyPaper2D/Content/Blueprints/2DCharacter.uasset" SILENT=true
[2017.10.20-16.00.15:086][397]LogSavePackage: Save=61.32ms
[2017.10.20-16.00.15:087][397]LogSavePackage: Moving '../../../../../MyDocuments/Unreal Projects/Mypaper2D/MyPaper2D/Saved/2DCharacterA715DB8A413E05DCA276D69740E0E474.tmp' to '../../../../../MyDocuments/Unreal Projects/Mypaper2D/MyPaper2D/Content/Blueprints/2DCharacter.uasset'
[2017.10.20-16.00.15:089][397]LogSavePackage: Display: Finished SavePackage ../../../../../MyDocuments/Unreal Projects/Mypaper2D/MyPaper2D/Content/Blueprints/2DCharacter.uasset
[2017.10.20-16.00.15:662][418]BlueprintLog: New page: Compile 2DCharacter
[2017.10.20-16.00.18:132][495]LogTemp: Repeating last play command: Selected Viewport
[2017.10.20-16.00.18:166][495]LogPlayLevel: PlayLevel: No blueprints needed recompiling
[2017.10.20-16.00.18:166][495]PIE: New page: PIE session: My2DMap (20/10/2017 12:00:18)
[2017.10.20-16.00.18:167][495]LogPlayLevel: Creating play world package: /Game/UEDPIE_0_My2DMap
[2017.10.20-16.00.18:170][495]LogPlayLevel: PIE: StaticDuplicateObject took: (0.003529s)
[2017.10.20-16.00.18:171][495]LogAIModule: Creating AISystem for world My2DMap
[2017.10.20-16.00.18:172][495]LogPlayLevel: PIE: World Init took: (0.001388s)
[2017.10.20-16.00.18:172][495]LogPlayLevel: PIE: Created PIE world by copying editor world from /Game/My2DMap.My2DMap to /Game/UEDPIE_0_My2DMap.My2DMap (0.005504s)
[2017.10.20-16.00.18:272][495]LogInit: XAudio2 using '5 - SAMSUNG (AMD High Definition Audio Device)' : 2 channels at 48 kHz using 16 bits per sample (channel mask 0x3)
[2017.10.20-16.00.18:282][495]LogInit: FAudioDevice initialized.
[2017.10.20-16.00.18:312][495]LogLoad: Game class is '2DGame_C'
[2017.10.20-16.00.18:314][495]LogWorld: Bringing World /Game/UEDPIE_0_My2DMap.My2DMap up for play (max tick rate 0) at 2017.10.20-14.00.18
[2017.10.20-16.00.18:314][495]LogWorld: Bringing up level for play took: 0.001474
[2017.10.20-16.00.18:316][495]PIE: Play in editor start time for /Game/UEDPIE_0_My2DMap -0,597
[2017.10.20-16.00.47:919][883]Cmd: OBJ SAVEPACKAGE PACKAGE="/Game/Blueprints/2DCharacter" FILE="../../../../../MyDocuments/Unreal Projects/Mypaper2D/MyPaper2D/Content/Blueprints/2DCharacter.uasset" SILENT=true
[2017.10.20-16.00.48:010][883]LogSavePackage: Save=84.75ms
[2017.10.20-16.00.48:010][883]LogSavePackage: Moving '../../../../../MyDocuments/Unreal Projects/Mypaper2D/MyPaper2D/Saved/2DCharacterCB32996342449E776BDF0D97D9AD9509.tmp' to '../../../../../MyDocuments/Unreal Projects/Mypaper2D/MyPaper2D/Content/Blueprints/2DCharacter.uasset'
[2017.10.20-16.00.48:013][883]LogSavePackage: Display: Finished SavePackage ../../../../../MyDocuments/Unreal Projects/Mypaper2D/MyPaper2D/Content/Blueprints/2DCharacter.uasset
[2017.10.20-16.00.48:743][906]BlueprintLog: New page: Compile 2DCharacter
[2017.10.20-16.00.51:075][972]LogTemp: Repeating last play command: Selected Viewport
[2017.10.20-16.00.51:109][972]LogPlayLevel: PlayLevel: No blueprints needed recompiling
[2017.10.20-16.00.51:110][972]PIE: New page: PIE session: My2DMap (20/10/2017 12:00:51)
[2017.10.20-16.00.51:110][972]LogPlayLevel: Creating play world package: /Game/UEDPIE_0_My2DMap
[2017.10.20-16.00.51:113][972]LogPlayLevel: PIE: StaticDuplicateObject took: (0.002956s)
[2017.10.20-16.00.51:114][972]LogAIModule: Creating AISystem for world My2DMap
[2017.10.20-16.00.51:114][972]LogPlayLevel: PIE: World Init took: (0.001438s)
[2017.10.20-16.00.51:114][972]LogPlayLevel: PIE: Created PIE world by copying editor world from /Game/My2DMap.My2DMap to /Game/UEDPIE_0_My2DMap.My2DMap (0.004790s)
[2017.10.20-16.00.51:222][972]LogInit: XAudio2 using '5 - SAMSUNG (AMD High Definition Audio Device)' : 2 channels at 48 kHz using 16 bits per sample (channel mask 0x3)
[2017.10.20-16.00.51:232][972]LogInit: FAudioDevice initialized.
[2017.10.20-16.00.51:265][972]LogLoad: Game class is '2DGame_C'
[2017.10.20-16.00.51:267][972]LogWorld: Bringing World /Game/UEDPIE_0_My2DMap.My2DMap up for play (max tick rate 0) at 2017.10.20-14.00.51
[2017.10.20-16.00.51:267][972]LogWorld: Bringing up level for play took: 0.001577
[2017.10.20-16.00.51:269][972]PIE: Play in editor start time for /Game/UEDPIE_0_My2DMap 0,356
[2017.10.20-16.01.20:255][804]Cmd: OBJ SAVEPACKAGE PACKAGE="/Game/Blueprints/2DCharacter" FILE="../../../../../MyDocuments/Unreal Projects/Mypaper2D/MyPaper2D/Content/Blueprints/2DCharacter.uasset" SILENT=true
[2017.10.20-16.01.20:321][804]LogSavePackage: Save=59.98ms
[2017.10.20-16.01.20:321][804]LogSavePackage: Moving '../../../../../MyDocuments/Unreal Projects/Mypaper2D/MyPaper2D/Saved/2DCharacterC7D5B9B5493A79D018F33AA2CDD7D37D.tmp' to '../../../../../MyDocuments/Unreal Projects/Mypaper2D/MyPaper2D/Content/Blueprints/2DCharacter.uasset'
[2017.10.20-16.01.20:328][804]LogSavePackage: Display: Finished SavePackage ../../../../../MyDocuments/Unreal Projects/Mypaper2D/MyPaper2D/Content/Blueprints/2DCharacter.uasset
[2017.10.20-16.01.20:672][815]BlueprintLog: New page: Compile 2DCharacter
[2017.10.20-16.01.30:094][115]LogTemp: Repeating last play command: Selected Viewport
[2017.10.20-16.01.30:124][115]LogPlayLevel: PlayLevel: No blueprints needed recompiling
[2017.10.20-16.01.30:124][115]PIE: New page: PIE session: My2DMap (20/10/2017 12:01:30)
[2017.10.20-16.01.30:124][115]LogPlayLevel: Creating play world package: /Game/UEDPIE_0_My2DMap
[2017.10.20-16.01.30:127][115]LogPlayLevel: PIE: StaticDuplicateObject took: (0.002829s)
[2017.10.20-16.01.30:129][115]LogAIModule: Creating AISystem for world My2DMap
[2017.10.20-16.01.30:129][115]LogPlayLevel: PIE: World Init took: (0.001405s)
[2017.10.20-16.01.30:129][115]LogPlayLevel: PIE: Created PIE world by copying editor world from /Game/My2DMap.My2DMap to /Game/UEDPIE_0_My2DMap.My2DMap (0.004637s)
[2017.10.20-16.01.30:253][115]LogInit: XAudio2 using '5 - SAMSUNG (AMD High Definition Audio Device)' : 2 channels at 48 kHz using 16 bits per sample (channel mask 0x3)
[2017.10.20-16.01.30:263][115]LogInit: FAudioDevice initialized.
[2017.10.20-16.01.30:300][115]LogLoad: Game class is '2DGame_C'
[2017.10.20-16.01.30:302][115]LogWorld: Bringing World /Game/UEDPIE_0_My2DMap.My2DMap up for play (max tick rate 0) at 2017.10.20-14.01.30
[2017.10.20-16.01.30:302][115]LogWorld: Bringing up level for play took: 0.001530
[2017.10.20-16.01.30:304][115]PIE: Play in editor start time for /Game/UEDPIE_0_My2DMap -0,609
[2017.10.20-16.01.53:816][423]Cmd: OBJ SAVEPACKAGE PACKAGE="/Game/Blueprints/2DCharacter" FILE="../../../../../MyDocuments/Unreal Projects/Mypaper2D/MyPaper2D/Content/Blueprints/2DCharacter.uasset" SILENT=true
[2017.10.20-16.01.53:882][423]LogSavePackage: Save=60.12ms
[2017.10.20-16.01.53:882][423]LogSavePackage: Moving '../../../../../MyDocuments/Unreal Projects/Mypaper2D/MyPaper2D/Saved/2DCharacter00AADA2C4DF33CF26D3F8585BD8FE940.tmp' to '../../../../../MyDocuments/Unreal Projects/Mypaper2D/MyPaper2D/Content/Blueprints/2DCharacter.uasset'
[2017.10.20-16.01.53:886][423]LogSavePackage: Display: Finished SavePackage ../../../../../MyDocuments/Unreal Projects/Mypaper2D/MyPaper2D/Content/Blueprints/2DCharacter.uasset
[2017.10.20-16.01.54:578][444]BlueprintLog: New page: Compile 2DCharacter
[2017.10.20-16.01.57:793][538]LogTemp: Repeating last play command: Selected Viewport
[2017.10.20-16.01.57:823][538]LogPlayLevel: PlayLevel: No blueprints needed recompiling
[2017.10.20-16.01.57:824][538]PIE: New page: PIE session: My2DMap (20/10/2017 12:01:57)
[2017.10.20-16.01.57:824][538]LogPlayLevel: Creating play world package: /Game/UEDPIE_0_My2DMap
[2017.10.20-16.01.57:827][538]LogPlayLevel: PIE: StaticDuplicateObject took: (0.002698s)
[2017.10.20-16.01.57:828][538]LogAIModule: Creating AISystem for world My2DMap
[2017.10.20-16.01.57:828][538]LogPlayLevel: PIE: World Init took: (0.001182s)
[2017.10.20-16.01.57:828][538]LogPlayLevel: PIE: Created PIE world by copying editor world from /Game/My2DMap.My2DMap to /Game/UEDPIE_0_My2DMap.My2DMap (0.004364s)
[2017.10.20-16.01.57:938][538]LogInit: XAudio2 using '5 - SAMSUNG (AMD High Definition Audio Device)' : 2 channels at 48 kHz using 16 bits per sample (channel mask 0x3)
[2017.10.20-16.01.57:947][538]LogInit: FAudioDevice initialized.
[2017.10.20-16.01.57:982][538]LogLoad: Game class is '2DGame_C'
[2017.10.20-16.01.57:984][538]LogWorld: Bringing World /Game/UEDPIE_0_My2DMap.My2DMap up for play (max tick rate 0) at 2017.10.20-14.01.57
[2017.10.20-16.01.57:984][538]LogWorld: Bringing up level for play took: 0.001403
[2017.10.20-16.01.57:986][538]PIE: Play in editor start time for /Game/UEDPIE_0_My2DMap 1,073
[2017.10.20-16.02.48:660][687]Cmd: OBJ SAVEPACKAGE PACKAGE="/Game/Blueprints/2DCharacter" FILE="../../../../../MyDocuments/Unreal Projects/Mypaper2D/MyPaper2D/Content/Blueprints/2DCharacter.uasset" SILENT=true
[2017.10.20-16.02.48:726][687]LogSavePackage: Save=60.14ms
[2017.10.20-16.02.48:726][687]LogSavePackage: Moving '../../../../../MyDocuments/Unreal Projects/Mypaper2D/MyPaper2D/Saved/2DCharacterE2DFC39A4D7395EE6B60A1845C73E586.tmp' to '../../../../../MyDocuments/Unreal Projects/Mypaper2D/MyPaper2D/Content/Blueprints/2DCharacter.uasset'
[2017.10.20-16.02.48:729][687]LogSavePackage: Display: Finished SavePackage ../../../../../MyDocuments/Unreal Projects/Mypaper2D/MyPaper2D/Content/Blueprints/2DCharacter.uasset
[2017.10.20-16.02.49:266][702]BlueprintLog: New page: Compile 2DCharacter
[2017.10.20-16.02.52:495][791]LogTemp: Repeating last play command: Selected Viewport
[2017.10.20-16.02.52:525][791]LogPlayLevel: PlayLevel: No blueprints needed recompiling
[2017.10.20-16.02.52:525][791]PIE: New page: PIE session: My2DMap (20/10/2017 12:02:52)
[2017.10.20-16.02.52:525][791]LogPlayLevel: Creating play world package: /Game/UEDPIE_0_My2DMap
[2017.10.20-16.02.52:528][791]LogPlayLevel: PIE: StaticDuplicateObject took: (0.002664s)
[2017.10.20-16.02.52:529][791]LogAIModule: Creating AISystem for world My2DMap
[2017.10.20-16.02.52:529][791]LogPlayLevel: PIE: World Init took: (0.001160s)
[2017.10.20-16.02.52:530][791]LogPlayLevel: PIE: Created PIE world by copying editor world from /Game/My2DMap.My2DMap to /Game/UEDPIE_0_My2DMap.My2DMap (0.004198s)
[2017.10.20-16.02.52:647][791]LogInit: XAudio2 using '5 - SAMSUNG (AMD High Definition Audio Device)' : 2 channels at 48 kHz using 16 bits per sample (channel mask 0x3)
[2017.10.20-16.02.52:656][791]LogInit: FAudioDevice initialized.
[2017.10.20-16.02.52:692][791]LogLoad: Game class is '2DGame_C'
[2017.10.20-16.02.52:694][791]LogWorld: Bringing World /Game/UEDPIE_0_My2DMap.My2DMap up for play (max tick rate 0) at 2017.10.20-14.02.52
[2017.10.20-16.02.52:695][791]LogWorld: Bringing up level for play took: 0.001494
[2017.10.20-16.02.52:696][791]PIE: Play in editor start time for /Game/UEDPIE_0_My2DMap -0,217
[2017.10.20-16.03.10:378][799]BlueprintLog: New page: Compile 2DCharacter
[2017.10.20-16.03.14:109][897]Cmd: OBJ SAVEPACKAGE PACKAGE="/Game/Blueprints/2DCharacter" FILE="../../../../../MyDocuments/Unreal Projects/Mypaper2D/MyPaper2D/Content/Blueprints/2DCharacter.uasset" SILENT=true
[2017.10.20-16.03.14:177][897]LogSavePackage: Save=61.57ms
[2017.10.20-16.03.14:177][897]LogSavePackage: Moving '../../../../../MyDocuments/Unreal Projects/Mypaper2D/MyPaper2D/Saved/2DCharacter30F38F2C47ED647AFC67EC859B4DCCE0.tmp' to '../../../../../MyDocuments/Unreal Projects/Mypaper2D/MyPaper2D/Content/Blueprints/2DCharacter.uasset'
[2017.10.20-16.03.14:180][897]LogSavePackage: Display: Finished SavePackage ../../../../../MyDocuments/Unreal Projects/Mypaper2D/MyPaper2D/Content/Blueprints/2DCharacter.uasset
[2017.10.20-16.03.15:788][952]LogTemp: Repeating last play command: Selected Viewport
[2017.10.20-16.03.15:817][952]LogPlayLevel: PlayLevel: No blueprints needed recompiling
[2017.10.20-16.03.15:818][952]PIE: New page: PIE session: My2DMap (20/10/2017 12:03:15)
[2017.10.20-16.03.15:818][952]LogPlayLevel: Creating play world package: /Game/UEDPIE_0_My2DMap
[2017.10.20-16.03.15:820][952]LogPlayLevel: PIE: StaticDuplicateObject took: (0.002473s)
[2017.10.20-16.03.15:821][952]LogAIModule: Creating AISystem for world My2DMap
[2017.10.20-16.03.15:822][952]LogPlayLevel: PIE: World Init took: (0.001177s)
[2017.10.20-16.03.15:822][952]LogPlayLevel: PIE: Created PIE world by copying editor world from /Game/My2DMap.My2DMap to /Game/UEDPIE_0_My2DMap.My2DMap (0.004057s)
[2017.10.20-16.03.15:965][952]LogInit: XAudio2 using '5 - SAMSUNG (AMD High Definition Audio Device)' : 2 channels at 48 kHz using 16 bits per sample (channel mask 0x3)
[2017.10.20-16.03.15:974][952]LogInit: FAudioDevice initialized.
[2017.10.20-16.03.16:007][952]LogLoad: Game class is '2DGame_C'
[2017.10.20-16.03.16:009][952]LogWorld: Bringing World /Game/UEDPIE_0_My2DMap.My2DMap up for play (max tick rate 0) at 2017.10.20-14.03.16
[2017.10.20-16.03.16:009][952]LogWorld: Bringing up level for play took: 0.001487
[2017.10.20-16.03.16:011][952]PIE: Play in editor start time for /Game/UEDPIE_0_My2DMap 1,098
[2017.10.20-16.04.36:051][797]BlueprintLog: New page: Compile 2DCharacter
[2017.10.20-16.04.39:085][882]LogTemp: Repeating last play command: Selected Viewport
[2017.10.20-16.04.39:116][882]LogPlayLevel: PlayLevel: No blueprints needed recompiling
[2017.10.20-16.04.39:116][882]PIE: New page: PIE session: My2DMap (20/10/2017 12:04:39)
[2017.10.20-16.04.39:116][882]LogPlayLevel: Creating play world package: /Game/UEDPIE_0_My2DMap
[2017.10.20-16.04.39:119][882]LogPlayLevel: PIE: StaticDuplicateObject took: (0.003073s)
[2017.10.20-16.04.39:120][882]LogAIModule: Creating AISystem for world My2DMap
[2017.10.20-16.04.39:121][882]LogPlayLevel: PIE: World Init took: (0.001569s)
[2017.10.20-16.04.39:121][882]LogPlayLevel: PIE: Created PIE world by copying editor world from /Game/My2DMap.My2DMap to /Game/UEDPIE_0_My2DMap.My2DMap (0.005112s)
[2017.10.20-16.04.39:270][882]LogInit: XAudio2 using '5 - SAMSUNG (AMD High Definition Audio Device)' : 2 channels at 48 kHz using 16 bits per sample (channel mask 0x3)
[2017.10.20-16.04.39:280][882]LogInit: FAudioDevice initialized.
[2017.10.20-16.04.39:311][882]LogLoad: Game class is '2DGame_C'
[2017.10.20-16.04.39:313][882]LogWorld: Bringing World /Game/UEDPIE_0_My2DMap.My2DMap up for play (max tick rate 0) at 2017.10.20-14.04.39
[2017.10.20-16.04.39:313][882]LogWorld: Bringing up level for play took: 0.001407
[2017.10.20-16.04.39:314][882]PIE: Play in editor start time for /Game/UEDPIE_0_My2DMap 0,401
[2017.10.20-16.05.22:450][695]BlueprintLog: New page: Compile 2DCharacter
[2017.10.20-16.06.03:877][776]Cmd: OBJ SAVEPACKAGE PACKAGE="/Game/Blueprints/2DCharacter" FILE="../../../../../MyDocuments/Unreal Projects/Mypaper2D/MyPaper2D/Content/Blueprints/2DCharacter.uasset" SILENT=true
[2017.10.20-16.06.03:970][776]LogSavePackage: Save=78.21ms
[2017.10.20-16.06.03:971][776]LogSavePackage: Moving '../../../../../MyDocuments/Unreal Projects/Mypaper2D/MyPaper2D/Saved/2DCharacter15054F6144F6801FF0181993B025C5E1.tmp' to '../../../../../MyDocuments/Unreal Projects/Mypaper2D/MyPaper2D/Content/Blueprints/2DCharacter.uasset'
[2017.10.20-16.06.03:975][776]LogSavePackage: Display: Finished SavePackage ../../../../../MyDocuments/Unreal Projects/Mypaper2D/MyPaper2D/Content/Blueprints/2DCharacter.uasset
[2017.10.20-16.06.05:748][819]BlueprintLog: New page: Compile 2DCharacter
[2017.10.20-16.06.08:051][863]LogTemp: Repeating last play command: Selected Viewport
[2017.10.20-16.06.08:084][863]LogPlayLevel: PlayLevel: No blueprints needed recompiling
[2017.10.20-16.06.08:085][863]PIE: New page: PIE session: My2DMap (20/10/2017 12:06:08)
[2017.10.20-16.06.08:085][863]LogPlayLevel: Creating play world package: /Game/UEDPIE_0_My2DMap
[2017.10.20-16.06.08:087][863]LogPlayLevel: PIE: StaticDuplicateObject took: (0.002678s)
[2017.10.20-16.06.08:088][863]LogAIModule: Creating AISystem for world My2DMap
[2017.10.20-16.06.08:089][863]LogPlayLevel: PIE: World Init took: (0.001123s)
[2017.10.20-16.06.08:089][863]LogPlayLevel: PIE: Created PIE world by copying editor world from /Game/My2DMap.My2DMap to /Game/UEDPIE_0_My2DMap.My2DMap (0.004259s)
[2017.10.20-16.06.08:266][863]LogInit: XAudio2 using '5 - SAMSUNG (AMD High Definition Audio Device)' : 2 channels at 48 kHz using 16 bits per sample (channel mask 0x3)
[2017.10.20-16.06.08:276][863]LogInit: FAudioDevice initialized.
[2017.10.20-16.06.08:309][863]LogLoad: Game class is '2DGame_C'
[2017.10.20-16.06.08:311][863]LogWorld: Bringing World /Game/UEDPIE_0_My2DMap.My2DMap up for play (max tick rate 0) at 2017.10.20-14.06.08
[2017.10.20-16.06.08:311][863]LogWorld: Bringing up level for play took: 0.001477
[2017.10.20-16.06.08:313][863]PIE: Play in editor start time for /Game/UEDPIE_0_My2DMap -0,6
[2017.10.20-16.06.47:436][690]Cmd: OBJ SAVEPACKAGE PACKAGE="/Game/Blueprints/2DCharacter" FILE="../../../../../MyDocuments/Unreal Projects/Mypaper2D/MyPaper2D/Content/Blueprints/2DCharacter.uasset" SILENT=true
[2017.10.20-16.06.47:502][690]LogSavePackage: Save=58.93ms
[2017.10.20-16.06.47:502][690]LogSavePackage: Moving '../../../../../MyDocuments/Unreal Projects/Mypaper2D/MyPaper2D/Saved/2DCharacter6C8B189E401A7C7C9C941995967BC131.tmp' to '../../../../../MyDocuments/Unreal Projects/Mypaper2D/MyPaper2D/Content/Blueprints/2DCharacter.uasset'
[2017.10.20-16.06.47:504][690]LogSavePackage: Display: Finished SavePackage ../../../../../MyDocuments/Unreal Projects/Mypaper2D/MyPaper2D/Content/Blueprints/2DCharacter.uasset
[2017.10.20-16.06.49:142][729]BlueprintLog: New page: Compile 2DCharacter
[2017.10.20-16.06.51:907][778]LogTemp: Repeating last play command: Selected Viewport
[2017.10.20-16.06.51:937][778]LogPlayLevel: PlayLevel: No blueprints needed recompiling
[2017.10.20-16.06.51:938][778]PIE: New page: PIE session: My2DMap (20/10/2017 12:06:51)
[2017.10.20-16.06.51:938][778]LogPlayLevel: Creating play world package: /Game/UEDPIE_0_My2DMap
[2017.10.20-16.06.51:941][778]LogPlayLevel: PIE: StaticDuplicateObject took: (0.003020s)
[2017.10.20-16.06.51:942][778]LogAIModule: Creating AISystem for world My2DMap
[2017.10.20-16.06.51:942][778]LogPlayLevel: PIE: World Init took: (0.001292s)
[2017.10.20-16.06.51:942][778]LogPlayLevel: PIE: Created PIE world by copying editor world from /Game/My2DMap.My2DMap to /Game/UEDPIE_0_My2DMap.My2DMap (0.004706s)
[2017.10.20-16.06.52:130][778]LogInit: XAudio2 using '5 - SAMSUNG (AMD High Definition Audio Device)' : 2 channels at 48 kHz using 16 bits per sample (channel mask 0x3)
[2017.10.20-16.06.52:139][778]LogInit: FAudioDevice initialized.
[2017.10.20-16.06.52:170][778]LogLoad: Game class is '2DGame_C'
[2017.10.20-16.06.52:172][778]LogWorld: Bringing World /Game/UEDPIE_0_My2DMap.My2DMap up for play (max tick rate 0) at 2017.10.20-14.06.52
[2017.10.20-16.06.52:172][778]LogWorld: Bringing up level for play took: 0.001603
[2017.10.20-16.06.52:174][778]PIE: Play in editor start time for /Game/UEDPIE_0_My2DMap -0,74
[2017.10.20-16.06.58:602][121]LogTemp: Repeating last play command: Selected Viewport
[2017.10.20-16.06.58:632][121]LogPlayLevel: PlayLevel: No blueprints needed recompiling
[2017.10.20-16.06.58:632][121]PIE: New page: PIE session: My2DMap (20/10/2017 12:06:58)
[2017.10.20-16.06.58:632][121]LogPlayLevel: Creating play world package: /Game/UEDPIE_0_My2DMap
[2017.10.20-16.06.58:635][121]LogPlayLevel: PIE: StaticDuplicateObject took: (0.002945s)
[2017.10.20-16.06.58:636][121]LogAIModule: Creating AISystem for world My2DMap
[2017.10.20-16.06.58:637][121]LogPlayLevel: PIE: World Init took: (0.001426s)
[2017.10.20-16.06.58:637][121]LogPlayLevel: PIE: Created PIE world by copying editor world from /Game/My2DMap.My2DMap to /Game/UEDPIE_0_My2DMap.My2DMap (0.004874s)
[2017.10.20-16.06.58:906][121]LogInit: XAudio2 using '5 - SAMSUNG (AMD High Definition Audio Device)' : 2 channels at 48 kHz using 16 bits per sample (channel mask 0x3)
[2017.10.20-16.06.58:915][121]LogInit: FAudioDevice initialized.
[2017.10.20-16.06.58:952][121]LogLoad: Game class is '2DGame_C'
[2017.10.20-16.06.58:954][121]LogWorld: Bringing World /Game/UEDPIE_0_My2DMap.My2DMap up for play (max tick rate 0) at 2017.10.20-14.06.58
[2017.10.20-16.06.58:955][121]LogWorld: Bringing up level for play took: 0.001424
[2017.10.20-16.06.58:956][121]PIE: Play in editor start time for /Game/UEDPIE_0_My2DMap 0,043
[2017.10.20-16.09.07:806][ 97]BlueprintLog: New page: Compile 2DCharacter
[2017.10.20-16.09.10:856][157]LogTemp: Repeating last play command: Selected Viewport
[2017.10.20-16.09.10:887][157]LogPlayLevel: PlayLevel: No blueprints needed recompiling
[2017.10.20-16.09.10:887][157]PIE: New page: PIE session: My2DMap (20/10/2017 12:09:10)
[2017.10.20-16.09.10:887][157]LogPlayLevel: Creating play world package: /Game/UEDPIE_0_My2DMap
[2017.10.20-16.09.10:890][157]LogPlayLevel: PIE: StaticDuplicateObject took: (0.003302s)
[2017.10.20-16.09.10:891][157]LogAIModule: Creating AISystem for world My2DMap
[2017.10.20-16.09.10:892][157]LogPlayLevel: PIE: World Init took: (0.001271s)
[2017.10.20-16.09.10:892][157]LogPlayLevel: PIE: Created PIE world by copying editor world from /Game/My2DMap.My2DMap to /Game/UEDPIE_0_My2DMap.My2DMap (0.004980s)
[2017.10.20-16.09.11:093][157]LogInit: XAudio2 using '5 - SAMSUNG (AMD High Definition Audio Device)' : 2 channels at 48 kHz using 16 bits per sample (channel mask 0x3)
[2017.10.20-16.09.11:102][157]LogInit: FAudioDevice initialized.
[2017.10.20-16.09.11:137][157]LogLoad: Game class is '2DGame_C'
[2017.10.20-16.09.11:140][157]LogWorld: Bringing World /Game/UEDPIE_0_My2DMap.My2DMap up for play (max tick rate 0) at 2017.10.20-14.09.11
[2017.10.20-16.09.11:140][157]LogWorld: Bringing up level for play took: 0.001725
[2017.10.20-16.09.11:142][157]PIE: Play in editor start time for /Game/UEDPIE_0_My2DMap 0,229
[2017.10.20-16.09.27:889][513]BlueprintLog: New page: Compile 2DCharacter
[2017.10.20-16.09.29:006][523]Cmd: OBJ SAVEPACKAGE PACKAGE="/Game/Blueprints/2DCharacter" FILE="../../../../../MyDocuments/Unreal Projects/Mypaper2D/MyPaper2D/Content/Blueprints/2DCharacter.uasset" SILENT=true
[2017.10.20-16.09.29:074][523]LogSavePackage: Save=61.66ms
[2017.10.20-16.09.29:074][523]LogSavePackage: Moving '../../../../../MyDocuments/Unreal Projects/Mypaper2D/MyPaper2D/Saved/2DCharacter2FED6C874C88560938C830A8531741C8.tmp' to '../../../../../MyDocuments/Unreal Projects/Mypaper2D/MyPaper2D/Content/Blueprints/2DCharacter.uasset'
[2017.10.20-16.09.29:077][523]LogSavePackage: Display: Finished SavePackage ../../../../../MyDocuments/Unreal Projects/Mypaper2D/MyPaper2D/Content/Blueprints/2DCharacter.uasset
[2017.10.20-16.09.30:393][554]LogTemp: Repeating last play command: Selected Viewport
[2017.10.20-16.09.30:422][554]LogPlayLevel: PlayLevel: No blueprints needed recompiling
[2017.10.20-16.09.30:423][554]PIE: New page: PIE session: My2DMap (20/10/2017 12:09:30)
[2017.10.20-16.09.30:423][554]LogPlayLevel: Creating play world package: /Game/UEDPIE_0_My2DMap
[2017.10.20-16.09.30:425][554]LogPlayLevel: PIE: StaticDuplicateObject took: (0.002564s)
[2017.10.20-16.09.30:426][554]LogAIModule: Creating AISystem for world My2DMap
[2017.10.20-16.09.30:426][554]LogPlayLevel: PIE: World Init took: (0.001064s)
[2017.10.20-16.09.30:427][554]LogPlayLevel: PIE: Created PIE world by copying editor world from /Game/My2DMap.My2DMap to /Game/UEDPIE_0_My2DMap.My2DMap (0.003991s)
[2017.10.20-16.09.30:634][554]LogInit: XAudio2 using '5 - SAMSUNG (AMD High Definition Audio Device)' : 2 channels at 48 kHz using 16 bits per sample (channel mask 0x3)
[2017.10.20-16.09.30:643][554]LogInit: FAudioDevice initialized.
[2017.10.20-16.09.30:678][554]LogLoad: Game class is '2DGame_C'
[2017.10.20-16.09.30:680][554]LogWorld: Bringing World /Game/UEDPIE_0_My2DMap.My2DMap up for play (max tick rate 0) at 2017.10.20-14.09.30
[2017.10.20-16.09.30:681][554]LogWorld: Bringing up level for play took: 0.001458
[2017.10.20-16.09.30:682][554]PIE: Play in editor start time for /Game/UEDPIE_0_My2DMap -0,231
[2017.10.20-16.10.26:793][618]BlueprintLog: New page: Compile 2DCharacter
[2017.10.20-16.10.27:893][627]Cmd: OBJ SAVEPACKAGE PACKAGE="/Game/Blueprints/2DCharacter" FILE="../../../../../MyDocuments/Unreal Projects/Mypaper2D/MyPaper2D/Content/Blueprints/2DCharacter.uasset" SILENT=true
[2017.10.20-16.10.27:960][627]LogSavePackage: Save=60.43ms
[2017.10.20-16.10.27:960][627]LogSavePackage: Moving '../../../../../MyDocuments/Unreal Projects/Mypaper2D/MyPaper2D/Saved/2DCharacter3498526A426858054D0A978D0FBE1F6F.tmp' to '../../../../../MyDocuments/Unreal Projects/Mypaper2D/MyPaper2D/Content/Blueprints/2DCharacter.uasset'
[2017.10.20-16.10.27:963][627]LogSavePackage: Display: Finished SavePackage ../../../../../MyDocuments/Unreal Projects/Mypaper2D/MyPaper2D/Content/Blueprints/2DCharacter.uasset
[2017.10.20-16.10.28:913][649]LogEditorViewport: Clicking on Actor (LMB): PaperSpriteActor (PrototypeTexture_Sprite3)
[2017.10.20-16.10.29:676][665]LogTemp: Repeating last play command: Selected Viewport
[2017.10.20-16.10.29:705][665]LogPlayLevel: PlayLevel: No blueprints needed recompiling
[2017.10.20-16.10.29:706][665]PIE: New page: PIE session: My2DMap (20/10/2017 12:10:29)
[2017.10.20-16.10.29:706][665]LogPlayLevel: Creating play world package: /Game/UEDPIE_0_My2DMap
[2017.10.20-16.10.29:709][665]LogPlayLevel: PIE: StaticDuplicateObject took: (0.003103s)
[2017.10.20-16.10.29:710][665]LogAIModule: Creating AISystem for world My2DMap
[2017.10.20-16.10.29:711][665]LogPlayLevel: PIE: World Init took: (0.001642s)
[2017.10.20-16.10.29:711][665]LogPlayLevel: PIE: Created PIE world by copying editor world from /Game/My2DMap.My2DMap to /Game/UEDPIE_0_My2DMap.My2DMap (0.005151s)
[2017.10.20-16.10.29:924][665]LogInit: XAudio2 using '5 - SAMSUNG (AMD High Definition Audio Device)' : 2 channels at 48 kHz using 16 bits per sample (channel mask 0x3)
[2017.10.20-16.10.29:934][665]LogInit: FAudioDevice initialized.
[2017.10.20-16.10.29:966][665]LogLoad: Game class is '2DGame_C'
[2017.10.20-16.10.29:967][665]LogWorld: Bringing World /Game/UEDPIE_0_My2DMap.My2DMap up for play (max tick rate 0) at 2017.10.20-14.10.29
[2017.10.20-16.10.29:967][665]LogWorld: Bringing up level for play took: 0.001367
[2017.10.20-16.10.29:969][665]PIE: Play in editor start time for /Game/UEDPIE_0_My2DMap 1,056
[2017.10.20-16.11.24:833][460]Cmd: OBJ SAVEPACKAGE PACKAGE="/Game/Blueprints/2DCharacter" FILE="../../../../../MyDocuments/Unreal Projects/Mypaper2D/MyPaper2D/Content/Blueprints/2DCharacter.uasset" SILENT=true
[2017.10.20-16.11.24:919][460]LogSavePackage: Save=71.06ms
[2017.10.20-16.11.24:919][460]LogSavePackage: Moving '../../../../../MyDocuments/Unreal Projects/Mypaper2D/MyPaper2D/Saved/2DCharacterC7384C7345F2682957756B812661FEF3.tmp' to '../../../../../MyDocuments/Unreal Projects/Mypaper2D/MyPaper2D/Content/Blueprints/2DCharacter.uasset'
[2017.10.20-16.11.24:922][460]LogSavePackage: Display: Finished SavePackage ../../../../../MyDocuments/Unreal Projects/Mypaper2D/MyPaper2D/Content/Blueprints/2DCharacter.uasset
[2017.10.20-16.11.25:980][481]BlueprintLog: New page: Compile 2DCharacter
[2017.10.20-16.11.29:365][539]LogTemp: Repeating last play command: Selected Viewport
[2017.10.20-16.11.29:396][539]LogPlayLevel: PlayLevel: No blueprints needed recompiling
[2017.10.20-16.11.29:396][539]PIE: New page: PIE session: My2DMap (20/10/2017 12:11:29)
[2017.10.20-16.11.29:396][539]LogPlayLevel: Creating play world package: /Game/UEDPIE_0_My2DMap
[2017.10.20-16.11.29:400][539]LogPlayLevel: PIE: StaticDuplicateObject took: (0.003425s)
[2017.10.20-16.11.29:401][539]LogAIModule: Creating AISystem for world My2DMap
[2017.10.20-16.11.29:401][539]LogPlayLevel: PIE: World Init took: (0.001177s)
[2017.10.20-16.11.29:401][539]LogPlayLevel: PIE: Created PIE world by copying editor world from /Game/My2DMap.My2DMap to /Game/UEDPIE_0_My2DMap.My2DMap (0.005026s)
[2017.10.20-16.11.29:617][539]LogInit: XAudio2 using '5 - SAMSUNG (AMD High Definition Audio Device)' : 2 channels at 48 kHz using 16 bits per sample (channel mask 0x3)
[2017.10.20-16.11.29:626][539]LogInit: FAudioDevice initialized.
[2017.10.20-16.11.29:664][539]LogLoad: Game class is '2DGame_C'
[2017.10.20-16.11.29:666][539]LogWorld: Bringing World /Game/UEDPIE_0_My2DMap.My2DMap up for play (max tick rate 0) at 2017.10.20-14.11.29
[2017.10.20-16.11.29:666][539]LogWorld: Bringing up level for play took: 0.001498
[2017.10.20-16.11.29:668][539]PIE: Play in editor start time for /Game/UEDPIE_0_My2DMap 0,754
[2017.10.20-16.12.00:524][717]BlueprintLog: New page: Compile 2DCharacter
[2017.10.20-16.12.02:178][735]Cmd: OBJ SAVEPACKAGE PACKAGE="/Game/Blueprints/2DCharacter" FILE="../../../../../MyDocuments/Unreal Projects/Mypaper2D/MyPaper2D/Content/Blueprints/2DCharacter.uasset" SILENT=true
[2017.10.20-16.12.02:243][735]LogSavePackage: Save=59.17ms
[2017.10.20-16.12.02:243][735]LogSavePackage: Moving '../../../../../MyDocuments/Unreal Projects/Mypaper2D/MyPaper2D/Saved/2DCharacterCDE6EEE944E2BE132DAB7A99E6B1A5EA.tmp' to '../../../../../MyDocuments/Unreal Projects/Mypaper2D/MyPaper2D/Content/Blueprints/2DCharacter.uasset'
[2017.10.20-16.12.02:247][735]LogSavePackage: Display: Finished SavePackage ../../../../../MyDocuments/Unreal Projects/Mypaper2D/MyPaper2D/Content/Blueprints/2DCharacter.uasset
[2017.10.20-16.12.03:524][763]LogTemp: Repeating last play command: Selected Viewport
[2017.10.20-16.12.03:554][763]LogPlayLevel: PlayLevel: No blueprints needed recompiling
[2017.10.20-16.12.03:554][763]PIE: New page: PIE session: My2DMap (20/10/2017 12:12:03)
[2017.10.20-16.12.03:555][763]LogPlayLevel: Creating play world package: /Game/UEDPIE_0_My2DMap
[2017.10.20-16.12.03:558][763]LogPlayLevel: PIE: StaticDuplicateObject took: (0.003026s)
[2017.10.20-16.12.03:559][763]LogAIModule: Creating AISystem for world My2DMap
[2017.10.20-16.12.03:559][763]LogPlayLevel: PIE: World Init took: (0.001117s)
[2017.10.20-16.12.03:559][763]LogPlayLevel: PIE: Created PIE world by copying editor world from /Game/My2DMap.My2DMap to /Game/UEDPIE_0_My2DMap.My2DMap (0.004648s)
[2017.10.20-16.12.03:801][763]LogInit: XAudio2 using '5 - SAMSUNG (AMD High Definition Audio Device)' : 2 channels at 48 kHz using 16 bits per sample (channel mask 0x3)
[2017.10.20-16.12.03:810][763]LogInit: FAudioDevice initialized.
[2017.10.20-16.12.03:846][763]LogLoad: Game class is '2DGame_C'
[2017.10.20-16.12.03:848][763]LogWorld: Bringing World /Game/UEDPIE_0_My2DMap.My2DMap up for play (max tick rate 0) at 2017.10.20-14.12.03
[2017.10.20-16.12.03:848][763]LogWorld: Bringing up level for play took: 0.001570
[2017.10.20-16.12.03:850][763]PIE: Play in editor start time for /Game/UEDPIE_0_My2DMap 0,936
[2017.10.20-16.13.53:460][654]LogTemp: Repeating last play command: Selected Viewport
[2017.10.20-16.13.53:493][654]LogPlayLevel: PlayLevel: No blueprints needed recompiling
[2017.10.20-16.13.53:493][654]PIE: New page: PIE session: My2DMap (20/10/2017 12:13:53)
[2017.10.20-16.13.53:493][654]LogPlayLevel: Creating play world package: /Game/UEDPIE_0_My2DMap
[2017.10.20-16.13.53:496][654]LogPlayLevel: PIE: StaticDuplicateObject took: (0.002628s)
[2017.10.20-16.13.53:497][654]LogAIModule: Creating AISystem for world My2DMap
[2017.10.20-16.13.53:497][654]LogPlayLevel: PIE: World Init took: (0.001191s)
[2017.10.20-16.13.53:498][654]LogPlayLevel: PIE: Created PIE world by copying editor world from /Game/My2DMap.My2DMap to /Game/UEDPIE_0_My2DMap.My2DMap (0.004184s)
[2017.10.20-16.13.53:722][654]LogInit: XAudio2 using '5 - SAMSUNG (AMD High Definition Audio Device)' : 2 channels at 48 kHz using 16 bits per sample (channel mask 0x3)
[2017.10.20-16.13.53:732][654]LogInit: FAudioDevice initialized.
[2017.10.20-16.13.53:766][654]LogLoad: Game class is '2DGame_C'
[2017.10.20-16.13.53:768][654]LogWorld: Bringing World /Game/UEDPIE_0_My2DMap.My2DMap up for play (max tick rate 0) at 2017.10.20-14.13.53
[2017.10.20-16.13.53:769][654]LogWorld: Bringing up level for play took: 0.001509
[2017.10.20-16.13.53:770][654]PIE: Play in editor start time for /Game/UEDPIE_0_My2DMap 0,857
[2017.10.20-16.23.45:709][806]LogRenderer: Reallocating scene render targets to support 1144x712 Format 9 NumSamples 1 (Frame:1).
[2017.10.20-16.29.14:127][857]LogWindowsTextInputMethodSystem: Display: IME system now deactivated.
[2017.10.20-16.29.14:436][858]Cmd: QUIT_EDITOR
[2017.10.20-16.29.15:252][858]LogExit: Preparing to exit.
[2017.10.20-16.29.16:628][858]LogDirectoryWatcher: A directory notification for 'D:/MyDocuments/Unreal Projects/Mypaper2D/MyPaper2D/Content/' was aborted.
[2017.10.20-16.29.16:751][858]LogExit: Editor shut down
[2017.10.20-16.29.16:787][858]LogExit: Transaction tracking system shut down
[2017.10.20-16.29.16:916][858]LogDirectoryWatcher: A directory notification for '../../../Engine/Content/' was aborted.
[2017.10.20-16.29.16:917][858]LogDirectoryWatcher: A directory notification for '../../../../../MyDocuments/Unreal Projects/Mypaper2D/MyPaper2D/Content/' was aborted.
[2017.10.20-16.29.16:917][858]LogDirectoryWatcher: A directory notification for '../../../Engine/Plugins/2D/Paper2D/Content/' was aborted.
[2017.10.20-16.29.16:917][858]LogDirectoryWatcher: A directory notification for '../../../Engine/Plugins/Runtime/Oculus/OculusVR/Content/' was aborted.
[2017.10.20-16.29.16:917][858]LogDirectoryWatcher: A directory notification for '../../../Engine/Plugins/Runtime/Steam/SteamVR/Content/' was aborted.
[2017.10.20-16.29.17:104][858]LogExit: Object subsystem successfully closed.
[2017.10.20-16.29.17:129][858]LogD3D11RHI: Shutdown
[2017.10.20-16.29.17:129][858]LogD3D11RHI: CleanupD3DDevice
[2017.10.20-16.29.17:246][858]LogD3D11RHI: ~FD3D11DynamicRHI
[2017.10.20-16.29.17:264][858]LogModuleManager: Shutting down and abandoning module MovieSceneCapture (536)
[2017.10.20-16.29.17:264][858]LogModuleManager: Shutting down and abandoning module BlueprintGraph (534)
[2017.10.20-16.29.17:264][858]LogModuleManager: Shutting down and abandoning module BlueprintProfiler (532)
[2017.10.20-16.29.17:264][858]LogModuleManager: Shutting down and abandoning module HierarchicalLODOutliner (530)
[2017.10.20-16.29.17:264][858]LogModuleManager: Shutting down and abandoning module SceneOutliner (528)
[2017.10.20-16.29.17:264][858]LogModuleManager: Shutting down and abandoning module AddContentDialog (526)
[2017.10.20-16.29.17:264][858]LogDirectoryWatcher: A directory notification for 'D:/Epic Games/UE_4.17/FeaturePacks/' was aborted.
[2017.10.20-16.29.17:271][858]LogModuleManager: Shutting down and abandoning module WidgetCarousel (525)
[2017.10.20-16.29.17:272][858]LogModuleManager: Shutting down and abandoning module EditorWidgets (522)
[2017.10.20-16.29.17:272][858]LogModuleManager: Shutting down and abandoning module CollectionManager (520)
[2017.10.20-16.29.17:272][858]LogDirectoryWatcher: A directory notification for 'D:/MyDocuments/Unreal Projects/Mypaper2D/MyPaper2D/Content/Collections/' was aborted.
[2017.10.20-16.29.17:272][858]LogDirectoryWatcher: A directory notification for 'D:/MyDocuments/Unreal Projects/Mypaper2D/MyPaper2D/Content/Developers/YuriMeitzen/Collections/' was aborted.
[2017.10.20-16.29.17:272][858]LogDirectoryWatcher: A directory notification for 'D:/MyDocuments/Unreal Projects/Mypaper2D/MyPaper2D/Saved/Collections/' was aborted.
[2017.10.20-16.29.17:272][858]LogModuleManager: Shutting down and abandoning module StatsViewer (518)
[2017.10.20-16.29.17:272][858]LogModuleManager: Shutting down and abandoning module FoliageEdit (516)
[2017.10.20-16.29.17:272][858]LogModuleManager: Shutting down and abandoning module LandscapeEditor (514)
[2017.10.20-16.29.17:272][858]LogModuleManager: Shutting down and abandoning module MeshPaintMode (512)
[2017.10.20-16.29.17:272][858]LogModuleManager: Shutting down and abandoning module SceneDepthPickerMode (510)
[2017.10.20-16.29.17:272][858]LogModuleManager: Shutting down and abandoning module ActorPickerMode (508)
[2017.10.20-16.29.17:272][858]LogModuleManager: Shutting down and abandoning module GeometryMode (506)
[2017.10.20-16.29.17:272][858]LogModuleManager: Shutting down and abandoning module TextureAlignMode (504)
[2017.10.20-16.29.17:272][858]LogModuleManager: Shutting down and abandoning module BspMode (502)
[2017.10.20-16.29.17:272][858]LogModuleManager: Shutting down and abandoning module PIEPreviewDeviceProfileSelector (500)
[2017.10.20-16.29.17:272][858]LogModuleManager: Shutting down and abandoning module HardwareSurvey (498)
[2017.10.20-16.29.17:272][858]LogModuleManager: Shutting down and abandoning module SequenceRecorderSections (496)
[2017.10.20-16.29.17:272][858]LogModuleManager: Shutting down and abandoning module AutomationWorker (494)
[2017.10.20-16.29.17:272][858]LogModuleManager: Shutting down and abandoning module MatineeToLevelSequence (492)
[2017.10.20-16.29.17:272][858]LogModuleManager: Shutting down and abandoning module LevelSequenceEditor (490)
[2017.10.20-16.29.17:273][858]LogModuleManager: Shutting down and abandoning module PlacementMode (489)
[2017.10.20-16.29.17:273][858]LogModuleManager: Shutting down and abandoning module WmfMediaFactory (486)
[2017.10.20-16.29.17:273][858]LogModuleManager: Shutting down and abandoning module WmfMediaEditor (484)
[2017.10.20-16.29.17:273][858]LogModuleManager: Shutting down and abandoning module AvfMediaFactory (482)
[2017.10.20-16.29.17:273][858]LogModuleManager: Shutting down and abandoning module AvfMediaEditor (480)
[2017.10.20-16.29.17:273][858]LogModuleManager: Shutting down and abandoning module AndroidMediaFactory (478)
[2017.10.20-16.29.17:273][858]LogModuleManager: Shutting down and abandoning module Media (477)
[2017.10.20-16.29.17:273][858]LogModuleManager: Shutting down and abandoning module AndroidMediaEditor (474)
[2017.10.20-16.29.17:273][858]LogModuleManager: Shutting down and abandoning module CharacterAI (472)
[2017.10.20-16.29.17:273][858]LogModuleManager: Shutting down and abandoning module AudioCapture (470)
[2017.10.20-16.29.17:273][858]LogModuleManager: Shutting down and abandoning module SequenceRecorder (469)
[2017.10.20-16.29.17:273][858]LogModuleManager: Shutting down and abandoning module SmartSnapping (466)
[2017.10.20-16.29.17:273][858]LogModuleManager: Shutting down and abandoning module SessionServices (464)
[2017.10.20-16.29.17:273][858]LogModuleManager: Shutting down and abandoning module ViewportSnapping (462)
[2017.10.20-16.29.17:273][858]LogModuleManager: Shutting down and abandoning module ViewportInteraction (460)
[2017.10.20-16.29.17:273][858]LogModuleManager: Shutting down and abandoning module ClothPainter (458)
[2017.10.20-16.29.17:273][858]LogModuleManager: Shutting down and abandoning module LogVisualizer (456)
[2017.10.20-16.29.17:273][858]LogModuleManager: Shutting down and abandoning module IntroTutorials (454)
[2017.10.20-16.29.17:273][858]LogModuleManager: Shutting down and abandoning module GameProjectGeneration (453)
[2017.10.20-16.29.17:273][858]LogModuleManager: Shutting down and abandoning module IOSPlatformEditor (450)
[2017.10.20-16.29.17:273][858]LogModuleManager: Shutting down and abandoning module HTML5PlatformEditor (448)
[2017.10.20-16.29.17:273][858]LogModuleManager: Shutting down and abandoning module AndroidPlatformEditor (446)
[2017.10.20-16.29.17:273][858]LogModuleManager: Shutting down and abandoning module AndroidDeviceDetection (445)
[2017.10.20-16.29.17:772][858]LogModuleManager: Shutting down and abandoning module WindowsPlatformEditor (442)
[2017.10.20-16.29.17:772][858]LogModuleManager: Shutting down and abandoning module IOSRuntimeSettings (440)
[2017.10.20-16.29.17:772][858]LogModuleManager: Shutting down and abandoning module AndroidRuntimeSettings (438)
[2017.10.20-16.29.17:772][858]LogModuleManager: Shutting down and abandoning module InputBindingEditor (436)
[2017.10.20-16.29.17:772][858]LogModuleManager: Shutting down and abandoning module MergeActors (434)
[2017.10.20-16.29.17:772][858]LogModuleManager: Shutting down and abandoning module SizeMap (432)
[2017.10.20-16.29.17:773][858]LogModuleManager: Shutting down and abandoning module TreeMap (430)
[2017.10.20-16.29.17:773][858]LogModuleManager: Shutting down and abandoning module ReferenceViewer (428)
[2017.10.20-16.29.17:773][858]LogModuleManager: Shutting down and abandoning module LocalizationDashboard (426)
[2017.10.20-16.29.17:773][858]LogModuleManager: Shutting down and abandoning module LocalizationService (425)
[2017.10.20-16.29.17:773][858]LogModuleManager: Shutting down and abandoning module HardwareTargeting (422)
[2017.10.20-16.29.17:773][858]LogModuleManager: Shutting down and abandoning module DeviceProfileEditor (420)
[2017.10.20-16.29.17:773][858]LogModuleManager: Shutting down and abandoning module UndoHistory (418)
[2017.10.20-16.29.17:773][858]LogModuleManager: Shutting down and abandoning module XmlParser (416)
[2017.10.20-16.29.17:773][858]LogModuleManager: Shutting down and abandoning module Blutility (414)
[2017.10.20-16.29.17:774][858]LogModuleManager: Shutting down and abandoning module ProjectSettingsViewer (412)
[2017.10.20-16.29.17:774][858]LogModuleManager: Shutting down and abandoning module ProjectTargetPlatformEditor (411)
[2017.10.20-16.29.17:775][858]LogModuleManager: Shutting down and abandoning module EditorSettingsViewer (408)
[2017.10.20-16.29.17:776][858]LogModuleManager: Shutting down and abandoning module SettingsEditor (406)
[2017.10.20-16.29.17:776][858]LogModuleManager: Shutting down and abandoning module ProjectLauncher (404)
[2017.10.20-16.29.17:776][858]LogModuleManager: Shutting down and abandoning module SessionFrontend (402)
[2017.10.20-16.29.17:776][858]LogModuleManager: Shutting down and abandoning module ProfilerClient (400)
[2017.10.20-16.29.17:776][858]LogModuleManager: Shutting down and abandoning module DeviceManager (398)
[2017.10.20-16.29.17:777][858]LogModuleManager: Shutting down and abandoning module TargetDeviceServices (397)
[2017.10.20-16.29.17:832][858]LogModuleManager: Shutting down and abandoning module AutomationController (394)
[2017.10.20-16.29.17:832][858]LogModuleManager: Shutting down and abandoning module AutomationWindow (392)
[2017.10.20-16.29.17:832][858]LogModuleManager: Shutting down and abandoning module Layers (390)
[2017.10.20-16.29.17:832][858]LogModuleManager: Shutting down and abandoning module ComponentVisualizers (388)
[2017.10.20-16.29.17:832][858]LogModuleManager: Shutting down and abandoning module DetailCustomizations (386)
[2017.10.20-16.29.17:832][858]LogModuleManager: Shutting down and abandoning module PackagesDialog (384)
[2017.10.20-16.29.17:832][858]LogModuleManager: Shutting down and abandoning module Persona (382)
[2017.10.20-16.29.17:832][858]LogModuleManager: Shutting down and abandoning module AdvancedPreviewScene (381)
[2017.10.20-16.29.17:832][858]LogModuleManager: Shutting down and abandoning module AnimGraph (379)
[2017.10.20-16.29.17:832][858]LogModuleManager: Shutting down and abandoning module Kismet (376)
[2017.10.20-16.29.17:845][858]LogModuleManager: Shutting down and abandoning module ClassViewer (374)
[2017.10.20-16.29.17:845][858]LogModuleManager: Shutting down and abandoning module Toolbox (372)
[2017.10.20-16.29.17:845][858]LogModuleManager: Shutting down and abandoning module ModuleUI (370)
[2017.10.20-16.29.17:846][858]LogModuleManager: Shutting down and abandoning module MovieSceneTools (368)
[2017.10.20-16.29.17:846][858]LogModuleManager: Shutting down and abandoning module OutputLog (366)
[2017.10.20-16.29.17:846][858]LogModuleManager: Shutting down and abandoning module GammaUI (364)
[2017.10.20-16.29.17:846][858]LogModuleManager: Shutting down and abandoning module Documentation (362)
[2017.10.20-16.29.17:846][858]LogModuleManager: Shutting down and abandoning module MovieSceneTracks (360)
[2017.10.20-16.29.17:846][858]LogModuleManager: Shutting down and abandoning module MovieScene (358)
[2017.10.20-16.29.17:846][858]LogModuleManager: Shutting down and abandoning module Niagara (356)
[2017.10.20-16.29.17:846][858]LogModuleManager: Shutting down and abandoning module NiagaraEditor (355)
[2017.10.20-16.29.17:846][858]LogModuleManager: Shutting down and abandoning module StreamingPauseRendering (352)
[2017.10.20-16.29.17:846][858]LogModuleManager: Shutting down and abandoning module LauncherPlatform (350)
[2017.10.20-16.29.17:846][858]LogModuleManager: Shutting down and abandoning module AnalyticsET (348)
[2017.10.20-16.29.17:846][858]LogModuleManager: Shutting down and abandoning module PortalServices (346)
[2017.10.20-16.29.17:846][858]LogModuleManager: Shutting down and abandoning module PortalRpc (344)
[2017.10.20-16.29.17:846][858]LogModuleManager: Shutting down and abandoning module MessagingRpc (342)
[2017.10.20-16.29.17:846][858]LogModuleManager: Shutting down and abandoning module AIModule (340)
[2017.10.20-16.29.17:847][858]LogModuleManager: Shutting down and abandoning module GameplayDebugger (339)
[2017.10.20-16.29.17:847][858]LogModuleManager: Shutting down and abandoning module AITestSuite (337)
[2017.10.20-16.29.17:847][858]LogModuleManager: Shutting down and abandoning module ProfilerService (334)
[2017.10.20-16.29.18:009][858]LogModuleManager: Shutting down and abandoning module TaskGraph (332)
[2017.10.20-16.29.18:009][858]LogModuleManager: Shutting down and abandoning module SteamVRController (330)
[2017.10.20-16.29.18:009][858]LogModuleManager: Shutting down and abandoning module ProceduralMeshComponentEditor (328)
[2017.10.20-16.29.18:009][858]LogModuleManager: Shutting down and abandoning module ProceduralMeshComponent (326)
[2017.10.20-16.29.18:009][858]LogModuleManager: Shutting down and abandoning module OculusInput (324)
[2017.10.20-16.29.18:010][858]LogModuleManager: Shutting down and abandoning module MobilePatchingUtils (322)
[2017.10.20-16.29.18:010][858]LogModuleManager: Shutting down and abandoning module CustomMeshComponent (320)
[2017.10.20-16.29.18:010][858]LogModuleManager: Shutting down and abandoning module CableComponent (318)
[2017.10.20-16.29.18:010][858]LogModuleManager: Shutting down and abandoning module ArchVisCharacter (316)
[2017.10.20-16.29.18:010][858]LogModuleManager: Shutting down and abandoning module AndroidPermission (314)
[2017.10.20-16.29.18:010][858]LogModuleManager: Shutting down and abandoning module MediaPlayerEditor (310)
[2017.10.20-16.29.18:010][858]LogModuleManager: Shutting down and abandoning module HTML5Networking (308)
[2017.10.20-16.29.18:010][858]LogModuleManager: Shutting down and abandoning module AlembicImporter (306)
[2017.10.20-16.29.18:010][858]LogModuleManager: Shutting down and abandoning module AlembicLibrary (305)
[2017.10.20-16.29.18:010][858]LogModuleManager: Shutting down and abandoning module GeometryCache (304)
[2017.10.20-16.29.18:010][858]LogModuleManager: Shutting down and abandoning module GeometryCacheEd (303)
[2017.10.20-16.29.18:010][858]LogModuleManager: Shutting down and abandoning module SpeedTreeImporter (298)
[2017.10.20-16.29.18:010][858]LogModuleManager: Shutting down and abandoning module PluginBrowser (296)
[2017.10.20-16.29.18:010][858]LogModuleManager: Shutting down and abandoning module MobileLauncherProfileWizard (294)
[2017.10.20-16.29.18:010][858]LogModuleManager: Shutting down and abandoning module VisualStudioSourceCodeAccess (292)
[2017.10.20-16.29.18:010][858]LogModuleManager: Shutting down and abandoning module DesktopPlatform (291)
[2017.10.20-16.29.18:010][858]LogModuleManager: Shutting down and abandoning module UObjectPlugin (288)
[2017.10.20-16.29.18:010][858]LogModuleManager: Shutting down and abandoning module SubversionSourceControl (286)
[2017.10.20-16.29.18:010][858]LogModuleManager: Shutting down and abandoning module PerforceSourceControl (284)
[2017.10.20-16.29.18:010][858]LogModuleManager: Shutting down and abandoning module GitSourceControl (282)
[2017.10.20-16.29.18:010][858]LogModuleManager: Shutting down and abandoning module SourceControl (281)
[2017.10.20-16.29.18:010][858]LogModuleManager: Shutting down and abandoning module LightPropagationVolumeEditor (278)
[2017.10.20-16.29.18:010][858]LogModuleManager: Shutting down and abandoning module PaperTiledImporter (276)
[2017.10.20-16.29.18:010][858]LogModuleManager: Shutting down and abandoning module PaperSpriteSheetImporter (274)
[2017.10.20-16.29.18:010][858]LogModuleManager: Shutting down and abandoning module Paper2DEditor (272)
[2017.10.20-16.29.18:010][858]LogModuleManager: Shutting down and abandoning module MeshPaint (271)
[2017.10.20-16.29.18:010][858]LogModuleManager: Shutting down and abandoning module LevelEditor (269)
[2017.10.20-16.29.18:012][858]LogModuleManager: Shutting down and abandoning module PixelInspectorModule (268)
[2017.10.20-16.29.18:012][858]LogModuleManager: Shutting down and abandoning module MainFrame (266)
[2017.10.20-16.29.18:012][858]LogModuleManager: Shutting down and abandoning module HotReload (265)
[2017.10.20-16.29.18:013][858]LogModuleManager: Shutting down and abandoning module RuntimePhysXCooking (260)
[2017.10.20-16.29.18:013][858]LogModuleManager: Shutting down and abandoning module PhysXVehiclesEditor (258)
[2017.10.20-16.29.18:013][858]LogModuleManager: Shutting down and abandoning module PhysXVehicles (256)
[2017.10.20-16.29.18:013][858]LogModuleManager: Shutting down and abandoning module OculusEditor (254)
[2017.10.20-16.29.18:013][858]LogModuleManager: Shutting down and abandoning module LocationServicesBPLibrary (252)
[2017.10.20-16.29.18:013][858]LogModuleManager: Shutting down and abandoning module ImmediatePhysicsEditor (250)
[2017.10.20-16.29.18:013][858]LogModuleManager: Shutting down and abandoning module ImmediatePhysics (248)
[2017.10.20-16.29.18:013][858]LogModuleManager: Shutting down and abandoning module UdpMessaging (246)
[2017.10.20-16.29.18:113][858]LogModuleManager: Shutting down and abandoning module TcpMessaging (244)
[2017.10.20-16.29.18:213][858]LogModuleManager: Shutting down and abandoning module GameplayTagsEditor (242)
[2017.10.20-16.29.18:213][858]LogModuleManager: Shutting down and abandoning module FacialAnimationEditor (240)
[2017.10.20-16.29.18:213][858]LogModuleManager: Shutting down and abandoning module FacialAnimation (238)
[2017.10.20-16.29.18:213][858]LogModuleManager: Shutting down and abandoning module AssetManagerEditor (236)
[2017.10.20-16.29.18:214][858]LogModuleManager: Shutting down and abandoning module GraphEditor (235)
[2017.10.20-16.29.18:214][858]LogModuleManager: Shutting down and abandoning module ContentBrowser (233)
[2017.10.20-16.29.18:217][858]LogModuleManager: Shutting down and abandoning module LightPropagationVolumeRuntime (230)
[2017.10.20-16.29.18:217][858]LogModuleManager: Shutting down and abandoning module Paper2D (228)
[2017.10.20-16.29.18:217][858]LogModuleManager: Shutting down and abandoning module WindowsMoviePlayer (226)
[2017.10.20-16.29.18:218][858]LogModuleManager: Shutting down and abandoning module WmfMedia (224)
[2017.10.20-16.29.18:218][858]LogModuleManager: Shutting down and abandoning module PacketHandler (222)
[2017.10.20-16.29.18:218][858]LogModuleManager: Shutting down and abandoning module ClothingSystemEditor (220)
[2017.10.20-16.29.18:218][858]LogModuleManager: Shutting down and abandoning module ClothingSystemRuntime (218)
[2017.10.20-16.29.18:218][858]LogModuleManager: Shutting down and abandoning module Overlay (216)
[2017.10.20-16.29.18:218][858]LogModuleManager: Shutting down and abandoning module OverlayEditor (215)
[2017.10.20-16.29.18:218][858]LogModuleManager: Shutting down and abandoning module MediaAssets (212)
[2017.10.20-16.29.18:219][858]LogModuleManager: Shutting down and abandoning module VREditor (210)
[2017.10.20-16.29.18:219][858]LogModuleManager: Shutting down and abandoning module StringTableEditor (208)
[2017.10.20-16.29.18:219][858]LogModuleManager: Shutting down and abandoning module GameplayTasksEditor (206)
[2017.10.20-16.29.18:219][858]LogModuleManager: Shutting down and abandoning module BehaviorTreeEditor (204)
[2017.10.20-16.29.18:219][858]LogModuleManager: Shutting down and abandoning module FunctionalTesting (202)
[2017.10.20-16.29.18:219][858]LogModuleManager: Shutting down and abandoning module CollisionAnalyzer (200)
[2017.10.20-16.29.18:219][858]LogModuleManager: Shutting down and abandoning module WorkspaceMenuStructure (199)
[2017.10.20-16.29.18:219][858]LogModuleManager: Shutting down and abandoning module UMG (196)
[2017.10.20-16.29.18:219][858]LogModuleManager: Shutting down and abandoning module UMGEditor (195)
[2017.10.20-16.29.18:220][858]LogModuleManager: Shutting down and abandoning module Sequencer (194)
[2017.10.20-16.29.18:220][858]LogModuleManager: Shutting down and abandoning module MessageLog (191)
[2017.10.20-16.29.18:220][858]LogModuleManager: Shutting down and abandoning module SlateReflector (186)
[2017.10.20-16.29.18:220][858]LogModuleManager: Shutting down and abandoning module Slate (184)
[2017.10.20-16.29.18:220][858]LogModuleManager: Shutting down and abandoning module EditorStyle (182)
[2017.10.20-16.29.18:230][858]LogModuleManager: Shutting down and abandoning module MRMesh (180)
[2017.10.20-16.29.18:230][858]LogModuleManager: Shutting down and abandoning module SourceCodeAccess (178)
[2017.10.20-16.29.18:230][858]LogModuleManager: Shutting down and abandoning module HeadMountedDisplay (176)
[2017.10.20-16.29.18:230][858]LogModuleManager: Shutting down and abandoning module XAudio2 (174)
[2017.10.20-16.29.18:230][858]LogModuleManager: Shutting down and abandoning module Networking (172)
[2017.10.20-16.29.18:230][858]LogModuleManager: Shutting down and abandoning module Core (168)
[2017.10.20-16.29.18:230][858]LogModuleManager: Shutting down and abandoning module KismetCompiler (164)
[2017.10.20-16.29.18:230][858]LogModuleManager: Shutting down and abandoning module LevelSequence (162)
[2017.10.20-16.29.18:230][858]LogModuleManager: Shutting down and abandoning module MeshUtilities (160)
[2017.10.20-16.29.18:230][858]LogModuleManager: Shutting down and abandoning module MeshMergeUtilities (159)
[2017.10.20-16.29.18:230][858]LogModuleManager: Shutting down and abandoning module MeshReductionInterface (158)
[2017.10.20-16.29.18:230][858]LogModuleManager: Shutting down and abandoning module SimplygonSwarm (157)
[2017.10.20-16.29.18:230][858]LogModuleManager: Shutting down and abandoning module SimplygonMeshReduction (155)
[2017.10.20-16.29.18:230][858]LogModuleManager: Shutting down and abandoning module QuadricMeshReduction (153)
[2017.10.20-16.29.18:230][858]LogModuleManager: Shutting down and abandoning module MaterialBaking (149)
[2017.10.20-16.29.18:230][858]LogModuleManager: Shutting down and abandoning module DirectoryWatcher (146)
[2017.10.20-16.29.18:246][858]LogModuleManager: Shutting down and abandoning module DerivedDataCache (144)
[2017.10.20-16.29.18:289][858]LogDerivedDataCache: Shutdown
[2017.10.20-16.29.18:289][858]LogModuleManager: Shutting down and abandoning module TargetPlatform (142)
[2017.10.20-16.29.18:290][858]LogModuleManager: Shutting down and abandoning module VulkanShaderFormat (141)
[2017.10.20-16.29.18:290][858]LogModuleManager: Shutting down and abandoning module ShaderFormatVectorVM (139)
[2017.10.20-16.29.18:290][858]LogModuleManager: Shutting down and abandoning module ShaderFormatOpenGL (137)
[2017.10.20-16.29.18:290][858]LogModuleManager: Shutting down and abandoning module ShaderFormatD3D (135)
[2017.10.20-16.29.18:290][858]LogModuleManager: Shutting down and abandoning module MetalShaderFormat (133)
[2017.10.20-16.29.18:291][858]LogModuleManager: Shutting down and abandoning module TextureFormatUncompressed (131)
[2017.10.20-16.29.18:291][858]LogModuleManager: Shutting down and abandoning module TextureFormatPVR (129)
[2017.10.20-16.29.18:291][858]LogModuleManager: Shutting down and abandoning module TextureFormatDXT (127)
[2017.10.20-16.29.18:291][858]LogModuleManager: Shutting down and abandoning module TextureFormatIntelISPCTexComp (125)
[2017.10.20-16.29.18:291][858]LogModuleManager: Shutting down and abandoning module TextureFormatASTC (123)
[2017.10.20-16.29.18:291][858]LogModuleManager: Shutting down and abandoning module ImageWrapper (122)
[2017.10.20-16.29.18:291][858]LogModuleManager: Shutting down and abandoning module TextureFormatAndroid (119)
[2017.10.20-16.29.18:291][858]LogModuleManager: Shutting down and abandoning module AudioFormatOpus (117)
[2017.10.20-16.29.18:292][858]LogModuleManager: Shutting down and abandoning module AudioFormatOgg (115)
[2017.10.20-16.29.18:292][858]LogModuleManager: Shutting down and abandoning module AudioFormatADPCM (113)
[2017.10.20-16.29.18:292][858]LogModuleManager: Shutting down and abandoning module LinuxTargetPlatform (111)
[2017.10.20-16.29.18:292][858]LogModuleManager: Shutting down and abandoning module LinuxServerTargetPlatform (109)
[2017.10.20-16.29.18:292][858]LogModuleManager: Shutting down and abandoning module LinuxNoEditorTargetPlatform (107)
[2017.10.20-16.29.18:292][858]LogModuleManager: Shutting down and abandoning module LinuxClientTargetPlatform (105)
[2017.10.20-16.29.18:293][858]LogModuleManager: Shutting down and abandoning module TVOSTargetPlatform (103)
[2017.10.20-16.29.18:293][858]LogModuleManager: Shutting down and abandoning module Messaging (101)
[2017.10.20-16.29.18:293][858]LogModuleManager: Shutting down and abandoning module IOSTargetPlatform (99)
[2017.10.20-16.29.18:293][858]LogModuleManager: Shutting down and abandoning module HTML5TargetPlatform (97)
[2017.10.20-16.29.18:293][858]LogModuleManager: Shutting down and abandoning module Android_PVRTCTargetPlatform (95)
[2017.10.20-16.29.18:293][858]LogModuleManager: Shutting down and abandoning module Android_MultiTargetPlatform (93)
[2017.10.20-16.29.18:293][858]LogModuleManager: Shutting down and abandoning module Android_ETC2TargetPlatform (91)
[2017.10.20-16.29.18:293][858]LogModuleManager: Shutting down and abandoning module Android_ETC1TargetPlatform (89)
[2017.10.20-16.29.18:293][858]LogModuleManager: Shutting down and abandoning module Android_DXTTargetPlatform (87)
[2017.10.20-16.29.18:293][858]LogModuleManager: Shutting down and abandoning module Android_ATCTargetPlatform (85)
[2017.10.20-16.29.18:293][858]LogModuleManager: Shutting down and abandoning module Android_ASTCTargetPlatform (83)
[2017.10.20-16.29.18:293][858]LogModuleManager: Shutting down and abandoning module AndroidTargetPlatform (81)
[2017.10.20-16.29.18:294][858]LogModuleManager: Shutting down and abandoning module WindowsTargetPlatform (79)
[2017.10.20-16.29.18:294][858]LogModuleManager: Shutting down and abandoning module WindowsServerTargetPlatform (77)
[2017.10.20-16.29.18:294][858]LogModuleManager: Shutting down and abandoning module WindowsNoEditorTargetPlatform (75)
[2017.10.20-16.29.18:294][858]LogModuleManager: Shutting down and abandoning module WindowsClientTargetPlatform (73)
[2017.10.20-16.29.18:294][858]LogModuleManager: Shutting down and abandoning module MacTargetPlatform (71)
[2017.10.20-16.29.18:294][858]LogModuleManager: Shutting down and abandoning module MacServerTargetPlatform (69)
[2017.10.20-16.29.18:294][858]LogModuleManager: Shutting down and abandoning module MacNoEditorTargetPlatform (67)
[2017.10.20-16.29.18:294][858]LogModuleManager: Shutting down and abandoning module MacClientTargetPlatform (65)
[2017.10.20-16.29.18:294][858]LogModuleManager: Shutting down and abandoning module AllDesktopTargetPlatform (63)
[2017.10.20-16.29.18:294][858]LogModuleManager: Shutting down and abandoning module InputCore (60)
[2017.10.20-16.29.18:294][858]LogModuleManager: Shutting down and abandoning module Settings (58)
[2017.10.20-16.29.18:295][858]LogModuleManager: Shutting down and abandoning module PhysXCooking (56)
[2017.10.20-16.29.18:295][858]LogModuleManager: Shutting down and abandoning module SteamVR (54)
[2017.10.20-16.29.18:295][858]LogModuleManager: Shutting down and abandoning module OculusHMD (52)
[2017.10.20-16.29.18:295][858]LogModuleManager: Shutting down and abandoning module ExampleDeviceProfileSelector (50)
[2017.10.20-16.29.18:295][858]LogModuleManager: Shutting down and abandoning module OnlineBlueprintSupport (48)
[2017.10.20-16.29.18:295][858]LogModuleManager: Shutting down and abandoning module OnlineSubsystem (44)
[2017.10.20-16.29.18:295][858]LogOnline: Display: Unloading online subsystem: NULL
[2017.10.20-16.29.18:295][858]LogModuleManager: Shutting down and abandoning module XMPP (43)
[2017.10.20-16.29.18:295][858]LogModuleManager: Shutting down and abandoning module HTTP (41)
[2017.10.20-16.29.18:296][858]LogHttp: Display: Http module shutting down, but needs to wait on 1 outstanding Http requests:
[2017.10.20-16.29.18:296][858]LogHttp: Display: 	verb=[POST] url=[https://datarouter.ol.epicgames.com/datarouter/api/v1/public/data?SessionID=%7BBC51F2B3-4758-A7B7-EDE2-C5AB3555F4EE%7D&AppID=UEEditor.Rocket.Release&AppVersion=4.17.1-3586342%2B%2B%2BUE4%2BRelease-4.17&UserID=4d336c304cb600f3833bee9ec6324b6b%7C97e6c6ec20b34e1681bb9ded12457367%7Cea9e9fd9-3d7e-4d9a-8813-872780a612b3&AppEnvironment=datacollector-binary&UploadType=eteventstream] status=Processing
[2017.10.20-16.29.18:321][858]LogModuleManager: Shutting down and abandoning module SSL (40)
[2017.10.20-16.29.18:329][858]LogModuleManager: Shutting down and abandoning module AnimationModifiers (36)
[2017.10.20-16.29.18:329][858]LogModuleManager: Shutting down and abandoning module PropertyEditor (35)
[2017.10.20-16.29.18:330][858]LogModuleManager: Shutting down and abandoning module AudioEditor (32)
[2017.10.20-16.29.18:330][858]LogModuleManager: Shutting down and abandoning module TextureCompressor (30)
[2017.10.20-16.29.18:330][858]LogModuleManager: Shutting down and abandoning module ShaderCore (28)
[2017.10.20-16.29.18:330][858]LogModuleManager: Shutting down and abandoning module Landscape (26)
[2017.10.20-16.29.18:330][858]LogModuleManager: Shutting down and abandoning module SlateRHIRenderer (24)
[2017.10.20-16.29.18:348][858]LogModuleManager: Shutting down and abandoning module OpenGLDrv (22)
[2017.10.20-16.29.18:348][858]LogModuleManager: Shutting down and abandoning module D3D11RHI (20)
[2017.10.20-16.29.18:348][858]LogModuleManager: Shutting down and abandoning module AnimGraphRuntime (18)
[2017.10.20-16.29.18:348][858]LogModuleManager: Shutting down and abandoning module Renderer (16)
[2017.10.20-16.29.18:348][858]LogModuleManager: Shutting down and abandoning module Engine (14)
[2017.10.20-16.29.18:348][858]LogModuleManager: Shutting down and abandoning module CoreUObject (12)
[2017.10.20-16.29.18:348][858]LogModuleManager: Shutting down and abandoning module NetworkFile (10)
[2017.10.20-16.29.18:348][858]LogModuleManager: Shutting down and abandoning module CookedIterativeFile (8)
[2017.10.20-16.29.18:348][858]LogModuleManager: Shutting down and abandoning module StreamingFile (6)
[2017.10.20-16.29.18:348][858]LogModuleManager: Shutting down and abandoning module SandboxFile (4)
[2017.10.20-16.29.18:349][858]LogModuleManager: Shutting down and abandoning module PakFile (2)
[2017.10.20-16.29.18:352][858]LogExit: Exiting.
[2017.10.20-16.29.18:385][858]Log file closed, 10/20/17 14:29:18
