Log file open, 10/23/17 19:05:41
LogWindows: LoadLibraryWithSearchPaths failed for file aqProf.dll. GetLastError=0
LogWindows: LoadLibraryWithSearchPaths failed for file VtuneApi.dll. GetLastError=0
LogWindows: LoadLibraryWithSearchPaths failed for file VtuneApi32e.dll. GetLastError=0
LogInit: Display: Running engine for game: MyPaper2D
LogPlatformFile: Not using cached read wrapper
LogInit: Display: RandInit(1767786470) SRandInit(1767786470).
LogTaskGraph: Started task graph with 5 named threads and 11 total threads with 3 sets of task threads.
LogStats: Stats thread started at 60.202132
LogD3D11RHI: Aftermath initialized
LogPluginManager: Mounting plugin Paper2D
LogPluginManager: Mounting plugin LightPropagationVolume
LogPluginManager: Mounting plugin CodeLiteSourceCodeAccess
LogPluginManager: Mounting plugin GitSourceControl
LogPluginManager: Mounting plugin KDevelopSourceCodeAccess
LogPluginManager: Mounting plugin NullSourceCodeAccess
LogPluginManager: Mounting plugin PerforceSourceControl
LogConfig: Warning: Failed to saved backup for config[PerforceSourceControl]
LogPluginManager: Mounting plugin SubversionSourceControl
LogPluginManager: Mounting plugin UObjectPlugin
LogConfig: Warning: Failed to saved backup for config[UObjectPlugin]
LogPluginManager: Mounting plugin VisualStudioSourceCodeAccess
LogPluginManager: Mounting plugin XCodeSourceCodeAccess
LogPluginManager: Mounting plugin AssetManagerEditor
LogPluginManager: Mounting plugin AudioCapture
LogPluginManager: Mounting plugin FacialAnimation
LogPluginManager: Mounting plugin GameplayTagsEditor
LogPluginManager: Mounting plugin MobileLauncherProfileWizard
LogPluginManager: Mounting plugin PluginBrowser
LogPluginManager: Mounting plugin SpeedTreeImporter
LogPluginManager: Mounting plugin AlembicImporter
LogPluginManager: Mounting plugin CharacterAI
LogPluginManager: Mounting plugin HTML5Networking
LogPluginManager: Mounting plugin AndroidMedia
LogConfig: Warning: Failed to saved backup for config[AndroidMedia]
LogPluginManager: Mounting plugin AvfMedia
LogPluginManager: Mounting plugin MediaPlayerEditor
LogPluginManager: Mounting plugin WmfMedia
LogPluginManager: Mounting plugin TcpMessaging
LogPluginManager: Mounting plugin UdpMessaging
LogConfig: Warning: Failed to saved backup for config[UdpMessaging]
LogPluginManager: Mounting plugin LevelSequenceEditor
LogConfig: Warning: Failed to saved backup for config[LevelSequenceEditor]
LogPluginManager: Mounting plugin MatineeToLevelSequence
LogPluginManager: Mounting plugin OnlineSubsystemGooglePlay
LogPluginManager: Mounting plugin OnlineSubsystemIOS
LogPluginManager: Mounting plugin OnlineSubsystem
LogConfig: Warning: Failed to saved backup for config[OnlineSubsystem]
LogPluginManager: Mounting plugin OnlineSubsystemNull
LogPluginManager: Mounting plugin OnlineSubsystemUtils
LogPluginManager: Mounting plugin AndroidDeviceProfileSelector
LogPluginManager: Mounting plugin AndroidMoviePlayer
LogPluginManager: Mounting plugin AndroidPermission
LogPluginManager: Mounting plugin AppleMoviePlayer
LogPluginManager: Mounting plugin ArchVisCharacter
LogPluginManager: Mounting plugin CableComponent
LogPluginManager: Mounting plugin CustomMeshComponent
LogPluginManager: Mounting plugin ExampleDeviceProfileSelector
LogConfig: Warning: Failed to saved backup for config[ExampleDeviceProfileSelector]
LogPluginManager: Mounting plugin GoogleCloudMessaging
LogPluginManager: Mounting plugin ImmediatePhysics
LogPluginManager: Mounting plugin IOSDeviceProfileSelector
LogConfig: Warning: Failed to saved backup for config[IOSDeviceProfileSelector]
LogPluginManager: Mounting plugin LinuxDeviceProfileSelector
LogPluginManager: Mounting plugin LocationServicesBPLibrary
LogConfig: Warning: Failed to saved backup for config[LocationServicesBPLibrary]
LogPluginManager: Mounting plugin MobilePatchingUtils
LogConfig: Warning: Failed to saved backup for config[MobilePatchingUtils]
LogPluginManager: Mounting plugin OculusVR
LogConfig: Warning: Failed to saved backup for config[OculusVR]
LogPluginManager: Mounting plugin PhysXVehicles
LogPluginManager: Mounting plugin ProceduralMeshComponent
LogPluginManager: Mounting plugin RuntimePhysXCooking
LogPluginManager: Mounting plugin SteamVR
LogConfig: Warning: Failed to saved backup for config[SteamVR]
LogPluginManager: Mounting plugin WindowsMoviePlayer
LogInit: Using libcurl 7.47.1
LogInit:  - built for x86_64-pc-win32
LogInit:  - supports SSL with OpenSSL/1.0.2g
LogInit:  - supports HTTP deflate (compression) using libz 1.2.8
LogInit:  - other features:
LogInit:      CURL_VERSION_SSL
LogInit:      CURL_VERSION_LIBZ
LogInit:      CURL_VERSION_IPV6
LogInit:      CURL_VERSION_ASYNCHDNS
LogInit:      CURL_VERSION_LARGEFILE
LogInit:      CURL_VERSION_IDN
LogInit:  CurlRequestOptions (configurable via config and command line):
LogInit:  - bVerifyPeer = false  - Libcurl will NOT verify peer certificate
LogInit:  - bUseHttpProxy = false  - Libcurl will NOT use HTTP proxy
LogInit:  - bDontReuseConnections = false  - Libcurl will reuse connections
LogInit:  - CertBundlePath = nullptr  - Libcurl will use whatever was configured at build time.
LogInit: Build: ++UE4+Release-4.17-CL-3586342
LogInit: Engine Version: 4.17.1-3586342+++UE4+Release-4.17
LogInit: Compatible Engine Version: 4.17.0-3573198+++UE4+Release-4.17
LogInit: Net CL: 3573198
LogDevObjectVersion: Number of dev versions registered: 16
LogDevObjectVersion:   Dev-Blueprints (B0D832E4-1F89-4F0D-ACCF-7EB736FD4AA2): 10
LogDevObjectVersion:   Dev-Build (E1C64328-A22C-4D53-A36C-8E866417BD8C): 0
LogDevObjectVersion:   Dev-Core (375EC13C-06E4-48FB-B500-84F0262A717E): 2
LogDevObjectVersion:   Dev-Editor (E4B068ED-F494-42E9-A231-DA0B2E46BB41): 20
LogDevObjectVersion:   Dev-Framework (CFFC743F-43B0-4480-9391-14DF171D2073): 28
LogDevObjectVersion:   Dev-Mobile (B02B49B5-BB20-44E9-A304-32B752E40360): 0
LogDevObjectVersion:   Dev-Networking (A4E4105C-59A1-49B5-A7C5-40C4547EDFEE): 0
LogDevObjectVersion:   Dev-Online (39C831C9-5AE6-47DC-9A44-9C173E1C8E7C): 0
LogDevObjectVersion:   Dev-Physics (78F01B33-EBEA-4F98-B9B4-84EACCB95AA2): 0
LogDevObjectVersion:   Dev-Platform (6631380F-2D4D-43E0-8009-CF276956A95A): 0
LogDevObjectVersion:   Dev-Rendering (12F88B9F-8875-4AFC-A67C-D90C383ABD29): 19
LogDevObjectVersion:   Dev-Sequencer (7B5AE74C-D270-4C10-A958-57980B212A5A): 4
LogDevObjectVersion:   Dev-VR (D7296918-1DD6-4BDD-9DE2-64A83CC13884): 0
LogDevObjectVersion:   Dev-LoadTimes (C2A15278-BFE7-4AFE-6C17-90FF531DF755): 1
LogDevObjectVersion:   Private-Geometry (6EACA3D4-40EC-4CC1-B786-8BED09428FC5): 1
LogDevObjectVersion:   Dev-AnimPhys (29E575DD-E0A3-4627-9D10-D276232CDCEA): 7
LogInit: Compiled (64-bit): Aug 15 2017 02:05:26
LogInit: Compiled with Visual C++: 19.00.24215.01
LogInit: Build Configuration: Development
LogInit: Branch Name: ++UE4+Release-4.17
LogInit: Command line:  
LogInit: Base directory: D:/Epic Games/UE_4.17/Engine/Binaries/Win64/
LogInit: Installed Engine Build: 1
LogInit: Presizing for max 8388607 objects, including 0 objects not considered by GC, pre-allocating 0 bytes for permanent pool.
LogInit: Object subsystem initialized
[2017.10.23-21.05.50:849][  0]LogInit: Selected Device Profile: [Windows]
[2017.10.23-21.05.50:849][  0]LogInit: Applying CVar settings loaded from the selected device profile: [Windows]
[2017.10.23-21.05.51:071][  0]LogInit: Computer: WELTALL
[2017.10.23-21.05.51:071][  0]LogInit: User: YuriMeitzen
[2017.10.23-21.05.51:071][  0]LogInit: CPU Page size=4096, Cores=3
[2017.10.23-21.05.51:071][  0]LogInit: High frequency timer resolution =3.433663 MHz
[2017.10.23-21.05.51:072][  0]LogMemory: Memory total: Physical=8.0GB (8GB approx)
[2017.10.23-21.05.51:072][  0]LogMemory: Platform Memory Stats for Windows
[2017.10.23-21.05.51:072][  0]LogMemory: Process Physical Memory: 278.13 MB used, 278.13 MB peak
[2017.10.23-21.05.51:072][  0]LogMemory: Process Virtual Memory: 279.77 MB used, 279.77 MB peak
[2017.10.23-21.05.51:072][  0]LogMemory: Physical Memory: 3625.79 MB used,  4524.79 MB free, 8150.58 MB total
[2017.10.23-21.05.51:073][  0]LogMemory: Virtual Memory: 673.12 MB used,  4524.79 MB free, 134217728.00 MB total
[2017.10.23-21.05.57:933][  0]LogInit: Using OS detected language (en-US).
[2017.10.23-21.05.57:933][  0]LogInit: Using OS detected locale (pt-BR).
[2017.10.23-21.05.58:563][  0]LogTextLocalizationManager: No specific localization for 'en-US' exists, so the 'en' localization will be used.
[2017.10.23-21.06.26:700][  0]LogD3D11RHI: D3D11 adapters:
[2017.10.23-21.06.26:859][  0]LogD3D11RHI:    0. 'AMD Radeon R7 200 Series' (Feature Level 11_0)
[2017.10.23-21.06.26:859][  0]LogD3D11RHI:       2024/0/4075 MB DedicatedVideo/DedicatedSystem/SharedSystem, Outputs:1, VendorId:0x1002
[2017.10.23-21.06.26:862][  0]LogD3D11RHI:    1. 'Microsoft Basic Render Driver' (Feature Level 11_0)
[2017.10.23-21.06.26:862][  0]LogD3D11RHI:       0/0/4075 MB DedicatedVideo/DedicatedSystem/SharedSystem, Outputs:0, VendorId:0x1414
[2017.10.23-21.06.26:862][  0]LogD3D11RHI: Chosen D3D11 Adapter: 0
[2017.10.23-21.06.26:925][  0]LogD3D11RHI: Creating new Direct3DDevice
[2017.10.23-21.06.26:925][  0]LogD3D11RHI:     GPU DeviceId: 0x6658 (for the marketing name, search the web for "GPU Device Id")
[2017.10.23-21.06.26:925][  0]LogWindows: EnumDisplayDevices:
[2017.10.23-21.06.26:926][  0]LogWindows:    0. 'AMD Radeon R7 200 Series' (P:1 D:1)
[2017.10.23-21.06.26:926][  0]LogWindows:    1. 'AMD Radeon R7 200 Series' (P:0 D:0)
[2017.10.23-21.06.26:927][  0]LogWindows:    2. 'AMD Radeon R7 200 Series' (P:0 D:0)
[2017.10.23-21.06.26:927][  0]LogWindows:    3. 'AMD Radeon R7 200 Series' (P:0 D:0)
[2017.10.23-21.06.26:928][  0]LogWindows:    4. 'AMD Radeon R7 200 Series' (P:0 D:0)
[2017.10.23-21.06.26:929][  0]LogWindows:    5. 'AMD Radeon R7 200 Series' (P:0 D:0)
[2017.10.23-21.06.26:929][  0]LogWindows: DebugString: FoundDriverCount:6 
[2017.10.23-21.06.26:929][  0]LogD3D11RHI:     Adapter Name: AMD Radeon R7 200 Series
[2017.10.23-21.06.26:929][  0]LogD3D11RHI:   Driver Version: Crimson ReLive 17.7.2 (internal:22.19.662.4, unified:22.19.662.4)
[2017.10.23-21.06.26:929][  0]LogD3D11RHI:      Driver Date: 7-20-2017
[2017.10.23-21.06.26:929][  0]LogRHI: Texture pool is 1361 MB (70% of 1945 MB)
[2017.10.23-21.06.26:989][  0]LogD3D11RHI: Async texture creation enabled
[2017.10.23-21.06.27:575][  0]LogD3D11RHI: GPU Timing Frequency: 27.000000 (Debug: 2 1)
[2017.10.23-21.06.27:683][  0]LogD3D11RHI: HDR output is supported on display 0 (AMD Device: 0x0, Display: 0x0).
[2017.10.23-21.06.27:853][  0]LogShaderCompilers: Guid format shader working directory is -9 characters bigger than the processId version (../../../../../MyDocuments/Unreal Projects/Mypaper2D/MyPaper2D/Intermediate/Shaders/WorkingDirectory/5172/).
[2017.10.23-21.06.27:853][  0]LogShaderCompilers: Cleaned the shader compiler working directory 'C:/Users/Yuri Meitzen/AppData/Local/Temp/UnrealShaderWorkingDir/14B0C0F747D63C8773B57ABA28CB98E9/'.
[2017.10.23-21.06.27:854][  0]LogShaderCompilers: Display: Using Local Shader Compiler.
[2017.10.23-21.06.58:100][  0]LogTemp: Display: Loaded TP AllDesktopTargetPlatform
[2017.10.23-21.06.58:179][  0]LogTemp: Display: Loaded TP MacClientTargetPlatform
[2017.10.23-21.06.58:255][  0]LogTemp: Display: Loaded TP MacNoEditorTargetPlatform
[2017.10.23-21.06.58:332][  0]LogTemp: Display: Loaded TP MacServerTargetPlatform
[2017.10.23-21.06.58:467][  0]LogTemp: Display: Loaded TP MacTargetPlatform
[2017.10.23-21.06.58:543][  0]LogTemp: Display: Loaded TP WindowsClientTargetPlatform
[2017.10.23-21.06.58:618][  0]LogTemp: Display: Loaded TP WindowsNoEditorTargetPlatform
[2017.10.23-21.06.58:692][  0]LogTemp: Display: Loaded TP WindowsServerTargetPlatform
[2017.10.23-21.06.58:756][  0]LogTemp: Display: Loaded TP WindowsTargetPlatform
[2017.10.23-21.06.58:907][  0]LogTemp: Display: Loaded TP AndroidTargetPlatform
[2017.10.23-21.06.58:982][  0]LogTemp: Display: Loaded TP Android_ASTCTargetPlatform
[2017.10.23-21.06.59:057][  0]LogTemp: Display: Loaded TP Android_ATCTargetPlatform
[2017.10.23-21.06.59:129][  0]LogTemp: Display: Loaded TP Android_DXTTargetPlatform
[2017.10.23-21.06.59:201][  0]LogTemp: Display: Loaded TP Android_ETC1TargetPlatform
[2017.10.23-21.06.59:274][  0]LogTemp: Display: Loaded TP Android_ETC2TargetPlatform
[2017.10.23-21.06.59:442][  0]LogTemp: Display: Loaded TP Android_MultiTargetPlatform
[2017.10.23-21.06.59:442][  0]LogTemp: Display: Loaded TP Android_PVRTCTargetPlatform
[2017.10.23-21.06.59:501][  0]LogTemp: Display: Loaded TP HTML5TargetPlatform
[2017.10.23-21.06.59:778][  0]LogTemp: Display: Loaded TP IOSTargetPlatform
[2017.10.23-21.06.59:864][  0]LogTemp: Display: Loaded TP TVOSTargetPlatform
[2017.10.23-21.06.59:939][  0]LogTemp: Display: Loaded TP LinuxClientTargetPlatform
[2017.10.23-21.07.00:020][  0]LogTemp: Display: Loaded TP LinuxNoEditorTargetPlatform
[2017.10.23-21.07.00:098][  0]LogTemp: Display: Loaded TP LinuxServerTargetPlatform
[2017.10.23-21.07.00:207][  0]LogTemp: Display: Loaded TP LinuxTargetPlatform
[2017.10.23-21.07.00:207][  0]LogTargetPlatformManager: Display: Building Assets For Windows
[2017.10.23-21.07.05:484][  0]LogDerivedDataCache: Display: Max Cache Size: 512 MB
[2017.10.23-21.07.13:658][  0]LogDerivedDataCache: Loaded boot cache 8.14s 93MB C:/Users/Yuri Meitzen/AppData/Local/UnrealEngine/4.17/DerivedDataCache/Boot.ddc.
[2017.10.23-21.07.13:659][  0]LogDerivedDataCache: Display: Loaded Boot cache: C:/Users/Yuri Meitzen/AppData/Local/UnrealEngine/4.17/DerivedDataCache/Boot.ddc
[2017.10.23-21.07.13:659][  0]LogDerivedDataCache: FDerivedDataBackendGraph:  Pak pak cache file ../../../../../MyDocuments/Unreal Projects/Mypaper2D/MyPaper2D/DerivedDataCache/DDC.ddp not found, will not use a pak cache.
[2017.10.23-21.07.13:659][  0]LogDerivedDataCache: Unable to find inner node Pak for hierarchical cache Hierarchy.
[2017.10.23-21.07.13:659][  0]LogDerivedDataCache: FDerivedDataBackendGraph:  CompressedPak pak cache file ../../../../../MyDocuments/Unreal Projects/Mypaper2D/MyPaper2D/DerivedDataCache/Compressed.ddp not found, will not use a pak cache.
[2017.10.23-21.07.13:659][  0]LogDerivedDataCache: Unable to find inner node CompressedPak for hierarchical cache Hierarchy.
[2017.10.23-21.07.14:152][  0]LogDerivedDataCache: Display: Pak cache opened for reading ../../../Engine/DerivedDataCache/Compressed.ddp.
[2017.10.23-21.07.14:183][  0]LogDerivedDataCache: Using Local data cache path C:/Users/Yuri Meitzen/AppData/Local/UnrealEngine/Common/DerivedDataCache: Writable
[2017.10.23-21.07.14:216][  0]LogMaterial: Verifying Global Shaders for PCD3D_SM5
[2017.10.23-21.07.14:410][  0]LogSlate: Using Freetype 2.6.0
[2017.10.23-21.07.14:640][  0]LogSlate: SlateFontCache - WITH_FREETYPE: 1, WITH_HARFBUZZ: 1
[2017.10.23-21.07.14:640][  0]LogSlate: SlateFontCache - WITH_FREETYPE: 1, WITH_HARFBUZZ: 1
[2017.10.23-21.07.43:742][  0]LogAssetRegistry: FAssetRegistry took 0.0440 seconds to start up
[2017.10.23-21.07.45:102][  0]LogInit: Selected Device Profile: [Windows]
[2017.10.23-21.07.45:300][  0]LogConfig: Warning: Failed to saved backup for config[GameplayTagsList]
[2017.10.23-21.07.50:313][  0]LogSimplygon: Simplygon DLL not present - disabling.
[2017.10.23-21.07.50:472][  0]LogMeshReduction: Using SimplygonSwarm for distributed automatic mesh merging
[2017.10.23-21.07.50:480][  0]LogMeshReduction: Using QuadricMeshReduction for automatic static mesh reduction
[2017.10.23-21.07.50:488][  0]LogMeshReduction: No automatic skeletal mesh reduction module available
[2017.10.23-21.07.50:488][  0]LogMeshReduction: No automatic mesh merging module available
[2017.10.23-21.07.50:488][  0]LogMeshMerging: No automatic mesh merging module available
[2017.10.23-21.07.50:633][  0]LogContentStreaming: Texture pool size is 0.00 MB
[2017.10.23-21.07.55:076][  0]LogNetVersion: MyPaper2D , NetCL: 3573198, EngineNetVer: 2, GameNetVer: 0 (Checksum: 640952014)
[2017.10.23-21.07.59:163][  0]LogAssetRegistry: Error: Failed to open file for write ../../../../../MyDocuments/Unreal Projects/Mypaper2D/MyPaper2D/Intermediate/AssetRegistryCache/5a627529.bin
[2017.10.23-21.07.59:186][  0]LogAssetRegistry: Error: Failed to open file for write ../../../../../MyDocuments/Unreal Projects/Mypaper2D/MyPaper2D/Intermediate/AssetRegistryCache/2657c409.bin
[2017.10.23-21.07.59:197][  0]LogAssetRegistry: Error: Failed to open file for write ../../../../../MyDocuments/Unreal Projects/Mypaper2D/MyPaper2D/Intermediate/AssetRegistryCache/866581fd.bin
[2017.10.23-21.07.59:246][  0]LogAssetRegistry: Error: Failed to open file for write ../../../../../MyDocuments/Unreal Projects/Mypaper2D/MyPaper2D/Intermediate/AssetRegistryCache/f0d5030c.bin
[2017.10.23-21.07.59:262][  0]LogPackageLocalizationCache: Processed 5 localized package path(s) for 2 prioritized culture(s) in 0.144853 seconds
[2017.10.23-21.07.59:288][  0]LogUObjectArray: 35825 objects as part of root set at end of initial load.
[2017.10.23-21.07.59:288][  0]LogUObjectAllocator: 7529112 out of 0 bytes used by permanent object pool.
[2017.10.23-21.07.59:288][  0]LogUObjectArray: CloseDisregardForGC: 0/0 objects in disregard for GC pool
[2017.10.23-21.07.59:406][  0]LogInit: WinSock: version 1.1 (2.2), MaxSocks=32767, MaxUdp=65467
[2017.10.23-21.08.30:485][  0]LogAssetRegistry: Error: Failed to open file for write ../../../../../MyDocuments/Unreal Projects/Mypaper2D/MyPaper2D/Intermediate/CachedAssetRegistry.bin
[2017.10.23-21.08.30:857][  0]LogTcpMessaging: Initializing TcpMessaging bridge
[2017.10.23-21.08.30:946][  0]LogUdpMessaging: Initializing bridge on interface 0.0.0.0:0 to multicast group 230.0.0.1:6666.
[2017.10.23-21.08.33:582][  0]LogMaterial: Uniform references updated for custom material expression Custom.
[2017.10.23-21.08.35:171][  0]SourceControl: Source control is disabled
[2017.10.23-21.08.35:171][  0]SourceControl: Source control is disabled
[2017.10.23-21.08.35:271][  0]SourceControl: Source control is disabled
[2017.10.23-21.08.35:385][  0]SourceControl: Source control is disabled
[2017.10.23-21.08.38:314][  0]LogAndroidPermission: UAndroidPermissionCallbackProxy::GetInstance
[2017.10.23-21.08.38:938][  0]LogOcInput: OculusInput pre-init called
[2017.10.23-21.08.40:359][  0]LogEngine: Initializing Engine...
[2017.10.23-21.08.40:378][  0]LogHMD: Failed to initialize OpenVR with code 110
[2017.10.23-21.08.44:742][  0]LogStats: UGameplayTagsManager::ConstructGameplayTagTree: Construct from data asset -  0.000 s
[2017.10.23-21.08.44:742][  0]LogStats: UGameplayTagsManager::ConstructGameplayTagTree: GameplayTagTreeChangedEvent.Broadcast -  0.000 s
[2017.10.23-21.08.45:385][  0]LogAIModule: Creating AISystem for world Untitled
[2017.10.23-21.08.45:456][  0]LogInit: XAudio2 using '5 - SAMSUNG (AMD High Definition Audio Device)' : 2 channels at 48 kHz using 16 bits per sample (channel mask 0x3)
[2017.10.23-21.08.45:508][  0]LogInit: FAudioDevice initialized.
[2017.10.23-21.08.45:944][  0]LogDerivedDataCache: Saved boot cache 0.42s 93MB C:/Users/Yuri Meitzen/AppData/Local/UnrealEngine/4.17/DerivedDataCache/Boot.ddc.
[2017.10.23-21.08.45:978][  0]LogInit: Texture streaming: Enabled
[2017.10.23-21.08.46:192][  0]LogEngineSessionManager: EngineSessionManager initialized
[2017.10.23-21.08.50:048][  0]LogInit: Transaction tracking system initialized
[2017.10.23-21.08.51:043][  0]BlueprintLog: New page: Editor Load
[2017.10.23-21.08.54:353][  0]LocalizationService: Localization service is disabled
[2017.10.23-21.08.57:624][  0]LogConsoleResponse: Display: 
[2017.10.23-21.09.02:319][  0]LogFileCache: Scanning file cache for directory 'D:/MyDocuments/Unreal Projects/Mypaper2D/MyPaper2D/Content/' took 0.02s
[2017.10.23-21.09.02:320][  0]LogCook: Display: Max memory allowance for cook 16384mb min free memory 0mb
[2017.10.23-21.09.02:320][  0]LogCook: Display: Mobile HDR setting 1
[2017.10.23-21.09.02:333][  0]LogGameplayTags: Display: UGameplayTagsManager::DoneAddingNativeTags. DelegateIsBound: 0
[2017.10.23-21.09.06:225][  0]SourceControl: Source control is disabled
[2017.10.23-21.09.06:271][  0]Cmd: MAP LOAD FILE="../../../../../MyDocuments/Unreal Projects/Mypaper2D/MyPaper2D/Content/My2DMap.umap" TEMPLATE=0 SHOWPROGRESS=1 FEATURELEVEL=3
[2017.10.23-21.09.06:350][  0]LightingResults: New page: Lighting Build
[2017.10.23-21.09.06:459][  0]MapCheck: New page: Map Check
[2017.10.23-21.09.06:459][  0]LightingResults: New page: Lighting Build
[2017.10.23-21.09.09:520][  0]LogAIModule: Creating AISystem for world My2DMap
[2017.10.23-21.09.09:582][  0]LogEditorServer: Finished looking for orphan Actors (0.000 secs)
[2017.10.23-21.09.09:674][  0]Cmd: MAP CHECKDEP NOCLEARLOG
[2017.10.23-21.09.09:772][  0]MapCheck: Map check complete: 0 Error(s), 0 Warning(s), took 97,687ms to complete.
[2017.10.23-21.09.09:772][  0]LogFileHelpers: Loading map 'My2DMap' took 3.501
[2017.10.23-21.09.11:025][  0]LogCollectionManager: Loaded 0 collections in 0.001538 seconds
[2017.10.23-21.09.11:252][  0]LogFileCache: Scanning file cache for directory 'D:/MyDocuments/Unreal Projects/Mypaper2D/MyPaper2D/Saved/Collections/' took 0.01s
[2017.10.23-21.09.11:252][  0]LogFileCache: Scanning file cache for directory 'D:/MyDocuments/Unreal Projects/Mypaper2D/MyPaper2D/Content/Developers/YuriMeitzen/Collections/' took 0.01s
[2017.10.23-21.09.11:252][  0]LogFileCache: Scanning file cache for directory 'D:/MyDocuments/Unreal Projects/Mypaper2D/MyPaper2D/Content/Collections/' took 0.01s
[2017.10.23-21.09.11:252][  0]LogCollectionManager: Rebuilt the GUID cache for 0 collections in 0.000001 seconds
[2017.10.23-21.09.11:268][  0]LogContentBrowser: Native class hierarchy populated in 0.0160 seconds. Added 2386 classes and 500 folders.
[2017.10.23-21.09.11:417][  0]LogContentBrowser: Native class hierarchy updated for 'WidgetCarousel' in 0.0009 seconds. Added 0 classes and 0 folders.
[2017.10.23-21.09.13:722][  0]LogContentBrowser: Native class hierarchy updated for 'AddContentDialog' in 0.0027 seconds. Added 0 classes and 0 folders.
[2017.10.23-21.09.13:846][  0]LogContentBrowser: Native class hierarchy updated for 'SceneOutliner' in 0.0009 seconds. Added 1 classes and 2 folders.
[2017.10.23-21.09.14:687][  0]LogSlate: Took 0.011941 seconds to synchronously load lazily loaded font '../../../Engine/Content/Slate/Fonts/Roboto-Regular.ttf' (155K)
[2017.10.23-21.09.14:728][  0]LogSlate: Took 0.036294 seconds to synchronously load lazily loaded font '../../../Engine/Content/Slate/Fonts/Roboto-Bold.ttf' (160K)
[2017.10.23-21.09.14:770][  0]LogSlate: Took 0.015262 seconds to synchronously load lazily loaded font '../../../Engine/Content/Editor/Slate/Fonts/FontAwesome.ttf' (139K)
[2017.10.23-21.09.15:077][  0]LogRenderer: Reallocating scene render targets to support 1036x576 Format 9 NumSamples 1 (Frame:1).
[2017.10.23-21.09.15:384][  0]LogSlate: Took 0.019425 seconds to synchronously load lazily loaded font '../../../Engine/Content/Slate/Fonts/Roboto-Light.ttf' (159K)
[2017.10.23-21.09.15:908][  0]LogContentBrowser: Native class hierarchy updated for 'HierarchicalLODOutliner' in 0.0010 seconds. Added 1 classes and 2 folders.
[2017.10.23-21.09.15:908][  0]LogLoad: (Engine Initialization) Total time: 329.73 seconds
[2017.10.23-21.09.15:908][  0]LogLoad: (Engine Initialization) Total Blueprint compile time: 0.00 seconds
[2017.10.23-21.09.15:909][  0]LogExternalProfiler: Found external profiler: VSPerf
[2017.10.23-21.09.15:909][  0]LogExternalProfiler: Using external profiler: VSPerf
[2017.10.23-21.09.16:307][  0]LogContentStreaming: Texture pool size now 800 MB
[2017.10.23-21.09.16:931][  2]LogAssetRegistry: Asset discovery search completed in 93.2107 seconds
[2017.10.23-21.09.16:934][  2]LogCollectionManager: Rebuilt the object cache for 0 collections in 0.000001 seconds (found 0 objects)
[2017.10.23-21.09.16:935][  2]LogCollectionManager: Fixed up redirectors for 0 collections in 0.000133 seconds (updated 0 objects)
[2017.10.23-21.09.17:266][  3]LogSlate: Took 0.000396 seconds to synchronously load lazily loaded font '../../../Engine/Content/Slate/Fonts/Roboto-Light.ttf' (159K)
[2017.10.23-21.09.38:271][653]LogTemp: Repeating last play command: Selected Viewport
[2017.10.23-21.09.38:492][653]LogPlayLevel: PlayLevel: No blueprints needed recompiling
[2017.10.23-21.09.38:519][653]PIE: New page: PIE session: My2DMap (23/10/2017 17:09:38)
[2017.10.23-21.09.38:520][653]LogPlayLevel: Creating play world package: /Game/UEDPIE_0_My2DMap
[2017.10.23-21.09.38:522][653]LogPlayLevel: PIE: StaticDuplicateObject took: (0.002690s)
[2017.10.23-21.09.38:523][653]LogAIModule: Creating AISystem for world My2DMap
[2017.10.23-21.09.38:523][653]LogPlayLevel: PIE: World Init took: (0.001037s)
[2017.10.23-21.09.38:524][653]LogPlayLevel: PIE: Created PIE world by copying editor world from /Game/My2DMap.My2DMap to /Game/UEDPIE_0_My2DMap.My2DMap (0.004080s)
[2017.10.23-21.09.38:553][653]LogInit: XAudio2 using '5 - SAMSUNG (AMD High Definition Audio Device)' : 2 channels at 48 kHz using 16 bits per sample (channel mask 0x3)
[2017.10.23-21.09.38:564][653]LogInit: FAudioDevice initialized.
[2017.10.23-21.09.38:610][653]LogLoad: Game class is '2DGame_C'
[2017.10.23-21.09.38:676][653]LogWorld: Bringing World /Game/UEDPIE_0_My2DMap.My2DMap up for play (max tick rate 0) at 2017.10.23-19.09.38
[2017.10.23-21.09.38:677][653]LogWorld: Bringing up level for play took: 0.001636
[2017.10.23-21.09.40:275][653]LogContentBrowser: Native class hierarchy updated for 'MovieSceneCapture' in 0.0009 seconds. Added 11 classes and 0 folders.
[2017.10.23-21.09.40:290][653]PIE: Play in editor start time for /Game/UEDPIE_0_My2DMap 1,167
[2017.10.23-21.09.49:625][551]LogWindowsTextInputMethodSystem: Display: IME system now deactivated.
[2017.10.23-21.09.49:924][552]Cmd: QUIT_EDITOR
[2017.10.23-21.09.50:427][552]LogExit: Preparing to exit.
[2017.10.23-21.09.51:314][552]LogDirectoryWatcher: A directory notification for 'D:/MyDocuments/Unreal Projects/Mypaper2D/MyPaper2D/Content/' was aborted.
[2017.10.23-21.09.51:377][552]LogExit: Editor shut down
[2017.10.23-21.09.51:386][552]LogExit: Transaction tracking system shut down
[2017.10.23-21.09.51:638][552]LogDirectoryWatcher: A directory notification for '../../../Engine/Content/' was aborted.
[2017.10.23-21.09.51:638][552]LogDirectoryWatcher: A directory notification for '../../../../../MyDocuments/Unreal Projects/Mypaper2D/MyPaper2D/Content/' was aborted.
[2017.10.23-21.09.51:638][552]LogDirectoryWatcher: A directory notification for '../../../Engine/Plugins/2D/Paper2D/Content/' was aborted.
[2017.10.23-21.09.51:638][552]LogDirectoryWatcher: A directory notification for '../../../Engine/Plugins/Runtime/Oculus/OculusVR/Content/' was aborted.
[2017.10.23-21.09.51:638][552]LogDirectoryWatcher: A directory notification for '../../../Engine/Plugins/Runtime/Steam/SteamVR/Content/' was aborted.
[2017.10.23-21.09.52:365][552]LogExit: Object subsystem successfully closed.
[2017.10.23-21.09.52:571][552]LogD3D11RHI: Shutdown
[2017.10.23-21.09.52:571][552]LogD3D11RHI: CleanupD3DDevice
[2017.10.23-21.09.52:721][552]LogD3D11RHI: ~FD3D11DynamicRHI
[2017.10.23-21.09.53:778][552]LogModuleManager: Shutting down and abandoning module MovieSceneCapture (532)
[2017.10.23-21.09.53:778][552]LogModuleManager: Shutting down and abandoning module HierarchicalLODOutliner (530)
[2017.10.23-21.09.53:778][552]LogModuleManager: Shutting down and abandoning module SceneOutliner (528)
[2017.10.23-21.09.53:797][552]LogModuleManager: Shutting down and abandoning module AddContentDialog (526)
[2017.10.23-21.09.53:827][552]LogDirectoryWatcher: A directory notification for 'D:/Epic Games/UE_4.17/FeaturePacks/' was aborted.
[2017.10.23-21.09.53:828][552]LogModuleManager: Shutting down and abandoning module WidgetCarousel (525)
[2017.10.23-21.09.53:828][552]LogModuleManager: Shutting down and abandoning module EditorWidgets (522)
[2017.10.23-21.09.53:828][552]LogModuleManager: Shutting down and abandoning module CollectionManager (520)
[2017.10.23-21.09.53:829][552]LogDirectoryWatcher: A directory notification for 'D:/MyDocuments/Unreal Projects/Mypaper2D/MyPaper2D/Content/Collections/' was aborted.
[2017.10.23-21.09.53:829][552]LogDirectoryWatcher: A directory notification for 'D:/MyDocuments/Unreal Projects/Mypaper2D/MyPaper2D/Content/Developers/YuriMeitzen/Collections/' was aborted.
[2017.10.23-21.09.53:829][552]LogDirectoryWatcher: A directory notification for 'D:/MyDocuments/Unreal Projects/Mypaper2D/MyPaper2D/Saved/Collections/' was aborted.
[2017.10.23-21.09.53:829][552]LogModuleManager: Shutting down and abandoning module StatsViewer (518)
[2017.10.23-21.09.53:829][552]LogModuleManager: Shutting down and abandoning module FoliageEdit (516)
[2017.10.23-21.09.53:829][552]LogModuleManager: Shutting down and abandoning module LandscapeEditor (514)
[2017.10.23-21.09.53:882][552]LogModuleManager: Shutting down and abandoning module MeshPaintMode (512)
[2017.10.23-21.09.53:882][552]LogModuleManager: Shutting down and abandoning module SceneDepthPickerMode (510)
[2017.10.23-21.09.53:882][552]LogModuleManager: Shutting down and abandoning module ActorPickerMode (508)
[2017.10.23-21.09.53:882][552]LogModuleManager: Shutting down and abandoning module GeometryMode (506)
[2017.10.23-21.09.53:882][552]LogModuleManager: Shutting down and abandoning module TextureAlignMode (504)
[2017.10.23-21.09.53:882][552]LogModuleManager: Shutting down and abandoning module BspMode (502)
[2017.10.23-21.09.53:882][552]LogModuleManager: Shutting down and abandoning module PIEPreviewDeviceProfileSelector (500)
[2017.10.23-21.09.53:882][552]LogModuleManager: Shutting down and abandoning module HardwareSurvey (498)
[2017.10.23-21.09.53:882][552]LogModuleManager: Shutting down and abandoning module SequenceRecorderSections (496)
[2017.10.23-21.09.53:882][552]LogModuleManager: Shutting down and abandoning module AutomationWorker (494)
[2017.10.23-21.09.53:882][552]LogModuleManager: Shutting down and abandoning module MatineeToLevelSequence (492)
[2017.10.23-21.09.53:882][552]LogModuleManager: Shutting down and abandoning module LevelSequenceEditor (490)
[2017.10.23-21.09.53:895][552]LogModuleManager: Shutting down and abandoning module PlacementMode (489)
[2017.10.23-21.09.53:895][552]LogModuleManager: Shutting down and abandoning module WmfMediaFactory (486)
[2017.10.23-21.09.53:895][552]LogModuleManager: Shutting down and abandoning module WmfMediaEditor (484)
[2017.10.23-21.09.53:895][552]LogModuleManager: Shutting down and abandoning module AvfMediaFactory (482)
[2017.10.23-21.09.53:895][552]LogModuleManager: Shutting down and abandoning module AvfMediaEditor (480)
[2017.10.23-21.09.53:895][552]LogModuleManager: Shutting down and abandoning module AndroidMediaFactory (478)
[2017.10.23-21.09.53:895][552]LogModuleManager: Shutting down and abandoning module Media (477)
[2017.10.23-21.09.53:895][552]LogModuleManager: Shutting down and abandoning module AndroidMediaEditor (474)
[2017.10.23-21.09.53:895][552]LogModuleManager: Shutting down and abandoning module CharacterAI (472)
[2017.10.23-21.09.53:895][552]LogModuleManager: Shutting down and abandoning module AudioCapture (470)
[2017.10.23-21.09.53:895][552]LogModuleManager: Shutting down and abandoning module SequenceRecorder (469)
[2017.10.23-21.09.53:895][552]LogModuleManager: Shutting down and abandoning module SmartSnapping (466)
[2017.10.23-21.09.53:895][552]LogModuleManager: Shutting down and abandoning module SessionServices (464)
[2017.10.23-21.09.53:895][552]LogModuleManager: Shutting down and abandoning module ViewportSnapping (462)
[2017.10.23-21.09.53:895][552]LogModuleManager: Shutting down and abandoning module ViewportInteraction (460)
[2017.10.23-21.09.53:895][552]LogModuleManager: Shutting down and abandoning module ClothPainter (458)
[2017.10.23-21.09.53:923][552]LogModuleManager: Shutting down and abandoning module LogVisualizer (456)
[2017.10.23-21.09.53:923][552]LogModuleManager: Shutting down and abandoning module IntroTutorials (454)
[2017.10.23-21.09.53:923][552]LogModuleManager: Shutting down and abandoning module GameProjectGeneration (453)
[2017.10.23-21.09.53:995][552]LogModuleManager: Shutting down and abandoning module IOSPlatformEditor (450)
[2017.10.23-21.09.53:995][552]LogModuleManager: Shutting down and abandoning module HTML5PlatformEditor (448)
[2017.10.23-21.09.53:995][552]LogModuleManager: Shutting down and abandoning module AndroidPlatformEditor (446)
[2017.10.23-21.09.53:995][552]LogModuleManager: Shutting down and abandoning module AndroidDeviceDetection (445)
[2017.10.23-21.09.54:339][552]LogModuleManager: Shutting down and abandoning module WindowsPlatformEditor (442)
[2017.10.23-21.09.54:339][552]LogModuleManager: Shutting down and abandoning module IOSRuntimeSettings (440)
[2017.10.23-21.09.54:339][552]LogModuleManager: Shutting down and abandoning module AndroidRuntimeSettings (438)
[2017.10.23-21.09.54:340][552]LogModuleManager: Shutting down and abandoning module InputBindingEditor (436)
[2017.10.23-21.09.54:340][552]LogModuleManager: Shutting down and abandoning module MergeActors (434)
[2017.10.23-21.09.54:348][552]LogModuleManager: Shutting down and abandoning module SizeMap (432)
[2017.10.23-21.09.54:348][552]LogModuleManager: Shutting down and abandoning module TreeMap (430)
[2017.10.23-21.09.54:348][552]LogModuleManager: Shutting down and abandoning module ReferenceViewer (428)
[2017.10.23-21.09.54:348][552]LogModuleManager: Shutting down and abandoning module LocalizationDashboard (426)
[2017.10.23-21.09.54:368][552]LogModuleManager: Shutting down and abandoning module LocalizationService (425)
[2017.10.23-21.09.54:368][552]LogModuleManager: Shutting down and abandoning module HardwareTargeting (422)
[2017.10.23-21.09.54:368][552]LogModuleManager: Shutting down and abandoning module DeviceProfileEditor (420)
[2017.10.23-21.09.54:368][552]LogModuleManager: Shutting down and abandoning module UndoHistory (418)
[2017.10.23-21.09.54:368][552]LogModuleManager: Shutting down and abandoning module XmlParser (416)
[2017.10.23-21.09.54:368][552]LogModuleManager: Shutting down and abandoning module Blutility (414)
[2017.10.23-21.09.54:368][552]LogModuleManager: Shutting down and abandoning module ProjectSettingsViewer (412)
[2017.10.23-21.09.54:368][552]LogModuleManager: Shutting down and abandoning module ProjectTargetPlatformEditor (411)
[2017.10.23-21.09.54:369][552]LogModuleManager: Shutting down and abandoning module EditorSettingsViewer (408)
[2017.10.23-21.09.54:369][552]LogModuleManager: Shutting down and abandoning module SettingsEditor (406)
[2017.10.23-21.09.54:397][552]LogModuleManager: Shutting down and abandoning module ProjectLauncher (404)
[2017.10.23-21.09.54:416][552]LogModuleManager: Shutting down and abandoning module SessionFrontend (402)
[2017.10.23-21.09.54:416][552]LogModuleManager: Shutting down and abandoning module ProfilerClient (400)
[2017.10.23-21.09.54:441][552]LogModuleManager: Shutting down and abandoning module DeviceManager (398)
[2017.10.23-21.09.54:441][552]LogModuleManager: Shutting down and abandoning module TargetDeviceServices (397)
[2017.10.23-21.09.54:503][552]LogModuleManager: Shutting down and abandoning module AutomationController (394)
[2017.10.23-21.09.54:503][552]LogModuleManager: Shutting down and abandoning module AutomationWindow (392)
[2017.10.23-21.09.54:531][552]LogModuleManager: Shutting down and abandoning module Layers (390)
[2017.10.23-21.09.54:608][552]LogModuleManager: Shutting down and abandoning module ComponentVisualizers (388)
[2017.10.23-21.09.54:608][552]LogModuleManager: Shutting down and abandoning module DetailCustomizations (386)
[2017.10.23-21.09.54:608][552]LogModuleManager: Shutting down and abandoning module PackagesDialog (384)
[2017.10.23-21.09.54:608][552]LogModuleManager: Shutting down and abandoning module Persona (382)
[2017.10.23-21.09.54:619][552]LogModuleManager: Shutting down and abandoning module AdvancedPreviewScene (381)
[2017.10.23-21.09.54:619][552]LogModuleManager: Shutting down and abandoning module AnimGraph (379)
[2017.10.23-21.09.54:619][552]LogModuleManager: Shutting down and abandoning module Kismet (376)
[2017.10.23-21.09.54:639][552]LogModuleManager: Shutting down and abandoning module ClassViewer (374)
[2017.10.23-21.09.54:639][552]LogModuleManager: Shutting down and abandoning module Toolbox (372)
[2017.10.23-21.09.54:639][552]LogModuleManager: Shutting down and abandoning module ModuleUI (370)
[2017.10.23-21.09.54:653][552]LogModuleManager: Shutting down and abandoning module MovieSceneTools (368)
[2017.10.23-21.09.54:668][552]LogModuleManager: Shutting down and abandoning module OutputLog (366)
[2017.10.23-21.09.54:668][552]LogModuleManager: Shutting down and abandoning module GammaUI (364)
[2017.10.23-21.09.54:668][552]LogModuleManager: Shutting down and abandoning module Documentation (362)
[2017.10.23-21.09.54:668][552]LogModuleManager: Shutting down and abandoning module MovieSceneTracks (360)
[2017.10.23-21.09.54:682][552]LogModuleManager: Shutting down and abandoning module MovieScene (358)
[2017.10.23-21.09.54:682][552]LogModuleManager: Shutting down and abandoning module Niagara (356)
[2017.10.23-21.09.54:682][552]LogModuleManager: Shutting down and abandoning module NiagaraEditor (355)
[2017.10.23-21.09.54:725][552]LogModuleManager: Shutting down and abandoning module StreamingPauseRendering (352)
[2017.10.23-21.09.54:725][552]LogModuleManager: Shutting down and abandoning module LauncherPlatform (350)
[2017.10.23-21.09.54:725][552]LogModuleManager: Shutting down and abandoning module AnalyticsET (348)
[2017.10.23-21.09.54:725][552]LogModuleManager: Shutting down and abandoning module PortalServices (346)
[2017.10.23-21.09.54:725][552]LogModuleManager: Shutting down and abandoning module PortalRpc (344)
[2017.10.23-21.09.54:725][552]LogModuleManager: Shutting down and abandoning module MessagingRpc (342)
[2017.10.23-21.09.54:725][552]LogModuleManager: Shutting down and abandoning module AIModule (340)
[2017.10.23-21.09.54:726][552]LogModuleManager: Shutting down and abandoning module GameplayDebugger (339)
[2017.10.23-21.09.54:726][552]LogModuleManager: Shutting down and abandoning module AITestSuite (337)
[2017.10.23-21.09.54:726][552]LogModuleManager: Shutting down and abandoning module ProfilerService (334)
[2017.10.23-21.09.54:970][552]LogModuleManager: Shutting down and abandoning module TaskGraph (332)
[2017.10.23-21.09.54:984][552]LogModuleManager: Shutting down and abandoning module SteamVRController (330)
[2017.10.23-21.09.54:984][552]LogModuleManager: Shutting down and abandoning module ProceduralMeshComponentEditor (328)
[2017.10.23-21.09.54:984][552]LogModuleManager: Shutting down and abandoning module ProceduralMeshComponent (326)
[2017.10.23-21.09.54:984][552]LogModuleManager: Shutting down and abandoning module OculusInput (324)
[2017.10.23-21.09.54:985][552]LogModuleManager: Shutting down and abandoning module MobilePatchingUtils (322)
[2017.10.23-21.09.54:985][552]LogModuleManager: Shutting down and abandoning module CustomMeshComponent (320)
[2017.10.23-21.09.54:985][552]LogModuleManager: Shutting down and abandoning module CableComponent (318)
[2017.10.23-21.09.54:985][552]LogModuleManager: Shutting down and abandoning module ArchVisCharacter (316)
[2017.10.23-21.09.54:985][552]LogModuleManager: Shutting down and abandoning module AndroidPermission (314)
[2017.10.23-21.09.54:985][552]LogModuleManager: Shutting down and abandoning module MediaPlayerEditor (310)
[2017.10.23-21.09.55:023][552]LogModuleManager: Shutting down and abandoning module HTML5Networking (308)
[2017.10.23-21.09.55:023][552]LogModuleManager: Shutting down and abandoning module AlembicImporter (306)
[2017.10.23-21.09.55:045][552]LogModuleManager: Shutting down and abandoning module AlembicLibrary (305)
[2017.10.23-21.09.55:045][552]LogModuleManager: Shutting down and abandoning module GeometryCache (304)
[2017.10.23-21.09.55:046][552]LogModuleManager: Shutting down and abandoning module GeometryCacheEd (303)
[2017.10.23-21.09.55:046][552]LogModuleManager: Shutting down and abandoning module SpeedTreeImporter (298)
[2017.10.23-21.09.55:046][552]LogModuleManager: Shutting down and abandoning module PluginBrowser (296)
[2017.10.23-21.09.55:069][552]LogModuleManager: Shutting down and abandoning module MobileLauncherProfileWizard (294)
[2017.10.23-21.09.55:090][552]LogModuleManager: Shutting down and abandoning module VisualStudioSourceCodeAccess (292)
[2017.10.23-21.09.55:090][552]LogModuleManager: Shutting down and abandoning module DesktopPlatform (291)
[2017.10.23-21.09.55:090][552]LogModuleManager: Shutting down and abandoning module UObjectPlugin (288)
[2017.10.23-21.09.55:090][552]LogModuleManager: Shutting down and abandoning module SubversionSourceControl (286)
[2017.10.23-21.09.55:090][552]LogModuleManager: Shutting down and abandoning module PerforceSourceControl (284)
[2017.10.23-21.09.55:090][552]LogModuleManager: Shutting down and abandoning module GitSourceControl (282)
[2017.10.23-21.09.55:090][552]LogModuleManager: Shutting down and abandoning module SourceControl (281)
[2017.10.23-21.09.55:091][552]LogModuleManager: Shutting down and abandoning module LightPropagationVolumeEditor (278)
[2017.10.23-21.09.55:091][552]LogModuleManager: Shutting down and abandoning module PaperTiledImporter (276)
[2017.10.23-21.09.55:091][552]LogModuleManager: Shutting down and abandoning module PaperSpriteSheetImporter (274)
[2017.10.23-21.09.55:091][552]LogModuleManager: Shutting down and abandoning module Paper2DEditor (272)
[2017.10.23-21.09.55:110][552]LogModuleManager: Shutting down and abandoning module MeshPaint (271)
[2017.10.23-21.09.55:110][552]LogModuleManager: Shutting down and abandoning module LevelEditor (269)
[2017.10.23-21.09.55:132][552]LogModuleManager: Shutting down and abandoning module PixelInspectorModule (268)
[2017.10.23-21.09.55:133][552]LogModuleManager: Shutting down and abandoning module MainFrame (266)
[2017.10.23-21.09.55:133][552]LogModuleManager: Shutting down and abandoning module HotReload (265)
[2017.10.23-21.09.55:134][552]LogModuleManager: Shutting down and abandoning module RuntimePhysXCooking (260)
[2017.10.23-21.09.55:134][552]LogModuleManager: Shutting down and abandoning module PhysXVehiclesEditor (258)
[2017.10.23-21.09.55:134][552]LogModuleManager: Shutting down and abandoning module PhysXVehicles (256)
[2017.10.23-21.09.55:134][552]LogModuleManager: Shutting down and abandoning module OculusEditor (254)
[2017.10.23-21.09.55:134][552]LogModuleManager: Shutting down and abandoning module LocationServicesBPLibrary (252)
[2017.10.23-21.09.55:134][552]LogModuleManager: Shutting down and abandoning module ImmediatePhysicsEditor (250)
[2017.10.23-21.09.55:134][552]LogModuleManager: Shutting down and abandoning module ImmediatePhysics (248)
[2017.10.23-21.09.55:134][552]LogModuleManager: Shutting down and abandoning module UdpMessaging (246)
[2017.10.23-21.09.55:235][552]LogModuleManager: Shutting down and abandoning module TcpMessaging (244)
[2017.10.23-21.09.55:335][552]LogModuleManager: Shutting down and abandoning module GameplayTagsEditor (242)
[2017.10.23-21.09.55:346][552]LogModuleManager: Shutting down and abandoning module FacialAnimationEditor (240)
[2017.10.23-21.09.55:346][552]LogModuleManager: Shutting down and abandoning module FacialAnimation (238)
[2017.10.23-21.09.55:347][552]LogModuleManager: Shutting down and abandoning module AssetManagerEditor (236)
[2017.10.23-21.09.55:347][552]LogModuleManager: Shutting down and abandoning module GraphEditor (235)
[2017.10.23-21.09.55:347][552]LogModuleManager: Shutting down and abandoning module ContentBrowser (233)
[2017.10.23-21.09.55:350][552]LogModuleManager: Shutting down and abandoning module LightPropagationVolumeRuntime (230)
[2017.10.23-21.09.55:350][552]LogModuleManager: Shutting down and abandoning module Paper2D (228)
[2017.10.23-21.09.55:350][552]LogModuleManager: Shutting down and abandoning module WindowsMoviePlayer (226)
[2017.10.23-21.09.55:351][552]LogModuleManager: Shutting down and abandoning module WmfMedia (224)
[2017.10.23-21.09.55:351][552]LogModuleManager: Shutting down and abandoning module PacketHandler (222)
[2017.10.23-21.09.55:351][552]LogModuleManager: Shutting down and abandoning module ClothingSystemEditor (220)
[2017.10.23-21.09.55:351][552]LogModuleManager: Shutting down and abandoning module ClothingSystemRuntime (218)
[2017.10.23-21.09.55:366][552]LogModuleManager: Shutting down and abandoning module Overlay (216)
[2017.10.23-21.09.55:366][552]LogModuleManager: Shutting down and abandoning module OverlayEditor (215)
[2017.10.23-21.09.55:366][552]LogModuleManager: Shutting down and abandoning module MediaAssets (212)
[2017.10.23-21.09.55:366][552]LogModuleManager: Shutting down and abandoning module VREditor (210)
[2017.10.23-21.09.55:380][552]LogModuleManager: Shutting down and abandoning module StringTableEditor (208)
[2017.10.23-21.09.55:392][552]LogModuleManager: Shutting down and abandoning module GameplayTasksEditor (206)
[2017.10.23-21.09.55:392][552]LogModuleManager: Shutting down and abandoning module BehaviorTreeEditor (204)
[2017.10.23-21.09.55:435][552]LogModuleManager: Shutting down and abandoning module FunctionalTesting (202)
[2017.10.23-21.09.55:435][552]LogModuleManager: Shutting down and abandoning module CollisionAnalyzer (200)
[2017.10.23-21.09.55:436][552]LogModuleManager: Shutting down and abandoning module WorkspaceMenuStructure (199)
[2017.10.23-21.09.55:436][552]LogModuleManager: Shutting down and abandoning module UMG (196)
[2017.10.23-21.09.55:443][552]LogModuleManager: Shutting down and abandoning module UMGEditor (195)
[2017.10.23-21.09.55:487][552]LogModuleManager: Shutting down and abandoning module Sequencer (194)
[2017.10.23-21.09.55:512][552]LogModuleManager: Shutting down and abandoning module MessageLog (191)
[2017.10.23-21.09.55:512][552]LogModuleManager: Shutting down and abandoning module SlateReflector (186)
[2017.10.23-21.09.55:526][552]LogModuleManager: Shutting down and abandoning module Slate (184)
[2017.10.23-21.09.55:526][552]LogModuleManager: Shutting down and abandoning module EditorStyle (182)
[2017.10.23-21.09.55:529][552]LogModuleManager: Shutting down and abandoning module MRMesh (180)
[2017.10.23-21.09.55:529][552]LogModuleManager: Shutting down and abandoning module SourceCodeAccess (178)
[2017.10.23-21.09.55:529][552]LogModuleManager: Shutting down and abandoning module HeadMountedDisplay (176)
[2017.10.23-21.09.55:529][552]LogModuleManager: Shutting down and abandoning module XAudio2 (174)
[2017.10.23-21.09.55:529][552]LogModuleManager: Shutting down and abandoning module Networking (172)
[2017.10.23-21.09.55:529][552]LogModuleManager: Shutting down and abandoning module Core (168)
[2017.10.23-21.09.55:529][552]LogModuleManager: Shutting down and abandoning module KismetCompiler (164)
[2017.10.23-21.09.55:529][552]LogModuleManager: Shutting down and abandoning module LevelSequence (162)
[2017.10.23-21.09.55:529][552]LogModuleManager: Shutting down and abandoning module MeshUtilities (160)
[2017.10.23-21.09.55:538][552]LogModuleManager: Shutting down and abandoning module MeshMergeUtilities (159)
[2017.10.23-21.09.55:538][552]LogModuleManager: Shutting down and abandoning module MeshReductionInterface (158)
[2017.10.23-21.09.55:538][552]LogModuleManager: Shutting down and abandoning module SimplygonSwarm (157)
[2017.10.23-21.09.55:549][552]LogModuleManager: Shutting down and abandoning module SimplygonMeshReduction (155)
[2017.10.23-21.09.55:549][552]LogModuleManager: Shutting down and abandoning module QuadricMeshReduction (153)
[2017.10.23-21.09.55:549][552]LogModuleManager: Shutting down and abandoning module MaterialBaking (149)
[2017.10.23-21.09.55:549][552]LogModuleManager: Shutting down and abandoning module DirectoryWatcher (146)
[2017.10.23-21.09.55:550][552]LogModuleManager: Shutting down and abandoning module DerivedDataCache (144)
[2017.10.23-21.09.55:551][552]LogDerivedDataCache: Shutdown
[2017.10.23-21.09.55:551][552]LogModuleManager: Shutting down and abandoning module TargetPlatform (142)
[2017.10.23-21.09.55:551][552]LogModuleManager: Shutting down and abandoning module VulkanShaderFormat (141)
[2017.10.23-21.09.55:551][552]LogModuleManager: Shutting down and abandoning module ShaderFormatVectorVM (139)
[2017.10.23-21.09.55:567][552]LogModuleManager: Shutting down and abandoning module ShaderFormatOpenGL (137)
[2017.10.23-21.09.55:588][552]LogModuleManager: Shutting down and abandoning module ShaderFormatD3D (135)
[2017.10.23-21.09.55:588][552]LogModuleManager: Shutting down and abandoning module MetalShaderFormat (133)
[2017.10.23-21.09.55:614][552]LogModuleManager: Shutting down and abandoning module TextureFormatUncompressed (131)
[2017.10.23-21.09.55:614][552]LogModuleManager: Shutting down and abandoning module TextureFormatPVR (129)
[2017.10.23-21.09.55:614][552]LogModuleManager: Shutting down and abandoning module TextureFormatDXT (127)
[2017.10.23-21.09.55:614][552]LogModuleManager: Shutting down and abandoning module TextureFormatIntelISPCTexComp (125)
[2017.10.23-21.09.55:614][552]LogModuleManager: Shutting down and abandoning module TextureFormatASTC (123)
[2017.10.23-21.09.55:614][552]LogModuleManager: Shutting down and abandoning module ImageWrapper (122)
[2017.10.23-21.09.55:614][552]LogModuleManager: Shutting down and abandoning module TextureFormatAndroid (119)
[2017.10.23-21.09.55:614][552]LogModuleManager: Shutting down and abandoning module AudioFormatOpus (117)
[2017.10.23-21.09.55:614][552]LogModuleManager: Shutting down and abandoning module AudioFormatOgg (115)
[2017.10.23-21.09.55:614][552]LogModuleManager: Shutting down and abandoning module AudioFormatADPCM (113)
[2017.10.23-21.09.55:614][552]LogModuleManager: Shutting down and abandoning module LinuxTargetPlatform (111)
[2017.10.23-21.09.55:614][552]LogModuleManager: Shutting down and abandoning module LinuxServerTargetPlatform (109)
[2017.10.23-21.09.55:614][552]LogModuleManager: Shutting down and abandoning module LinuxNoEditorTargetPlatform (107)
[2017.10.23-21.09.55:614][552]LogModuleManager: Shutting down and abandoning module LinuxClientTargetPlatform (105)
[2017.10.23-21.09.55:614][552]LogModuleManager: Shutting down and abandoning module TVOSTargetPlatform (103)
[2017.10.23-21.09.55:614][552]LogModuleManager: Shutting down and abandoning module Messaging (101)
[2017.10.23-21.09.55:614][552]LogModuleManager: Shutting down and abandoning module IOSTargetPlatform (99)
[2017.10.23-21.09.55:614][552]LogModuleManager: Shutting down and abandoning module HTML5TargetPlatform (97)
[2017.10.23-21.09.55:614][552]LogModuleManager: Shutting down and abandoning module Android_PVRTCTargetPlatform (95)
[2017.10.23-21.09.55:614][552]LogModuleManager: Shutting down and abandoning module Android_MultiTargetPlatform (93)
[2017.10.23-21.09.55:614][552]LogModuleManager: Shutting down and abandoning module Android_ETC2TargetPlatform (91)
[2017.10.23-21.09.55:614][552]LogModuleManager: Shutting down and abandoning module Android_ETC1TargetPlatform (89)
[2017.10.23-21.09.55:614][552]LogModuleManager: Shutting down and abandoning module Android_DXTTargetPlatform (87)
[2017.10.23-21.09.55:614][552]LogModuleManager: Shutting down and abandoning module Android_ATCTargetPlatform (85)
[2017.10.23-21.09.55:615][552]LogModuleManager: Shutting down and abandoning module Android_ASTCTargetPlatform (83)
[2017.10.23-21.09.55:615][552]LogModuleManager: Shutting down and abandoning module AndroidTargetPlatform (81)
[2017.10.23-21.09.55:615][552]LogModuleManager: Shutting down and abandoning module WindowsTargetPlatform (79)
[2017.10.23-21.09.55:615][552]LogModuleManager: Shutting down and abandoning module WindowsServerTargetPlatform (77)
[2017.10.23-21.09.55:615][552]LogModuleManager: Shutting down and abandoning module WindowsNoEditorTargetPlatform (75)
[2017.10.23-21.09.55:615][552]LogModuleManager: Shutting down and abandoning module WindowsClientTargetPlatform (73)
[2017.10.23-21.09.55:615][552]LogModuleManager: Shutting down and abandoning module MacTargetPlatform (71)
[2017.10.23-21.09.55:615][552]LogModuleManager: Shutting down and abandoning module MacServerTargetPlatform (69)
[2017.10.23-21.09.55:615][552]LogModuleManager: Shutting down and abandoning module MacNoEditorTargetPlatform (67)
[2017.10.23-21.09.55:615][552]LogModuleManager: Shutting down and abandoning module MacClientTargetPlatform (65)
[2017.10.23-21.09.55:615][552]LogModuleManager: Shutting down and abandoning module AllDesktopTargetPlatform (63)
[2017.10.23-21.09.55:615][552]LogModuleManager: Shutting down and abandoning module InputCore (60)
[2017.10.23-21.09.55:615][552]LogModuleManager: Shutting down and abandoning module Settings (58)
[2017.10.23-21.09.55:615][552]LogModuleManager: Shutting down and abandoning module PhysXCooking (56)
[2017.10.23-21.09.55:615][552]LogModuleManager: Shutting down and abandoning module SteamVR (54)
[2017.10.23-21.09.55:615][552]LogModuleManager: Shutting down and abandoning module OculusHMD (52)
[2017.10.23-21.09.55:615][552]LogModuleManager: Shutting down and abandoning module ExampleDeviceProfileSelector (50)
[2017.10.23-21.09.55:615][552]LogModuleManager: Shutting down and abandoning module OnlineBlueprintSupport (48)
[2017.10.23-21.09.55:615][552]LogModuleManager: Shutting down and abandoning module OnlineSubsystem (44)
[2017.10.23-21.09.55:615][552]LogOnline: Display: Unloading online subsystem: NULL
[2017.10.23-21.09.55:657][552]LogModuleManager: Shutting down and abandoning module XMPP (43)
[2017.10.23-21.09.55:676][552]LogModuleManager: Shutting down and abandoning module HTTP (41)
[2017.10.23-21.09.55:676][552]LogHttp: Display: Http module shutting down, but needs to wait on 1 outstanding Http requests:
[2017.10.23-21.09.55:676][552]LogHttp: Display: 	verb=[POST] url=[https://datarouter.ol.epicgames.com/datarouter/api/v1/public/data?SessionID=%7B667873C1-42C6-DBEC-9E34-C4BF2829768E%7D&AppID=UEEditor.Rocket.Release&AppVersion=4.17.1-3586342%2B%2B%2BUE4%2BRelease-4.17&UserID=4d336c304cb600f3833bee9ec6324b6b%7C97e6c6ec20b34e1681bb9ded12457367%7Cea9e9fd9-3d7e-4d9a-8813-872780a612b3&AppEnvironment=datacollector-binary&UploadType=eteventstream] status=Processing
[2017.10.23-21.09.55:710][552]LogModuleManager: Shutting down and abandoning module SSL (40)
[2017.10.23-21.09.55:716][552]LogModuleManager: Shutting down and abandoning module AnimationModifiers (36)
[2017.10.23-21.09.55:716][552]LogModuleManager: Shutting down and abandoning module PropertyEditor (35)
[2017.10.23-21.09.55:716][552]LogModuleManager: Shutting down and abandoning module AudioEditor (32)
[2017.10.23-21.09.55:734][552]LogModuleManager: Shutting down and abandoning module TextureCompressor (30)
[2017.10.23-21.09.55:734][552]LogModuleManager: Shutting down and abandoning module ShaderCore (28)
[2017.10.23-21.09.55:734][552]LogModuleManager: Shutting down and abandoning module Landscape (26)
[2017.10.23-21.09.55:734][552]LogModuleManager: Shutting down and abandoning module SlateRHIRenderer (24)
[2017.10.23-21.09.55:748][552]LogModuleManager: Shutting down and abandoning module OpenGLDrv (22)
[2017.10.23-21.09.55:757][552]LogModuleManager: Shutting down and abandoning module D3D11RHI (20)
[2017.10.23-21.09.55:757][552]LogModuleManager: Shutting down and abandoning module AnimGraphRuntime (18)
[2017.10.23-21.09.55:757][552]LogModuleManager: Shutting down and abandoning module Renderer (16)
[2017.10.23-21.09.55:757][552]LogModuleManager: Shutting down and abandoning module Engine (14)
[2017.10.23-21.09.55:757][552]LogModuleManager: Shutting down and abandoning module CoreUObject (12)
[2017.10.23-21.09.55:757][552]LogModuleManager: Shutting down and abandoning module NetworkFile (10)
[2017.10.23-21.09.55:757][552]LogModuleManager: Shutting down and abandoning module CookedIterativeFile (8)
[2017.10.23-21.09.55:757][552]LogModuleManager: Shutting down and abandoning module StreamingFile (6)
[2017.10.23-21.09.55:757][552]LogModuleManager: Shutting down and abandoning module SandboxFile (4)
[2017.10.23-21.09.55:757][552]LogModuleManager: Shutting down and abandoning module PakFile (2)
[2017.10.23-21.09.55:760][552]LogExit: Exiting.
[2017.10.23-21.09.55:787][552]Log file closed, 10/23/17 19:09:55
